Dataframe shape (lines, collumns): (220785, 136) 

First 5 entries:
    packet_id     num  ...  class_is_malicious  class_attack_type
0  1230361.0    98.0  ...                b'0'             b'N/A'
1  1131523.0    66.0  ...                b'0'             b'N/A'
2    63682.0  1294.0  ...                b'0'             b'N/A'
3    64788.0    95.0  ...                b'0'             b'N/A'
4    78512.0    60.0  ...                b'0'             b'N/A'

[5 rows x 136 columns] 

Decoding byte strings into ordinary strings.
Done.

Dataframe shape (lines, collumns): (220785, 136) 

First 5 entries:
    packet_id     num  ...  class_is_malicious  class_attack_type
0  1230361.0    98.0  ...                   0                N/A
1  1131523.0    66.0  ...                   0                N/A
2    63682.0  1294.0  ...                   0                N/A
3    64788.0    95.0  ...                   0                N/A
4    78512.0    60.0  ...                   0                N/A

[5 rows x 136 columns] 

<class 'pandas.core.frame.DataFrame'>
RangeIndex: 220785 entries, 0 to 220784
Columns: 136 entries, packet_id to class_attack_type
dtypes: float64(112), object(24)
memory usage: 229.1+ MB
Dataframe contains NaN values: True
Number of NaN columns: 94
Label types: ['N/A' 'DoS' 'iot-toolkit' 'MITM' 'Scanning']
Label distribution:
 N/A            110390
Scanning        51479
DoS             41236
MITM             9085
iot-toolkit      8595
Name: class_attack_type, dtype: int64
Remove NaN and inf values:
Column | NaN values
packet_id                            0
num                                  0
len                                  0
caplen                               0
timestamp                            0
frame.encap_type                     0
frame.offset_shift                   0
frame.time_epoch                     0
frame.time_delta                     0
frame.time_delta_displayed           0
frame.time_relative                  0
frame.number                         0
frame.len                            0
frame.cap_len                        0
frame.marked                         0
frame.ignored                        0
eth.lg                               0
eth.ig                               0
ip.version                           0
ip.hdr_len                        7597
ip.dsfield.dscp                   7597
ip.dsfield.ecn                    7597
ip.src                          220785
ip.dst                          220785
ip.len                            7597
ip.flags                          7597
ip.flags.rb                          0
ip.flags.df                          0
ip.flags.mf                          0
ip.frag_offset                    7597
ip.ttl                            7597
ip.proto                          7597
ip.checksum.status                7597
tcp.srcport                      78568
tcp.dstport                      78568
tcp.stream                       90950
tcp.len                          90962
tcp.seq                          78571
tcp.nxtseq                      175345
tcp.ack                          90950
tcp.hdr_len                      90950
tcp.flags.res                        0
tcp.flags.ns                         0
tcp.flags.cwr                        0
tcp.flags.ecn                        0
tcp.flags.urg                        0
tcp.flags.ack                        0
tcp.flags.push                       0
tcp.flags.reset                      0
tcp.flags.syn                        0
tcp.flags.fin                        0
tcp.window_size_value            90950
tcp.window_size                  90950
tcp.window_size_scalefactor     143979
tcp.checksum.status              90950
tcp.urgent_pointer               90950
tcp.options.nop                 176475
tcp.options.timestamp.tsval     176694
tcp.options.timestamp.tsecr     176694
tcp.options.mss_val             169325
tcp.options.sack_perm           219077
tcp.analysis.bytes_in_flight    175347
tcp.analysis.push_bytes_sent    175347
tcp.time_relative               220785
tcp.time_delta                  220785
tcp.payload                     176943
icmp.type                       185406
icmp.code                       185406
icmp.ident                      197833
icmp.checksum.status            185406
icmp.seq                        197833
icmp.seq_le                     197833
icmp.resp_in                    220785
icmp.resp_to                    209718
data.len                        146819
ssl.record.content_type         202310
ssl.record.version              202310
ssl.record.length               202310
arp.hw.type                     213188
arp.proto.type                  213188
arp.hw.size                     213188
arp.proto.size                  213188
arp.opcode                      213188
http.response.code              220653
http.content_length             220651
http.response                   220653
http.response_number            220653
http.request                    220614
http.request_number             220614
classicstun.type                215134
classicstun.length              215134
udp.srcport                     193105
udp.dstport                     193105
udp.length                      193105
udp.checksum.status             193106
udp.stream                      193106
dns.flags.response                   0
dns.flags.opcode                     0
dns.flags.truncated                  0
dns.flags.recdesired                 0
dns.flags.z                          0
dns.flags.checkdisable               0
dns.flags.rcode                 219215
dns.count.queries               217732
dns.count.answers               217732
dns.count.auth_rr               217732
dns.qry.name.len                217848
dns.count.labels                217848
dns.resp.type                   219165
dns.resp.class                  219165
dns.resp.ttl                    219165
dns.resp.len                    219165
igmp.version                    220262
igmp.type                       220262
igmp.max_resp                   220262
igmp.checksum.status            220262
ntp.flags.li                    219694
ntp.flags.vn                    219694
ntp.flags.mode                  219694
ntp.stratum                     219694
ntp.ppoll                       219694
ntp.rootdelay                   219694
ntp.rootdispersion              219694
ntp.precision                   219694
bootp.type                      219936
bootp.hw.type                   219937
bootp.hw.len                    219936
bootp.hops                      219936
bootp.secs                      219936
bootp.flags.bc                  219937
bootp.flags.reserved            219937
bootp.dhcp                      219937
packet_type                          0
class_device_type                    0
class_is_malicious                   0
class_attack_type                    0
dtype: int64
Dataframe contains NaN values: True
Column | NaN values
packet_id                        0
num                              0
len                              0
caplen                           0
timestamp                        0
frame.encap_type                 0
frame.offset_shift               0
frame.time_epoch                 0
frame.time_delta                 0
frame.time_delta_displayed       0
frame.time_relative              0
frame.number                     0
frame.len                        0
frame.cap_len                    0
frame.marked                     0
frame.ignored                    0
eth.lg                           0
eth.ig                           0
ip.version                       0
ip.hdr_len                    7597
ip.dsfield.dscp               7597
ip.dsfield.ecn                7597
ip.len                        7597
ip.flags                      7597
ip.flags.rb                      0
ip.flags.df                      0
ip.flags.mf                      0
ip.frag_offset                7597
ip.ttl                        7597
ip.proto                      7597
ip.checksum.status            7597
tcp.flags.res                    0
tcp.flags.ns                     0
tcp.flags.cwr                    0
tcp.flags.ecn                    0
tcp.flags.urg                    0
tcp.flags.ack                    0
tcp.flags.push                   0
tcp.flags.reset                  0
tcp.flags.syn                    0
tcp.flags.fin                    0
dns.flags.response               0
dns.flags.opcode                 0
dns.flags.truncated              0
dns.flags.recdesired             0
dns.flags.z                      0
dns.flags.checkdisable           0
packet_type                      0
class_device_type                0
class_is_malicious               0
class_attack_type                0
dtype: int64
Label types before conversion: ['N/A' 'DoS' 'iot-toolkit' 'MITM' 'Scanning']
Label types after conversion: [0 1 2 3 4]
<class 'pandas.core.frame.DataFrame'>
Int64Index: 213188 entries, 0 to 220784
Columns: 51 entries, packet_id to class_attack_type
dtypes: float64(27), int64(1), object(23)
memory usage: 84.6+ MB
Converting dataframe to numpy array.
X_train shape: (127912, 48)
y_train shape: (127912,)
X_test shape: (85276, 48)
y_test shape: (85276,)
Creating learning model.
Model summary:
Model: "sequential_1"
_________________________________________________________________
Layer (type)                 Output Shape              Param #   
=================================================================
dense_1 (Dense)              (None, 512)               25088     
_________________________________________________________________
dense_2 (Dense)              (None, 256)               131328    
_________________________________________________________________
dense_3 (Dense)              (None, 128)               32896     
_________________________________________________________________
dense_4 (Dense)              (None, 5)                 645       
=================================================================
Total params: 189,957
Trainable params: 189,957
Non-trainable params: 0
_________________________________________________________________
