Reading ../../../../datasets/bot-iot/UNSW_2018_IoT_Botnet_Full5pc_1.csv
Reading ../../../../datasets/bot-iot/UNSW_2018_IoT_Botnet_Full5pc_2.csv
Reading ../../../../datasets/bot-iot/UNSW_2018_IoT_Botnet_Full5pc_3.csv
Reading ../../../../datasets/bot-iot/UNSW_2018_IoT_Botnet_Full5pc_4.csv
<class 'pandas.core.frame.DataFrame'>
Int64Index: 3668522 entries, 1 to 3668522
Data columns (total 45 columns):
 #   Column                            Dtype  
---  ------                            -----  
 0   stime                             float64
 1   flgs                              object 
 2   flgs_number                       int64  
 3   proto                             object 
 4   proto_number                      int64  
 5   saddr                             object 
 6   sport                             object 
 7   daddr                             object 
 8   dport                             object 
 9   pkts                              int64  
 10  bytes                             int64  
 11  state                             object 
 12  state_number                      int64  
 13  ltime                             float64
 14  seq                               int64  
 15  dur                               float64
 16  mean                              float64
 17  stddev                            float64
 18  sum                               float64
 19  min                               float64
 20  max                               float64
 21  spkts                             int64  
 22  dpkts                             int64  
 23  sbytes                            int64  
 24  dbytes                            int64  
 25  rate                              float64
 26  srate                             float64
 27  drate                             float64
 28  TnBPSrcIP                         int64  
 29  TnBPDstIP                         int64  
 30  TnP_PSrcIP                        int64  
 31  TnP_PDstIP                        int64  
 32  TnP_PerProto                      int64  
 33  TnP_Per_Dport                     int64  
 34  AR_P_Proto_P_SrcIP                float64
 35  AR_P_Proto_P_DstIP                float64
 36  N_IN_Conn_P_DstIP                 int64  
 37  N_IN_Conn_P_SrcIP                 int64  
 38  AR_P_Proto_P_Sport                float64
 39  AR_P_Proto_P_Dport                float64
 40  Pkts_P_State_P_Protocol_P_DestIP  int64  
 41  Pkts_P_State_P_Protocol_P_SrcIP   int64  
 42  attack                            int64  
 43  category                          object 
 44  subcategory                       object 
dtypes: float64(15), int64(21), object(9)
memory usage: 1.3+ GB

Dataframe contains NaN values: False
Number of NaN columns: 0
NaN columns: [] 


Attack types: [1 0]
Attack distribution:
1    3668045
0        477
Name: attack, dtype: int64

Cateogry types: ['DoS' 'DDoS' 'Normal' 'Reconnaissance' 'Theft']
Cateogry distribution:
DDoS              1926624
DoS               1650260
Reconnaissance      91082
Normal                477
Theft                  79
Name: category, dtype: int64

Subcategory types: ['HTTP' 'TCP' 'UDP' 'Normal' 'OS_Fingerprint' 'Service_Scan'
 'Data_Exfiltration' 'Keylogging']
Subcategory distribution:
UDP                  1981230
TCP                  1593180
Service_Scan           73168
OS_Fingerprint         17914
HTTP                    2474
Normal                   477
Keylogging                73
Data_Exfiltration          6
Name: subcategory, dtype: int64

Column | # of different values
stime | 392259
flgs | 9
flgs_number | 9
proto | 5
proto_number | 5
saddr | 21
sport | 65541
daddr | 84
dport | 7698
pkts | 123
bytes | 1633
state | 11
state_number | 11
ltime | 383624
seq | 262212
dur | 612509
mean | 507089
stddev | 421379
sum | 934972
min | 271147
max | 594525
spkts | 91
dpkts | 62
sbytes | 1052
dbytes | 472
rate | 139677
srate | 119709
drate | 20714
TnBPSrcIP | 8639
TnBPDstIP | 7631
TnP_PSrcIP | 1522
TnP_PDstIP | 1587
TnP_PerProto | 1560
TnP_Per_Dport | 1582
AR_P_Proto_P_SrcIP | 46289
AR_P_Proto_P_DstIP | 39186
N_IN_Conn_P_DstIP | 100
N_IN_Conn_P_SrcIP | 100
AR_P_Proto_P_Sport | 136207
AR_P_Proto_P_Dport | 42237
Pkts_P_State_P_Protocol_P_DestIP | 1595
Pkts_P_State_P_Protocol_P_SrcIP | 1526
attack | 2
category | 5
subcategory | 8

Removing attributes that have only one (or zero) sampled value.

Column | # of different values
stime | 392259
flgs | 9
flgs_number | 9
proto | 5
proto_number | 5
saddr | 21
sport | 65541
daddr | 84
dport | 7698
pkts | 123
bytes | 1633
state | 11
state_number | 11
ltime | 383624
seq | 262212
dur | 612509
mean | 507089
stddev | 421379
sum | 934972
min | 271147
max | 594525
spkts | 91
dpkts | 62
sbytes | 1052
dbytes | 472
rate | 139677
srate | 119709
drate | 20714
TnBPSrcIP | 8639
TnBPDstIP | 7631
TnP_PSrcIP | 1522
TnP_PDstIP | 1587
TnP_PerProto | 1560
TnP_Per_Dport | 1582
AR_P_Proto_P_SrcIP | 46289
AR_P_Proto_P_DstIP | 39186
N_IN_Conn_P_DstIP | 100
N_IN_Conn_P_SrcIP | 100
AR_P_Proto_P_Sport | 136207
AR_P_Proto_P_Dport | 42237
Pkts_P_State_P_Protocol_P_DestIP | 1595
Pkts_P_State_P_Protocol_P_SrcIP | 1526
attack | 2
category | 5
subcategory | 8

Removing redundant columns: ['state_number', 'proto_number', 'flgs_number']

Column | NaN values
stime                               0
flgs                                0
proto                               0
saddr                               0
sport                               0
daddr                               0
dport                               0
pkts                                0
bytes                               0
state                               0
ltime                               0
seq                                 0
dur                                 0
mean                                0
stddev                              0
sum                                 0
min                                 0
max                                 0
spkts                               0
dpkts                               0
sbytes                              0
dbytes                              0
rate                                0
srate                               0
drate                               0
TnBPSrcIP                           0
TnBPDstIP                           0
TnP_PSrcIP                          0
TnP_PDstIP                          0
TnP_PerProto                        0
TnP_Per_Dport                       0
AR_P_Proto_P_SrcIP                  0
AR_P_Proto_P_DstIP                  0
N_IN_Conn_P_DstIP                   0
N_IN_Conn_P_SrcIP                   0
AR_P_Proto_P_Sport                  0
AR_P_Proto_P_Dport                  0
Pkts_P_State_P_Protocol_P_DestIP    0
Pkts_P_State_P_Protocol_P_SrcIP     0
attack                              0
category                            0
subcategory                         0
dtype: int64
Removing attributes with more than half NaN values.
Dataframe contains NaN values: False

Column | NaN values (after dropping columns)
stime                               0
flgs                                0
proto                               0
saddr                               0
sport                               0
daddr                               0
dport                               0
pkts                                0
bytes                               0
state                               0
ltime                               0
seq                                 0
dur                                 0
mean                                0
stddev                              0
sum                                 0
min                                 0
max                                 0
spkts                               0
dpkts                               0
sbytes                              0
dbytes                              0
rate                                0
srate                               0
drate                               0
TnBPSrcIP                           0
TnBPDstIP                           0
TnP_PSrcIP                          0
TnP_PDstIP                          0
TnP_PerProto                        0
TnP_Per_Dport                       0
AR_P_Proto_P_SrcIP                  0
AR_P_Proto_P_DstIP                  0
N_IN_Conn_P_DstIP                   0
N_IN_Conn_P_SrcIP                   0
AR_P_Proto_P_Sport                  0
AR_P_Proto_P_Dport                  0
Pkts_P_State_P_Protocol_P_DestIP    0
Pkts_P_State_P_Protocol_P_SrcIP     0
attack                              0
category                            0
subcategory                         0
dtype: int64
stime unique values: 392259
flgs unique values: 9
proto unique values: 9
saddr unique values: 5
sport unique values: 5
daddr unique values: 21
dport unique values: 65541
pkts unique values: 84
bytes unique values: 7698
state unique values: 123
ltime unique values: 1633
seq unique values: 11
dur unique values: 11
mean unique values: 383624
stddev unique values: 262212
sum unique values: 612509
min unique values: 507089
max unique values: 421379
spkts unique values: 934972
dpkts unique values: 271147
sbytes unique values: 594525
dbytes unique values: 91
rate unique values: 62
srate unique values: 1052
drate unique values: 472
TnBPSrcIP unique values: 139677
TnBPDstIP unique values: 119709
TnP_PSrcIP unique values: 20714
TnP_PDstIP unique values: 8639
TnP_PerProto unique values: 7631
TnP_Per_Dport unique values: 1522
AR_P_Proto_P_SrcIP unique values: 1587
AR_P_Proto_P_DstIP unique values: 1560
N_IN_Conn_P_DstIP unique values: 1582
N_IN_Conn_P_SrcIP unique values: 46289
AR_P_Proto_P_Sport unique values: 39186
AR_P_Proto_P_Dport unique values: 100
Pkts_P_State_P_Protocol_P_DestIP unique values: 100
Pkts_P_State_P_Protocol_P_SrcIP unique values: 136207
attack unique values: 42237
category unique values: 1595
subcategory unique values: 1526
<class 'pandas.core.frame.DataFrame'>
Int64Index: 3668522 entries, 1 to 3668522
Columns: 42 entries, stime to subcategory
dtypes: float64(15), int64(18), object(9)
memory usage: 1.2+ GB

Objects: ['flgs', 'proto', 'saddr', 'sport', 'daddr', 'dport', 'state', 'category', 'subcategory'] 


Check for high cardinality.
Column | # of different values | values
flgs | 9 | ['e' 'e s' 'e d' 'e *' 'e g' 'eU' 'e &' 'e   t' 'e  D']
proto | 5 | ['tcp' 'arp' 'udp' 'icmp' 'ipv6-icmp']
saddr | 21 | ['192.168.100.147' '192.168.100.7' '192.168.100.148' '192.168.100.6'
 '192.168.100.149' '192.168.100.150' '192.168.100.5' '192.168.100.3'
 '192.168.100.1' '192.168.100.4' '192.168.100.27'
 'fe80::250:56ff:febe:254' '192.168.100.46' 'fe80::250:56ff:febe:26db'
 'fe80::250:56ff:febe:e9d9' 'fe80::c0c0:aa20:45b9:bdd9'
 'fe80::250:56ff:febe:89ee' 'fe80::2c6a:ff9b:7e14:166a'
 'fe80::250:56ff:febe:bf1a' 'fe80::250:56ff:febe:c038' '192.168.100.55']
sport | 65540 | ['49960' nan '49962' ... '0x0008' '0x000d' '0x0011']
daddr | 84 | ['192.168.100.7' '192.168.100.147' '192.168.100.6' '192.168.100.148'
 '192.168.100.5' '192.168.100.3' '192.168.100.149' '192.168.100.150'
 '192.168.100.4' '27.124.125.250' '192.168.100.1' '192.168.100.27'
 '192.168.217.2' '192.168.100.255' '8.8.8.8' 'ff02::1' '255.255.255.255'
 '13.55.154.73' '192.168.100.55' '184.85.248.65' '205.251.194.167'
 '192.5.5.241' '192.35.51.30' '205.251.195.97' '205.251.196.236'
 '199.7.91.13' '192.12.94.30' '52.35.35.13' '216.239.38.10' '199.7.83.42'
 '192.42.93.30' '172.217.25.170' 'ff02::fb' '224.0.0.251' 'ff02::2'
 '129.250.35.250' '91.189.91.157' '216.239.34.10' '192.52.178.30'
 '224.0.0.252' '96.7.49.66' '205.251.193.2' '192.33.4.12' '192.41.162.30'
 '192.36.148.17' '35.165.2.252' '52.11.124.117' '52.201.147.106'
 '216.239.36.10' '192.112.36.4' '192.31.80.30' '91.189.92.40'
 '128.63.2.53' '202.12.27.33' '192.203.230.10' '192.55.83.30'
 '205.251.198.119' '192.33.14.30' '192.58.128.30' '205.251.196.160'
 '205.251.199.148' '192.54.112.30' '156.154.100.3' '199.19.57.1'
 '205.251.194.86' '205.251.199.194' '205.251.199.61' '205.251.195.185'
 '205.251.194.201' '205.251.198.239' '205.251.193.205' '205.251.196.32'
 '198.41.0.4' '192.48.79.30' '199.19.56.1' '156.154.101.3'
 '205.251.197.206' '205.251.192.170' '205.251.195.59' '205.251.198.91'
 '205.251.194.84' '192.26.92.30' '205.251.194.102' '205.251.194.154']
dport | 7697 | ['80' nan '30551' ... '42052' '2660' '2664']
state | 11 | ['RST' 'CON' 'REQ' 'INT' 'URP' 'FIN' 'ACC' 'NRS' 'ECO' 'TST' 'MAS']
category | 5 | ['DoS' 'DDoS' 'Normal' 'Reconnaissance' 'Theft']
subcategory | 8 | ['HTTP' 'TCP' 'UDP' 'Normal' 'OS_Fingerprint' 'Service_Scan'
 'Data_Exfiltration' 'Keylogging']

Handling categorical attributes (label encoding).
Objects: ['category', 'subcategory']

Dropping category and subcategory.
These are labels for other scenarios.
Attack set:
1    3668045
Name: attack, dtype: int64
Normal set:
0    477
Name: attack, dtype: int64
Test set:
1    477
0    477
Name: attack, dtype: int64

Splitting dataset (validation/train): 0.25
X_train_df shape: (2750676, 37)
y_train_df shape: (2750676,)
X_val_df shape: (916892, 37)
y_val_df shape: (916892,)
X_test_df shape: (954, 37)
y_test_df shape: (954,)

Converting dataframe to numpy array.
X_train shape: (2750676, 37)
y_train shape: (2750676,)
X_val shape: (916892, 37)
y_val shape: (916892,)
X_test shape: (954, 37)
y_test shape: (954,)

Applying normalization.
5.559662580490112 to normalize data.
Fitting 1 folds for each of 24 candidates, totalling 24 fits
[Parallel(n_jobs=16)]: Using backend LokyBackend with 16 concurrent workers.
[CV] batch_size=50, dropout_rate=0.0, epochs=3, learn_rate=0.1, weight_constraint=0 
[CV] batch_size=30, dropout_rate=0.0, epochs=3, learn_rate=0.001, weight_constraint=0 
[CV] batch_size=50, dropout_rate=0.0, epochs=5, learn_rate=0.001, weight_constraint=0 
[CV] batch_size=30, dropout_rate=0.0, epochs=3, learn_rate=0.1, weight_constraint=0 
[CV] batch_size=30, dropout_rate=0.2, epochs=3, learn_rate=0.001, weight_constraint=0 
[CV] batch_size=30, dropout_rate=0.2, epochs=3, learn_rate=0.1, weight_constraint=0 
[CV] batch_size=30, dropout_rate=0.0, epochs=5, learn_rate=0.01, weight_constraint=0 
[CV] batch_size=50, dropout_rate=0.0, epochs=3, learn_rate=0.01, weight_constraint=0 
[CV] batch_size=30, dropout_rate=0.2, epochs=5, learn_rate=0.001, weight_constraint=0 
[CV] batch_size=30, dropout_rate=0.2, epochs=5, learn_rate=0.01, weight_constraint=0 
[CV] batch_size=30, dropout_rate=0.0, epochs=5, learn_rate=0.001, weight_constraint=0 
[CV] batch_size=30, dropout_rate=0.2, epochs=3, learn_rate=0.01, weight_constraint=0 
[CV] batch_size=30, dropout_rate=0.0, epochs=3, learn_rate=0.01, weight_constraint=0 
[CV] batch_size=30, dropout_rate=0.2, epochs=5, learn_rate=0.1, weight_constraint=0 
[CV] batch_size=50, dropout_rate=0.0, epochs=3, learn_rate=0.001, weight_constraint=0 
[CV] batch_size=30, dropout_rate=0.0, epochs=5, learn_rate=0.1, weight_constraint=0 
2020-07-11 16:48:34.513249: W tensorflow/stream_executor/platform/default/dso_loader.cc:55] Could not load dynamic library 'libcuda.so.1'; dlerror: libcuda.so.1: cannot open shared object file: No such file or directory
2020-07-11 16:48:34.513270: W tensorflow/stream_executor/platform/default/dso_loader.cc:55] Could not load dynamic library 'libcuda.so.1'; dlerror: libcuda.so.1: cannot open shared object file: No such file or directory
2020-07-11 16:48:34.513314: E tensorflow/stream_executor/cuda/cuda_driver.cc:313] failed call to cuInit: UNKNOWN ERROR (303)
2020-07-11 16:48:34.513314: E tensorflow/stream_executor/cuda/cuda_driver.cc:313] failed call to cuInit: UNKNOWN ERROR (303)
2020-07-11 16:48:34.513365: I tensorflow/stream_executor/cuda/cuda_diagnostics.cc:156] kernel driver does not appear to be running on this host (slave03): /proc/driver/nvidia/version does not exist
2020-07-11 16:48:34.513373: I tensorflow/stream_executor/cuda/cuda_diagnostics.cc:156] kernel driver does not appear to be running on this host (slave03): /proc/driver/nvidia/version does not exist
2020-07-11 16:48:34.554795: W tensorflow/stream_executor/platform/default/dso_loader.cc:55] Could not load dynamic library 'libcuda.so.1'; dlerror: libcuda.so.1: cannot open shared object file: No such file or directory
2020-07-11 16:48:34.554853: E tensorflow/stream_executor/cuda/cuda_driver.cc:313] failed call to cuInit: UNKNOWN ERROR (303)
2020-07-11 16:48:34.554889: I tensorflow/stream_executor/cuda/cuda_diagnostics.cc:156] kernel driver does not appear to be running on this host (slave03): /proc/driver/nvidia/version does not exist
2020-07-11 16:48:34.603997: W tensorflow/stream_executor/platform/default/dso_loader.cc:55] Could not load dynamic library 'libcuda.so.1'; dlerror: libcuda.so.1: cannot open shared object file: No such file or directory
2020-07-11 16:48:34.604055: E tensorflow/stream_executor/cuda/cuda_driver.cc:313] failed call to cuInit: UNKNOWN ERROR (303)
2020-07-11 16:48:34.604102: I tensorflow/stream_executor/cuda/cuda_diagnostics.cc:156] kernel driver does not appear to be running on this host (slave03): /proc/driver/nvidia/version does not exist
2020-07-11 16:48:34.627623: W tensorflow/stream_executor/platform/default/dso_loader.cc:55] Could not load dynamic library 'libcuda.so.1'; dlerror: libcuda.so.1: cannot open shared object file: No such file or directory
2020-07-11 16:48:34.627623: W tensorflow/stream_executor/platform/default/dso_loader.cc:55] Could not load dynamic library 'libcuda.so.1'; dlerror: libcuda.so.1: cannot open shared object file: No such file or directory
2020-07-11 16:48:34.627623: W tensorflow/stream_executor/platform/default/dso_loader.cc:55] Could not load dynamic library 'libcuda.so.1'; dlerror: libcuda.so.1: cannot open shared object file: No such file or directory
2020-07-11 16:48:34.627675: E tensorflow/stream_executor/cuda/cuda_driver.cc:313] failed call to cuInit: UNKNOWN ERROR (303)
2020-07-11 16:48:34.627675: E tensorflow/stream_executor/cuda/cuda_driver.cc:313] failed call to cuInit: UNKNOWN ERROR (303)
2020-07-11 16:48:34.627675: E tensorflow/stream_executor/cuda/cuda_driver.cc:313] failed call to cuInit: UNKNOWN ERROR (303)
2020-07-11 16:48:34.627720: I tensorflow/stream_executor/cuda/cuda_diagnostics.cc:156] kernel driver does not appear to be running on this host (slave03): /proc/driver/nvidia/version does not exist
2020-07-11 16:48:34.627720: I tensorflow/stream_executor/cuda/cuda_diagnostics.cc:156] kernel driver does not appear to be running on this host (slave03): /proc/driver/nvidia/version does not exist
2020-07-11 16:48:34.627726: I tensorflow/stream_executor/cuda/cuda_diagnostics.cc:156] kernel driver does not appear to be running on this host (slave03): /proc/driver/nvidia/version does not exist
2020-07-11 16:48:34.645439: I tensorflow/core/platform/profile_utils/cpu_utils.cc:102] CPU Frequency: 1995095000 Hz
2020-07-11 16:48:34.645920: I tensorflow/core/platform/profile_utils/cpu_utils.cc:102] CPU Frequency: 1995095000 Hz
2020-07-11 16:48:34.645935: I tensorflow/core/platform/profile_utils/cpu_utils.cc:102] CPU Frequency: 1995095000 Hz
2020-07-11 16:48:34.648534: I tensorflow/compiler/xla/service/service.cc:168] XLA service 0x7f61cc000b20 initialized for platform Host (this does not guarantee that XLA will be used). Devices:
2020-07-11 16:48:34.648567: I tensorflow/compiler/xla/service/service.cc:176]   StreamExecutor device (0): Host, Default Version
2020-07-11 16:48:34.648605: I tensorflow/compiler/xla/service/service.cc:168] XLA service 0x7fba80000b20 initialized for platform Host (this does not guarantee that XLA will be used). Devices:
2020-07-11 16:48:34.648667: I tensorflow/compiler/xla/service/service.cc:176]   StreamExecutor device (0): Host, Default Version
2020-07-11 16:48:34.648690: I tensorflow/compiler/xla/service/service.cc:168] XLA service 0x7f8c28000b20 initialized for platform Host (this does not guarantee that XLA will be used). Devices:
2020-07-11 16:48:34.648726: I tensorflow/compiler/xla/service/service.cc:176]   StreamExecutor device (0): Host, Default Version
2020-07-11 16:48:34.648805: I tensorflow/core/platform/profile_utils/cpu_utils.cc:102] CPU Frequency: 1995095000 Hz
2020-07-11 16:48:34.648815: I tensorflow/core/platform/profile_utils/cpu_utils.cc:102] CPU Frequency: 1995095000 Hz
2020-07-11 16:48:34.648837: I tensorflow/core/platform/profile_utils/cpu_utils.cc:102] CPU Frequency: 1995095000 Hz
2020-07-11 16:48:34.648837: I tensorflow/core/platform/profile_utils/cpu_utils.cc:102] CPU Frequency: 1995095000 Hz
2020-07-11 16:48:34.651053: I tensorflow/compiler/xla/service/service.cc:168] XLA service 0x7f9db4000b20 initialized for platform Host (this does not guarantee that XLA will be used). Devices:
2020-07-11 16:48:34.651096: I tensorflow/compiler/xla/service/service.cc:176]   StreamExecutor device (0): Host, Default Version
2020-07-11 16:48:34.651354: I tensorflow/compiler/xla/service/service.cc:168] XLA service 0x7fd3a4000b20 initialized for platform Host (this does not guarantee that XLA will be used). Devices:
2020-07-11 16:48:34.651381: I tensorflow/compiler/xla/service/service.cc:176]   StreamExecutor device (0): Host, Default Version
2020-07-11 16:48:34.651542: I tensorflow/compiler/xla/service/service.cc:168] XLA service 0x7f038c000b20 initialized for platform Host (this does not guarantee that XLA will be used). Devices:
2020-07-11 16:48:34.651571: I tensorflow/compiler/xla/service/service.cc:176]   StreamExecutor device (0): Host, Default Version
2020-07-11 16:48:34.652273: I tensorflow/compiler/xla/service/service.cc:168] XLA service 0x7f39e4000b20 initialized for platform Host (this does not guarantee that XLA will be used). Devices:
2020-07-11 16:48:34.652301: I tensorflow/compiler/xla/service/service.cc:176]   StreamExecutor device (0): Host, Default Version
2020-07-11 16:48:35.124594: W tensorflow/stream_executor/platform/default/dso_loader.cc:55] Could not load dynamic library 'libcuda.so.1'; dlerror: libcuda.so.1: cannot open shared object file: No such file or directory
2020-07-11 16:48:35.124677: E tensorflow/stream_executor/cuda/cuda_driver.cc:313] failed call to cuInit: UNKNOWN ERROR (303)
2020-07-11 16:48:35.124718: I tensorflow/stream_executor/cuda/cuda_diagnostics.cc:156] kernel driver does not appear to be running on this host (slave03): /proc/driver/nvidia/version does not exist
2020-07-11 16:48:35.157527: I tensorflow/core/platform/profile_utils/cpu_utils.cc:102] CPU Frequency: 1995095000 Hz
2020-07-11 16:48:35.161429: I tensorflow/compiler/xla/service/service.cc:168] XLA service 0x7f6fac000b20 initialized for platform Host (this does not guarantee that XLA will be used). Devices:
2020-07-11 16:48:35.161532: I tensorflow/compiler/xla/service/service.cc:176]   StreamExecutor device (0): Host, Default Version
2020-07-11 16:48:35.318173: W tensorflow/stream_executor/platform/default/dso_loader.cc:55] Could not load dynamic library 'libcuda.so.1'; dlerror: libcuda.so.1: cannot open shared object file: No such file or directory
2020-07-11 16:48:35.318223: E tensorflow/stream_executor/cuda/cuda_driver.cc:313] failed call to cuInit: UNKNOWN ERROR (303)
2020-07-11 16:48:35.318255: I tensorflow/stream_executor/cuda/cuda_diagnostics.cc:156] kernel driver does not appear to be running on this host (slave03): /proc/driver/nvidia/version does not exist
2020-07-11 16:48:35.341460: I tensorflow/core/platform/profile_utils/cpu_utils.cc:102] CPU Frequency: 1995095000 Hz
2020-07-11 16:48:35.344375: I tensorflow/compiler/xla/service/service.cc:168] XLA service 0x7fbd50000b20 initialized for platform Host (this does not guarantee that XLA will be used). Devices:
2020-07-11 16:48:35.344413: I tensorflow/compiler/xla/service/service.cc:176]   StreamExecutor device (0): Host, Default Version
2020-07-11 16:48:35.384307: W tensorflow/stream_executor/platform/default/dso_loader.cc:55] Could not load dynamic library 'libcuda.so.1'; dlerror: libcuda.so.1: cannot open shared object file: No such file or directory
2020-07-11 16:48:35.384358: E tensorflow/stream_executor/cuda/cuda_driver.cc:313] failed call to cuInit: UNKNOWN ERROR (303)
2020-07-11 16:48:35.384393: I tensorflow/stream_executor/cuda/cuda_diagnostics.cc:156] kernel driver does not appear to be running on this host (slave03): /proc/driver/nvidia/version does not exist
2020-07-11 16:48:35.409209: I tensorflow/core/platform/profile_utils/cpu_utils.cc:102] CPU Frequency: 1995095000 Hz
2020-07-11 16:48:35.411691: I tensorflow/compiler/xla/service/service.cc:168] XLA service 0x7fc5e8000b20 initialized for platform Host (this does not guarantee that XLA will be used). Devices:
2020-07-11 16:48:35.411733: I tensorflow/compiler/xla/service/service.cc:176]   StreamExecutor device (0): Host, Default Version
2020-07-11 16:48:35.485356: W tensorflow/stream_executor/platform/default/dso_loader.cc:55] Could not load dynamic library 'libcuda.so.1'; dlerror: libcuda.so.1: cannot open shared object file: No such file or directory
2020-07-11 16:48:35.485409: E tensorflow/stream_executor/cuda/cuda_driver.cc:313] failed call to cuInit: UNKNOWN ERROR (303)
2020-07-11 16:48:35.485442: I tensorflow/stream_executor/cuda/cuda_diagnostics.cc:156] kernel driver does not appear to be running on this host (slave03): /proc/driver/nvidia/version does not exist
2020-07-11 16:48:35.501268: I tensorflow/core/platform/profile_utils/cpu_utils.cc:102] CPU Frequency: 1995095000 Hz
2020-07-11 16:48:35.503357: I tensorflow/compiler/xla/service/service.cc:168] XLA service 0x7ff108000b20 initialized for platform Host (this does not guarantee that XLA will be used). Devices:
2020-07-11 16:48:35.503401: I tensorflow/compiler/xla/service/service.cc:176]   StreamExecutor device (0): Host, Default Version
2020-07-11 16:48:35.597303: W tensorflow/stream_executor/platform/default/dso_loader.cc:55] Could not load dynamic library 'libcuda.so.1'; dlerror: libcuda.so.1: cannot open shared object file: No such file or directory
2020-07-11 16:48:35.597351: E tensorflow/stream_executor/cuda/cuda_driver.cc:313] failed call to cuInit: UNKNOWN ERROR (303)
2020-07-11 16:48:35.597384: I tensorflow/stream_executor/cuda/cuda_diagnostics.cc:156] kernel driver does not appear to be running on this host (slave03): /proc/driver/nvidia/version does not exist
2020-07-11 16:48:35.621388: I tensorflow/core/platform/profile_utils/cpu_utils.cc:102] CPU Frequency: 1995095000 Hz
2020-07-11 16:48:35.624433: I tensorflow/compiler/xla/service/service.cc:168] XLA service 0x7fe4d8000b20 initialized for platform Host (this does not guarantee that XLA will be used). Devices:
2020-07-11 16:48:35.624518: I tensorflow/compiler/xla/service/service.cc:176]   StreamExecutor device (0): Host, Default Version
2020-07-11 16:48:35.707145: W tensorflow/stream_executor/platform/default/dso_loader.cc:55] Could not load dynamic library 'libcuda.so.1'; dlerror: libcuda.so.1: cannot open shared object file: No such file or directory
2020-07-11 16:48:35.707200: E tensorflow/stream_executor/cuda/cuda_driver.cc:313] failed call to cuInit: UNKNOWN ERROR (303)
2020-07-11 16:48:35.707246: I tensorflow/stream_executor/cuda/cuda_diagnostics.cc:156] kernel driver does not appear to be running on this host (slave03): /proc/driver/nvidia/version does not exist
2020-07-11 16:48:35.729236: I tensorflow/core/platform/profile_utils/cpu_utils.cc:102] CPU Frequency: 1995095000 Hz
2020-07-11 16:48:35.732560: I tensorflow/compiler/xla/service/service.cc:168] XLA service 0x7fa518000b20 initialized for platform Host (this does not guarantee that XLA will be used). Devices:
2020-07-11 16:48:35.732656: I tensorflow/compiler/xla/service/service.cc:176]   StreamExecutor device (0): Host, Default Version
2020-07-11 16:48:36.377886: W tensorflow/stream_executor/platform/default/dso_loader.cc:55] Could not load dynamic library 'libcuda.so.1'; dlerror: libcuda.so.1: cannot open shared object file: No such file or directory
2020-07-11 16:48:36.377938: E tensorflow/stream_executor/cuda/cuda_driver.cc:313] failed call to cuInit: UNKNOWN ERROR (303)
2020-07-11 16:48:36.377973: I tensorflow/stream_executor/cuda/cuda_diagnostics.cc:156] kernel driver does not appear to be running on this host (slave03): /proc/driver/nvidia/version does not exist
2020-07-11 16:48:36.401495: I tensorflow/core/platform/profile_utils/cpu_utils.cc:102] CPU Frequency: 1995095000 Hz
2020-07-11 16:48:36.404578: I tensorflow/compiler/xla/service/service.cc:168] XLA service 0x7f7e9c000b20 initialized for platform Host (this does not guarantee that XLA will be used). Devices:
2020-07-11 16:48:36.404682: I tensorflow/compiler/xla/service/service.cc:176]   StreamExecutor device (0): Host, Default Version
2020-07-11 16:48:36.540119: W tensorflow/stream_executor/platform/default/dso_loader.cc:55] Could not load dynamic library 'libcuda.so.1'; dlerror: libcuda.so.1: cannot open shared object file: No such file or directory
2020-07-11 16:48:36.540173: E tensorflow/stream_executor/cuda/cuda_driver.cc:313] failed call to cuInit: UNKNOWN ERROR (303)
2020-07-11 16:48:36.540209: I tensorflow/stream_executor/cuda/cuda_diagnostics.cc:156] kernel driver does not appear to be running on this host (slave03): /proc/driver/nvidia/version does not exist
2020-07-11 16:48:36.565255: I tensorflow/core/platform/profile_utils/cpu_utils.cc:102] CPU Frequency: 1995095000 Hz
2020-07-11 16:48:36.568263: I tensorflow/compiler/xla/service/service.cc:168] XLA service 0x7ff1ec000b20 initialized for platform Host (this does not guarantee that XLA will be used). Devices:
2020-07-11 16:48:36.568337: I tensorflow/compiler/xla/service/service.cc:176]   StreamExecutor device (0): Host, Default Version
2020-07-11 16:48:36.880231: W tensorflow/stream_executor/platform/default/dso_loader.cc:55] Could not load dynamic library 'libcuda.so.1'; dlerror: libcuda.so.1: cannot open shared object file: No such file or directory
2020-07-11 16:48:36.880297: E tensorflow/stream_executor/cuda/cuda_driver.cc:313] failed call to cuInit: UNKNOWN ERROR (303)
2020-07-11 16:48:36.880342: I tensorflow/stream_executor/cuda/cuda_diagnostics.cc:156] kernel driver does not appear to be running on this host (slave03): /proc/driver/nvidia/version does not exist
Epoch 1/3Epoch 1/5Epoch 1/3Epoch 1/3



Epoch 1/3
Epoch 1/5
Epoch 1/3
2020-07-11 16:48:36.909280: I tensorflow/core/platform/profile_utils/cpu_utils.cc:102] CPU Frequency: 1995095000 Hz
2020-07-11 16:48:36.913091: I tensorflow/compiler/xla/service/service.cc:168] XLA service 0x7f1498000b20 initialized for platform Host (this does not guarantee that XLA will be used). Devices:
2020-07-11 16:48:36.913174: I tensorflow/compiler/xla/service/service.cc:176]   StreamExecutor device (0): Host, Default Version
Epoch 1/3
Epoch 1/3
Epoch 1/5
Epoch 1/3
Epoch 1/5
Epoch 1/5
Epoch 1/5
Epoch 1/3
Epoch 1/5
55014/55014 - 175s - loss: 0.1880 - mse: 0.1880
Epoch 2/3
55014/55014 - 178s - loss: 0.1899 - mse: 0.1899
Epoch 2/3
55014/55014 - 178s - loss: 0.1862 - mse: 0.1862
Epoch 2/5
55014/55014 - 179s - loss: 0.1929 - mse: 0.1929
Epoch 2/3
91690/91690 - 281s - loss: 0.1803 - mse: 0.1803
Epoch 2/3
91690/91690 - 284s - loss: 0.1870 - mse: 0.1870
Epoch 2/5
91690/91690 - 285s - loss: 0.1999 - mse: 0.1999
Epoch 2/3
91690/91690 - 287s - loss: 0.1882 - mse: 0.1882
Epoch 2/3
91690/91690 - 286s - loss: 0.1902 - mse: 0.1902
Epoch 2/5
91690/91690 - 288s - loss: 0.1788 - mse: 0.1788
Epoch 2/3
91690/91690 - 288s - loss: 0.1876 - mse: 0.1876
Epoch 2/3
91690/91690 - 288s - loss: 0.1792 - mse: 0.1792
Epoch 2/5
91690/91690 - 290s - loss: 0.1771 - mse: 0.1771
Epoch 2/3
91690/91690 - 292s - loss: 0.1780 - mse: 0.1780
Epoch 2/5
91690/91690 - 292s - loss: 0.1694 - mse: 0.1694
Epoch 2/5
91690/91690 - 293s - loss: 0.2066 - mse: 0.2066
Epoch 2/5
55014/55014 - 173s - loss: 0.1390 - mse: 0.1390
Epoch 3/3
55014/55014 - 176s - loss: 0.1398 - mse: 0.1398
Epoch 3/3
55014/55014 - 176s - loss: 0.1263 - mse: 0.1263
Epoch 3/5
55014/55014 - 177s - loss: 0.1333 - mse: 0.1333
Epoch 3/3
55014/55014 - 175s - loss: 0.1191 - mse: 0.1191
55014/55014 - 175s - loss: 0.1342 - mse: 0.1342
55014/55014 - 175s - loss: 0.1075 - mse: 0.1075
Epoch 4/5
55014/55014 - 176s - loss: 0.1165 - mse: 0.1165
91690/91690 - 276s - loss: 0.1384 - mse: 0.1384
Epoch 3/3
91690/91690 - 278s - loss: 0.1178 - mse: 0.1178
Epoch 3/5
18338/18338 - 37s
[CV]  batch_size=50, dropout_rate=0.0, epochs=3, learn_rate=0.1, weight_constraint=0, total= 9.6min
[CV] batch_size=50, dropout_rate=0.0, epochs=5, learn_rate=0.01, weight_constraint=0 
91690/91690 - 279s - loss: 0.1323 - mse: 0.1323
18338/18338 - 37s
Epoch 3/3
91690/91690 - 282s - loss: 0.1439 - mse: 0.1439
Epoch 3/3
91690/91690 - 279s - loss: 0.1279 - mse: 0.1279
Epoch 3/5
[CV]  batch_size=50, dropout_rate=0.0, epochs=3, learn_rate=0.001, weight_constraint=0, total= 9.6min
[CV] batch_size=50, dropout_rate=0.0, epochs=5, learn_rate=0.1, weight_constraint=0 
91690/91690 - 281s - loss: 0.1277 - mse: 0.1277
Epoch 3/3
91690/91690 - 281s - loss: 0.1573 - mse: 0.1573
Epoch 3/3
18338/18338 - 37s
[CV]  batch_size=50, dropout_rate=0.0, epochs=3, learn_rate=0.01, weight_constraint=0, total= 9.7min
[CV] batch_size=50, dropout_rate=0.2, epochs=3, learn_rate=0.001, weight_constraint=0 
91690/91690 - 281s - loss: 0.1369 - mse: 0.1369
Epoch 3/3
91690/91690 - 286s - loss: 0.1276 - mse: 0.1276
Epoch 3/5
Epoch 1/5
91690/91690 - 282s - loss: 0.1617 - mse: 0.1617
Epoch 3/5
91690/91690 - 285s - loss: 0.1424 - mse: 0.1424
Epoch 3/5
91690/91690 - 287s - loss: 0.1123 - mse: 0.1123
Epoch 3/5
Epoch 1/5
Epoch 1/3
55014/55014 - 171s - loss: 0.0925 - mse: 0.0925
Epoch 5/5
55014/55014 - 176s - loss: 0.1966 - mse: 0.1966
Epoch 2/5
55014/55014 - 173s - loss: 0.2039 - mse: 0.2039
Epoch 2/3
55014/55014 - 177s - loss: 0.1960 - mse: 0.1960
Epoch 2/5
91690/91690 - 276s - loss: 0.1144 - mse: 0.1144
91690/91690 - 280s - loss: 0.1054 - mse: 0.1054
Epoch 4/5
91690/91690 - 280s - loss: 0.1169 - mse: 0.1169
91690/91690 - 283s - loss: 0.1416 - mse: 0.1416
91690/91690 - 282s - loss: 0.1182 - mse: 0.1182
Epoch 4/5
91690/91690 - 282s - loss: 0.1098 - mse: 0.1098
91690/91690 - 285s - loss: 0.1139 - mse: 0.1139
91690/91690 - 284s - loss: 0.1194 - mse: 0.1194
91690/91690 - 282s - loss: 0.1295 - mse: 0.1295
Epoch 4/5
91690/91690 - 286s - loss: 0.1032 - mse: 0.1032
Epoch 4/5
91690/91690 - 285s - loss: 0.1068 - mse: 0.1068
Epoch 4/5
91690/91690 - 287s - loss: 0.1144 - mse: 0.1144
Epoch 4/5
55014/55014 - 170s - loss: 0.0964 - mse: 0.0964
30564/30564 - 57s
[CV]  batch_size=30, dropout_rate=0.0, epochs=3, learn_rate=0.1, weight_constraint=0, total=15.0min
[CV] batch_size=50, dropout_rate=0.2, epochs=3, learn_rate=0.01, weight_constraint=0 
30564/30564 - 54s
[CV]  batch_size=30, dropout_rate=0.0, epochs=3, learn_rate=0.001, weight_constraint=0, total=15.2min
[CV] batch_size=50, dropout_rate=0.2, epochs=3, learn_rate=0.1, weight_constraint=0 
Epoch 1/3
18338/18338 - 32s
30564/30564 - 54s
[CV]  batch_size=50, dropout_rate=0.0, epochs=5, learn_rate=0.001, weight_constraint=0, total=15.3min
[Parallel(n_jobs=16)]: Done   6 out of  24 | elapsed: 15.4min remaining: 46.1min
30564/30564 - 54s
[CV]  batch_size=30, dropout_rate=0.2, epochs=3, learn_rate=0.01, weight_constraint=0, total=15.3min
[CV] batch_size=50, dropout_rate=0.2, epochs=5, learn_rate=0.001, weight_constraint=0 
[CV] batch_size=50, dropout_rate=0.2, epochs=5, learn_rate=0.01, weight_constraint=0 
[CV]  batch_size=30, dropout_rate=0.2, epochs=3, learn_rate=0.001, weight_constraint=0, total=15.3min
[CV] batch_size=50, dropout_rate=0.2, epochs=5, learn_rate=0.1, weight_constraint=0 
30564/30564 - 54s
[CV]  batch_size=30, dropout_rate=0.2, epochs=3, learn_rate=0.1, weight_constraint=0, total=15.3min
30564/30564 - 54s
[CV]  batch_size=30, dropout_rate=0.0, epochs=3, learn_rate=0.01, weight_constraint=0, total=15.4min
Epoch 1/3
Epoch 1/5
55014/55014 - 165s - loss: 0.1395 - mse: 0.1395
Epoch 3/5
Epoch 1/5
Epoch 1/5
55014/55014 - 162s - loss: 0.1505 - mse: 0.1505
Epoch 3/3
55014/55014 - 162s - loss: 0.1585 - mse: 0.1585
Epoch 3/5
55014/55014 - 157s - loss: 0.1723 - mse: 0.1723
Epoch 2/3
55014/55014 - 158s - loss: 0.1264 - mse: 0.1264
55014/55014 - 160s - loss: 0.1107 - mse: 0.1107
Epoch 4/5
55014/55014 - 160s - loss: 0.1874 - mse: 0.1874
Epoch 2/5
55014/55014 - 158s - loss: 0.1747 - mse: 0.1747
Epoch 2/5
55014/55014 - 160s - loss: 0.2100 - mse: 0.2100
Epoch 2/5
55014/55014 - 163s - loss: 0.1873 - mse: 0.1873
Epoch 2/3
55014/55014 - 161s - loss: 0.1383 - mse: 0.1383
Epoch 4/5
91690/91690 - 247s - loss: 0.0948 - mse: 0.0948
Epoch 5/5
91690/91690 - 249s - loss: 0.1041 - mse: 0.1041
Epoch 5/5
91690/91690 - 247s - loss: 0.0894 - mse: 0.0894
Epoch 5/5
91690/91690 - 249s - loss: 0.1235 - mse: 0.1235
Epoch 5/5
91690/91690 - 247s - loss: 0.1006 - mse: 0.1006
Epoch 5/5
18338/18338 - 35s
[CV]  batch_size=50, dropout_rate=0.2, epochs=3, learn_rate=0.001, weight_constraint=0, total= 9.0min
91690/91690 - 254s - loss: 0.1096 - mse: 0.1096
Epoch 5/5
55014/55014 - 152s - loss: 0.1238 - mse: 0.1238
Epoch 3/3
55014/55014 - 150s - loss: 0.1633 - mse: 0.1633
Epoch 5/5
55014/55014 - 151s - loss: 0.1384 - mse: 0.1384
Epoch 3/5
55014/55014 - 151s - loss: 0.1241 - mse: 0.1241
Epoch 3/5
55014/55014 - 153s - loss: 0.1507 - mse: 0.1507
Epoch 3/5
55014/55014 - 153s - loss: 0.1333 - mse: 0.1333
Epoch 5/5
55014/55014 - 156s - loss: 0.1335 - mse: 0.1335
Epoch 3/3
91690/91690 - 237s - loss: 0.0855 - mse: 0.0855
91690/91690 - 237s - loss: 0.1032 - mse: 0.1032
91690/91690 - 249s - loss: 0.1036 - mse: 0.1036
91690/91690 - 240s - loss: 0.1234 - mse: 0.1234
91690/91690 - 240s - loss: 0.0977 - mse: 0.0977
91690/91690 - 236s - loss: 0.0972 - mse: 0.0972
55014/55014 - 148s - loss: 0.1192 - mse: 0.1192
55014/55014 - 144s - loss: 0.1056 - mse: 0.1056
55014/55014 - 144s - loss: 0.1112 - mse: 0.1112
Epoch 4/5
30564/30564 - 48s
55014/55014 - 145s - loss: 0.1233 - mse: 0.1233
Epoch 4/5
55014/55014 - 144s - loss: 0.1297 - mse: 0.1297
Epoch 4/5
[CV]  batch_size=30, dropout_rate=0.2, epochs=5, learn_rate=0.1, weight_constraint=0, total=23.1min
55014/55014 - 144s - loss: 0.1175 - mse: 0.1175
55014/55014 - 146s - loss: 0.1310 - mse: 0.1310
30564/30564 - 44s
18338/18338 - 26s
[CV]  batch_size=30, dropout_rate=0.0, epochs=5, learn_rate=0.001, weight_constraint=0, total=23.3min
[CV]  batch_size=50, dropout_rate=0.2, epochs=3, learn_rate=0.01, weight_constraint=0, total= 8.3min
30564/30564 - 43s
30564/30564 - 44s
[CV]  batch_size=30, dropout_rate=0.0, epochs=5, learn_rate=0.1, weight_constraint=0, total=23.4min
[CV]  batch_size=30, dropout_rate=0.0, epochs=5, learn_rate=0.01, weight_constraint=0, total=23.4min
30564/30564 - 43s
18338/18338 - 25s
[CV]  batch_size=30, dropout_rate=0.2, epochs=5, learn_rate=0.001, weight_constraint=0, total=23.4min
[CV]  batch_size=50, dropout_rate=0.0, epochs=5, learn_rate=0.01, weight_constraint=0, total=13.9min
30564/30564 - 42s
[CV]  batch_size=30, dropout_rate=0.2, epochs=5, learn_rate=0.01, weight_constraint=0, total=23.5min
[Parallel(n_jobs=16)]: Done  19 out of  24 | elapsed: 23.6min remaining:  6.2min
18338/18338 - 24s
[CV]  batch_size=50, dropout_rate=0.0, epochs=5, learn_rate=0.1, weight_constraint=0, total=13.9min
18338/18338 - 23s
[CV]  batch_size=50, dropout_rate=0.2, epochs=3, learn_rate=0.1, weight_constraint=0, total= 8.4min
55014/55014 - 93s - loss: 0.1068 - mse: 0.1068
Epoch 5/5
55014/55014 - 93s - loss: 0.1077 - mse: 0.1077
Epoch 5/5
55014/55014 - 97s - loss: 0.1021 - mse: 0.1021
Epoch 5/5
55014/55014 - 89s - loss: 0.1021 - mse: 0.1021
55014/55014 - 89s - loss: 0.1093 - mse: 0.1093
55014/55014 - 92s - loss: 0.1151 - mse: 0.1151
18338/18338 - 19s
18338/18338 - 19s
[CV]  batch_size=50, dropout_rate=0.2, epochs=5, learn_rate=0.01, weight_constraint=0, total=11.2min
[CV]  batch_size=50, dropout_rate=0.2, epochs=5, learn_rate=0.1, weight_constraint=0, total=11.1min
18338/18338 - 20s
[CV]  batch_size=50, dropout_rate=0.2, epochs=5, learn_rate=0.001, weight_constraint=0, total=11.3min
[Parallel(n_jobs=16)]: Done  24 out of  24 | elapsed: 26.7min finished
2020-07-11 17:15:03.803005: W tensorflow/stream_executor/platform/default/dso_loader.cc:55] Could not load dynamic library 'libcuda.so.1'; dlerror: libcuda.so.1: cannot open shared object file: No such file or directory
2020-07-11 17:15:03.803074: E tensorflow/stream_executor/cuda/cuda_driver.cc:313] failed call to cuInit: UNKNOWN ERROR (303)
2020-07-11 17:15:03.803117: I tensorflow/stream_executor/cuda/cuda_diagnostics.cc:156] kernel driver does not appear to be running on this host (slave03): /proc/driver/nvidia/version does not exist
2020-07-11 17:15:03.845125: I tensorflow/core/platform/profile_utils/cpu_utils.cc:102] CPU Frequency: 1995095000 Hz
2020-07-11 17:15:03.848669: I tensorflow/compiler/xla/service/service.cc:168] XLA service 0x7f0ab8000b20 initialized for platform Host (this does not guarantee that XLA will be used). Devices:
2020-07-11 17:15:03.848711: I tensorflow/compiler/xla/service/service.cc:176]   StreamExecutor device (0): Host, Default Version
Epoch 1/5
122253/122253 - 195s - loss: 0.1946 - mse: 0.1946
Epoch 2/5
122253/122253 - 195s - loss: 0.1281 - mse: 0.1281
Epoch 3/5
122253/122253 - 195s - loss: 0.1371 - mse: 0.1371
Epoch 4/5
122253/122253 - 194s - loss: 0.1038 - mse: 0.1038
Epoch 5/5
122253/122253 - 194s - loss: 0.1065 - mse: 0.1065
{'batch_size': 30, 'dropout_rate': 0.2, 'epochs': 5, 'learn_rate': 0.1, 'weight_constraint': 0}
Best: -0.129429 using {'batch_size': 30, 'dropout_rate': 0.2, 'epochs': 5, 'learn_rate': 0.1, 'weight_constraint': 0}
-0.197444 (0.000000) with: {'batch_size': 30, 'dropout_rate': 0.0, 'epochs': 3, 'learn_rate': 0.001, 'weight_constraint': 0}
-0.207612 (0.000000) with: {'batch_size': 30, 'dropout_rate': 0.0, 'epochs': 3, 'learn_rate': 0.01, 'weight_constraint': 0}
-0.206130 (0.000000) with: {'batch_size': 30, 'dropout_rate': 0.0, 'epochs': 3, 'learn_rate': 0.1, 'weight_constraint': 0}
-0.201452 (0.000000) with: {'batch_size': 30, 'dropout_rate': 0.0, 'epochs': 5, 'learn_rate': 0.001, 'weight_constraint': 0}
-0.174921 (0.000000) with: {'batch_size': 30, 'dropout_rate': 0.0, 'epochs': 5, 'learn_rate': 0.01, 'weight_constraint': 0}
-0.297194 (0.000000) with: {'batch_size': 30, 'dropout_rate': 0.0, 'epochs': 5, 'learn_rate': 0.1, 'weight_constraint': 0}
-0.221711 (0.000000) with: {'batch_size': 30, 'dropout_rate': 0.2, 'epochs': 3, 'learn_rate': 0.001, 'weight_constraint': 0}
-0.225595 (0.000000) with: {'batch_size': 30, 'dropout_rate': 0.2, 'epochs': 3, 'learn_rate': 0.01, 'weight_constraint': 0}
-0.224890 (0.000000) with: {'batch_size': 30, 'dropout_rate': 0.2, 'epochs': 3, 'learn_rate': 0.1, 'weight_constraint': 0}
-0.188908 (0.000000) with: {'batch_size': 30, 'dropout_rate': 0.2, 'epochs': 5, 'learn_rate': 0.001, 'weight_constraint': 0}
-0.185272 (0.000000) with: {'batch_size': 30, 'dropout_rate': 0.2, 'epochs': 5, 'learn_rate': 0.01, 'weight_constraint': 0}
-0.129429 (0.000000) with: {'batch_size': 30, 'dropout_rate': 0.2, 'epochs': 5, 'learn_rate': 0.1, 'weight_constraint': 0}
-0.213206 (0.000000) with: {'batch_size': 50, 'dropout_rate': 0.0, 'epochs': 3, 'learn_rate': 0.001, 'weight_constraint': 0}
-0.327387 (0.000000) with: {'batch_size': 50, 'dropout_rate': 0.0, 'epochs': 3, 'learn_rate': 0.01, 'weight_constraint': 0}
-0.168336 (0.000000) with: {'batch_size': 50, 'dropout_rate': 0.0, 'epochs': 3, 'learn_rate': 0.1, 'weight_constraint': 0}
-0.201679 (0.000000) with: {'batch_size': 50, 'dropout_rate': 0.0, 'epochs': 5, 'learn_rate': 0.001, 'weight_constraint': 0}
-0.259702 (0.000000) with: {'batch_size': 50, 'dropout_rate': 0.0, 'epochs': 5, 'learn_rate': 0.01, 'weight_constraint': 0}
-0.271426 (0.000000) with: {'batch_size': 50, 'dropout_rate': 0.0, 'epochs': 5, 'learn_rate': 0.1, 'weight_constraint': 0}
-0.260907 (0.000000) with: {'batch_size': 50, 'dropout_rate': 0.2, 'epochs': 3, 'learn_rate': 0.001, 'weight_constraint': 0}
-0.207231 (0.000000) with: {'batch_size': 50, 'dropout_rate': 0.2, 'epochs': 3, 'learn_rate': 0.01, 'weight_constraint': 0}
-0.332319 (0.000000) with: {'batch_size': 50, 'dropout_rate': 0.2, 'epochs': 3, 'learn_rate': 0.1, 'weight_constraint': 0}
-0.186197 (0.000000) with: {'batch_size': 50, 'dropout_rate': 0.2, 'epochs': 5, 'learn_rate': 0.001, 'weight_constraint': 0}
-0.268368 (0.000000) with: {'batch_size': 50, 'dropout_rate': 0.2, 'epochs': 5, 'learn_rate': 0.01, 'weight_constraint': 0}
-0.181771 (0.000000) with: {'batch_size': 50, 'dropout_rate': 0.2, 'epochs': 5, 'learn_rate': 0.1, 'weight_constraint': 0}
