Reading ../../../../datasets/bot-iot/UNSW_2018_IoT_Botnet_Full5pc_1.csv
Reading ../../../../datasets/bot-iot/UNSW_2018_IoT_Botnet_Full5pc_2.csv
Reading ../../../../datasets/bot-iot/UNSW_2018_IoT_Botnet_Full5pc_3.csv
Reading ../../../../datasets/bot-iot/UNSW_2018_IoT_Botnet_Full5pc_4.csv
<class 'pandas.core.frame.DataFrame'>
Int64Index: 3668522 entries, 1 to 3668522
Data columns (total 45 columns):
 #   Column                            Dtype  
---  ------                            -----  
 0   stime                             float64
 1   flgs                              object 
 2   flgs_number                       int64  
 3   proto                             object 
 4   proto_number                      int64  
 5   saddr                             object 
 6   sport                             object 
 7   daddr                             object 
 8   dport                             object 
 9   pkts                              int64  
 10  bytes                             int64  
 11  state                             object 
 12  state_number                      int64  
 13  ltime                             float64
 14  seq                               int64  
 15  dur                               float64
 16  mean                              float64
 17  stddev                            float64
 18  sum                               float64
 19  min                               float64
 20  max                               float64
 21  spkts                             int64  
 22  dpkts                             int64  
 23  sbytes                            int64  
 24  dbytes                            int64  
 25  rate                              float64
 26  srate                             float64
 27  drate                             float64
 28  TnBPSrcIP                         int64  
 29  TnBPDstIP                         int64  
 30  TnP_PSrcIP                        int64  
 31  TnP_PDstIP                        int64  
 32  TnP_PerProto                      int64  
 33  TnP_Per_Dport                     int64  
 34  AR_P_Proto_P_SrcIP                float64
 35  AR_P_Proto_P_DstIP                float64
 36  N_IN_Conn_P_DstIP                 int64  
 37  N_IN_Conn_P_SrcIP                 int64  
 38  AR_P_Proto_P_Sport                float64
 39  AR_P_Proto_P_Dport                float64
 40  Pkts_P_State_P_Protocol_P_DestIP  int64  
 41  Pkts_P_State_P_Protocol_P_SrcIP   int64  
 42  attack                            int64  
 43  category                          object 
 44  subcategory                       object 
dtypes: float64(15), int64(21), object(9)
memory usage: 1.3+ GB

Dataframe contains NaN values: False
Number of NaN columns: 0
NaN columns: [] 


Attack types: [1 0]
Attack distribution:
1    3668045
0        477
Name: attack, dtype: int64

Cateogry types: ['DoS' 'DDoS' 'Normal' 'Reconnaissance' 'Theft']
Cateogry distribution:
DDoS              1926624
DoS               1650260
Reconnaissance      91082
Normal                477
Theft                  79
Name: category, dtype: int64

Subcategory types: ['HTTP' 'TCP' 'UDP' 'Normal' 'OS_Fingerprint' 'Service_Scan'
 'Data_Exfiltration' 'Keylogging']
Subcategory distribution:
UDP                  1981230
TCP                  1593180
Service_Scan           73168
OS_Fingerprint         17914
HTTP                    2474
Normal                   477
Keylogging                73
Data_Exfiltration          6
Name: subcategory, dtype: int64

Column | # of different values
stime | 392259
flgs | 9
flgs_number | 9
proto | 5
proto_number | 5
saddr | 21
sport | 65541
daddr | 84
dport | 7698
pkts | 123
bytes | 1633
state | 11
state_number | 11
ltime | 383624
seq | 262212
dur | 612509
mean | 507089
stddev | 421379
sum | 934972
min | 271147
max | 594525
spkts | 91
dpkts | 62
sbytes | 1052
dbytes | 472
rate | 139677
srate | 119709
drate | 20714
TnBPSrcIP | 8639
TnBPDstIP | 7631
TnP_PSrcIP | 1522
TnP_PDstIP | 1587
TnP_PerProto | 1560
TnP_Per_Dport | 1582
AR_P_Proto_P_SrcIP | 46289
AR_P_Proto_P_DstIP | 39186
N_IN_Conn_P_DstIP | 100
N_IN_Conn_P_SrcIP | 100
AR_P_Proto_P_Sport | 136207
AR_P_Proto_P_Dport | 42237
Pkts_P_State_P_Protocol_P_DestIP | 1595
Pkts_P_State_P_Protocol_P_SrcIP | 1526
attack | 2
category | 5
subcategory | 8

Removing attributes that have only one (or zero) sampled value.

Column | # of different values
stime | 392259
flgs | 9
flgs_number | 9
proto | 5
proto_number | 5
saddr | 21
sport | 65541
daddr | 84
dport | 7698
pkts | 123
bytes | 1633
state | 11
state_number | 11
ltime | 383624
seq | 262212
dur | 612509
mean | 507089
stddev | 421379
sum | 934972
min | 271147
max | 594525
spkts | 91
dpkts | 62
sbytes | 1052
dbytes | 472
rate | 139677
srate | 119709
drate | 20714
TnBPSrcIP | 8639
TnBPDstIP | 7631
TnP_PSrcIP | 1522
TnP_PDstIP | 1587
TnP_PerProto | 1560
TnP_Per_Dport | 1582
AR_P_Proto_P_SrcIP | 46289
AR_P_Proto_P_DstIP | 39186
N_IN_Conn_P_DstIP | 100
N_IN_Conn_P_SrcIP | 100
AR_P_Proto_P_Sport | 136207
AR_P_Proto_P_Dport | 42237
Pkts_P_State_P_Protocol_P_DestIP | 1595
Pkts_P_State_P_Protocol_P_SrcIP | 1526
attack | 2
category | 5
subcategory | 8

Removing redundant columns: ['state_number', 'proto_number', 'flgs_number']

Column | NaN values
stime                               0
flgs                                0
proto                               0
saddr                               0
sport                               0
daddr                               0
dport                               0
pkts                                0
bytes                               0
state                               0
ltime                               0
seq                                 0
dur                                 0
mean                                0
stddev                              0
sum                                 0
min                                 0
max                                 0
spkts                               0
dpkts                               0
sbytes                              0
dbytes                              0
rate                                0
srate                               0
drate                               0
TnBPSrcIP                           0
TnBPDstIP                           0
TnP_PSrcIP                          0
TnP_PDstIP                          0
TnP_PerProto                        0
TnP_Per_Dport                       0
AR_P_Proto_P_SrcIP                  0
AR_P_Proto_P_DstIP                  0
N_IN_Conn_P_DstIP                   0
N_IN_Conn_P_SrcIP                   0
AR_P_Proto_P_Sport                  0
AR_P_Proto_P_Dport                  0
Pkts_P_State_P_Protocol_P_DestIP    0
Pkts_P_State_P_Protocol_P_SrcIP     0
attack                              0
category                            0
subcategory                         0
dtype: int64
Removing attributes with more than half NaN values.
Dataframe contains NaN values: False

Column | NaN values (after dropping columns)
stime                               0
flgs                                0
proto                               0
saddr                               0
sport                               0
daddr                               0
dport                               0
pkts                                0
bytes                               0
state                               0
ltime                               0
seq                                 0
dur                                 0
mean                                0
stddev                              0
sum                                 0
min                                 0
max                                 0
spkts                               0
dpkts                               0
sbytes                              0
dbytes                              0
rate                                0
srate                               0
drate                               0
TnBPSrcIP                           0
TnBPDstIP                           0
TnP_PSrcIP                          0
TnP_PDstIP                          0
TnP_PerProto                        0
TnP_Per_Dport                       0
AR_P_Proto_P_SrcIP                  0
AR_P_Proto_P_DstIP                  0
N_IN_Conn_P_DstIP                   0
N_IN_Conn_P_SrcIP                   0
AR_P_Proto_P_Sport                  0
AR_P_Proto_P_Dport                  0
Pkts_P_State_P_Protocol_P_DestIP    0
Pkts_P_State_P_Protocol_P_SrcIP     0
attack                              0
category                            0
subcategory                         0
dtype: int64
stime unique values: 392259
flgs unique values: 9
proto unique values: 9
saddr unique values: 5
sport unique values: 5
daddr unique values: 21
dport unique values: 65541
pkts unique values: 84
bytes unique values: 7698
state unique values: 123
ltime unique values: 1633
seq unique values: 11
dur unique values: 11
mean unique values: 383624
stddev unique values: 262212
sum unique values: 612509
min unique values: 507089
max unique values: 421379
spkts unique values: 934972
dpkts unique values: 271147
sbytes unique values: 594525
dbytes unique values: 91
rate unique values: 62
srate unique values: 1052
drate unique values: 472
TnBPSrcIP unique values: 139677
TnBPDstIP unique values: 119709
TnP_PSrcIP unique values: 20714
TnP_PDstIP unique values: 8639
TnP_PerProto unique values: 7631
TnP_Per_Dport unique values: 1522
AR_P_Proto_P_SrcIP unique values: 1587
AR_P_Proto_P_DstIP unique values: 1560
N_IN_Conn_P_DstIP unique values: 1582
N_IN_Conn_P_SrcIP unique values: 46289
AR_P_Proto_P_Sport unique values: 39186
AR_P_Proto_P_Dport unique values: 100
Pkts_P_State_P_Protocol_P_DestIP unique values: 100
Pkts_P_State_P_Protocol_P_SrcIP unique values: 136207
attack unique values: 42237
category unique values: 1595
subcategory unique values: 1526
<class 'pandas.core.frame.DataFrame'>
Int64Index: 3668522 entries, 1 to 3668522
Columns: 42 entries, stime to subcategory
dtypes: float64(15), int64(18), object(9)
memory usage: 1.2+ GB

Objects: ['flgs', 'proto', 'saddr', 'sport', 'daddr', 'dport', 'state', 'category', 'subcategory'] 


Check for high cardinality.
Column | # of different values | values
flgs | 9 | ['e' 'e s' 'e d' 'e *' 'e g' 'eU' 'e &' 'e   t' 'e  D']
proto | 5 | ['tcp' 'arp' 'udp' 'icmp' 'ipv6-icmp']
saddr | 21 | ['192.168.100.147' '192.168.100.7' '192.168.100.148' '192.168.100.6'
 '192.168.100.149' '192.168.100.150' '192.168.100.5' '192.168.100.3'
 '192.168.100.1' '192.168.100.4' '192.168.100.27'
 'fe80::250:56ff:febe:254' '192.168.100.46' 'fe80::250:56ff:febe:26db'
 'fe80::250:56ff:febe:e9d9' 'fe80::c0c0:aa20:45b9:bdd9'
 'fe80::250:56ff:febe:89ee' 'fe80::2c6a:ff9b:7e14:166a'
 'fe80::250:56ff:febe:bf1a' 'fe80::250:56ff:febe:c038' '192.168.100.55']
sport | 65540 | ['49960' nan '49962' ... '0x0008' '0x000d' '0x0011']
daddr | 84 | ['192.168.100.7' '192.168.100.147' '192.168.100.6' '192.168.100.148'
 '192.168.100.5' '192.168.100.3' '192.168.100.149' '192.168.100.150'
 '192.168.100.4' '27.124.125.250' '192.168.100.1' '192.168.100.27'
 '192.168.217.2' '192.168.100.255' '8.8.8.8' 'ff02::1' '255.255.255.255'
 '13.55.154.73' '192.168.100.55' '184.85.248.65' '205.251.194.167'
 '192.5.5.241' '192.35.51.30' '205.251.195.97' '205.251.196.236'
 '199.7.91.13' '192.12.94.30' '52.35.35.13' '216.239.38.10' '199.7.83.42'
 '192.42.93.30' '172.217.25.170' 'ff02::fb' '224.0.0.251' 'ff02::2'
 '129.250.35.250' '91.189.91.157' '216.239.34.10' '192.52.178.30'
 '224.0.0.252' '96.7.49.66' '205.251.193.2' '192.33.4.12' '192.41.162.30'
 '192.36.148.17' '35.165.2.252' '52.11.124.117' '52.201.147.106'
 '216.239.36.10' '192.112.36.4' '192.31.80.30' '91.189.92.40'
 '128.63.2.53' '202.12.27.33' '192.203.230.10' '192.55.83.30'
 '205.251.198.119' '192.33.14.30' '192.58.128.30' '205.251.196.160'
 '205.251.199.148' '192.54.112.30' '156.154.100.3' '199.19.57.1'
 '205.251.194.86' '205.251.199.194' '205.251.199.61' '205.251.195.185'
 '205.251.194.201' '205.251.198.239' '205.251.193.205' '205.251.196.32'
 '198.41.0.4' '192.48.79.30' '199.19.56.1' '156.154.101.3'
 '205.251.197.206' '205.251.192.170' '205.251.195.59' '205.251.198.91'
 '205.251.194.84' '192.26.92.30' '205.251.194.102' '205.251.194.154']
dport | 7697 | ['80' nan '30551' ... '42052' '2660' '2664']
state | 11 | ['RST' 'CON' 'REQ' 'INT' 'URP' 'FIN' 'ACC' 'NRS' 'ECO' 'TST' 'MAS']
category | 5 | ['DoS' 'DDoS' 'Normal' 'Reconnaissance' 'Theft']
subcategory | 8 | ['HTTP' 'TCP' 'UDP' 'Normal' 'OS_Fingerprint' 'Service_Scan'
 'Data_Exfiltration' 'Keylogging']

Handling categorical attributes (label encoding).
Objects: ['category', 'subcategory']

Dropping category and subcategory.
These are labels for other scenarios.
Attack set:
1    3668045
Name: attack, dtype: int64
Normal set:
0    477
Name: attack, dtype: int64
Test set:
1    477
0    477
Name: attack, dtype: int64

Splitting dataset (validation/train): 0.25
X_train_df shape: (2750676, 37)
y_train_df shape: (2750676,)
X_val_df shape: (916892, 37)
y_val_df shape: (916892,)
X_test_df shape: (954, 37)
y_test_df shape: (954,)

Converting dataframe to numpy array.
X_train shape: (2750676, 37)
y_train shape: (2750676,)
X_val shape: (916892, 37)
y_val shape: (916892,)
X_test shape: (954, 37)
y_test shape: (954,)

Applying normalization.
5.675898551940918 to normalize data.

Creating learning model.
2020-07-11 22:14:33.988136: W tensorflow/stream_executor/platform/default/dso_loader.cc:55] Could not load dynamic library 'libcuda.so.1'; dlerror: libcuda.so.1: cannot open shared object file: No such file or directory
2020-07-11 22:14:33.988190: E tensorflow/stream_executor/cuda/cuda_driver.cc:313] failed call to cuInit: UNKNOWN ERROR (303)
2020-07-11 22:14:33.988225: I tensorflow/stream_executor/cuda/cuda_diagnostics.cc:156] kernel driver does not appear to be running on this host (slave03): /proc/driver/nvidia/version does not exist
2020-07-11 22:14:34.025044: I tensorflow/core/platform/profile_utils/cpu_utils.cc:102] CPU Frequency: 1995095000 Hz
2020-07-11 22:14:34.028222: I tensorflow/compiler/xla/service/service.cc:168] XLA service 0x7f7cdc000b20 initialized for platform Host (this does not guarantee that XLA will be used). Devices:
2020-07-11 22:14:34.028256: I tensorflow/compiler/xla/service/service.cc:176]   StreamExecutor device (0): Host, Default Version

Compiling the network.
Model summary:
Model: "sequential"
_________________________________________________________________
Layer (type)                 Output Shape              Param #   
=================================================================
dense (Dense)                (None, 37)                1406      
_________________________________________________________________
dense_1 (Dense)              (None, 32)                1216      
_________________________________________________________________
dense_2 (Dense)              (None, 8)                 264       
_________________________________________________________________
dense_3 (Dense)              (None, 32)                288       
_________________________________________________________________
dense_4 (Dense)              (None, 37)                1221      
=================================================================
Total params: 4,395
Trainable params: 4,395
Non-trainable params: 0
_________________________________________________________________

Fitting the network.
91690/91690 - 183s - loss: 1.0076 - mse: 1.0076 - val_loss: 1.2341 - val_mse: 1.2341
186.05002617835999 s to train model.
[[-0.00937882  0.04577634  0.02836194 ... -0.00076252  0.02732445
   0.03323282]
 [-0.00937882  0.04577634  0.02836194 ... -0.00076252  0.02732445
   0.03323282]
 [-0.00937882  0.04577634  0.02836194 ... -0.00076252  0.02732445
   0.03323282]
 ...
 [-0.00937882  0.04577634  0.02836194 ... -0.00076252  0.02732445
   0.03323282]
 [-0.00937882  0.04577634  0.02836194 ... -0.00076252  0.02732445
   0.03323282]
 [-0.00937882  0.04577634  0.02836194 ... -0.00076252  0.02732445
   0.03323282]]
[[ 0.17615569  1.30258074 -1.05019097 ... -0.03457003 -1.1773522
  -1.04806027]
 [ 0.11996232  1.30258074 -1.05019097 ... -0.03457108 -0.61239452
  -0.47601391]
 [-6.61432438 -0.77323936  0.89742758 ...  1.41447164 -1.47376497
  -1.4559319 ]
 ...
 [ 0.12010031  1.30258074 -1.05019097 ... -0.03456179 -0.24251191
  -0.10149029]
 [ 0.13406891 -0.77323936  0.89742758 ... -0.03455892  0.65432673
   0.80660125]
 [ 0.19003988 -0.77323936  0.89742758 ... -0.03452763  1.16101523
   1.31964731]]
Train error: 1.0046066523421078
Validation error: 1.2340991612067902
Error on first 50 samples:
MSE (pred, real)
0.6634510609490498
0.6069924308964861
4.615859420683545
0.2776033982017607
0.4313896609327353
0.2851486933771943
0.898264813851144
0.33760620276332687
1.1923848867021556
0.4901374906922227
0.43273927969027665
0.27503761745086963
0.3348578927686513
0.591667344969399
0.8346052773897209
0.7041816914237423
0.3935552791146876
1.141301102283866
0.6374725597293508
0.4765121788541292
1.2190557631906536
1.189773898201441
0.27083430159291466
0.8693427691790351
0.815830256321634
0.5836989308762134
0.6654070885210946
0.24750411692884042
0.8462034196372258
0.4064222195366485
1.9357593336877479
0.22048576271812456
0.4290438895707799
0.21925983283522374
0.21801076916144202
1.8723575835481039
0.8017969328082799
1.2870954041354985
0.4221095867016151
0.5355640148936687
0.17344989340053946
0.9945514751577594
0.7033601119822054
0.8405296546330936
0.6505808912003358
0.5290000565773748
0.47702275163695573
0.6855982942401337
0.6076526780783814
0.48399670202946654
(954, 37)
Test error: 13952368.039418003
MSE (pred, real) | Label
94.1840366749619 | 0
138.6994851951147 | 0
6.349751093748753 | 0
139.30040158412467 | 0
24.348261110870517 | 0
6.303211034373359 | 0
25.638064994864877 | 0
4.642697875799136 | 0
4.3568085562839975 | 0
88.7278947772372 | 0
38.48258234178203 | 0
4.860981690924639 | 0
4.0928268908901755 | 0
103.90639765536638 | 0
4.609209294540344 | 0
4.632054417274068 | 0
88.73189502564442 | 0
8749.782057163193 | 0
88.80539402044822 | 0
8749.660213523295 | 0
8749.660156429109 | 0
8749.762990852656 | 0
8749.762930779722 | 0
8749.81869500514 | 0
8750.497828624159 | 0
8751.56959003488 | 0
8749.640029595577 | 0
8749.64792394198 | 0
8749.624690518429 | 0
8749.782048257775 | 0
8749.838653052388 | 0
8749.649985233356 | 0
8749.792665885188 | 0
8749.79109879152 | 0
195872867.25213766 | 0
200678793.84562144 | 0
2290556.9514514254 | 0
633324.3605668236 | 0
69188852.1477392 | 0
865767.2798208109 | 0
1174039186.4752758 | 0
1039487930.6685325 | 0
634787.8997214542 | 0
634787.9095175395 | 0
634788.7462554398 | 0
634788.6770638638 | 0
634788.2095040063 | 0
634787.8609758819 | 0
634787.9240055822 | 0
634788.7530718971 | 0
634788.2042042587 | 0
637480.7183305698 | 0
10274.069752469137 | 0
634787.8756685965 | 0
634788.7942920786 | 0
634788.9337727753 | 0
634788.2044987862 | 0
637492.7499819354 | 0
8749.832639129501 | 0
634787.4283067561 | 0
8749.83220421005 | 0
56417.577328180785 | 0
8749.547234996153 | 0
8749.829827620104 | 0
8751.637688654911 | 0
8751.610969008789 | 0
251.11935982723304 | 0
8751.64286844788 | 0
8751.686974157643 | 0
63.50879093911196 | 0
6.177733173675467 | 0
8749.449765185265 | 0
8749.478167904035 | 0
8749.48744438658 | 0
8749.445291579696 | 0
8749.506117404224 | 0
8749.450935831348 | 0
8749.454678255219 | 0
8749.494954876503 | 0
8749.466662960715 | 0
8749.459977004193 | 0
8749.473671135987 | 0
8749.461474475695 | 0
8749.44501869695 | 0
8749.478487907501 | 0
8749.47038679325 | 0
8749.441441742867 | 0
8749.490567624343 | 0
8749.454576326496 | 0
8749.624176595687 | 0
8749.454159026303 | 0
8749.633850139877 | 0
8749.608120267942 | 0
8749.457391568698 | 0
8749.761478746197 | 0
8749.789590066363 | 0
8749.60671087504 | 0
8749.766935961234 | 0
8749.763442474377 | 0
56417.92454081308 | 0
1965473.9893063093 | 0
56417.96355656256 | 0
47674.471965809746 | 0
125084.69269695519 | 0
8749.520882149825 | 0
8749.796203220589 | 0
53640773.60758579 | 0
530519.6786183878 | 0
940857327.8755611 | 0
836415967.0241226 | 0
1794453.030938214 | 0
789966.2189176138 | 0
155879554.3508355 | 0
156437255.36594495 | 0
8749.914355320256 | 0
6.32979135266053 | 0
3385.9900039107397 | 0
6.471698382532518 | 0
3387.739248483496 | 0
5.883491394622613 | 0
97.69586339653483 | 0
97.69506784598968 | 0
375373.4463225267 | 0
3997.590671071093 | 0
3415.223154128155 | 0
3416.105100558642 | 0
3415.960176059564 | 0
3415.553245649176 | 0
4463.581614906861 | 0
3386.1020331770237 | 0
3386.0666756931837 | 0
97.6910992450897 | 0
4600.625925103848 | 0
80.30215699506421 | 0
3387.768095280112 | 0
8.516975233245686 | 0
3387.719074483449 | 0
8.101741007914717 | 0
5.863295141022212 | 0
5.843240591980198 | 0
3609.668020046353 | 0
3387.8926093967557 | 0
8.745136165997883 | 0
6.05086277126362 | 0
3387.911305373787 | 0
54.525657601347504 | 0
6.0022018533986605 | 0
307284.8409003087 | 0
1496187916.3995125 | 0
265495546.79835793 | 0
264809533.58046362 | 0
92074127.35663462 | 0
1171720.4410710088 | 0
1450925897.6093926 | 0
3387362.744877391 | 0
3710.1721451142653 | 0
3946.3757421765226 | 0
3947.7773052852663 | 0
3415.1536106627846 | 0
3415.165727575918 | 0
3416.0321365681793 | 0
3415.9286816001922 | 0
3415.5167423425078 | 0
3415.1905601474423 | 0
3415.229350321332 | 0
3416.0434156210317 | 0
3415.9413783513546 | 0
3415.573587449138 | 0
4659.516927013244 | 0
139.15141803394377 | 0
4453.587126978838 | 0
3385.7481957774003 | 0
66.11983802037186 | 0
3385.823572675246 | 0
3385.7431391904274 | 0
3997.5822047329793 | 0
3387.7275711711363 | 0
7.037281286782329 | 0
50.73197115562775 | 0
3386.014652153161 | 0
4515.00250796719 | 0
36921.10023551074 | 0
4573.559844527385 | 0
78839.97759194963 | 0
4515.269351181265 | 0
305275.6947815068 | 0
4436.060330224873 | 0
36943.65371384456 | 0
4438.34993348999 | 0
22285.949790132847 | 0
4437.87437992935 | 0
3415.2017211879347 | 0
3416.0681564997926 | 0
3415.942558797695 | 0
3415.5423068889836 | 0
4455.917223253936 | 0
3471.96573891834 | 0
3386.1085717908268 | 0
3415.066068639293 | 0
92.06300709830178 | 0
3385.7246046744 | 0
3385.8175400769624 | 0
3385.709638787003 | 0
11769.825892934175 | 0
4512.382647933597 | 0
3385.734116841269 | 0
3385.811946270503 | 0
44.72500860546931 | 0
3385.7241735354078 | 0
3385.852518497654 | 0
3385.835558645313 | 0
3385.72308396676 | 0
3385.8373385266045 | 0
3385.893016411482 | 0
3385.800197849589 | 0
3385.731408420085 | 0
3332.958947220021 | 0
18375.963282266363 | 0
3332.4924948901303 | 0
3332.7285503382964 | 0
3332.667530231097 | 0
3332.7069301849237 | 0
3332.7068672587525 | 0
3332.864526544291 | 0
3332.8644695785165 | 0
3333.5766859692053 | 0
3334.6168967227245 | 0
22196.28955208426 | 0
4360.579327995329 | 0
3335.1372055717165 | 0
3332.956410277257 | 0
20.430180436094016 | 0
3336.263554963988 | 0
28.666887898880244 | 0
4354.448848724537 | 0
62549.15106722612 | 0
348523.676093994 | 0
3332.991201561482 | 0
3332.533524216702 | 0
3332.7014156985842 | 0
3332.549575582344 | 0
3332.73054460862 | 0
3332.5493688317147 | 0
3332.743473361596 | 0
3332.475520803127 | 0
8.776376106229709 | 0
3332.646236491481 | 0
93.47088381923768 | 0
3332.518674908352 | 0
3332.570563358699 | 0
3332.4745768278076 | 0
3332.546422329184 | 0
3332.6945121340873 | 0
3332.7186720365216 | 0
3332.741067185127 | 0
3332.654720032767 | 0
3332.548775963326 | 0
3332.545457400668 | 0
3332.472865323872 | 0
3332.5645157326144 | 0
3332.716887554733 | 0
3332.7345536980392 | 0
3332.71475643913 | 0
3332.6412699090106 | 0
3332.5134443317856 | 0
3332.5394575050477 | 0
3332.560547289338 | 0
3332.685405498156 | 0
3332.7320968684594 | 0
3332.4780112249086 | 0
3332.71130090349 | 0
3332.638535550707 | 0
3334.7017830208256 | 0
3332.6645828363385 | 0
3334.675578876628 | 0
3332.9198930924026 | 0
3334.6524211369983 | 0
369857.9783995125 | 0
3337.2210390377195 | 0
217298.4283404898 | 0
1449836218.9539254 | 0
244435382.74271625 | 0
77688747.85869479 | 0
1436160643.0364718 | 0
259814026.13601828 | 0
1120023.1408086685 | 0
3593730.005533596 | 0
4575.484635897467 | 0
141.66476035796316 | 0
348611.5617914948 | 0
3988.7365440835056 | 0
3650.5202255322247 | 0
3352.856061087349 | 0
3353.7679499690394 | 0
3353.6114215958387 | 0
3353.2618587494253 | 0
3332.6065128154005 | 0
3332.5689211500744 | 0
3332.598395730787 | 0
3332.6001072488943 | 0
3332.603950590101 | 0
3332.5558745964036 | 0
3332.585422182123 | 0
3332.632235020849 | 0
3332.5759625908527 | 0
3332.607925303665 | 0
3332.5306651830338 | 0
3332.5535271819344 | 0
3332.5972294009566 | 0
4378.174151810154 | 0
3332.574356382462 | 0
3332.6354946391402 | 0
3332.598658034981 | 0
3332.527566407698 | 0
3332.5702404967847 | 0
3332.5875886328745 | 0
1350.9592802337918 | 0
110.57062675960601 | 0
1351.0537931398262 | 0
1350.7794911629499 | 0
1351.0400085855445 | 0
1350.7077709952712 | 0
1350.784109655383 | 0
108.80657532692634 | 0
1351.0307232778148 | 0
109.18181015766282 | 0
1350.9849431759772 | 0
109.46943829171248 | 0
1351.034666148323 | 0
42.033033927008724 | 0
42.03302394316954 | 0
1352.9611292901798 | 0
1351.2020123999632 | 0
1351.083604818928 | 0
42.03032315387173 | 0
1352.903684252453 | 0
1352.9384673419686 | 0
1352.993389383694 | 0
1351.1260931076413 | 0
6.310337352574619 | 0
1353.0366350940724 | 0
33.23714268169197 | 0
6.0637873127397555 | 0
6.078527732748339 | 0
1350.7519651611178 | 0
1350.8107171572246 | 0
1350.7692862678273 | 0
1350.7972168661208 | 0
1350.7552624903503 | 0
1350.7733259000368 | 0
1350.7039264353866 | 0
1351.008663916929 | 0
1350.7536455538393 | 0
1351.029731190583 | 0
1350.9579256042496 | 0
1351.0180421794569 | 0
1350.7476367476108 | 0
1350.6912005930371 | 0
1350.769109821345 | 0
1351.010883919587 | 0
1350.7861777809596 | 0
1350.9402627855857 | 0
1351.0170406178652 | 0
1351.0036129888442 | 0
1359.847161324867 | 0
1359.8085550345695 | 0
1350.743577651644 | 0
1351.0343759831176 | 0
1350.7027879201087 | 0
1350.7903150829843 | 0
1350.7447923125885 | 0
1350.9410792146373 | 0
1350.9914232158603 | 0
1350.9670303714474 | 0
1350.9665083645905 | 0
1350.9866256620091 | 0
1350.9754815129465 | 0
1350.7265817653229 | 0
5.934838631046519 | 0
1350.9607908016937 | 0
1358.3673891497542 | 0
45.75150875905396 | 0
584825702.8085629 | 0
103389292.74805297 | 0
104181844.32540984 | 0
33105619.667676385 | 0
590848610.7926561 | 0
1399494.7705539716 | 0
465210.7990909485 | 0
93180.71166500561 | 0
1359.9961113917655 | 0
1359.8602412190257 | 0
1359.3662222153162 | 0
1359.098865350213 | 0
1359.034912338679 | 0
1359.429052591561 | 0
1359.4300288571542 | 0
1359.9257712846372 | 0
1359.9101295153152 | 0
1359.7873624912886 | 0
1359.0870189826771 | 0
1359.436868892436 | 0
1359.1044080331926 | 0
1359.4095328341332 | 0
1359.1222749712094 | 0
1359.0435677160997 | 0
1359.0710365335337 | 0
1359.9952016789173 | 0
1359.407222100106 | 0
1359.4327154432312 | 0
1359.3335188607284 | 0
1359.0437112790096 | 0
1359.463065561273 | 0
1359.4033697788827 | 0
1359.448455575694 | 0
1359.5176201417394 | 0
4.784595169046021 | 0
4.780920537250127 | 0
5.19360990499798 | 0
4.8496525696232 | 0
4.751665627834837 | 0
4.759133644399987 | 0
4.919957480191563 | 0
4.416644273747016 | 0
4.420911810152563 | 0
4.417244271244609 | 0
4.778398846322156 | 0
4.753020804959377 | 0
4.742086131891755 | 0
4.73838822695009 | 0
4.763163746370995 | 0
4.749662464050096 | 0
4.494721089932973 | 0
4.481994389595714 | 0
4.4397045003031135 | 0
4.453326488895297 | 0
4.430168121825109 | 0
4.4520991767306874 | 0
4.414838845308437 | 0
4.427464874438695 | 0
5.5790026074280465 | 0
4.539287581237462 | 0
4.467049597225299 | 0
4.507125293057992 | 0
5.351394876413629 | 0
4.761563694601405 | 0
4.7458659589125105 | 0
4.393415538204167 | 0
4.397984743940538 | 0
4.751404784603836 | 0
4.7361248854972295 | 0
4.842379268796844 | 0
4.808342610068204 | 0
4.759460264110436 | 0
4.813575128581951 | 0
4.857280488575184 | 0
4.846654868526861 | 0
4.519870834063568 | 0
4.527581096489234 | 0
4.483207510226029 | 0
4.451696361191941 | 0
4.417211991631158 | 0
4.435794840881314 | 0
4.4060483278182865 | 0
4.342758713045215 | 0
4.358875913516372 | 0
4.415143812952178 | 0
4.459795932366959 | 0
4.4159397636038396 | 0
4.707015543553868 | 0
4.750422558230868 | 0
4.7273424298868045 | 0
4.3854856659682655 | 0
4.414215897781411 | 0
4.426256873252244 | 0
4.794749235797442 | 0
4.767732501621373 | 0
0.4824284911114051 | 1
0.9005640821514894 | 1
0.26606580871675495 | 1
0.5645207860879186 | 1
0.41753013799122607 | 1
0.2899849765859829 | 1
0.4772810515619991 | 1
0.43426077581949746 | 1
0.5763625923325927 | 1
0.5903500278527071 | 1
0.9165751076248188 | 1
0.17570077582990642 | 1
0.43393033300391914 | 1
0.312886527763081 | 1
0.8387750495238268 | 1
0.6048050849209905 | 1
1.0075369733495465 | 1
0.21132068137713797 | 1
1.1671634246441123 | 1
6.0672737851477345 | 1
0.7863124294562825 | 1
0.4375394642974802 | 1
0.4207026939742737 | 1
0.656158068576939 | 1
0.30922272941047046 | 1
0.7860005457185022 | 1
0.2936884147440824 | 1
0.3072946404539045 | 1
0.17186885047234637 | 1
0.5409262255030741 | 1
1.202895188564518 | 1
0.380747765080645 | 1
0.6404354895338316 | 1
0.5391683995568787 | 1
0.41918670163079563 | 1
0.9329092669212123 | 1
0.5207661649170935 | 1
1.7108594508048438 | 1
0.39281616747120307 | 1
0.5136553669768464 | 1
0.5835146562262989 | 1
2.4436066839326696 | 1
0.8408112774103014 | 1
1.535966595853002 | 1
0.4110605026676655 | 1
1.1542701753803806 | 1
0.17903331036291845 | 1
1.5407277211099024 | 1
0.5919448122296855 | 1
0.5725089758820965 | 1
0.2755243190976788 | 1
0.43503175583622866 | 1
0.7156321793199996 | 1
0.5861382684807581 | 1
0.9961037655516862 | 1
0.31008870187839144 | 1
0.5628257265210415 | 1
0.6595053324731993 | 1
0.5628383024029154 | 1
0.25584597954098154 | 1
0.31301901441923635 | 1
0.8934011773465297 | 1
0.3455151742813891 | 1
0.8628128780361702 | 1
0.7756500139359264 | 1
0.2626997477234026 | 1
0.49176935781533376 | 1
0.3566577437083219 | 1
0.38448233537520693 | 1
1.5781376885801202 | 1
0.5789637547423488 | 1
0.1737891986042893 | 1
0.6953381322379929 | 1
0.8604845589531476 | 1
0.27362906723504477 | 1
0.8107845266247307 | 1
0.5096112495740296 | 1
0.1522430699017692 | 1
1.143061163980028 | 1
0.944872109517978 | 1
0.34140449264034733 | 1
0.3089290617943455 | 1
0.7180073673857819 | 1
0.7131585567162695 | 1
0.5358633020434057 | 1
0.7855730350669055 | 1
0.603731973417997 | 1
0.887324027252817 | 1
0.8048444903165379 | 1
0.5697247717184328 | 1
0.202535394223529 | 1
0.4580468159225993 | 1
0.4143325681200945 | 1
0.7222784413439175 | 1
0.4660494561644327 | 1
0.6784438853925138 | 1
0.21912666193685798 | 1
1.744585907632678 | 1
0.5208210503270149 | 1
0.5334754056986226 | 1
1.9058895791631754 | 1
0.7304582264159126 | 1
0.8858519861150995 | 1
0.6719284767147174 | 1
0.8094177791162663 | 1
1.0496056581373105 | 1
0.4104281051610499 | 1
0.18987401752669378 | 1
0.6340569355858778 | 1
1.710296112878371 | 1
0.8593978050463229 | 1
0.31674458521017035 | 1
0.3428018023571331 | 1
0.2643796334320602 | 1
1.2033891489693922 | 1
0.7862460750170953 | 1
1.128068502901752 | 1
0.3303754594537972 | 1
0.4993996662089002 | 1
0.16703347744504218 | 1
0.42688305622282974 | 1
0.9911690934177383 | 1
0.8632577788824303 | 1
1.0330668754312282 | 1
0.25664668057181994 | 1
0.45484375816384576 | 1
1.0574448067311664 | 1
0.16957645367452523 | 1
0.49433614901569717 | 1
0.7263793101460735 | 1
0.5307479676704195 | 1
8.010479660001517 | 1
0.750371310390836 | 1
0.3582228219680895 | 1
0.4870561709253746 | 1
3.517124372942446 | 1
0.43659769487827527 | 1
0.6328903582561198 | 1
1.9334001301947505 | 1
0.3458781712225429 | 1
0.860146001774552 | 1
0.3394201088060218 | 1
0.19417186523061908 | 1
0.447290231944139 | 1
0.6039865897862312 | 1
0.4224782603924703 | 1
0.2726440670172189 | 1
1.0464814021992956 | 1
0.22108428315653592 | 1
0.4730622955695882 | 1
0.3785554967539627 | 1
0.2040056231156168 | 1
0.643639155331193 | 1
1.073087000357185 | 1
0.6341111780761857 | 1
0.6051400652919317 | 1
0.19759112042965218 | 1
0.46467469438874126 | 1
0.18847542520734487 | 1
0.6137791308837767 | 1
0.1804744225917967 | 1
0.8501916369303596 | 1
0.3124000932731615 | 1
0.4885823824846598 | 1
0.17995573971208664 | 1
0.7825254803315634 | 1
0.42980812687369363 | 1
0.2829418332585016 | 1
0.3052950071001828 | 1
0.29709837019173374 | 1
0.40838341243183934 | 1
0.48324517390544935 | 1
0.2647431317103292 | 1
0.3641018145479562 | 1
0.8866149744986477 | 1
0.3443629148725921 | 1
0.7471141567370649 | 1
0.46996639411081825 | 1
0.8037845695684844 | 1
0.6967949089997967 | 1
0.7501172978179297 | 1
1.5500711633412732 | 1
0.8808578904854306 | 1
0.44472933506484513 | 1
0.4136418210303666 | 1
0.6374481007382338 | 1
0.4686965424211216 | 1
0.6407758535393957 | 1
1.1720402457377193 | 1
4.282597684456087 | 1
0.4665581976375433 | 1
1.2348799244839332 | 1
0.7638740659828638 | 1
0.5806550691700878 | 1
0.43705331060398417 | 1
0.2875492199026738 | 1
0.2095581091690703 | 1
0.4172762652686235 | 1
0.4438329172507512 | 1
0.40503338813152945 | 1
0.3738773991886052 | 1
0.3514952999734563 | 1
1.073602992103354 | 1
0.3571235251486022 | 1
0.4425209326252744 | 1
0.5178267598849021 | 1
0.6119653200119723 | 1
0.8395998134739304 | 1
0.5943328803784634 | 1
0.22323180202652848 | 1
0.3786841634183107 | 1
0.4644451817876247 | 1
0.6992576444638919 | 1
0.2100072207739643 | 1
0.6423753797623912 | 1
0.744887573688158 | 1
0.8330522938243433 | 1
1.5186924770323784 | 1
0.7491984709348485 | 1
0.5743788919730201 | 1
1.2397816261930648 | 1
0.1912794828209953 | 1
1.132442642514953 | 1
1.098517661795409 | 1
0.9318480071283259 | 1
0.25953186931705025 | 1
0.6060876567833088 | 1
0.2743018825377367 | 1
0.3541993581072712 | 1
0.26263547284369904 | 1
0.7761956251716455 | 1
0.29137121239721897 | 1
1.0455933494188459 | 1
0.45285813591982454 | 1
0.5736115813574498 | 1
0.18179584452995864 | 1
0.216122156664547 | 1
0.491276844457631 | 1
0.695133828132241 | 1
0.23842635197312587 | 1
0.5013515059421579 | 1
0.16120640324797947 | 1
0.6764224551757829 | 1
1.2207777933788087 | 1
3.861706375574819 | 1
0.8302245699645926 | 1
0.22903219603763098 | 1
1.2098441277612422 | 1
0.2778144992149766 | 1
0.5965692856130833 | 1
0.6042701184616713 | 1
0.3791418568443238 | 1
0.23374116185922694 | 1
0.5881084313879068 | 1
0.43666635792831465 | 1
1.508658096532421 | 1
0.2898133982204462 | 1
0.5439498231131222 | 1
0.6336847241596849 | 1
0.6685063365970744 | 1
0.22463278890697175 | 1
0.19104447117759069 | 1
0.4528567446600037 | 1
0.6798829779531264 | 1
0.22362157994600623 | 1
0.35105426927598793 | 1
0.706345481164068 | 1
0.4309086559760527 | 1
0.578159676965502 | 1
1.7747393367427227 | 1
0.1798558817361813 | 1
0.5243746235684428 | 1
0.2935560881388146 | 1
1.095147071441022 | 1
0.6267512777996693 | 1
0.3320347729036369 | 1
0.8105184564931895 | 1
0.2665984290003765 | 1
0.8430474853777209 | 1
0.5501762614169138 | 1
0.3025266918611718 | 1
0.4530467657310874 | 1
0.405361060659494 | 1
0.4242414685386389 | 1
0.6658693939467962 | 1
4.408734515348303 | 1
0.8507232098680884 | 1
0.6147051060334833 | 1
0.7401124232668315 | 1
0.460379829970025 | 1
0.5958390382145072 | 1
0.5476267410041714 | 1
0.5141684384918578 | 1
0.6791910228834944 | 1
0.24320637355924052 | 1
0.47643363132647193 | 1
0.7716986534667915 | 1
0.8740538388168064 | 1
1.238245239952755 | 1
0.6664713350924532 | 1
0.8370444504353504 | 1
0.7613110933985371 | 1
1.0188579801908328 | 1
0.4330350836683309 | 1
0.2877839033326332 | 1
0.3008555483516557 | 1
0.17128727853898926 | 1
0.5795123406563266 | 1
0.8649855784878605 | 1
0.5082902529522719 | 1
0.7951850936391001 | 1
0.16786802068309864 | 1
0.17499348618155727 | 1
0.2995984814797351 | 1
0.19697654902161346 | 1
0.4621068043471464 | 1
0.47281292375358397 | 1
0.19729695235296116 | 1
0.4263463982250866 | 1
0.3082183401429122 | 1
0.6530027739703936 | 1
0.47629824571635815 | 1
0.307311257250287 | 1
0.9224966686319481 | 1
0.6019753966315294 | 1
1.0398193399723101 | 1
0.6228380617662916 | 1
0.44242255133512204 | 1
0.7027967832544558 | 1
1.7103243214942727 | 1
0.37930044419660763 | 1
0.8767999115863977 | 1
0.29470209495172744 | 1
0.6279584903091401 | 1
1.1568755759196365 | 1
1.908428137817187 | 1
0.6604514547267936 | 1
0.19726124021771457 | 1
0.18979318250390015 | 1
0.416966311192842 | 1
0.8424779857823738 | 1
0.5438031507252984 | 1
0.40478478013756525 | 1
0.38710984472152976 | 1
0.5231692623248753 | 1
1.526152857010499 | 1
0.22301748338901878 | 1
0.4194085573045065 | 1
0.3996558538492946 | 1
0.6644856869758534 | 1
0.41396876291137524 | 1
0.4893213647085279 | 1
0.335323375497491 | 1
0.4150182190942283 | 1
0.5166675566943154 | 1
0.5044943394086068 | 1
0.535327444672134 | 1
0.807149352639102 | 1
0.671212486111891 | 1
0.8074366992084151 | 1
0.34450742570979215 | 1
1.0342750124995617 | 1
4.755358005451398 | 1
0.24519169933258758 | 1
1.5802541741474925 | 1
0.28154984086279355 | 1
0.5075764395426955 | 1
0.48337965488121554 | 1
0.2725846470268142 | 1
1.0599898479622287 | 1
0.3656034252428849 | 1
0.5153148997438822 | 1
0.27926593189755816 | 1
1.0682741295615976 | 1
0.3114933031976148 | 1
0.16362153948722585 | 1
0.7425981525512706 | 1
0.8829064220370423 | 1
1.1740703990924153 | 1
0.8567509694855081 | 1
0.7997106355095813 | 1
0.8663939532152677 | 1
1.0888880851731961 | 1
0.6538416292561985 | 1
3.5591646917152397 | 1
0.25683198950398345 | 1
0.3995720636090131 | 1
0.207619525095557 | 1
0.1699431851956695 | 1
0.4285679225005363 | 1
1.2087141794826175 | 1
0.70142839532548 | 1
0.5643737541632938 | 1
4.310268922432593 | 1
0.42381707040761635 | 1
0.19806399689105697 | 1
0.45295203988966964 | 1
0.7332688930398612 | 1
0.38189875137234314 | 1
2.240506121172367 | 1
0.20075700409539596 | 1
0.5037231660395218 | 1
0.6383132973072606 | 1
0.7486418777907821 | 1
0.437402560901162 | 1
0.3390747257416972 | 1
0.32701233322998335 | 1
0.37592608308153386 | 1
0.6492133690273777 | 1
0.4817042656863532 | 1
0.7468701112919954 | 1
0.21596007400975842 | 1
0.6774959248232469 | 1
0.470906376306588 | 1
0.8495484814132648 | 1
0.3242485570177279 | 1
0.4133197516911776 | 1
0.5199228739108067 | 1
0.35335327034177066 | 1
0.3089079483050051 | 1
0.5947620640133024 | 1
1.378251622044188 | 1
0.4969850372305164 | 1
0.294510045827598 | 1
0.8049953424951528 | 1
0.6165215996320104 | 1
0.3926631982062366 | 1
0.3367334868811886 | 1
0.40122773433611014 | 1
0.5518028177569729 | 1
0.34453020492787617 | 1
1.1540267214611422 | 1
0.18847396323737745 | 1
0.206856649817493 | 1
0.3865196559967418 | 1
0.281415810233008 | 1
0.4450526986532012 | 1
0.384921763420109 | 1
0.44436391356508315 | 1
0.6902063364747208 | 1
0.8491771203484025 | 1
0.3604539432658032 | 1
0.4821410196745908 | 1
0.4808977057429823 | 1
1.530527984168736 | 1
0.28508243221369367 | 1
0.9497496809800197 | 1
0.3832527328952264 | 1
0.4831608168935956 | 1
0.38946444514424405 | 1
0.2470726562439496 | 1
6.063895491932031 | 1
0.34857848392257224 | 1
0.4506713188135674 | 1
0.4101260680743478 | 1
0.30593438205078183 | 1
0.41577186389180704 | 1
0.4275700701104807 | 1
0.3361158443644735 | 1
0.24844488798037212 | 1
0.6236109710615676 | 1
0.6537020386852337 | 1
0.43760598951453666 | 1
1.041719228410056 | 1
0.47648022553092667 | 1
0.8005718232033867 | 1
0.41042749331620293 | 1
0.4729621703647486 | 1
0.283307694076275 | 1
1.7982750071089801 | 1
0.5557474423232881 | 1
0.8845085663237895 | 1
0.3547180243900834 | 1
0.25467460926863317 | 1
1.1071969481602628 | 1
0.3129238527037399 | 1
0.5162918946945316 | 1
MSE (pred, real) | Label
0 | 4.0928268908901755
0 | 4.342758713045215
0 | 4.3568085562839975
0 | 4.358875913516372
0 | 4.3854856659682655
0 | 4.393415538204167
0 | 4.397984743940538
0 | 4.4060483278182865
0 | 4.414215897781411
0 | 4.414838845308437
0 | 4.415143812952178
0 | 4.4159397636038396
0 | 4.416644273747016
0 | 4.417211991631158
0 | 4.417244271244609
0 | 4.420911810152563
0 | 4.426256873252244
0 | 4.427464874438695
0 | 4.430168121825109
0 | 4.435794840881314
0 | 4.4397045003031135
0 | 4.451696361191941
0 | 4.4520991767306874
0 | 4.453326488895297
0 | 4.459795932366959
0 | 4.467049597225299
0 | 4.481994389595714
0 | 4.483207510226029
0 | 4.494721089932973
0 | 4.507125293057992
0 | 4.519870834063568
0 | 4.527581096489234
0 | 4.539287581237462
0 | 4.609209294540344
0 | 4.632054417274068
0 | 4.642697875799136
0 | 4.707015543553868
0 | 4.7273424298868045
0 | 4.7361248854972295
0 | 4.73838822695009
0 | 4.742086131891755
0 | 4.7458659589125105
0 | 4.749662464050096
0 | 4.750422558230868
0 | 4.751404784603836
0 | 4.751665627834837
0 | 4.753020804959377
0 | 4.759133644399987
0 | 4.759460264110436
0 | 4.761563694601405
0 | 4.763163746370995
0 | 4.767732501621373
0 | 4.778398846322156
0 | 4.780920537250127
0 | 4.784595169046021
0 | 4.794749235797442
0 | 4.808342610068204
0 | 4.813575128581951
0 | 4.842379268796844
0 | 4.846654868526861
0 | 4.8496525696232
0 | 4.857280488575184
0 | 4.860981690924639
0 | 4.919957480191563
0 | 5.19360990499798
0 | 5.351394876413629
0 | 5.5790026074280465
0 | 5.843240591980198
0 | 5.863295141022212
0 | 5.883491394622613
0 | 5.934838631046519
0 | 6.0022018533986605
0 | 6.05086277126362
0 | 6.0637873127397555
0 | 6.078527732748339
0 | 6.177733173675467
0 | 6.303211034373359
0 | 6.310337352574619
0 | 6.32979135266053
0 | 6.349751093748753
0 | 6.471698382532518
0 | 7.037281286782329
0 | 8.101741007914717
0 | 8.516975233245686
0 | 8.745136165997883
0 | 8.776376106229709
0 | 20.430180436094016
0 | 24.348261110870517
0 | 25.638064994864877
0 | 28.666887898880244
0 | 33.23714268169197
0 | 38.48258234178203
0 | 42.03032315387173
0 | 42.03302394316954
0 | 42.033033927008724
0 | 44.72500860546931
0 | 45.75150875905396
0 | 50.73197115562775
0 | 54.525657601347504
0 | 63.50879093911196
0 | 66.11983802037186
0 | 80.30215699506421
0 | 88.7278947772372
0 | 88.73189502564442
0 | 88.80539402044822
0 | 92.06300709830178
0 | 93.47088381923768
0 | 94.1840366749619
0 | 97.6910992450897
0 | 97.69506784598968
0 | 97.69586339653483
0 | 103.90639765536638
0 | 108.80657532692634
0 | 109.18181015766282
0 | 109.46943829171248
0 | 110.57062675960601
0 | 138.6994851951147
0 | 139.15141803394377
0 | 139.30040158412467
0 | 141.66476035796316
0 | 251.11935982723304
0 | 1350.6912005930371
0 | 1350.7027879201087
0 | 1350.7039264353866
0 | 1350.7077709952712
0 | 1350.7265817653229
0 | 1350.743577651644
0 | 1350.7447923125885
0 | 1350.7476367476108
0 | 1350.7519651611178
0 | 1350.7536455538393
0 | 1350.7552624903503
0 | 1350.769109821345
0 | 1350.7692862678273
0 | 1350.7733259000368
0 | 1350.7794911629499
0 | 1350.784109655383
0 | 1350.7861777809596
0 | 1350.7903150829843
0 | 1350.7972168661208
0 | 1350.8107171572246
0 | 1350.9402627855857
0 | 1350.9410792146373
0 | 1350.9579256042496
0 | 1350.9592802337918
0 | 1350.9607908016937
0 | 1350.9665083645905
0 | 1350.9670303714474
0 | 1350.9754815129465
0 | 1350.9849431759772
0 | 1350.9866256620091
0 | 1350.9914232158603
0 | 1351.0036129888442
0 | 1351.008663916929
0 | 1351.010883919587
0 | 1351.0170406178652
0 | 1351.0180421794569
0 | 1351.029731190583
0 | 1351.0307232778148
0 | 1351.0343759831176
0 | 1351.034666148323
0 | 1351.0400085855445
0 | 1351.0537931398262
0 | 1351.083604818928
0 | 1351.1260931076413
0 | 1351.2020123999632
0 | 1352.903684252453
0 | 1352.9384673419686
0 | 1352.9611292901798
0 | 1352.993389383694
0 | 1353.0366350940724
0 | 1358.3673891497542
0 | 1359.034912338679
0 | 1359.0435677160997
0 | 1359.0437112790096
0 | 1359.0710365335337
0 | 1359.0870189826771
0 | 1359.098865350213
0 | 1359.1044080331926
0 | 1359.1222749712094
0 | 1359.3335188607284
0 | 1359.3662222153162
0 | 1359.4033697788827
0 | 1359.407222100106
0 | 1359.4095328341332
0 | 1359.429052591561
0 | 1359.4300288571542
0 | 1359.4327154432312
0 | 1359.436868892436
0 | 1359.448455575694
0 | 1359.463065561273
0 | 1359.5176201417394
0 | 1359.7873624912886
0 | 1359.8085550345695
0 | 1359.847161324867
0 | 1359.8602412190257
0 | 1359.9101295153152
0 | 1359.9257712846372
0 | 1359.9952016789173
0 | 1359.9961113917655
0 | 3332.472865323872
0 | 3332.4745768278076
0 | 3332.475520803127
0 | 3332.4780112249086
0 | 3332.4924948901303
0 | 3332.5134443317856
0 | 3332.518674908352
0 | 3332.527566407698
0 | 3332.5306651830338
0 | 3332.533524216702
0 | 3332.5394575050477
0 | 3332.545457400668
0 | 3332.546422329184
0 | 3332.548775963326
0 | 3332.5493688317147
0 | 3332.549575582344
0 | 3332.5535271819344
0 | 3332.5558745964036
0 | 3332.560547289338
0 | 3332.5645157326144
0 | 3332.5689211500744
0 | 3332.5702404967847
0 | 3332.570563358699
0 | 3332.574356382462
0 | 3332.5759625908527
0 | 3332.585422182123
0 | 3332.5875886328745
0 | 3332.5972294009566
0 | 3332.598395730787
0 | 3332.598658034981
0 | 3332.6001072488943
0 | 3332.603950590101
0 | 3332.6065128154005
0 | 3332.607925303665
0 | 3332.632235020849
0 | 3332.6354946391402
0 | 3332.638535550707
0 | 3332.6412699090106
0 | 3332.646236491481
0 | 3332.654720032767
0 | 3332.6645828363385
0 | 3332.667530231097
0 | 3332.685405498156
0 | 3332.6945121340873
0 | 3332.7014156985842
0 | 3332.7068672587525
0 | 3332.7069301849237
0 | 3332.71130090349
0 | 3332.71475643913
0 | 3332.716887554733
0 | 3332.7186720365216
0 | 3332.7285503382964
0 | 3332.73054460862
0 | 3332.7320968684594
0 | 3332.7345536980392
0 | 3332.741067185127
0 | 3332.743473361596
0 | 3332.8644695785165
0 | 3332.864526544291
0 | 3332.9198930924026
0 | 3332.956410277257
0 | 3332.958947220021
0 | 3332.991201561482
0 | 3333.5766859692053
0 | 3334.6168967227245
0 | 3334.6524211369983
0 | 3334.675578876628
0 | 3334.7017830208256
0 | 3335.1372055717165
0 | 3336.263554963988
0 | 3337.2210390377195
0 | 3352.856061087349
0 | 3353.2618587494253
0 | 3353.6114215958387
0 | 3353.7679499690394
0 | 3385.709638787003
0 | 3385.72308396676
0 | 3385.7241735354078
0 | 3385.7246046744
0 | 3385.731408420085
0 | 3385.734116841269
0 | 3385.7431391904274
0 | 3385.7481957774003
0 | 3385.800197849589
0 | 3385.811946270503
0 | 3385.8175400769624
0 | 3385.823572675246
0 | 3385.835558645313
0 | 3385.8373385266045
0 | 3385.852518497654
0 | 3385.893016411482
0 | 3385.9900039107397
0 | 3386.014652153161
0 | 3386.0666756931837
0 | 3386.1020331770237
0 | 3386.1085717908268
0 | 3387.719074483449
0 | 3387.7275711711363
0 | 3387.739248483496
0 | 3387.768095280112
0 | 3387.8926093967557
0 | 3387.911305373787
0 | 3415.066068639293
0 | 3415.1536106627846
0 | 3415.165727575918
0 | 3415.1905601474423
0 | 3415.2017211879347
0 | 3415.223154128155
0 | 3415.229350321332
0 | 3415.5167423425078
0 | 3415.5423068889836
0 | 3415.553245649176
0 | 3415.573587449138
0 | 3415.9286816001922
0 | 3415.9413783513546
0 | 3415.942558797695
0 | 3415.960176059564
0 | 3416.0321365681793
0 | 3416.0434156210317
0 | 3416.0681564997926
0 | 3416.105100558642
0 | 3471.96573891834
0 | 3609.668020046353
0 | 3650.5202255322247
0 | 3710.1721451142653
0 | 3946.3757421765226
0 | 3947.7773052852663
0 | 3988.7365440835056
0 | 3997.5822047329793
0 | 3997.590671071093
0 | 4354.448848724537
0 | 4360.579327995329
0 | 4378.174151810154
0 | 4436.060330224873
0 | 4437.87437992935
0 | 4438.34993348999
0 | 4453.587126978838
0 | 4455.917223253936
0 | 4463.581614906861
0 | 4512.382647933597
0 | 4515.00250796719
0 | 4515.269351181265
0 | 4573.559844527385
0 | 4575.484635897467
0 | 4600.625925103848
0 | 4659.516927013244
0 | 8749.441441742867
0 | 8749.44501869695
0 | 8749.445291579696
0 | 8749.449765185265
0 | 8749.450935831348
0 | 8749.454159026303
0 | 8749.454576326496
0 | 8749.454678255219
0 | 8749.457391568698
0 | 8749.459977004193
0 | 8749.461474475695
0 | 8749.466662960715
0 | 8749.47038679325
0 | 8749.473671135987
0 | 8749.478167904035
0 | 8749.478487907501
0 | 8749.48744438658
0 | 8749.490567624343
0 | 8749.494954876503
0 | 8749.506117404224
0 | 8749.520882149825
0 | 8749.547234996153
0 | 8749.60671087504
0 | 8749.608120267942
0 | 8749.624176595687
0 | 8749.624690518429
0 | 8749.633850139877
0 | 8749.640029595577
0 | 8749.64792394198
0 | 8749.649985233356
0 | 8749.660156429109
0 | 8749.660213523295
0 | 8749.761478746197
0 | 8749.762930779722
0 | 8749.762990852656
0 | 8749.763442474377
0 | 8749.766935961234
0 | 8749.782048257775
0 | 8749.782057163193
0 | 8749.789590066363
0 | 8749.79109879152
0 | 8749.792665885188
0 | 8749.796203220589
0 | 8749.81869500514
0 | 8749.829827620104
0 | 8749.83220421005
0 | 8749.832639129501
0 | 8749.838653052388
0 | 8749.914355320256
0 | 8750.497828624159
0 | 8751.56959003488
0 | 8751.610969008789
0 | 8751.637688654911
0 | 8751.64286844788
0 | 8751.686974157643
0 | 10274.069752469137
0 | 11769.825892934175
0 | 18375.963282266363
0 | 22196.28955208426
0 | 22285.949790132847
0 | 36921.10023551074
0 | 36943.65371384456
0 | 47674.471965809746
0 | 56417.577328180785
0 | 56417.92454081308
0 | 56417.96355656256
0 | 62549.15106722612
0 | 78839.97759194963
0 | 93180.71166500561
0 | 125084.69269695519
0 | 217298.4283404898
0 | 305275.6947815068
0 | 307284.8409003087
0 | 348523.676093994
0 | 348611.5617914948
0 | 369857.9783995125
0 | 375373.4463225267
0 | 465210.7990909485
0 | 530519.6786183878
0 | 633324.3605668236
0 | 634787.4283067561
0 | 634787.8609758819
0 | 634787.8756685965
0 | 634787.8997214542
0 | 634787.9095175395
0 | 634787.9240055822
0 | 634788.2042042587
0 | 634788.2044987862
0 | 634788.2095040063
0 | 634788.6770638638
0 | 634788.7462554398
0 | 634788.7530718971
0 | 634788.7942920786
0 | 634788.9337727753
0 | 637480.7183305698
0 | 637492.7499819354
0 | 789966.2189176138
0 | 865767.2798208109
0 | 1120023.1408086685
0 | 1171720.4410710088
0 | 1399494.7705539716
0 | 1794453.030938214
0 | 1965473.9893063093
0 | 2290556.9514514254
0 | 3387362.744877391
0 | 3593730.005533596
0 | 33105619.667676385
0 | 53640773.60758579
0 | 69188852.1477392
0 | 77688747.85869479
0 | 92074127.35663462
0 | 103389292.74805297
0 | 104181844.32540984
0 | 155879554.3508355
0 | 156437255.36594495
0 | 195872867.25213766
0 | 200678793.84562144
0 | 244435382.74271625
0 | 259814026.13601828
0 | 264809533.58046362
0 | 265495546.79835793
0 | 584825702.8085629
0 | 590848610.7926561
0 | 836415967.0241226
0 | 940857327.8755611
0 | 1039487930.6685325
0 | 1174039186.4752758
0 | 1436160643.0364718
0 | 1449836218.9539254
0 | 1450925897.6093926
0 | 1496187916.3995125
1 | 0.1522430699017692
1 | 0.16120640324797947
1 | 0.16362153948722585
1 | 0.16703347744504218
1 | 0.16786802068309864
1 | 0.16957645367452523
1 | 0.1699431851956695
1 | 0.17128727853898926
1 | 0.17186885047234637
1 | 0.1737891986042893
1 | 0.17499348618155727
1 | 0.17570077582990642
1 | 0.17903331036291845
1 | 0.1798558817361813
1 | 0.17995573971208664
1 | 0.1804744225917967
1 | 0.18179584452995864
1 | 0.18847396323737745
1 | 0.18847542520734487
1 | 0.18979318250390015
1 | 0.18987401752669378
1 | 0.19104447117759069
1 | 0.1912794828209953
1 | 0.19417186523061908
1 | 0.19697654902161346
1 | 0.19726124021771457
1 | 0.19729695235296116
1 | 0.19759112042965218
1 | 0.19806399689105697
1 | 0.20075700409539596
1 | 0.202535394223529
1 | 0.2040056231156168
1 | 0.206856649817493
1 | 0.207619525095557
1 | 0.2095581091690703
1 | 0.2100072207739643
1 | 0.21132068137713797
1 | 0.21596007400975842
1 | 0.216122156664547
1 | 0.21912666193685798
1 | 0.22108428315653592
1 | 0.22301748338901878
1 | 0.22323180202652848
1 | 0.22362157994600623
1 | 0.22463278890697175
1 | 0.22903219603763098
1 | 0.23374116185922694
1 | 0.23842635197312587
1 | 0.24320637355924052
1 | 0.24519169933258758
1 | 0.2470726562439496
1 | 0.24844488798037212
1 | 0.25467460926863317
1 | 0.25584597954098154
1 | 0.25664668057181994
1 | 0.25683198950398345
1 | 0.25953186931705025
1 | 0.26263547284369904
1 | 0.2626997477234026
1 | 0.2643796334320602
1 | 0.2647431317103292
1 | 0.26606580871675495
1 | 0.2665984290003765
1 | 0.2725846470268142
1 | 0.2726440670172189
1 | 0.27362906723504477
1 | 0.2743018825377367
1 | 0.2755243190976788
1 | 0.2778144992149766
1 | 0.27926593189755816
1 | 0.281415810233008
1 | 0.28154984086279355
1 | 0.2829418332585016
1 | 0.283307694076275
1 | 0.28508243221369367
1 | 0.2875492199026738
1 | 0.2877839033326332
1 | 0.2898133982204462
1 | 0.2899849765859829
1 | 0.29137121239721897
1 | 0.2935560881388146
1 | 0.2936884147440824
1 | 0.294510045827598
1 | 0.29470209495172744
1 | 0.29709837019173374
1 | 0.2995984814797351
1 | 0.3008555483516557
1 | 0.3025266918611718
1 | 0.3052950071001828
1 | 0.30593438205078183
1 | 0.3072946404539045
1 | 0.307311257250287
1 | 0.3082183401429122
1 | 0.3089079483050051
1 | 0.3089290617943455
1 | 0.30922272941047046
1 | 0.31008870187839144
1 | 0.3114933031976148
1 | 0.3124000932731615
1 | 0.312886527763081
1 | 0.3129238527037399
1 | 0.31301901441923635
1 | 0.31674458521017035
1 | 0.3242485570177279
1 | 0.32701233322998335
1 | 0.3303754594537972
1 | 0.3320347729036369
1 | 0.335323375497491
1 | 0.3361158443644735
1 | 0.3367334868811886
1 | 0.3390747257416972
1 | 0.3394201088060218
1 | 0.34140449264034733
1 | 0.3428018023571331
1 | 0.3443629148725921
1 | 0.34450742570979215
1 | 0.34453020492787617
1 | 0.3455151742813891
1 | 0.3458781712225429
1 | 0.34857848392257224
1 | 0.35105426927598793
1 | 0.3514952999734563
1 | 0.35335327034177066
1 | 0.3541993581072712
1 | 0.3547180243900834
1 | 0.3566577437083219
1 | 0.3571235251486022
1 | 0.3582228219680895
1 | 0.3604539432658032
1 | 0.3641018145479562
1 | 0.3656034252428849
1 | 0.3738773991886052
1 | 0.37592608308153386
1 | 0.3785554967539627
1 | 0.3786841634183107
1 | 0.3791418568443238
1 | 0.37930044419660763
1 | 0.380747765080645
1 | 0.38189875137234314
1 | 0.3832527328952264
1 | 0.38448233537520693
1 | 0.384921763420109
1 | 0.3865196559967418
1 | 0.38710984472152976
1 | 0.38946444514424405
1 | 0.3926631982062366
1 | 0.39281616747120307
1 | 0.3995720636090131
1 | 0.3996558538492946
1 | 0.40122773433611014
1 | 0.40478478013756525
1 | 0.40503338813152945
1 | 0.405361060659494
1 | 0.40838341243183934
1 | 0.4101260680743478
1 | 0.41042749331620293
1 | 0.4104281051610499
1 | 0.4110605026676655
1 | 0.4133197516911776
1 | 0.4136418210303666
1 | 0.41396876291137524
1 | 0.4143325681200945
1 | 0.4150182190942283
1 | 0.41577186389180704
1 | 0.416966311192842
1 | 0.4172762652686235
1 | 0.41753013799122607
1 | 0.41918670163079563
1 | 0.4194085573045065
1 | 0.4207026939742737
1 | 0.4224782603924703
1 | 0.42381707040761635
1 | 0.4242414685386389
1 | 0.4263463982250866
1 | 0.42688305622282974
1 | 0.4275700701104807
1 | 0.4285679225005363
1 | 0.42980812687369363
1 | 0.4309086559760527
1 | 0.4330350836683309
1 | 0.43393033300391914
1 | 0.43426077581949746
1 | 0.43503175583622866
1 | 0.43659769487827527
1 | 0.43666635792831465
1 | 0.43705331060398417
1 | 0.437402560901162
1 | 0.4375394642974802
1 | 0.43760598951453666
1 | 0.44242255133512204
1 | 0.4425209326252744
1 | 0.4438329172507512
1 | 0.44436391356508315
1 | 0.44472933506484513
1 | 0.4450526986532012
1 | 0.447290231944139
1 | 0.4506713188135674
1 | 0.4528567446600037
1 | 0.45285813591982454
1 | 0.45295203988966964
1 | 0.4530467657310874
1 | 0.45484375816384576
1 | 0.4580468159225993
1 | 0.460379829970025
1 | 0.4621068043471464
1 | 0.4644451817876247
1 | 0.46467469438874126
1 | 0.4660494561644327
1 | 0.4665581976375433
1 | 0.4686965424211216
1 | 0.46996639411081825
1 | 0.470906376306588
1 | 0.47281292375358397
1 | 0.4729621703647486
1 | 0.4730622955695882
1 | 0.47629824571635815
1 | 0.47643363132647193
1 | 0.47648022553092667
1 | 0.4772810515619991
1 | 0.4808977057429823
1 | 0.4817042656863532
1 | 0.4821410196745908
1 | 0.4824284911114051
1 | 0.4831608168935956
1 | 0.48324517390544935
1 | 0.48337965488121554
1 | 0.4870561709253746
1 | 0.4885823824846598
1 | 0.4893213647085279
1 | 0.491276844457631
1 | 0.49176935781533376
1 | 0.49433614901569717
1 | 0.4969850372305164
1 | 0.4993996662089002
1 | 0.5013515059421579
1 | 0.5037231660395218
1 | 0.5044943394086068
1 | 0.5075764395426955
1 | 0.5082902529522719
1 | 0.5096112495740296
1 | 0.5136553669768464
1 | 0.5141684384918578
1 | 0.5153148997438822
1 | 0.5162918946945316
1 | 0.5166675566943154
1 | 0.5178267598849021
1 | 0.5199228739108067
1 | 0.5207661649170935
1 | 0.5208210503270149
1 | 0.5231692623248753
1 | 0.5243746235684428
1 | 0.5307479676704195
1 | 0.5334754056986226
1 | 0.535327444672134
1 | 0.5358633020434057
1 | 0.5391683995568787
1 | 0.5409262255030741
1 | 0.5438031507252984
1 | 0.5439498231131222
1 | 0.5476267410041714
1 | 0.5501762614169138
1 | 0.5518028177569729
1 | 0.5557474423232881
1 | 0.5628257265210415
1 | 0.5628383024029154
1 | 0.5643737541632938
1 | 0.5645207860879186
1 | 0.5697247717184328
1 | 0.5725089758820965
1 | 0.5736115813574498
1 | 0.5743788919730201
1 | 0.5763625923325927
1 | 0.578159676965502
1 | 0.5789637547423488
1 | 0.5795123406563266
1 | 0.5806550691700878
1 | 0.5835146562262989
1 | 0.5861382684807581
1 | 0.5881084313879068
1 | 0.5903500278527071
1 | 0.5919448122296855
1 | 0.5943328803784634
1 | 0.5947620640133024
1 | 0.5958390382145072
1 | 0.5965692856130833
1 | 0.6019753966315294
1 | 0.603731973417997
1 | 0.6039865897862312
1 | 0.6042701184616713
1 | 0.6048050849209905
1 | 0.6051400652919317
1 | 0.6060876567833088
1 | 0.6119653200119723
1 | 0.6137791308837767
1 | 0.6147051060334833
1 | 0.6165215996320104
1 | 0.6228380617662916
1 | 0.6236109710615676
1 | 0.6267512777996693
1 | 0.6279584903091401
1 | 0.6328903582561198
1 | 0.6336847241596849
1 | 0.6340569355858778
1 | 0.6341111780761857
1 | 0.6374481007382338
1 | 0.6383132973072606
1 | 0.6404354895338316
1 | 0.6407758535393957
1 | 0.6423753797623912
1 | 0.643639155331193
1 | 0.6492133690273777
1 | 0.6530027739703936
1 | 0.6537020386852337
1 | 0.6538416292561985
1 | 0.656158068576939
1 | 0.6595053324731993
1 | 0.6604514547267936
1 | 0.6644856869758534
1 | 0.6658693939467962
1 | 0.6664713350924532
1 | 0.6685063365970744
1 | 0.671212486111891
1 | 0.6719284767147174
1 | 0.6764224551757829
1 | 0.6774959248232469
1 | 0.6784438853925138
1 | 0.6791910228834944
1 | 0.6798829779531264
1 | 0.6902063364747208
1 | 0.695133828132241
1 | 0.6953381322379929
1 | 0.6967949089997967
1 | 0.6992576444638919
1 | 0.70142839532548
1 | 0.7027967832544558
1 | 0.706345481164068
1 | 0.7131585567162695
1 | 0.7156321793199996
1 | 0.7180073673857819
1 | 0.7222784413439175
1 | 0.7263793101460735
1 | 0.7304582264159126
1 | 0.7332688930398612
1 | 0.7401124232668315
1 | 0.7425981525512706
1 | 0.744887573688158
1 | 0.7468701112919954
1 | 0.7471141567370649
1 | 0.7486418777907821
1 | 0.7491984709348485
1 | 0.7501172978179297
1 | 0.750371310390836
1 | 0.7613110933985371
1 | 0.7638740659828638
1 | 0.7716986534667915
1 | 0.7756500139359264
1 | 0.7761956251716455
1 | 0.7825254803315634
1 | 0.7855730350669055
1 | 0.7860005457185022
1 | 0.7862460750170953
1 | 0.7863124294562825
1 | 0.7951850936391001
1 | 0.7997106355095813
1 | 0.8005718232033867
1 | 0.8037845695684844
1 | 0.8048444903165379
1 | 0.8049953424951528
1 | 0.807149352639102
1 | 0.8074366992084151
1 | 0.8094177791162663
1 | 0.8105184564931895
1 | 0.8107845266247307
1 | 0.8302245699645926
1 | 0.8330522938243433
1 | 0.8370444504353504
1 | 0.8387750495238268
1 | 0.8395998134739304
1 | 0.8408112774103014
1 | 0.8424779857823738
1 | 0.8430474853777209
1 | 0.8491771203484025
1 | 0.8495484814132648
1 | 0.8501916369303596
1 | 0.8507232098680884
1 | 0.8567509694855081
1 | 0.8593978050463229
1 | 0.860146001774552
1 | 0.8604845589531476
1 | 0.8628128780361702
1 | 0.8632577788824303
1 | 0.8649855784878605
1 | 0.8663939532152677
1 | 0.8740538388168064
1 | 0.8767999115863977
1 | 0.8808578904854306
1 | 0.8829064220370423
1 | 0.8845085663237895
1 | 0.8858519861150995
1 | 0.8866149744986477
1 | 0.887324027252817
1 | 0.8934011773465297
1 | 0.9005640821514894
1 | 0.9165751076248188
1 | 0.9224966686319481
1 | 0.9318480071283259
1 | 0.9329092669212123
1 | 0.944872109517978
1 | 0.9497496809800197
1 | 0.9911690934177383
1 | 0.9961037655516862
1 | 1.0075369733495465
1 | 1.0188579801908328
1 | 1.0330668754312282
1 | 1.0342750124995617
1 | 1.0398193399723101
1 | 1.041719228410056
1 | 1.0455933494188459
1 | 1.0464814021992956
1 | 1.0496056581373105
1 | 1.0574448067311664
1 | 1.0599898479622287
1 | 1.0682741295615976
1 | 1.073087000357185
1 | 1.073602992103354
1 | 1.0888880851731961
1 | 1.095147071441022
1 | 1.098517661795409
1 | 1.1071969481602628
1 | 1.128068502901752
1 | 1.132442642514953
1 | 1.143061163980028
1 | 1.1540267214611422
1 | 1.1542701753803806
1 | 1.1568755759196365
1 | 1.1671634246441123
1 | 1.1720402457377193
1 | 1.1740703990924153
1 | 1.202895188564518
1 | 1.2033891489693922
1 | 1.2087141794826175
1 | 1.2098441277612422
1 | 1.2207777933788087
1 | 1.2348799244839332
1 | 1.238245239952755
1 | 1.2397816261930648
1 | 1.378251622044188
1 | 1.508658096532421
1 | 1.5186924770323784
1 | 1.526152857010499
1 | 1.530527984168736
1 | 1.535966595853002
1 | 1.5407277211099024
1 | 1.5500711633412732
1 | 1.5781376885801202
1 | 1.5802541741474925
1 | 1.710296112878371
1 | 1.7103243214942727
1 | 1.7108594508048438
1 | 1.744585907632678
1 | 1.7747393367427227
1 | 1.7982750071089801
1 | 1.9058895791631754
1 | 1.908428137817187
1 | 1.9334001301947505
1 | 2.240506121172367
1 | 2.4436066839326696
1 | 3.517124372942446
1 | 3.5591646917152397
1 | 3.861706375574819
1 | 4.282597684456087
1 | 4.310268922432593
1 | 4.408734515348303
1 | 4.755358005451398
1 | 6.063895491932031
1 | 6.0672737851477345
1 | 8.010479660001517
[[2.63374926e-09]
 [2.80079501e-09]
 [2.81018543e-09]
 [2.81156718e-09]
 [2.82935222e-09]
 [2.83465227e-09]
 [2.83770617e-09]
 [2.84309558e-09]
 [2.84855450e-09]
 [2.84897086e-09]
 [2.84917469e-09]
 [2.84970668e-09]
 [2.85017755e-09]
 [2.85055699e-09]
 [2.85057856e-09]
 [2.85302982e-09]
 [2.85660227e-09]
 [2.85740966e-09]
 [2.85921642e-09]
 [2.86297712e-09]
 [2.86559020e-09]
 [2.87360514e-09]
 [2.87387437e-09]
 [2.87469466e-09]
 [2.87901862e-09]
 [2.88386671e-09]
 [2.89385529e-09]
 [2.89466610e-09]
 [2.90236138e-09]
 [2.91065191e-09]
 [2.91917059e-09]
 [2.92432386e-09]
 [2.93214807e-09]
 [2.97888131e-09]
 [2.99415020e-09]
 [3.00126392e-09]
 [3.04425161e-09]
 [3.05783739e-09]
 [3.06370728e-09]
 [3.06522002e-09]
 [3.06769157e-09]
 [3.07021788e-09]
 [3.07275533e-09]
 [3.07326335e-09]
 [3.07391984e-09]
 [3.07409417e-09]
 [3.07499993e-09]
 [3.07908554e-09]
 [3.07930384e-09]
 [3.08070970e-09]
 [3.08177912e-09]
 [3.08483271e-09]
 [3.09196173e-09]
 [3.09364714e-09]
 [3.09610314e-09]
 [3.10288976e-09]
 [3.11197510e-09]
 [3.11547233e-09]
 [3.13472402e-09]
 [3.13758168e-09]
 [3.13958524e-09]
 [3.14468348e-09]
 [3.14715723e-09]
 [3.18657460e-09]
 [3.36947437e-09]
 [3.47493236e-09]
 [3.62705746e-09]
 [3.80366494e-09]
 [3.81706870e-09]
 [3.83056718e-09]
 [3.86488589e-09]
 [3.90990912e-09]
 [3.94243239e-09]
 [3.95107070e-09]
 [3.96092269e-09]
 [4.02722816e-09]
 [4.11109320e-09]
 [4.11585618e-09]
 [4.12885856e-09]
 [4.14219896e-09]
 [4.22370428e-09]
 [4.60172024e-09]
 [5.31316812e-09]
 [5.59069624e-09]
 [5.74319108e-09]
 [5.76407077e-09]
 [1.35530685e-08]
 [1.61717775e-08]
 [1.70338376e-08]
 [1.90581975e-08]
 [2.21127970e-08]
 [2.56186665e-08]
 [2.79898532e-08]
 [2.79916583e-08]
 [2.79916650e-08]
 [2.97908873e-08]
 [3.04769643e-08]
 [3.38057322e-08]
 [3.63413004e-08]
 [4.23453145e-08]
 [4.40904476e-08]
 [5.35694167e-08]
 [5.92008870e-08]
 [5.92035606e-08]
 [5.92526848e-08]
 [6.14299601e-08]
 [6.23709360e-08]
 [6.28475826e-08]
 [6.51915813e-08]
 [6.51942338e-08]
 [6.51947655e-08]
 [6.93456707e-08]
 [7.26207792e-08]
 [7.28715731e-08]
 [7.30638137e-08]
 [7.37998098e-08]
 [9.26001611e-08]
 [9.29022173e-08]
 [9.30017928e-08]
 [9.45820480e-08]
 [1.67737698e-07]
 [9.02653298e-07]
 [9.02661043e-07]
 [9.02661804e-07]
 [9.02664373e-07]
 [9.02676946e-07]
 [9.02688305e-07]
 [9.02689117e-07]
 [9.02691018e-07]
 [9.02693911e-07]
 [9.02695034e-07]
 [9.02696115e-07]
 [9.02705370e-07]
 [9.02705488e-07]
 [9.02708188e-07]
 [9.02712309e-07]
 [9.02715396e-07]
 [9.02716778e-07]
 [9.02719543e-07]
 [9.02724156e-07]
 [9.02733179e-07]
 [9.02819763e-07]
 [9.02820309e-07]
 [9.02831568e-07]
 [9.02832473e-07]
 [9.02833483e-07]
 [9.02837304e-07]
 [9.02837653e-07]
 [9.02843302e-07]
 [9.02849626e-07]
 [9.02850750e-07]
 [9.02853957e-07]
 [9.02862104e-07]
 [9.02865480e-07]
 [9.02866964e-07]
 [9.02871078e-07]
 [9.02871748e-07]
 [9.02879560e-07]
 [9.02880223e-07]
 [9.02882665e-07]
 [9.02882859e-07]
 [9.02886429e-07]
 [9.02895643e-07]
 [9.02915568e-07]
 [9.02943965e-07]
 [9.02994707e-07]
 [9.04132046e-07]
 [9.04155293e-07]
 [9.04170440e-07]
 [9.04192001e-07]
 [9.04220905e-07]
 [9.07783796e-07]
 [9.08229945e-07]
 [9.08235730e-07]
 [9.08235826e-07]
 [9.08254089e-07]
 [9.08264772e-07]
 [9.08272689e-07]
 [9.08276394e-07]
 [9.08288335e-07]
 [9.08429523e-07]
 [9.08451381e-07]
 [9.08476209e-07]
 [9.08478784e-07]
 [9.08480329e-07]
 [9.08493375e-07]
 [9.08494027e-07]
 [9.08495823e-07]
 [9.08498599e-07]
 [9.08506343e-07]
 [9.08516108e-07]
 [9.08552570e-07]
 [9.08732857e-07]
 [9.08747021e-07]
 [9.08772824e-07]
 [9.08781566e-07]
 [9.08814910e-07]
 [9.08825364e-07]
 [9.08871769e-07]
 [9.08872377e-07]
 [2.22720728e-06]
 [2.22720843e-06]
 [2.22720906e-06]
 [2.22721072e-06]
 [2.22722040e-06]
 [2.22723440e-06]
 [2.22723790e-06]
 [2.22724384e-06]
 [2.22724591e-06]
 [2.22724782e-06]
 [2.22725179e-06]
 [2.22725580e-06]
 [2.22725644e-06]
 [2.22725802e-06]
 [2.22725841e-06]
 [2.22725855e-06]
 [2.22726119e-06]
 [2.22726276e-06]
 [2.22726589e-06]
 [2.22726854e-06]
 [2.22727148e-06]
 [2.22727236e-06]
 [2.22727258e-06]
 [2.22727512e-06]
 [2.22727619e-06]
 [2.22728251e-06]
 [2.22728396e-06]
 [2.22729040e-06]
 [2.22729118e-06]
 [2.22729136e-06]
 [2.22729233e-06]
 [2.22729489e-06]
 [2.22729661e-06]
 [2.22729755e-06]
 [2.22731380e-06]
 [2.22731598e-06]
 [2.22731801e-06]
 [2.22731984e-06]
 [2.22732316e-06]
 [2.22732883e-06]
 [2.22733542e-06]
 [2.22733739e-06]
 [2.22734934e-06]
 [2.22735542e-06]
 [2.22736004e-06]
 [2.22736368e-06]
 [2.22736372e-06]
 [2.22736664e-06]
 [2.22736895e-06]
 [2.22737038e-06]
 [2.22737157e-06]
 [2.22737817e-06]
 [2.22737951e-06]
 [2.22738054e-06]
 [2.22738219e-06]
 [2.22738654e-06]
 [2.22738815e-06]
 [2.22746902e-06]
 [2.22746905e-06]
 [2.22750606e-06]
 [2.22753047e-06]
 [2.22753216e-06]
 [2.22755372e-06]
 [2.22794504e-06]
 [2.22864028e-06]
 [2.22866402e-06]
 [2.22867950e-06]
 [2.22869701e-06]
 [2.22898803e-06]
 [2.22974085e-06]
 [2.23038080e-06]
 [2.24083070e-06]
 [2.24110192e-06]
 [2.24133556e-06]
 [2.24144018e-06]
 [2.26278889e-06]
 [2.26279788e-06]
 [2.26279861e-06]
 [2.26279889e-06]
 [2.26280344e-06]
 [2.26280525e-06]
 [2.26281128e-06]
 [2.26281466e-06]
 [2.26284942e-06]
 [2.26285727e-06]
 [2.26286101e-06]
 [2.26286504e-06]
 [2.26287305e-06]
 [2.26287424e-06]
 [2.26288439e-06]
 [2.26291145e-06]
 [2.26297628e-06]
 [2.26299275e-06]
 [2.26302752e-06]
 [2.26305115e-06]
 [2.26305552e-06]
 [2.26413193e-06]
 [2.26413761e-06]
 [2.26414541e-06]
 [2.26416469e-06]
 [2.26424791e-06]
 [2.26426041e-06]
 [2.28240971e-06]
 [2.28246822e-06]
 [2.28247632e-06]
 [2.28249291e-06]
 [2.28250037e-06]
 [2.28251470e-06]
 [2.28251884e-06]
 [2.28271092e-06]
 [2.28272801e-06]
 [2.28273532e-06]
 [2.28274892e-06]
 [2.28298625e-06]
 [2.28299473e-06]
 [2.28299552e-06]
 [2.28300730e-06]
 [2.28305539e-06]
 [2.28306293e-06]
 [2.28307947e-06]
 [2.28310416e-06]
 [2.32043947e-06]
 [2.41247489e-06]
 [2.43977908e-06]
 [2.47964835e-06]
 [2.63751863e-06]
 [2.63845538e-06]
 [2.66583111e-06]
 [2.67174325e-06]
 [2.67174891e-06]
 [2.91026051e-06]
 [2.91435791e-06]
 [2.92611768e-06]
 [2.96480679e-06]
 [2.96601923e-06]
 [2.96633708e-06]
 [2.97652109e-06]
 [2.97807844e-06]
 [2.98320106e-06]
 [3.01581797e-06]
 [3.01756899e-06]
 [3.01774734e-06]
 [3.05670668e-06]
 [3.05799315e-06]
 [3.07479671e-06]
 [3.11415741e-06]
 [5.84772080e-06]
 [5.84772319e-06]
 [5.84772337e-06]
 [5.84772636e-06]
 [5.84772715e-06]
 [5.84772930e-06]
 [5.84772958e-06]
 [5.84772965e-06]
 [5.84773146e-06]
 [5.84773319e-06]
 [5.84773419e-06]
 [5.84773766e-06]
 [5.84774015e-06]
 [5.84774234e-06]
 [5.84774535e-06]
 [5.84774556e-06]
 [5.84775155e-06]
 [5.84775363e-06]
 [5.84775657e-06]
 [5.84776403e-06]
 [5.84777390e-06]
 [5.84779151e-06]
 [5.84783126e-06]
 [5.84783220e-06]
 [5.84784293e-06]
 [5.84784328e-06]
 [5.84784940e-06]
 [5.84785353e-06]
 [5.84785881e-06]
 [5.84786018e-06]
 [5.84786698e-06]
 [5.84786702e-06]
 [5.84793470e-06]
 [5.84793567e-06]
 [5.84793571e-06]
 [5.84793601e-06]
 [5.84793835e-06]
 [5.84794845e-06]
 [5.84794846e-06]
 [5.84795349e-06]
 [5.84795450e-06]
 [5.84795555e-06]
 [5.84795791e-06]
 [5.84797294e-06]
 [5.84798038e-06]
 [5.84798197e-06]
 [5.84798226e-06]
 [5.84798628e-06]
 [5.84803688e-06]
 [5.84842685e-06]
 [5.84914318e-06]
 [5.84917084e-06]
 [5.84918870e-06]
 [5.84919216e-06]
 [5.84922164e-06]
 [6.86672937e-06]
 [7.86644079e-06]
 [1.22817534e-05]
 [1.48351267e-05]
 [1.48950525e-05]
 [2.46766784e-05]
 [2.46917523e-05]
 [3.18638583e-05]
 [3.77074460e-05]
 [3.77076781e-05]
 [3.77077042e-05]
 [4.18055768e-05]
 [5.26937990e-05]
 [6.22786472e-05]
 [8.36021593e-05]
 [1.45234615e-04]
 [2.04035562e-04]
 [2.05378406e-04]
 [2.32941010e-04]
 [2.32999749e-04]
 [2.47200116e-04]
 [2.50886463e-04]
 [3.10930627e-04]
 [3.54580812e-04]
 [4.23291888e-04]
 [4.24269752e-04]
 [4.24270041e-04]
 [4.24270051e-04]
 [4.24270067e-04]
 [4.24270074e-04]
 [4.24270083e-04]
 [4.24270271e-04]
 [4.24270271e-04]
 [4.24270274e-04]
 [4.24270587e-04]
 [4.24270633e-04]
 [4.24270637e-04]
 [4.24270665e-04]
 [4.24270758e-04]
 [4.26069853e-04]
 [4.26077895e-04]
 [5.27985862e-04]
 [5.78648656e-04]
 [7.48584437e-04]
 [7.83137115e-04]
 [9.35373560e-04]
 [1.19934993e-03]
 [1.31365440e-03]
 [1.53092855e-03]
 [2.26399542e-03]
 [2.40192413e-03]
 [2.21266454e-02]
 [3.58516286e-02]
 [4.62434239e-02]
 [5.19244587e-02]
 [6.15391464e-02]
 [6.91018097e-02]
 [6.96315236e-02]
 [1.04184476e-01]
 [1.04557224e-01]
 [1.30914616e-01]
 [1.34126731e-01]
 [1.63372114e-01]
 [1.73650665e-01]
 [1.76989488e-01]
 [1.77447996e-01]
 [3.90877173e-01]
 [3.94902675e-01]
 [5.59031361e-01]
 [6.28836336e-01]
 [6.94757603e-01]
 [7.84686986e-01]
 [9.59879857e-01]
 [9.69020136e-01]
 [9.69748440e-01]
 [1.00000000e+00]
 [0.00000000e+00]
 [5.99078047e-12]
 [7.60497359e-12]
 [9.88539433e-12]
 [1.04431740e-11]
 [1.15850313e-11]
 [1.18301419e-11]
 [1.27284871e-11]
 [1.31171896e-11]
 [1.44006835e-11]
 [1.52055875e-11]
 [1.56783153e-11]
 [1.79056656e-11]
 [1.84554437e-11]
 [1.85221853e-11]
 [1.88688549e-11]
 [1.97520474e-11]
 [2.42154698e-11]
 [2.42164470e-11]
 [2.50971901e-11]
 [2.51512174e-11]
 [2.59335080e-11]
 [2.60905816e-11]
 [2.80237495e-11]
 [2.98983026e-11]
 [3.00885803e-11]
 [3.01124491e-11]
 [3.03090608e-11]
 [3.06251150e-11]
 [3.24250274e-11]
 [3.36136416e-11]
 [3.45962914e-11]
 [3.65018186e-11]
 [3.70116979e-11]
 [3.83073801e-11]
 [3.86075507e-11]
 [3.94854221e-11]
 [4.25862309e-11]
 [4.26945613e-11]
 [4.47026682e-11]
 [4.60110742e-11]
 [4.73031581e-11]
 [4.74464012e-11]
 [4.77069152e-11]
 [4.83827721e-11]
 [5.13231829e-11]
 [5.44704920e-11]
 [5.76019103e-11]
 [6.07967105e-11]
 [6.21236333e-11]
 [6.33807995e-11]
 [6.42979515e-11]
 [6.84616807e-11]
 [6.92445839e-11]
 [6.97797446e-11]
 [6.99035986e-11]
 [7.17081045e-11]
 [7.37824452e-11]
 [7.38254043e-11]
 [7.49481815e-11]
 [7.51911311e-11]
 [7.60751625e-11]
 [7.64311474e-11]
 [8.04321274e-11]
 [8.04718417e-11]
 [8.11301816e-11]
 [8.15798680e-11]
 [8.23969021e-11]
 [8.39275788e-11]
 [8.48976660e-11]
 [8.63345700e-11]
 [8.64241514e-11]
 [8.73545107e-11]
 [8.75990394e-11]
 [8.87852127e-11]
 [9.04339278e-11]
 [9.05907821e-11]
 [9.19472259e-11]
 [9.20619029e-11]
 [9.29884147e-11]
 [9.44487098e-11]
 [9.45371523e-11]
 [9.50863019e-11]
 [9.52146609e-11]
 [9.68162480e-11]
 [9.84872354e-11]
 [9.93274153e-11]
 [1.00444349e-10]
 [1.02294595e-10]
 [1.02721931e-10]
 [1.03631081e-10]
 [1.03642187e-10]
 [1.04248449e-10]
 [1.04709360e-10]
 [1.04723471e-10]
 [1.04919748e-10]
 [1.05498534e-10]
 [1.06437321e-10]
 [1.07043388e-10]
 [1.07368504e-10]
 [1.07393450e-10]
 [1.07457053e-10]
 [1.09947095e-10]
 [1.14962489e-10]
 [1.16809701e-10]
 [1.19057498e-10]
 [1.20166525e-10]
 [1.22364513e-10]
 [1.22894172e-10]
 [1.23306982e-10]
 [1.24871785e-10]
 [1.25102627e-10]
 [1.26428920e-10]
 [1.27362833e-10]
 [1.28406227e-10]
 [1.28502813e-10]
 [1.28518038e-10]
 [1.29176357e-10]
 [1.29418972e-10]
 [1.31223767e-10]
 [1.32878496e-10]
 [1.33173265e-10]
 [1.34415068e-10]
 [1.34980564e-10]
 [1.35327222e-10]
 [1.36623663e-10]
 [1.36934975e-10]
 [1.37669707e-10]
 [1.39160911e-10]
 [1.41599021e-10]
 [1.42602646e-10]
 [1.48132682e-10]
 [1.49501951e-10]
 [1.51259360e-10]
 [1.51345356e-10]
 [1.51651263e-10]
 [1.51757257e-10]
 [1.52724596e-10]
 [1.53493875e-10]
 [1.54398830e-10]
 [1.55220653e-10]
 [1.55514352e-10]
 [1.56582327e-10]
 [1.56976789e-10]
 [1.58550522e-10]
 [1.60688457e-10]
 [1.60790697e-10]
 [1.65306103e-10]
 [1.65362105e-10]
 [1.66412696e-10]
 [1.68790101e-10]
 [1.68956262e-10]
 [1.69175267e-10]
 [1.71195302e-10]
 [1.72360033e-10]
 [1.72561495e-10]
 [1.72561904e-10]
 [1.72984576e-10]
 [1.74494580e-10]
 [1.74709840e-10]
 [1.74928356e-10]
 [1.75171511e-10]
 [1.75629776e-10]
 [1.76133486e-10]
 [1.76931813e-10]
 [1.77138976e-10]
 [1.77308656e-10]
 [1.78415845e-10]
 [1.78564126e-10]
 [1.79429082e-10]
 [1.80615809e-10]
 [1.81510623e-10]
 [1.81794276e-10]
 [1.83201138e-10]
 [1.83559821e-10]
 [1.84018997e-10]
 [1.84685927e-10]
 [1.85514837e-10]
 [1.86250392e-10]
 [1.87671622e-10]
 [1.88269976e-10]
 [1.88490833e-10]
 [1.89006129e-10]
 [1.90052748e-10]
 [1.90098640e-10]
 [1.90357266e-10]
 [1.90590692e-10]
 [1.90682194e-10]
 [1.90726657e-10]
 [1.93945880e-10]
 [1.94011634e-10]
 [1.94888519e-10]
 [1.95243419e-10]
 [1.95487654e-10]
 [1.95703779e-10]
 [1.97199268e-10]
 [1.99459069e-10]
 [2.00919732e-10]
 [2.00920662e-10]
 [2.00983424e-10]
 [2.01046735e-10]
 [2.02247782e-10]
 [2.04388595e-10]
 [2.05947900e-10]
 [2.07102150e-10]
 [2.08665040e-10]
 [2.08818439e-10]
 [2.09737282e-10]
 [2.10077307e-10]
 [2.11506502e-10]
 [2.12355227e-10]
 [2.12983478e-10]
 [2.14257748e-10]
 [2.14357499e-10]
 [2.14424420e-10]
 [2.16587216e-10]
 [2.16677703e-10]
 [2.16708845e-10]
 [2.17244090e-10]
 [2.19661335e-10]
 [2.20200412e-10]
 [2.20492323e-10]
 [2.20684459e-10]
 [2.21173920e-10]
 [2.21230302e-10]
 [2.21320184e-10]
 [2.23777440e-10]
 [2.24797506e-10]
 [2.25291416e-10]
 [2.26598391e-10]
 [2.26927570e-10]
 [2.28643124e-10]
 [2.30413549e-10]
 [2.32027403e-10]
 [2.33331945e-10]
 [2.34917080e-10]
 [2.35432505e-10]
 [2.37492474e-10]
 [2.37969562e-10]
 [2.38852470e-10]
 [2.41555418e-10]
 [2.41898337e-10]
 [2.42664592e-10]
 [2.43317581e-10]
 [2.43568661e-10]
 [2.44343432e-10]
 [2.45744401e-10]
 [2.46308028e-10]
 [2.46344711e-10]
 [2.47914175e-10]
 [2.48719796e-10]
 [2.52979518e-10]
 [2.54802443e-10]
 [2.56040281e-10]
 [2.56398430e-10]
 [2.58607442e-10]
 [2.59782312e-10]
 [2.61705149e-10]
 [2.61803179e-10]
 [2.64260703e-10]
 [2.65964714e-10]
 [2.67051848e-10]
 [2.69688298e-10]
 [2.74419177e-10]
 [2.74427582e-10]
 [2.75453825e-10]
 [2.75552096e-10]
 [2.79030259e-10]
 [2.80891124e-10]
 [2.81628067e-10]
 [2.82140911e-10]
 [2.83466748e-10]
 [2.84667857e-10]
 [2.85205274e-10]
 [2.85571930e-10]
 [2.86335690e-10]
 [2.88246939e-10]
 [2.90000470e-10]
 [2.91317258e-10]
 [2.92815463e-10]
 [2.93881362e-10]
 [2.95477464e-10]
 [2.95764315e-10]
 [2.96484127e-10]
 [2.96972199e-10]
 [3.00585456e-10]
 [3.01759491e-10]
 [3.01929667e-10]
 [3.02119168e-10]
 [3.02476721e-10]
 [3.02700610e-10]
 [3.03333948e-10]
 [3.07262373e-10]
 [3.08474661e-10]
 [3.09093551e-10]
 [3.10307632e-10]
 [3.14529336e-10]
 [3.15045922e-10]
 [3.17144794e-10]
 [3.17951652e-10]
 [3.21247942e-10]
 [3.21778868e-10]
 [3.22027641e-10]
 [3.22063895e-10]
 [3.24294178e-10]
 [3.24872446e-10]
 [3.26290845e-10]
 [3.26518333e-10]
 [3.27587400e-10]
 [3.28432064e-10]
 [3.32157675e-10]
 [3.34690381e-10]
 [3.35157745e-10]
 [3.35251043e-10]
 [3.36799270e-10]
 [3.39036465e-10]
 [3.39668821e-10]
 [3.42365161e-10]
 [3.43289983e-10]
 [3.43692299e-10]
 [3.45052424e-10]
 [3.46861120e-10]
 [3.47339663e-10]
 [3.50343282e-10]
 [3.51060752e-10]
 [3.51694336e-10]
 [3.52193697e-10]
 [3.52656175e-10]
 [3.59555949e-10]
 [3.62849313e-10]
 [3.62985863e-10]
 [3.63959522e-10]
 [3.65605529e-10]
 [3.67056383e-10]
 [3.67970966e-10]
 [3.70342793e-10]
 [3.74896416e-10]
 [3.76549699e-10]
 [3.78137192e-10]
 [3.80991829e-10]
 [3.83732708e-10]
 [3.86458914e-10]
 [3.88337465e-10]
 [3.92911443e-10]
 [3.94572818e-10]
 [3.96102988e-10]
 [3.97428047e-10]
 [3.97591158e-10]
 [3.98612234e-10]
 [3.98984242e-10]
 [3.99598354e-10]
 [3.99768127e-10]
 [4.07079897e-10]
 [4.08792899e-10]
 [4.14022582e-10]
 [4.16663534e-10]
 [4.17028201e-10]
 [4.21258856e-10]
 [4.23295736e-10]
 [4.23581469e-10]
 [4.23745572e-10]
 [4.23789921e-10]
 [4.29720102e-10]
 [4.32744817e-10]
 [4.33320405e-10]
 [4.35467693e-10]
 [4.36176107e-10]
 [4.36276931e-10]
 [4.37716597e-10]
 [4.37908649e-10]
 [4.39232734e-10]
 [4.39968389e-10]
 [4.40146221e-10]
 [4.53139270e-10]
 [4.55029222e-10]
 [4.57697441e-10]
 [4.58854113e-10]
 [4.59405357e-10]
 [4.60215057e-10]
 [4.61329027e-10]
 [4.61709661e-10]
 [4.65806496e-10]
 [4.66054701e-10]
 [4.66484564e-10]
 [4.66839848e-10]
 [4.70868593e-10]
 [4.72637646e-10]
 [4.73137715e-10]
 [4.73363995e-10]
 [4.74920162e-10]
 [4.75217519e-10]
 [4.76372320e-10]
 [4.77313629e-10]
 [4.82433230e-10]
 [4.84268609e-10]
 [4.86980822e-10]
 [4.88349989e-10]
 [4.89420806e-10]
 [4.90318701e-10]
 [4.90828656e-10]
 [4.91302563e-10]
 [4.95364318e-10]
 [5.00151755e-10]
 [5.10852968e-10]
 [5.14810734e-10]
 [5.21060843e-10]
 [5.21770152e-10]
 [5.29765701e-10]
 [5.33025700e-10]
 [5.60708995e-10]
 [5.64007159e-10]
 [5.71648717e-10]
 [5.79215285e-10]
 [5.88712017e-10]
 [5.89519494e-10]
 [5.93225129e-10]
 [5.94494949e-10]
 [5.97084277e-10]
 [5.97677820e-10]
 [5.99765964e-10]
 [6.05005379e-10]
 [6.06706396e-10]
 [6.12243322e-10]
 [6.15460077e-10]
 [6.15804948e-10]
 [6.26020973e-10]
 [6.30204262e-10]
 [6.32457047e-10]
 [6.38257981e-10]
 [6.52207803e-10]
 [6.55131325e-10]
 [6.62228376e-10]
 [6.69557374e-10]
 [6.69720090e-10]
 [6.71461449e-10]
 [6.78337489e-10]
 [6.81596987e-10]
 [6.82953871e-10]
 [7.02219358e-10]
 [7.02549504e-10]
 [7.06108570e-10]
 [7.06863788e-10]
 [7.14171470e-10]
 [7.23596844e-10]
 [7.25846104e-10]
 [7.26872971e-10]
 [8.19421504e-10]
 [9.06580659e-10]
 [9.13287290e-10]
 [9.18273549e-10]
 [9.21197731e-10]
 [9.24832710e-10]
 [9.28014881e-10]
 [9.34259713e-10]
 [9.53018403e-10]
 [9.54432988e-10]
 [1.04134850e-09]
 [1.04136735e-09]
 [1.04172502e-09]
 [1.06426661e-09]
 [1.08442011e-09]
 [1.10015054e-09]
 [1.17207638e-09]
 [1.17377306e-09]
 [1.19046347e-09]
 [1.39572244e-09]
 [1.53146780e-09]
 [2.24896971e-09]
 [2.27706800e-09]
 [2.47927634e-09]
 [2.76058547e-09]
 [2.77907996e-09]
 [2.84489094e-09]
 [3.07656203e-09]
 [3.95114301e-09]
 [3.95340094e-09]
 [5.25217221e-09]]
pred | real
All:
[0.] | 0
[0.] | 0
[0.] | 0
[0.] | 0
[0.] | 0
[0.] | 0
[0.] | 0
[0.] | 0
[0.] | 0
[0.] | 0
[0.] | 0
[0.] | 0
[0.] | 0
[0.] | 0
[0.] | 0
[0.] | 0
[0.] | 0
[0.] | 0
[0.] | 0
[0.] | 0
[0.] | 0
[0.] | 0
[0.] | 0
[0.] | 0
[0.] | 0
[0.] | 0
[0.] | 0
[0.] | 0
[0.] | 0
[0.] | 0
[0.] | 0
[0.] | 0
[0.] | 0
[0.] | 0
[0.] | 0
[0.] | 0
[0.] | 0
[0.] | 0
[0.] | 0
[0.] | 0
[0.] | 0
[0.] | 0
[0.] | 0
[0.] | 0
[0.] | 0
[0.] | 0
[0.] | 0
[0.] | 0
[0.] | 0
[0.] | 0
[0.] | 0
[0.] | 0
[0.] | 0
[0.] | 0
[0.] | 0
[0.] | 0
[0.] | 0
[0.] | 0
[0.] | 0
[0.] | 0
[0.] | 0
[0.] | 0
[0.] | 0
[0.] | 0
[0.] | 0
[0.] | 0
[0.] | 0
[0.] | 0
[0.] | 0
[0.] | 0
[0.] | 0
[0.] | 0
[0.] | 0
[0.] | 0
[0.] | 0
[0.] | 0
[0.] | 0
[0.] | 0
[0.] | 0
[0.] | 0
[0.] | 0
[0.] | 0
[0.] | 0
[0.] | 0
[0.] | 0
[0.] | 0
[0.] | 0
[0.] | 0
[0.] | 0
[0.] | 0
[0.] | 0
[0.] | 0
[0.] | 0
[0.] | 0
[0.] | 0
[0.] | 0
[0.] | 0
[0.] | 0
[0.] | 0
[0.] | 0
[0.] | 0
[0.] | 0
[0.] | 0
[0.] | 0
[0.] | 0
[0.] | 0
[0.] | 0
[0.] | 0
[0.] | 0
[0.] | 0
[0.] | 0
[0.] | 0
[0.] | 0
[0.] | 0
[0.] | 0
[0.] | 0
[0.] | 0
[0.] | 0
[0.] | 0
[0.] | 0
[0.] | 0
[0.] | 0
[0.] | 0
[0.] | 0
[0.] | 0
[0.] | 0
[0.] | 0
[0.] | 0
[0.] | 0
[0.] | 0
[0.] | 0
[0.] | 0
[0.] | 0
[0.] | 0
[0.] | 0
[0.] | 0
[0.] | 0
[0.] | 0
[0.] | 0
[0.] | 0
[0.] | 0
[0.] | 0
[0.] | 0
[0.] | 0
[0.] | 0
[0.] | 0
[0.] | 0
[0.] | 0
[0.] | 0
[0.] | 0
[0.] | 0
[0.] | 0
[0.] | 0
[0.] | 0
[0.] | 0
[0.] | 0
[0.] | 0
[0.] | 0
[0.] | 0
[0.] | 0
[0.] | 0
[0.] | 0
[0.] | 0
[0.] | 0
[0.] | 0
[0.] | 0
[0.] | 0
[0.] | 0
[0.] | 0
[0.] | 0
[0.] | 0
[0.] | 0
[0.] | 0
[0.] | 0
[0.] | 0
[0.] | 0
[0.] | 0
[0.] | 0
[0.] | 0
[0.] | 0
[0.] | 0
[0.] | 0
[0.] | 0
[0.] | 0
[0.] | 0
[0.] | 0
[0.] | 0
[0.] | 0
[0.] | 0
[0.] | 0
[0.] | 0
[0.] | 0
[0.] | 0
[0.] | 0
[0.] | 0
[0.] | 0
[0.] | 0
[0.] | 0
[0.] | 0
[0.] | 0
[0.] | 0
[0.] | 0
[0.] | 0
[0.] | 0
[0.] | 0
[0.] | 0
[0.] | 0
[0.] | 0
[0.] | 0
[0.] | 0
[0.] | 0
[0.] | 0
[0.] | 0
[0.] | 0
[0.] | 0
[0.] | 0
[0.] | 0
[0.] | 0
[0.] | 0
[0.] | 0
[0.] | 0
[0.] | 0
[0.] | 0
[0.] | 0
[0.] | 0
[0.] | 0
[0.] | 0
[0.] | 0
[0.] | 0
[0.] | 0
[0.] | 0
[0.] | 0
[0.] | 0
[0.] | 0
[0.] | 0
[0.] | 0
[0.] | 0
[0.] | 0
[0.] | 0
[0.] | 0
[0.] | 0
[0.] | 0
[0.] | 0
[0.] | 0
[0.] | 0
[0.] | 0
[0.] | 0
[0.] | 0
[0.] | 0
[0.] | 0
[0.] | 0
[0.] | 0
[0.] | 0
[0.] | 0
[0.] | 0
[0.] | 0
[0.] | 0
[0.] | 0
[0.] | 0
[0.] | 0
[0.] | 0
[0.] | 0
[0.] | 0
[0.] | 0
[0.] | 0
[0.] | 0
[0.] | 0
[0.] | 0
[0.] | 0
[0.] | 0
[0.] | 0
[0.] | 0
[0.] | 0
[0.] | 0
[0.] | 0
[0.] | 0
[0.] | 0
[0.] | 0
[0.] | 0
[0.] | 0
[0.] | 0
[0.] | 0
[0.] | 0
[0.] | 0
[0.] | 0
[0.] | 0
[0.] | 0
[0.] | 0
[0.] | 0
[0.] | 0
[0.] | 0
[0.] | 0
[0.] | 0
[0.] | 0
[0.] | 0
[0.] | 0
[0.] | 0
[0.] | 0
[0.] | 0
[0.] | 0
[0.] | 0
[0.] | 0
[0.] | 0
[0.] | 0
[0.] | 0
[0.] | 0
[0.] | 0
[0.] | 0
[0.] | 0
[0.] | 0
[0.] | 0
[0.] | 0
[0.] | 0
[0.] | 0
[0.] | 0
[0.] | 0
[0.] | 0
[0.] | 0
[0.] | 0
[0.] | 0
[0.] | 0
[0.] | 0
[0.] | 0
[0.] | 0
[0.] | 0
[0.] | 0
[0.] | 0
[0.] | 0
[0.] | 0
[0.] | 0
[0.] | 0
[0.] | 0
[0.] | 0
[0.] | 0
[0.] | 0
[0.] | 0
[0.] | 0
[0.] | 0
[0.] | 0
[0.] | 0
[0.] | 0
[0.] | 0
[0.] | 0
[0.] | 0
[0.] | 0
[0.] | 0
[0.] | 0
[0.] | 0
[0.] | 0
[0.] | 0
[0.] | 0
[0.] | 0
[0.] | 0
[0.] | 0
[0.] | 0
[0.] | 0
[0.] | 0
[0.] | 0
[0.] | 0
[0.] | 0
[0.] | 0
[0.] | 0
[0.] | 0
[0.] | 0
[0.] | 0
[0.] | 0
[0.] | 0
[0.] | 0
[0.] | 0
[0.] | 0
[0.] | 0
[0.] | 0
[0.] | 0
[0.] | 0
[0.] | 0
[0.] | 0
[0.] | 0
[0.] | 0
[0.] | 0
[0.] | 0
[0.] | 0
[0.] | 0
[0.] | 0
[0.] | 0
[0.] | 0
[0.] | 0
[0.] | 0
[0.] | 0
[0.] | 0
[0.] | 0
[0.] | 0
[0.] | 0
[0.] | 0
[0.] | 0
[0.] | 0
[0.] | 0
[0.] | 0
[0.] | 0
[0.] | 0
[0.] | 0
[0.] | 0
[0.] | 0
[0.] | 0
[0.] | 0
[0.] | 0
[0.] | 0
[0.] | 0
[0.] | 0
[0.] | 0
[0.] | 0
[0.] | 0
[0.] | 0
[0.] | 0
[0.] | 0
[0.] | 0
[0.] | 0
[0.] | 0
[0.] | 0
[0.] | 0
[0.] | 0
[0.] | 0
[0.] | 0
[0.] | 0
[0.] | 0
[0.] | 0
[0.] | 0
[0.] | 0
[0.] | 0
[0.] | 0
[0.] | 0
[0.] | 0
[0.] | 0
[0.] | 0
[0.] | 0
[0.] | 0
[0.] | 0
[0.] | 0
[0.] | 0
[0.] | 0
[0.] | 0
[0.] | 0
[0.] | 0
[0.] | 0
[0.] | 0
[0.] | 0
[0.] | 0
[0.] | 0
[0.] | 0
[0.] | 0
[0.] | 0
[0.] | 0
[0.] | 0
[0.] | 0
[0.] | 0
[0.] | 0
[0.] | 0
[0.] | 0
[0.] | 0
[0.] | 0
[0.] | 0
[0.] | 0
[0.] | 0
[0.] | 0
[0.] | 0
[0.] | 0
[0.] | 0
[0.] | 0
[0.] | 0
[0.] | 0
[1.] | 0
[1.] | 0
[1.] | 0
[1.] | 0
[1.] | 0
[1.] | 0
[1.] | 0
[1.] | 0
[0.] | 1
[0.] | 1
[0.] | 1
[0.] | 1
[0.] | 1
[0.] | 1
[0.] | 1
[0.] | 1
[0.] | 1
[0.] | 1
[0.] | 1
[0.] | 1
[0.] | 1
[0.] | 1
[0.] | 1
[0.] | 1
[0.] | 1
[0.] | 1
[0.] | 1
[0.] | 1
[0.] | 1
[0.] | 1
[0.] | 1
[0.] | 1
[0.] | 1
[0.] | 1
[0.] | 1
[0.] | 1
[0.] | 1
[0.] | 1
[0.] | 1
[0.] | 1
[0.] | 1
[0.] | 1
[0.] | 1
[0.] | 1
[0.] | 1
[0.] | 1
[0.] | 1
[0.] | 1
[0.] | 1
[0.] | 1
[0.] | 1
[0.] | 1
[0.] | 1
[0.] | 1
[0.] | 1
[0.] | 1
[0.] | 1
[0.] | 1
[0.] | 1
[0.] | 1
[0.] | 1
[0.] | 1
[0.] | 1
[0.] | 1
[0.] | 1
[0.] | 1
[0.] | 1
[0.] | 1
[0.] | 1
[0.] | 1
[0.] | 1
[0.] | 1
[0.] | 1
[0.] | 1
[0.] | 1
[0.] | 1
[0.] | 1
[0.] | 1
[0.] | 1
[0.] | 1
[0.] | 1
[0.] | 1
[0.] | 1
[0.] | 1
[0.] | 1
[0.] | 1
[0.] | 1
[0.] | 1
[0.] | 1
[0.] | 1
[0.] | 1
[0.] | 1
[0.] | 1
[0.] | 1
[0.] | 1
[0.] | 1
[0.] | 1
[0.] | 1
[0.] | 1
[0.] | 1
[0.] | 1
[0.] | 1
[0.] | 1
[0.] | 1
[0.] | 1
[0.] | 1
[0.] | 1
[0.] | 1
[0.] | 1
[0.] | 1
[0.] | 1
[0.] | 1
[0.] | 1
[0.] | 1
[0.] | 1
[0.] | 1
[0.] | 1
[0.] | 1
[0.] | 1
[0.] | 1
[0.] | 1
[0.] | 1
[0.] | 1
[0.] | 1
[0.] | 1
[0.] | 1
[0.] | 1
[0.] | 1
[0.] | 1
[0.] | 1
[0.] | 1
[0.] | 1
[0.] | 1
[0.] | 1
[0.] | 1
[0.] | 1
[0.] | 1
[0.] | 1
[0.] | 1
[0.] | 1
[0.] | 1
[0.] | 1
[0.] | 1
[0.] | 1
[0.] | 1
[0.] | 1
[0.] | 1
[0.] | 1
[0.] | 1
[0.] | 1
[0.] | 1
[0.] | 1
[0.] | 1
[0.] | 1
[0.] | 1
[0.] | 1
[0.] | 1
[0.] | 1
[0.] | 1
[0.] | 1
[0.] | 1
[0.] | 1
[0.] | 1
[0.] | 1
[0.] | 1
[0.] | 1
[0.] | 1
[0.] | 1
[0.] | 1
[0.] | 1
[0.] | 1
[0.] | 1
[0.] | 1
[0.] | 1
[0.] | 1
[0.] | 1
[0.] | 1
[0.] | 1
[0.] | 1
[0.] | 1
[0.] | 1
[0.] | 1
[0.] | 1
[0.] | 1
[0.] | 1
[0.] | 1
[0.] | 1
[0.] | 1
[0.] | 1
[0.] | 1
[0.] | 1
[0.] | 1
[0.] | 1
[0.] | 1
[0.] | 1
[0.] | 1
[0.] | 1
[0.] | 1
[0.] | 1
[0.] | 1
[0.] | 1
[0.] | 1
[0.] | 1
[0.] | 1
[0.] | 1
[0.] | 1
[0.] | 1
[0.] | 1
[0.] | 1
[0.] | 1
[0.] | 1
[0.] | 1
[0.] | 1
[0.] | 1
[0.] | 1
[0.] | 1
[0.] | 1
[0.] | 1
[0.] | 1
[0.] | 1
[0.] | 1
[0.] | 1
[0.] | 1
[0.] | 1
[0.] | 1
[0.] | 1
[0.] | 1
[0.] | 1
[0.] | 1
[0.] | 1
[0.] | 1
[0.] | 1
[0.] | 1
[0.] | 1
[0.] | 1
[0.] | 1
[0.] | 1
[0.] | 1
[0.] | 1
[0.] | 1
[0.] | 1
[0.] | 1
[0.] | 1
[0.] | 1
[0.] | 1
[0.] | 1
[0.] | 1
[0.] | 1
[0.] | 1
[0.] | 1
[0.] | 1
[0.] | 1
[0.] | 1
[0.] | 1
[0.] | 1
[0.] | 1
[0.] | 1
[0.] | 1
[0.] | 1
[0.] | 1
[0.] | 1
[0.] | 1
[0.] | 1
[0.] | 1
[0.] | 1
[0.] | 1
[0.] | 1
[0.] | 1
[0.] | 1
[0.] | 1
[0.] | 1
[0.] | 1
[0.] | 1
[0.] | 1
[0.] | 1
[0.] | 1
[0.] | 1
[0.] | 1
[0.] | 1
[0.] | 1
[0.] | 1
[0.] | 1
[0.] | 1
[0.] | 1
[0.] | 1
[0.] | 1
[0.] | 1
[0.] | 1
[0.] | 1
[0.] | 1
[0.] | 1
[0.] | 1
[0.] | 1
[0.] | 1
[0.] | 1
[0.] | 1
[0.] | 1
[0.] | 1
[0.] | 1
[0.] | 1
[0.] | 1
[0.] | 1
[0.] | 1
[0.] | 1
[0.] | 1
[0.] | 1
[0.] | 1
[0.] | 1
[0.] | 1
[0.] | 1
[0.] | 1
[0.] | 1
[0.] | 1
[0.] | 1
[0.] | 1
[0.] | 1
[0.] | 1
[0.] | 1
[0.] | 1
[0.] | 1
[0.] | 1
[0.] | 1
[0.] | 1
[0.] | 1
[0.] | 1
[0.] | 1
[0.] | 1
[0.] | 1
[0.] | 1
[0.] | 1
[0.] | 1
[0.] | 1
[0.] | 1
[0.] | 1
[0.] | 1
[0.] | 1
[0.] | 1
[0.] | 1
[0.] | 1
[0.] | 1
[0.] | 1
[0.] | 1
[0.] | 1
[0.] | 1
[0.] | 1
[0.] | 1
[0.] | 1
[0.] | 1
[0.] | 1
[0.] | 1
[0.] | 1
[0.] | 1
[0.] | 1
[0.] | 1
[0.] | 1
[0.] | 1
[0.] | 1
[0.] | 1
[0.] | 1
[0.] | 1
[0.] | 1
[0.] | 1
[0.] | 1
[0.] | 1
[0.] | 1
[0.] | 1
[0.] | 1
[0.] | 1
[0.] | 1
[0.] | 1
[0.] | 1
[0.] | 1
[0.] | 1
[0.] | 1
[0.] | 1
[0.] | 1
[0.] | 1
[0.] | 1
[0.] | 1
[0.] | 1
[0.] | 1
[0.] | 1
[0.] | 1
[0.] | 1
[0.] | 1
[0.] | 1
[0.] | 1
[0.] | 1
[0.] | 1
[0.] | 1
[0.] | 1
[0.] | 1
[0.] | 1
[0.] | 1
[0.] | 1
[0.] | 1
[0.] | 1
[0.] | 1
[0.] | 1
[0.] | 1
[0.] | 1
[0.] | 1
[0.] | 1
[0.] | 1
[0.] | 1
[0.] | 1
[0.] | 1
[0.] | 1
[0.] | 1
[0.] | 1
[0.] | 1
[0.] | 1
[0.] | 1
[0.] | 1
[0.] | 1
[0.] | 1
[0.] | 1
[0.] | 1
[0.] | 1
[0.] | 1
[0.] | 1
[0.] | 1
[0.] | 1
[0.] | 1
[0.] | 1
[0.] | 1
[0.] | 1
[0.] | 1
[0.] | 1
[0.] | 1
[0.] | 1
[0.] | 1
[0.] | 1
[0.] | 1
[0.] | 1
[0.] | 1
[0.] | 1
[0.] | 1
[0.] | 1
[0.] | 1
[0.] | 1
[0.] | 1
[0.] | 1
[0.] | 1
[0.] | 1
[0.] | 1
[0.] | 1
[0.] | 1
[0.] | 1
[0.] | 1
[0.] | 1
[0.] | 1
[0.] | 1
[0.] | 1
[0.] | 1
[0.] | 1
[0.] | 1
[0.] | 1
[0.] | 1
[0.] | 1
[0.] | 1
[0.] | 1
[0.] | 1
[0.] | 1
[0.] | 1
[0.] | 1
[0.] | 1
[0.] | 1
[0.] | 1
[0.] | 1
[0.] | 1
[0.] | 1
[0.] | 1
[0.] | 1
[0.] | 1
[0.] | 1
[0.] | 1
[0.] | 1
[0.] | 1
[0.] | 1
[0.] | 1
[0.] | 1
[0.] | 1
[0.] | 1
[0.] | 1
pred | real
Wrongs:
[1.] | 0
[1.] | 0
[1.] | 0
[1.] | 0
[1.] | 0
[1.] | 0
[1.] | 0
[1.] | 0
[0.] | 1
[0.] | 1
[0.] | 1
[0.] | 1
[0.] | 1
[0.] | 1
[0.] | 1
[0.] | 1
[0.] | 1
[0.] | 1
[0.] | 1
[0.] | 1
[0.] | 1
[0.] | 1
[0.] | 1
[0.] | 1
[0.] | 1
[0.] | 1
[0.] | 1
[0.] | 1
[0.] | 1
[0.] | 1
[0.] | 1
[0.] | 1
[0.] | 1
[0.] | 1
[0.] | 1
[0.] | 1
[0.] | 1
[0.] | 1
[0.] | 1
[0.] | 1
[0.] | 1
[0.] | 1
[0.] | 1
[0.] | 1
[0.] | 1
[0.] | 1
[0.] | 1
[0.] | 1
[0.] | 1
[0.] | 1
[0.] | 1
[0.] | 1
[0.] | 1
[0.] | 1
[0.] | 1
[0.] | 1
[0.] | 1
[0.] | 1
[0.] | 1
[0.] | 1
[0.] | 1
[0.] | 1
[0.] | 1
[0.] | 1
[0.] | 1
[0.] | 1
[0.] | 1
[0.] | 1
[0.] | 1
[0.] | 1
[0.] | 1
[0.] | 1
[0.] | 1
[0.] | 1
[0.] | 1
[0.] | 1
[0.] | 1
[0.] | 1
[0.] | 1
[0.] | 1
[0.] | 1
[0.] | 1
[0.] | 1
[0.] | 1
[0.] | 1
[0.] | 1
[0.] | 1
[0.] | 1
[0.] | 1
[0.] | 1
[0.] | 1
[0.] | 1
[0.] | 1
[0.] | 1
[0.] | 1
[0.] | 1
[0.] | 1
[0.] | 1
[0.] | 1
[0.] | 1
[0.] | 1
[0.] | 1
[0.] | 1
[0.] | 1
[0.] | 1
[0.] | 1
[0.] | 1
[0.] | 1
[0.] | 1
[0.] | 1
[0.] | 1
[0.] | 1
[0.] | 1
[0.] | 1
[0.] | 1
[0.] | 1
[0.] | 1
[0.] | 1
[0.] | 1
[0.] | 1
[0.] | 1
[0.] | 1
[0.] | 1
[0.] | 1
[0.] | 1
[0.] | 1
[0.] | 1
[0.] | 1
[0.] | 1
[0.] | 1
[0.] | 1
[0.] | 1
[0.] | 1
[0.] | 1
[0.] | 1
[0.] | 1
[0.] | 1
[0.] | 1
[0.] | 1
[0.] | 1
[0.] | 1
[0.] | 1
[0.] | 1
[0.] | 1
[0.] | 1
[0.] | 1
[0.] | 1
[0.] | 1
[0.] | 1
[0.] | 1
[0.] | 1
[0.] | 1
[0.] | 1
[0.] | 1
[0.] | 1
[0.] | 1
[0.] | 1
[0.] | 1
[0.] | 1
[0.] | 1
[0.] | 1
[0.] | 1
[0.] | 1
[0.] | 1
[0.] | 1
[0.] | 1
[0.] | 1
[0.] | 1
[0.] | 1
[0.] | 1
[0.] | 1
[0.] | 1
[0.] | 1
[0.] | 1
[0.] | 1
[0.] | 1
[0.] | 1
[0.] | 1
[0.] | 1
[0.] | 1
[0.] | 1
[0.] | 1
[0.] | 1
[0.] | 1
[0.] | 1
[0.] | 1
[0.] | 1
[0.] | 1
[0.] | 1
[0.] | 1
[0.] | 1
[0.] | 1
[0.] | 1
[0.] | 1
[0.] | 1
[0.] | 1
[0.] | 1
[0.] | 1
[0.] | 1
[0.] | 1
[0.] | 1
[0.] | 1
[0.] | 1
[0.] | 1
[0.] | 1
[0.] | 1
[0.] | 1
[0.] | 1
[0.] | 1
[0.] | 1
[0.] | 1
[0.] | 1
[0.] | 1
[0.] | 1
[0.] | 1
[0.] | 1
[0.] | 1
[0.] | 1
[0.] | 1
[0.] | 1
[0.] | 1
[0.] | 1
[0.] | 1
[0.] | 1
[0.] | 1
[0.] | 1
[0.] | 1
[0.] | 1
[0.] | 1
[0.] | 1
[0.] | 1
[0.] | 1
[0.] | 1
[0.] | 1
[0.] | 1
[0.] | 1
[0.] | 1
[0.] | 1
[0.] | 1
[0.] | 1
[0.] | 1
[0.] | 1
[0.] | 1
[0.] | 1
[0.] | 1
[0.] | 1
[0.] | 1
[0.] | 1
[0.] | 1
[0.] | 1
[0.] | 1
[0.] | 1
[0.] | 1
[0.] | 1
[0.] | 1
[0.] | 1
[0.] | 1
[0.] | 1
[0.] | 1
[0.] | 1
[0.] | 1
[0.] | 1
[0.] | 1
[0.] | 1
[0.] | 1
[0.] | 1
[0.] | 1
[0.] | 1
[0.] | 1
[0.] | 1
[0.] | 1
[0.] | 1
[0.] | 1
[0.] | 1
[0.] | 1
[0.] | 1
[0.] | 1
[0.] | 1
[0.] | 1
[0.] | 1
[0.] | 1
[0.] | 1
[0.] | 1
[0.] | 1
[0.] | 1
[0.] | 1
[0.] | 1
[0.] | 1
[0.] | 1
[0.] | 1
[0.] | 1
[0.] | 1
[0.] | 1
[0.] | 1
[0.] | 1
[0.] | 1
[0.] | 1
[0.] | 1
[0.] | 1
[0.] | 1
[0.] | 1
[0.] | 1
[0.] | 1
[0.] | 1
[0.] | 1
[0.] | 1
[0.] | 1
[0.] | 1
[0.] | 1
[0.] | 1
[0.] | 1
[0.] | 1
[0.] | 1
[0.] | 1
[0.] | 1
[0.] | 1
[0.] | 1
[0.] | 1
[0.] | 1
[0.] | 1
[0.] | 1
[0.] | 1
[0.] | 1
[0.] | 1
[0.] | 1
[0.] | 1
[0.] | 1
[0.] | 1
[0.] | 1
[0.] | 1
[0.] | 1
[0.] | 1
[0.] | 1
[0.] | 1
[0.] | 1
[0.] | 1
[0.] | 1
[0.] | 1
[0.] | 1
[0.] | 1
[0.] | 1
[0.] | 1
[0.] | 1
[0.] | 1
[0.] | 1
[0.] | 1
[0.] | 1
[0.] | 1
[0.] | 1
[0.] | 1
[0.] | 1
[0.] | 1
[0.] | 1
[0.] | 1
[0.] | 1
[0.] | 1
[0.] | 1
[0.] | 1
[0.] | 1
[0.] | 1
[0.] | 1
[0.] | 1
[0.] | 1
[0.] | 1
[0.] | 1
[0.] | 1
[0.] | 1
[0.] | 1
[0.] | 1
[0.] | 1
[0.] | 1
[0.] | 1
[0.] | 1
[0.] | 1
[0.] | 1
[0.] | 1
[0.] | 1
[0.] | 1
[0.] | 1
[0.] | 1
[0.] | 1
[0.] | 1
[0.] | 1
[0.] | 1
[0.] | 1
[0.] | 1
[0.] | 1
[0.] | 1
[0.] | 1
[0.] | 1
[0.] | 1
[0.] | 1
[0.] | 1
[0.] | 1
[0.] | 1
[0.] | 1
[0.] | 1
[0.] | 1
[0.] | 1
[0.] | 1
[0.] | 1
[0.] | 1
[0.] | 1
[0.] | 1
[0.] | 1
[0.] | 1
[0.] | 1
[0.] | 1
[0.] | 1
[0.] | 1
[0.] | 1
[0.] | 1
[0.] | 1
[0.] | 1
[0.] | 1
[0.] | 1
[0.] | 1
[0.] | 1
[0.] | 1
[0.] | 1
[0.] | 1
[0.] | 1
[0.] | 1
[0.] | 1
[0.] | 1
[0.] | 1
[0.] | 1
[0.] | 1
[0.] | 1
[0.] | 1
[0.] | 1
[0.] | 1
[0.] | 1
[0.] | 1
[0.] | 1
[0.] | 1
[0.] | 1
[0.] | 1
[0.] | 1
[0.] | 1
[0.] | 1
[0.] | 1
[0.] | 1
[0.] | 1
[0.] | 1
[0.] | 1
[0.] | 1
[0.] | 1
[0.] | 1
[0.] | 1
[0.] | 1
[0.] | 1
[0.] | 1
[0.] | 1
[0.] | 1
[0.] | 1
[0.] | 1
[0.] | 1
[0.] | 1
[0.] | 1
[0.] | 1
[0.] | 1
[0.] | 1
[0.] | 1
[0.] | 1
[0.] | 1
[0.] | 1
[0.] | 1
[0.] | 1
[0.] | 1
[0.] | 1
[0.] | 1
[0.] | 1
[0.] | 1
[0.] | 1
[0.] | 1
[0.] | 1
[0.] | 1
[0.] | 1
[0.] | 1
[0.] | 1
[0.] | 1
[0.] | 1
[0.] | 1
[0.] | 1
