Reading ../../../../datasets/bot-iot/UNSW_2018_IoT_Botnet_Full5pc_1.csv
Reading ../../../../datasets/bot-iot/UNSW_2018_IoT_Botnet_Full5pc_2.csv
Reading ../../../../datasets/bot-iot/UNSW_2018_IoT_Botnet_Full5pc_3.csv
Reading ../../../../datasets/bot-iot/UNSW_2018_IoT_Botnet_Full5pc_4.csv
<class 'pandas.core.frame.DataFrame'>
Int64Index: 3668522 entries, 1 to 3668522
Data columns (total 45 columns):
 #   Column                            Dtype  
---  ------                            -----  
 0   stime                             float64
 1   flgs                              object 
 2   flgs_number                       int64  
 3   proto                             object 
 4   proto_number                      int64  
 5   saddr                             object 
 6   sport                             object 
 7   daddr                             object 
 8   dport                             object 
 9   pkts                              int64  
 10  bytes                             int64  
 11  state                             object 
 12  state_number                      int64  
 13  ltime                             float64
 14  seq                               int64  
 15  dur                               float64
 16  mean                              float64
 17  stddev                            float64
 18  sum                               float64
 19  min                               float64
 20  max                               float64
 21  spkts                             int64  
 22  dpkts                             int64  
 23  sbytes                            int64  
 24  dbytes                            int64  
 25  rate                              float64
 26  srate                             float64
 27  drate                             float64
 28  TnBPSrcIP                         int64  
 29  TnBPDstIP                         int64  
 30  TnP_PSrcIP                        int64  
 31  TnP_PDstIP                        int64  
 32  TnP_PerProto                      int64  
 33  TnP_Per_Dport                     int64  
 34  AR_P_Proto_P_SrcIP                float64
 35  AR_P_Proto_P_DstIP                float64
 36  N_IN_Conn_P_DstIP                 int64  
 37  N_IN_Conn_P_SrcIP                 int64  
 38  AR_P_Proto_P_Sport                float64
 39  AR_P_Proto_P_Dport                float64
 40  Pkts_P_State_P_Protocol_P_DestIP  int64  
 41  Pkts_P_State_P_Protocol_P_SrcIP   int64  
 42  attack                            int64  
 43  category                          object 
 44  subcategory                       object 
dtypes: float64(15), int64(21), object(9)
memory usage: 1.3+ GB

Dataframe contains NaN values: False
Number of NaN columns: 0
NaN columns: [] 


Attack types: [1 0]
Attack distribution:
1    3668045
0        477
Name: attack, dtype: int64

Cateogry types: ['DoS' 'DDoS' 'Normal' 'Reconnaissance' 'Theft']
Cateogry distribution:
DDoS              1926624
DoS               1650260
Reconnaissance      91082
Normal                477
Theft                  79
Name: category, dtype: int64

Subcategory types: ['HTTP' 'TCP' 'UDP' 'Normal' 'OS_Fingerprint' 'Service_Scan'
 'Data_Exfiltration' 'Keylogging']
Subcategory distribution:
UDP                  1981230
TCP                  1593180
Service_Scan           73168
OS_Fingerprint         17914
HTTP                    2474
Normal                   477
Keylogging                73
Data_Exfiltration          6
Name: subcategory, dtype: int64

Column | # of different values
stime | 392259
flgs | 9
flgs_number | 9
proto | 5
proto_number | 5
saddr | 21
sport | 65541
daddr | 84
dport | 7698
pkts | 123
bytes | 1633
state | 11
state_number | 11
ltime | 383624
seq | 262212
dur | 612509
mean | 507089
stddev | 421379
sum | 934972
min | 271147
max | 594525
spkts | 91
dpkts | 62
sbytes | 1052
dbytes | 472
rate | 139677
srate | 119709
drate | 20714
TnBPSrcIP | 8639
TnBPDstIP | 7631
TnP_PSrcIP | 1522
TnP_PDstIP | 1587
TnP_PerProto | 1560
TnP_Per_Dport | 1582
AR_P_Proto_P_SrcIP | 46289
AR_P_Proto_P_DstIP | 39186
N_IN_Conn_P_DstIP | 100
N_IN_Conn_P_SrcIP | 100
AR_P_Proto_P_Sport | 136207
AR_P_Proto_P_Dport | 42237
Pkts_P_State_P_Protocol_P_DestIP | 1595
Pkts_P_State_P_Protocol_P_SrcIP | 1526
attack | 2
category | 5
subcategory | 8

Removing attributes that have only one (or zero) sampled value.

Column | # of different values
stime | 392259
flgs | 9
flgs_number | 9
proto | 5
proto_number | 5
saddr | 21
sport | 65541
daddr | 84
dport | 7698
pkts | 123
bytes | 1633
state | 11
state_number | 11
ltime | 383624
seq | 262212
dur | 612509
mean | 507089
stddev | 421379
sum | 934972
min | 271147
max | 594525
spkts | 91
dpkts | 62
sbytes | 1052
dbytes | 472
rate | 139677
srate | 119709
drate | 20714
TnBPSrcIP | 8639
TnBPDstIP | 7631
TnP_PSrcIP | 1522
TnP_PDstIP | 1587
TnP_PerProto | 1560
TnP_Per_Dport | 1582
AR_P_Proto_P_SrcIP | 46289
AR_P_Proto_P_DstIP | 39186
N_IN_Conn_P_DstIP | 100
N_IN_Conn_P_SrcIP | 100
AR_P_Proto_P_Sport | 136207
AR_P_Proto_P_Dport | 42237
Pkts_P_State_P_Protocol_P_DestIP | 1595
Pkts_P_State_P_Protocol_P_SrcIP | 1526
attack | 2
category | 5
subcategory | 8

Removing redundant columns: ['state_number', 'proto_number', 'flgs_number']

Column | NaN values
stime                               0
flgs                                0
proto                               0
saddr                               0
sport                               0
daddr                               0
dport                               0
pkts                                0
bytes                               0
state                               0
ltime                               0
seq                                 0
dur                                 0
mean                                0
stddev                              0
sum                                 0
min                                 0
max                                 0
spkts                               0
dpkts                               0
sbytes                              0
dbytes                              0
rate                                0
srate                               0
drate                               0
TnBPSrcIP                           0
TnBPDstIP                           0
TnP_PSrcIP                          0
TnP_PDstIP                          0
TnP_PerProto                        0
TnP_Per_Dport                       0
AR_P_Proto_P_SrcIP                  0
AR_P_Proto_P_DstIP                  0
N_IN_Conn_P_DstIP                   0
N_IN_Conn_P_SrcIP                   0
AR_P_Proto_P_Sport                  0
AR_P_Proto_P_Dport                  0
Pkts_P_State_P_Protocol_P_DestIP    0
Pkts_P_State_P_Protocol_P_SrcIP     0
attack                              0
category                            0
subcategory                         0
dtype: int64
Removing attributes with more than half NaN values.
Dataframe contains NaN values: False

Column | NaN values (after dropping columns)
stime                               0
flgs                                0
proto                               0
saddr                               0
sport                               0
daddr                               0
dport                               0
pkts                                0
bytes                               0
state                               0
ltime                               0
seq                                 0
dur                                 0
mean                                0
stddev                              0
sum                                 0
min                                 0
max                                 0
spkts                               0
dpkts                               0
sbytes                              0
dbytes                              0
rate                                0
srate                               0
drate                               0
TnBPSrcIP                           0
TnBPDstIP                           0
TnP_PSrcIP                          0
TnP_PDstIP                          0
TnP_PerProto                        0
TnP_Per_Dport                       0
AR_P_Proto_P_SrcIP                  0
AR_P_Proto_P_DstIP                  0
N_IN_Conn_P_DstIP                   0
N_IN_Conn_P_SrcIP                   0
AR_P_Proto_P_Sport                  0
AR_P_Proto_P_Dport                  0
Pkts_P_State_P_Protocol_P_DestIP    0
Pkts_P_State_P_Protocol_P_SrcIP     0
attack                              0
category                            0
subcategory                         0
dtype: int64
stime unique values: 392259
flgs unique values: 9
proto unique values: 9
saddr unique values: 5
sport unique values: 5
daddr unique values: 21
dport unique values: 65541
pkts unique values: 84
bytes unique values: 7698
state unique values: 123
ltime unique values: 1633
seq unique values: 11
dur unique values: 11
mean unique values: 383624
stddev unique values: 262212
sum unique values: 612509
min unique values: 507089
max unique values: 421379
spkts unique values: 934972
dpkts unique values: 271147
sbytes unique values: 594525
dbytes unique values: 91
rate unique values: 62
srate unique values: 1052
drate unique values: 472
TnBPSrcIP unique values: 139677
TnBPDstIP unique values: 119709
TnP_PSrcIP unique values: 20714
TnP_PDstIP unique values: 8639
TnP_PerProto unique values: 7631
TnP_Per_Dport unique values: 1522
AR_P_Proto_P_SrcIP unique values: 1587
AR_P_Proto_P_DstIP unique values: 1560
N_IN_Conn_P_DstIP unique values: 1582
N_IN_Conn_P_SrcIP unique values: 46289
AR_P_Proto_P_Sport unique values: 39186
AR_P_Proto_P_Dport unique values: 100
Pkts_P_State_P_Protocol_P_DestIP unique values: 100
Pkts_P_State_P_Protocol_P_SrcIP unique values: 136207
attack unique values: 42237
category unique values: 1595
subcategory unique values: 1526
<class 'pandas.core.frame.DataFrame'>
Int64Index: 3668522 entries, 1 to 3668522
Columns: 42 entries, stime to subcategory
dtypes: float64(15), int64(18), object(9)
memory usage: 1.2+ GB

Objects: ['flgs', 'proto', 'saddr', 'sport', 'daddr', 'dport', 'state', 'category', 'subcategory'] 


Check for high cardinality.
Column | # of different values | values
flgs | 9 | ['e' 'e s' 'e d' 'e *' 'e g' 'eU' 'e &' 'e   t' 'e  D']
proto | 5 | ['tcp' 'arp' 'udp' 'icmp' 'ipv6-icmp']
saddr | 21 | ['192.168.100.147' '192.168.100.7' '192.168.100.148' '192.168.100.6'
 '192.168.100.149' '192.168.100.150' '192.168.100.5' '192.168.100.3'
 '192.168.100.1' '192.168.100.4' '192.168.100.27'
 'fe80::250:56ff:febe:254' '192.168.100.46' 'fe80::250:56ff:febe:26db'
 'fe80::250:56ff:febe:e9d9' 'fe80::c0c0:aa20:45b9:bdd9'
 'fe80::250:56ff:febe:89ee' 'fe80::2c6a:ff9b:7e14:166a'
 'fe80::250:56ff:febe:bf1a' 'fe80::250:56ff:febe:c038' '192.168.100.55']
sport | 65540 | ['49960' nan '49962' ... '0x0008' '0x000d' '0x0011']
daddr | 84 | ['192.168.100.7' '192.168.100.147' '192.168.100.6' '192.168.100.148'
 '192.168.100.5' '192.168.100.3' '192.168.100.149' '192.168.100.150'
 '192.168.100.4' '27.124.125.250' '192.168.100.1' '192.168.100.27'
 '192.168.217.2' '192.168.100.255' '8.8.8.8' 'ff02::1' '255.255.255.255'
 '13.55.154.73' '192.168.100.55' '184.85.248.65' '205.251.194.167'
 '192.5.5.241' '192.35.51.30' '205.251.195.97' '205.251.196.236'
 '199.7.91.13' '192.12.94.30' '52.35.35.13' '216.239.38.10' '199.7.83.42'
 '192.42.93.30' '172.217.25.170' 'ff02::fb' '224.0.0.251' 'ff02::2'
 '129.250.35.250' '91.189.91.157' '216.239.34.10' '192.52.178.30'
 '224.0.0.252' '96.7.49.66' '205.251.193.2' '192.33.4.12' '192.41.162.30'
 '192.36.148.17' '35.165.2.252' '52.11.124.117' '52.201.147.106'
 '216.239.36.10' '192.112.36.4' '192.31.80.30' '91.189.92.40'
 '128.63.2.53' '202.12.27.33' '192.203.230.10' '192.55.83.30'
 '205.251.198.119' '192.33.14.30' '192.58.128.30' '205.251.196.160'
 '205.251.199.148' '192.54.112.30' '156.154.100.3' '199.19.57.1'
 '205.251.194.86' '205.251.199.194' '205.251.199.61' '205.251.195.185'
 '205.251.194.201' '205.251.198.239' '205.251.193.205' '205.251.196.32'
 '198.41.0.4' '192.48.79.30' '199.19.56.1' '156.154.101.3'
 '205.251.197.206' '205.251.192.170' '205.251.195.59' '205.251.198.91'
 '205.251.194.84' '192.26.92.30' '205.251.194.102' '205.251.194.154']
dport | 7697 | ['80' nan '30551' ... '42052' '2660' '2664']
state | 11 | ['RST' 'CON' 'REQ' 'INT' 'URP' 'FIN' 'ACC' 'NRS' 'ECO' 'TST' 'MAS']
category | 5 | ['DoS' 'DDoS' 'Normal' 'Reconnaissance' 'Theft']
subcategory | 8 | ['HTTP' 'TCP' 'UDP' 'Normal' 'OS_Fingerprint' 'Service_Scan'
 'Data_Exfiltration' 'Keylogging']

Handling categorical attributes (label encoding).
Objects: ['category', 'subcategory']

Dropping category and subcategory.
These are labels for other scenarios.
Attack set:
1    3668045
Name: attack, dtype: int64
Normal set:
0    477
Name: attack, dtype: int64
Test set:
1    477
0    477
Name: attack, dtype: int64

Splitting dataset (validation/train): 0.25
X_train_df shape: (2750676, 37)
y_train_df shape: (2750676,)
X_val_df shape: (916892, 37)
y_val_df shape: (916892,)
X_test_df shape: (954, 37)
y_test_df shape: (954,)

Converting dataframe to numpy array.
X_train shape: (2750676, 37)
y_train shape: (2750676,)
X_val shape: (916892, 37)
y_val shape: (916892,)
X_test shape: (954, 37)
y_test shape: (954,)

Applying normalization.
5.663153409957886 to normalize data.

Creating learning model.
2020-07-11 19:42:36.315278: W tensorflow/stream_executor/platform/default/dso_loader.cc:55] Could not load dynamic library 'libcuda.so.1'; dlerror: libcuda.so.1: cannot open shared object file: No such file or directory
2020-07-11 19:42:36.315331: E tensorflow/stream_executor/cuda/cuda_driver.cc:313] failed call to cuInit: UNKNOWN ERROR (303)
2020-07-11 19:42:36.315370: I tensorflow/stream_executor/cuda/cuda_diagnostics.cc:156] kernel driver does not appear to be running on this host (slave03): /proc/driver/nvidia/version does not exist
2020-07-11 19:42:36.349204: I tensorflow/core/platform/profile_utils/cpu_utils.cc:102] CPU Frequency: 1995095000 Hz
2020-07-11 19:42:36.351794: I tensorflow/compiler/xla/service/service.cc:168] XLA service 0x7fb7e8000b20 initialized for platform Host (this does not guarantee that XLA will be used). Devices:
2020-07-11 19:42:36.351829: I tensorflow/compiler/xla/service/service.cc:176]   StreamExecutor device (0): Host, Default Version

Compiling the network.
Model summary:
Model: "sequential"
_________________________________________________________________
Layer (type)                 Output Shape              Param #   
=================================================================
dense (Dense)                (None, 37)                1406      
_________________________________________________________________
dense_1 (Dense)              (None, 32)                1216      
_________________________________________________________________
dense_2 (Dense)              (None, 8)                 264       
_________________________________________________________________
dense_3 (Dense)              (None, 32)                288       
_________________________________________________________________
dense_4 (Dense)              (None, 37)                1221      
=================================================================
Total params: 4,395
Trainable params: 4,395
Non-trainable params: 0
_________________________________________________________________

Fitting the network.
91690/91690 - 180s - loss: 1.0076 - mse: 1.0076 - val_loss: 1.2346 - val_mse: 1.2346
183.41750836372375 s to train model.
[[ 0.09831853  0.16838954 -0.1389954  ... -0.03064677 -0.03105333
  -0.02135779]
 [ 0.09831853  0.16838954 -0.1389954  ... -0.03064677 -0.03105333
  -0.02135779]
 [ 0.09831853  0.16838954 -0.1389954  ... -0.03064677 -0.03105333
  -0.02135779]
 ...
 [ 0.09831853  0.16838954 -0.1389954  ... -0.03064677 -0.03105333
  -0.02135779]
 [ 0.09831853  0.16838954 -0.1389954  ... -0.03064677 -0.03105333
  -0.02135779]
 [ 0.09831853  0.16838954 -0.1389954  ... -0.03064677 -0.03105333
  -0.02135779]]
[[ 0.17615569  1.30258074 -1.05019097 ... -0.03457003 -1.1773522
  -1.04806027]
 [ 0.11996232  1.30258074 -1.05019097 ... -0.03457108 -0.61239452
  -0.47601391]
 [-6.61432438 -0.77323936  0.89742758 ...  1.41447164 -1.47376497
  -1.4559319 ]
 ...
 [ 0.12010031  1.30258074 -1.05019097 ... -0.03456179 -0.24251191
  -0.10149029]
 [ 0.13406891 -0.77323936  0.89742758 ... -0.03455892  0.65432673
   0.80660125]
 [ 0.19003988 -0.77323936  0.89742758 ... -0.03452763  1.16101523
   1.31964731]]
Train error: 1.0051294015436938
Validation error: 1.2346169706175758
Error on first 50 samples:
MSE (pred, real)
0.539544784610278
MSE (pred, real)
0.4871531457266793
MSE (pred, real)
4.6216363372889955
MSE (pred, real)
0.33365894299794113
MSE (pred, real)
0.5106594784006643
MSE (pred, real)
0.2993444123653754
MSE (pred, real)
0.7770372551648284
MSE (pred, real)
0.3992758774124013
MSE (pred, real)
1.113529032539704
MSE (pred, real)
0.40474425915611617
MSE (pred, real)
0.4606544438830757
MSE (pred, real)
0.2941439071467886
MSE (pred, real)
0.3635202420722027
MSE (pred, real)
0.4804981988226648
MSE (pred, real)
0.8642608692228442
MSE (pred, real)
0.6725713489250125
MSE (pred, real)
0.460904409037318
MSE (pred, real)
1.2583774528824285
MSE (pred, real)
0.5869861905591842
MSE (pred, real)
0.42424517515073823
MSE (pred, real)
1.3575727922016534
MSE (pred, real)
1.0480396765032771
MSE (pred, real)
0.3134937056760064
MSE (pred, real)
0.7283765414245617
MSE (pred, real)
0.7033474363746096
MSE (pred, real)
0.4794097016416876
MSE (pred, real)
0.6857398056829898
MSE (pred, real)
0.2933979571964029
MSE (pred, real)
0.9632212817340049
MSE (pred, real)
0.36389684700142994
MSE (pred, real)
2.1016130052850226
MSE (pred, real)
0.263020310117336
MSE (pred, real)
0.36363648685897243
MSE (pred, real)
0.26357606394866323
MSE (pred, real)
0.26556576275092164
MSE (pred, real)
2.038781693684307
MSE (pred, real)
0.6584610324177468
MSE (pred, real)
1.1651291131938897
MSE (pred, real)
0.4357540521722067
MSE (pred, real)
0.4191962535234849
MSE (pred, real)
0.22405651257559456
MSE (pred, real)
0.8633369914797813
MSE (pred, real)
0.5924604797534702
MSE (pred, real)
0.7163120153537916
MSE (pred, real)
0.7347805702571409
MSE (pred, real)
0.4057295558664593
MSE (pred, real)
0.37991714485201145
MSE (pred, real)
0.580834447660904
MSE (pred, real)
0.49383395175559225
MSE (pred, real)
0.5442288566123233
(954, 37)
Test error: 13952379.996192748
MSE (pred, real) | Label
94.35940302249205 | 0
MSE (pred, real) | Label
139.02029623358163 | 0
MSE (pred, real) | Label
6.410948319019297 | 0
MSE (pred, real) | Label
139.57059444667954 | 0
MSE (pred, real) | Label
24.518433286664006 | 0
MSE (pred, real) | Label
6.268282507053761 | 0
MSE (pred, real) | Label
25.709518137970168 | 0
MSE (pred, real) | Label
4.663885416642899 | 0
MSE (pred, real) | Label
4.3744835013803955 | 0
MSE (pred, real) | Label
88.91486176876312 | 0
MSE (pred, real) | Label
38.630663734308726 | 0
MSE (pred, real) | Label
4.910269433123199 | 0
MSE (pred, real) | Label
4.118504622637026 | 0
MSE (pred, real) | Label
104.1121276248901 | 0
MSE (pred, real) | Label
4.652875375954175 | 0
MSE (pred, real) | Label
4.648964566690746 | 0
MSE (pred, real) | Label
88.91765651519168 | 0
MSE (pred, real) | Label
8753.57752651668 | 0
MSE (pred, real) | Label
88.99118234648468 | 0
MSE (pred, real) | Label
8753.430671132688 | 0
MSE (pred, real) | Label
8753.430617000371 | 0
MSE (pred, real) | Label
8753.534194524496 | 0
MSE (pred, real) | Label
8753.534137497516 | 0
MSE (pred, real) | Label
8753.621531084034 | 0
MSE (pred, real) | Label
8754.27584142378 | 0
MSE (pred, real) | Label
8755.353456062112 | 0
MSE (pred, real) | Label
8753.414370290528 | 0
MSE (pred, real) | Label
8753.41577240604 | 0
MSE (pred, real) | Label
8753.391914613332 | 0
MSE (pred, real) | Label
8753.582331469148 | 0
MSE (pred, real) | Label
8753.641016123882 | 0
MSE (pred, real) | Label
8753.424204813069 | 0
MSE (pred, real) | Label
8753.59309141005 | 0
MSE (pred, real) | Label
8753.591331101432 | 0
MSE (pred, real) | Label
195872954.819722 | 0
MSE (pred, real) | Label
200678882.74155062 | 0
MSE (pred, real) | Label
2290586.758986214 | 0
MSE (pred, real) | Label
633358.3327151522 | 0
MSE (pred, real) | Label
69188899.21519068 | 0
MSE (pred, real) | Label
865804.9522550615 | 0
MSE (pred, real) | Label
1174040121.5216491 | 0
MSE (pred, real) | Label
1039488827.9242808 | 0
MSE (pred, real) | Label
634797.7682123093 | 0
MSE (pred, real) | Label
634797.7790014239 | 0
MSE (pred, real) | Label
634798.6360164117 | 0
MSE (pred, real) | Label
634798.5549074984 | 0
MSE (pred, real) | Label
634798.0957644619 | 0
MSE (pred, real) | Label
634797.7429405997 | 0
MSE (pred, real) | Label
634797.8021253281 | 0
MSE (pred, real) | Label
634798.6375677416 | 0
MSE (pred, real) | Label
634798.0897818034 | 0
MSE (pred, real) | Label
637491.3881385609 | 0
MSE (pred, real) | Label
10278.459263502758 | 0
MSE (pred, real) | Label
634797.7423466288 | 0
MSE (pred, real) | Label
634798.6875399165 | 0
MSE (pred, real) | Label
634798.8202987745 | 0
MSE (pred, real) | Label
634798.0847649793 | 0
MSE (pred, real) | Label
637503.4988399238 | 0
MSE (pred, real) | Label
8753.603475644577 | 0
MSE (pred, real) | Label
634797.2673634525 | 0
MSE (pred, real) | Label
8753.603017720945 | 0
MSE (pred, real) | Label
56423.049640991885 | 0
MSE (pred, real) | Label
8753.314537701575 | 0
MSE (pred, real) | Label
8753.600514282094 | 0
MSE (pred, real) | Label
8755.450428591586 | 0
MSE (pred, real) | Label
8755.418709119294 | 0
MSE (pred, real) | Label
251.59412573315186 | 0
MSE (pred, real) | Label
8755.45093831442 | 0
MSE (pred, real) | Label
8755.50081924161 | 0
MSE (pred, real) | Label
63.69361982308751 | 0
MSE (pred, real) | Label
6.134553251780357 | 0
MSE (pred, real) | Label
8753.21560003524 | 0
MSE (pred, real) | Label
8753.241231079497 | 0
MSE (pred, real) | Label
8753.256073472143 | 0
MSE (pred, real) | Label
8753.206330782547 | 0
MSE (pred, real) | Label
8753.274094081662 | 0
MSE (pred, real) | Label
8753.212003606568 | 0
MSE (pred, real) | Label
8753.216404398956 | 0
MSE (pred, real) | Label
8753.260961026726 | 0
MSE (pred, real) | Label
8753.233052409538 | 0
MSE (pred, real) | Label
8753.222770626846 | 0
MSE (pred, real) | Label
8753.24090439438 | 0
MSE (pred, real) | Label
8753.225652856916 | 0
MSE (pred, real) | Label
8753.20581504778 | 0
MSE (pred, real) | Label
8753.240882869804 | 0
MSE (pred, real) | Label
8753.237400054099 | 0
MSE (pred, real) | Label
8753.204307722996 | 0
MSE (pred, real) | Label
8753.256807763124 | 0
MSE (pred, real) | Label
8753.21629787134 | 0
MSE (pred, real) | Label
8753.397591658239 | 0
MSE (pred, real) | Label
8753.217514567075 | 0
MSE (pred, real) | Label
8753.403151364977 | 0
MSE (pred, real) | Label
8753.377128117252 | 0
MSE (pred, real) | Label
8753.22215403518 | 0
MSE (pred, real) | Label
8753.560021805857 | 0
MSE (pred, real) | Label
8753.585654089886 | 0
MSE (pred, real) | Label
8753.37511269839 | 0
MSE (pred, real) | Label
8753.564836985159 | 0
MSE (pred, real) | Label
8753.557844067196 | 0
MSE (pred, real) | Label
56423.432038359446 | 0
MSE (pred, real) | Label
1965482.1915273324 | 0
MSE (pred, real) | Label
56423.47317757194 | 0
MSE (pred, real) | Label
47676.134499311054 | 0
MSE (pred, real) | Label
125094.59405162327 | 0
MSE (pred, real) | Label
8753.28746982684 | 0
MSE (pred, real) | Label
8753.566143444068 | 0
MSE (pred, real) | Label
53640816.18765136 | 0
MSE (pred, real) | Label
530551.0221815888 | 0
MSE (pred, real) | Label
940858165.3342941 | 0
MSE (pred, real) | Label
836416773.0249068 | 0
MSE (pred, real) | Label
1794480.6102489196 | 0
MSE (pred, real) | Label
789998.4882186354 | 0
MSE (pred, real) | Label
155879635.47750705 | 0
MSE (pred, real) | Label
156437337.05457392 | 0
MSE (pred, real) | Label
8753.719963447533 | 0
MSE (pred, real) | Label
6.293216334601907 | 0
MSE (pred, real) | Label
3388.3738913757766 | 0
MSE (pred, real) | Label
6.46329153606363 | 0
MSE (pred, real) | Label
3390.129062916593 | 0
MSE (pred, real) | Label
5.845875875063413 | 0
MSE (pred, real) | Label
97.97380391629858 | 0
MSE (pred, real) | Label
97.97297649323758 | 0
MSE (pred, real) | Label
375377.3366505618 | 0
MSE (pred, real) | Label
4000.385119247601 | 0
MSE (pred, real) | Label
3417.6755467514245 | 0
MSE (pred, real) | Label
3418.5724671446733 | 0
MSE (pred, real) | Label
3418.435930820216 | 0
MSE (pred, real) | Label
3418.018437025575 | 0
MSE (pred, real) | Label
4466.701319489808 | 0
MSE (pred, real) | Label
3388.453167007762 | 0
MSE (pred, real) | Label
3388.4178862728772 | 0
MSE (pred, real) | Label
97.96884813670998 | 0
MSE (pred, real) | Label
4603.841988707747 | 0
MSE (pred, real) | Label
80.49589880186053 | 0
MSE (pred, real) | Label
3390.164441022206 | 0
MSE (pred, real) | Label
8.518476929566912 | 0
MSE (pred, real) | Label
3390.1116820827374 | 0
MSE (pred, real) | Label
8.098574580737562 | 0
MSE (pred, real) | Label
5.825021437616279 | 0
MSE (pred, real) | Label
5.804784341646924 | 0
MSE (pred, real) | Label
3612.5936845184433 | 0
MSE (pred, real) | Label
3390.2881200388556 | 0
MSE (pred, real) | Label
8.748983467427292 | 0
MSE (pred, real) | Label
6.011534155685825 | 0
MSE (pred, real) | Label
3390.305218055481 | 0
MSE (pred, real) | Label
54.69290717874066 | 0
MSE (pred, real) | Label
5.9617979539261965 | 0
MSE (pred, real) | Label
307318.24818669196 | 0
MSE (pred, real) | Label
1496188958.244797 | 0
MSE (pred, real) | Label
265495635.27239355 | 0
MSE (pred, real) | Label
264809622.3550442 | 0
MSE (pred, real) | Label
92074180.02344456 | 0
MSE (pred, real) | Label
1171759.2897924362 | 0
MSE (pred, real) | Label
1450926942.3965173 | 0
MSE (pred, real) | Label
3387395.6976114064 | 0
MSE (pred, real) | Label
3713.225977127201 | 0
MSE (pred, real) | Label
3949.0164011806646 | 0
MSE (pred, real) | Label
3950.4472043254227 | 0
MSE (pred, real) | Label
3417.619319149676 | 0
MSE (pred, real) | Label
3417.632542434974 | 0
MSE (pred, real) | Label
3418.507937526795 | 0
MSE (pred, real) | Label
3418.4003328399167 | 0
MSE (pred, real) | Label
3417.9869039747373 | 0
MSE (pred, real) | Label
3417.6487182291685 | 0
MSE (pred, real) | Label
3417.6864903141313 | 0
MSE (pred, real) | Label
3418.517939116222 | 0
MSE (pred, real) | Label
3418.4166389420643 | 0
MSE (pred, real) | Label
3418.0507729492224 | 0
MSE (pred, real) | Label
4662.810675490669 | 0
MSE (pred, real) | Label
139.42270643211884 | 0
MSE (pred, real) | Label
4456.634230708356 | 0
MSE (pred, real) | Label
3388.104861609198 | 0
MSE (pred, real) | Label
66.31018525921797 | 0
MSE (pred, real) | Label
3388.205852089506 | 0
MSE (pred, real) | Label
3388.099405399535 | 0
MSE (pred, real) | Label
4000.376358859949 | 0
MSE (pred, real) | Label
3390.118818907875 | 0
MSE (pred, real) | Label
7.017968649881846 | 0
MSE (pred, real) | Label
50.88443826139968 | 0
MSE (pred, real) | Label
3388.4227919988653 | 0
MSE (pred, real) | Label
4518.071829029893 | 0
MSE (pred, real) | Label
36923.37022520434 | 0
MSE (pred, real) | Label
4576.691221381665 | 0
MSE (pred, real) | Label
78842.17366524605 | 0
MSE (pred, real) | Label
4518.342107153367 | 0
MSE (pred, real) | Label
305277.6539179347 | 0
MSE (pred, real) | Label
4439.018440021754 | 0
MSE (pred, real) | Label
36945.90496437636 | 0
MSE (pred, real) | Label
4441.32170312065 | 0
MSE (pred, real) | Label
22288.23438486365 | 0
MSE (pred, real) | Label
4440.848010408199 | 0
MSE (pred, real) | Label
3417.667188870396 | 0
MSE (pred, real) | Label
3418.538338083831 | 0
MSE (pred, real) | Label
3418.412179315361 | 0
MSE (pred, real) | Label
3418.020432718796 | 0
MSE (pred, real) | Label
4458.992916099643 | 0
MSE (pred, real) | Label
3474.5807646738745 | 0
MSE (pred, real) | Label
3388.459234998998 | 0
MSE (pred, real) | Label
3417.4947093638434 | 0
MSE (pred, real) | Label
92.25422951198308 | 0
MSE (pred, real) | Label
3388.075352540103 | 0
MSE (pred, real) | Label
3388.196110718035 | 0
MSE (pred, real) | Label
3388.0615036943464 | 0
MSE (pred, real) | Label
11772.164047611284 | 0
MSE (pred, real) | Label
4515.435188869122 | 0
MSE (pred, real) | Label
3388.0869582503215 | 0
MSE (pred, real) | Label
3388.193180327413 | 0
MSE (pred, real) | Label
44.882018484901735 | 0
MSE (pred, real) | Label
3388.0735313044775 | 0
MSE (pred, real) | Label
3388.235958845679 | 0
MSE (pred, real) | Label
3388.1914616206054 | 0
MSE (pred, real) | Label
3388.077664490998 | 0
MSE (pred, real) | Label
3388.219847731899 | 0
MSE (pred, real) | Label
3388.271897462321 | 0
MSE (pred, real) | Label
3388.1765131215147 | 0
MSE (pred, real) | Label
3388.080079306097 | 0
MSE (pred, real) | Label
3335.291056771791 | 0
MSE (pred, real) | Label
18379.269132476988 | 0
MSE (pred, real) | Label
3334.824559131299 | 0
MSE (pred, real) | Label
3335.085926396631 | 0
MSE (pred, real) | Label
3335.0279205929905 | 0
MSE (pred, real) | Label
3335.038014601955 | 0
MSE (pred, real) | Label
3335.03795480171 | 0
MSE (pred, real) | Label
3335.196461069725 | 0
MSE (pred, real) | Label
3335.196407061692 | 0
MSE (pred, real) | Label
3335.9159835036417 | 0
MSE (pred, real) | Label
3336.957297980987 | 0
MSE (pred, real) | Label
22198.565678169518 | 0
MSE (pred, real) | Label
4363.54511475161 | 0
MSE (pred, real) | Label
3337.4811483345065 | 0
MSE (pred, real) | Label
3335.2883767246926 | 0
MSE (pred, real) | Label
20.501019596186563 | 0
MSE (pred, real) | Label
3338.709833015605 | 0
MSE (pred, real) | Label
28.768466187745954 | 0
MSE (pred, real) | Label
4357.386589153446 | 0
MSE (pred, real) | Label
62558.49260768274 | 0
MSE (pred, real) | Label
348527.457703513 | 0
MSE (pred, real) | Label
3335.3565615572656 | 0
MSE (pred, real) | Label
3334.8651104335486 | 0
MSE (pred, real) | Label
3335.0597578229235 | 0
MSE (pred, real) | Label
3334.8788216396947 | 0
MSE (pred, real) | Label
3335.089371213665 | 0
MSE (pred, real) | Label
3334.8763902989435 | 0
MSE (pred, real) | Label
3335.104142807676 | 0
MSE (pred, real) | Label
3334.803856785923 | 0
MSE (pred, real) | Label
8.801425721717843 | 0
MSE (pred, real) | Label
3335.0029193862206 | 0
MSE (pred, real) | Label
93.74032863005986 | 0
MSE (pred, real) | Label
3334.845816133763 | 0
MSE (pred, real) | Label
3334.903454345891 | 0
MSE (pred, real) | Label
3334.802774092585 | 0
MSE (pred, real) | Label
3334.8737841515326 | 0
MSE (pred, real) | Label
3335.048404548886 | 0
MSE (pred, real) | Label
3335.07521016494 | 0
MSE (pred, real) | Label
3335.1015907105725 | 0
MSE (pred, real) | Label
3335.014302457311 | 0
MSE (pred, real) | Label
3334.8821426266486 | 0
MSE (pred, real) | Label
3334.871695025966 | 0
MSE (pred, real) | Label
3334.8000265887626 | 0
MSE (pred, real) | Label
3334.896886283337 | 0
MSE (pred, real) | Label
3335.07743130109 | 0
MSE (pred, real) | Label
3335.0942775492326 | 0
MSE (pred, real) | Label
3335.068656865089 | 0
MSE (pred, real) | Label
3334.9985435313506 | 0
MSE (pred, real) | Label
3334.839506137733 | 0
MSE (pred, real) | Label
3334.8675372490147 | 0
MSE (pred, real) | Label
3334.8925873632666 | 0
MSE (pred, real) | Label
3335.039594283368 | 0
MSE (pred, real) | Label
3335.091620837376 | 0
MSE (pred, real) | Label
3334.8093339808665 | 0
MSE (pred, real) | Label
3335.0674395721917 | 0
MSE (pred, real) | Label
3334.9944771698456 | 0
MSE (pred, real) | Label
3337.071196195846 | 0
MSE (pred, real) | Label
3334.992455674258 | 0
MSE (pred, real) | Label
3337.0447527228293 | 0
MSE (pred, real) | Label
3335.2508363230054 | 0
MSE (pred, real) | Label
3337.0205791654807 | 0
MSE (pred, real) | Label
369867.00693004637 | 0
MSE (pred, real) | Label
3339.6086508707253 | 0
MSE (pred, real) | Label
217326.33067823527 | 0
MSE (pred, real) | Label
1449837257.195855 | 0
MSE (pred, real) | Label
244435469.9860595 | 0
MSE (pred, real) | Label
77688798.50456432 | 0
MSE (pred, real) | Label
1436161684.8775442 | 0
MSE (pred, real) | Label
259814113.56301546 | 0
MSE (pred, real) | Label
1120061.0998922978 | 0
MSE (pred, real) | Label
3593763.225246061 | 0
MSE (pred, real) | Label
4578.74930700125 | 0
MSE (pred, real) | Label
141.94933919631777 | 0
MSE (pred, real) | Label
348615.5538051272 | 0
MSE (pred, real) | Label
3991.523348807661 | 0
MSE (pred, real) | Label
3653.548293167626 | 0
MSE (pred, real) | Label
3355.2841881410786 | 0
MSE (pred, real) | Label
3356.2190427404407 | 0
MSE (pred, real) | Label
3356.0577900081803 | 0
MSE (pred, real) | Label
3355.7060403713763 | 0
MSE (pred, real) | Label
3334.934892449905 | 0
MSE (pred, real) | Label
3334.8944269927943 | 0
MSE (pred, real) | Label
3334.92430126954 | 0
MSE (pred, real) | Label
3334.927248153773 | 0
MSE (pred, real) | Label
3334.929458999706 | 0
MSE (pred, real) | Label
3334.887202545775 | 0
MSE (pred, real) | Label
3334.914464686296 | 0
MSE (pred, real) | Label
3334.963239365606 | 0
MSE (pred, real) | Label
3334.9009714333324 | 0
MSE (pred, real) | Label
3334.9352510736585 | 0
MSE (pred, real) | Label
3334.8547397722778 | 0
MSE (pred, real) | Label
3334.8839550086223 | 0
MSE (pred, real) | Label
3334.9220199444394 | 0
MSE (pred, real) | Label
4381.283441970794 | 0
MSE (pred, real) | Label
3334.9019124169763 | 0
MSE (pred, real) | Label
3334.9667651024974 | 0
MSE (pred, real) | Label
3334.922730606163 | 0
MSE (pred, real) | Label
3334.8550725551045 | 0
MSE (pred, real) | Label
3334.8960286175793 | 0
MSE (pred, real) | Label
3334.9218487696185 | 0
MSE (pred, real) | Label
1352.442602662223 | 0
MSE (pred, real) | Label
110.81196783870652 | 0
MSE (pred, real) | Label
1352.5437998899974 | 0
MSE (pred, real) | Label
1352.2694575743258 | 0
MSE (pred, real) | Label
1352.5567399655176 | 0
MSE (pred, real) | Label
1352.1952315930794 | 0
MSE (pred, real) | Label
1352.274545114605 | 0
MSE (pred, real) | Label
109.04596331175432 | 0
MSE (pred, real) | Label
1352.54913847454 | 0
MSE (pred, real) | Label
109.4062226780334 | 0
MSE (pred, real) | Label
1352.5046961914268 | 0
MSE (pred, real) | Label
109.70936791629461 | 0
MSE (pred, real) | Label
1352.5534893507922 | 0
MSE (pred, real) | Label
42.193393671783646 | 0
MSE (pred, real) | Label
42.193383245914255 | 0
MSE (pred, real) | Label
1354.4882002802722 | 0
MSE (pred, real) | Label
1352.6914020652875 | 0
MSE (pred, real) | Label
1352.571764961205 | 0
MSE (pred, real) | Label
42.19056057531764 | 0
MSE (pred, real) | Label
1354.4353840449178 | 0
MSE (pred, real) | Label
1354.464790624812 | 0
MSE (pred, real) | Label
1354.5242825189268 | 0
MSE (pred, real) | Label
1352.6506249401887 | 0
MSE (pred, real) | Label
6.274923550077495 | 0
MSE (pred, real) | Label
1354.5717348569851 | 0
MSE (pred, real) | Label
33.35109524818182 | 0
MSE (pred, real) | Label
6.02329181466485 | 0
MSE (pred, real) | Label
6.036210307055452 | 0
MSE (pred, real) | Label
1352.2380581246912 | 0
MSE (pred, real) | Label
1352.2935073279834 | 0
MSE (pred, real) | Label
1352.2587692690124 | 0
MSE (pred, real) | Label
1352.282897833763 | 0
MSE (pred, real) | Label
1352.2428545839819 | 0
MSE (pred, real) | Label
1352.2570727280586 | 0
MSE (pred, real) | Label
1352.1929011032873 | 0
MSE (pred, real) | Label
1352.5214897843298 | 0
MSE (pred, real) | Label
1352.24017706678 | 0
MSE (pred, real) | Label
1352.5469721500906 | 0
MSE (pred, real) | Label
1352.4755734320165 | 0
MSE (pred, real) | Label
1352.5358474567531 | 0
MSE (pred, real) | Label
1352.2328672316512 | 0
MSE (pred, real) | Label
1352.178495470572 | 0
MSE (pred, real) | Label
1352.2567035406648 | 0
MSE (pred, real) | Label
1352.5280750038426 | 0
MSE (pred, real) | Label
1352.2775016524329 | 0
MSE (pred, real) | Label
1352.454497414808 | 0
MSE (pred, real) | Label
1352.5315870907339 | 0
MSE (pred, real) | Label
1352.5190687942213 | 0
MSE (pred, real) | Label
1361.4275515926236 | 0
MSE (pred, real) | Label
1361.3782231075347 | 0
MSE (pred, real) | Label
1352.2284600408584 | 0
MSE (pred, real) | Label
1352.5541445561723 | 0
MSE (pred, real) | Label
1352.1920017876866 | 0
MSE (pred, real) | Label
1352.2807832329079 | 0
MSE (pred, real) | Label
1352.2302792191542 | 0
MSE (pred, real) | Label
1352.4565773173726 | 0
MSE (pred, real) | Label
1352.4814247533943 | 0
MSE (pred, real) | Label
1352.454318092995 | 0
MSE (pred, real) | Label
1352.4525565358183 | 0
MSE (pred, real) | Label
1352.4762360140737 | 0
MSE (pred, real) | Label
1352.4638850531162 | 0
MSE (pred, real) | Label
1352.2174465820087 | 0
MSE (pred, real) | Label
5.893821511351947 | 0
MSE (pred, real) | Label
1352.4749938283778 | 0
MSE (pred, real) | Label
1360.022974944235 | 0
MSE (pred, real) | Label
45.87860204646239 | 0
MSE (pred, real) | Label
584826363.6528995 | 0
MSE (pred, real) | Label
103389348.3089862 | 0
MSE (pred, real) | Label
104181900.84421143 | 0
MSE (pred, real) | Label
33105652.33054744 | 0
MSE (pred, real) | Label
590849276.676357 | 0
MSE (pred, real) | Label
1399515.6409656464 | 0
MSE (pred, real) | Label
465235.2804068585 | 0
MSE (pred, real) | Label
93199.05586418409 | 0
MSE (pred, real) | Label
1361.578874987268 | 0
MSE (pred, real) | Label
1361.428012000635 | 0
MSE (pred, real) | Label
1360.934292400727 | 0
MSE (pred, real) | Label
1360.657535552413 | 0
MSE (pred, real) | Label
1360.6067808210507 | 0
MSE (pred, real) | Label
1360.9995879193289 | 0
MSE (pred, real) | Label
1360.9995790572168 | 0
MSE (pred, real) | Label
1361.4978215016617 | 0
MSE (pred, real) | Label
1361.4859249443527 | 0
MSE (pred, real) | Label
1361.3607061039404 | 0
MSE (pred, real) | Label
1360.6494612022457 | 0
MSE (pred, real) | Label
1361.004923152605 | 0
MSE (pred, real) | Label
1360.6718250771946 | 0
MSE (pred, real) | Label
1360.9840591934621 | 0
MSE (pred, real) | Label
1360.694084036663 | 0
MSE (pred, real) | Label
1360.615666856002 | 0
MSE (pred, real) | Label
1360.63609299695 | 0
MSE (pred, real) | Label
1361.5645482906448 | 0
MSE (pred, real) | Label
1360.9846365036424 | 0
MSE (pred, real) | Label
1361.012988149697 | 0
MSE (pred, real) | Label
1360.9076765879533 | 0
MSE (pred, real) | Label
1360.6058105818106 | 0
MSE (pred, real) | Label
1361.044323691967 | 0
MSE (pred, real) | Label
1360.978188758002 | 0
MSE (pred, real) | Label
1361.019787219644 | 0
MSE (pred, real) | Label
1361.0805913841118 | 0
MSE (pred, real) | Label
4.830690559893393 | 0
MSE (pred, real) | Label
4.82608667038591 | 0
MSE (pred, real) | Label
5.2476054423359155 | 0
MSE (pred, real) | Label
4.896189526181541 | 0
MSE (pred, real) | Label
4.802155136549409 | 0
MSE (pred, real) | Label
4.8022707159951645 | 0
MSE (pred, real) | Label
4.972617251904611 | 0
MSE (pred, real) | Label
4.459661933138178 | 0
MSE (pred, real) | Label
4.4642514921923375 | 0
MSE (pred, real) | Label
4.456687782828866 | 0
MSE (pred, real) | Label
4.830797573563548 | 0
MSE (pred, real) | Label
4.795342245749054 | 0
MSE (pred, real) | Label
4.786293779751248 | 0
MSE (pred, real) | Label
4.785403378105829 | 0
MSE (pred, real) | Label
4.815029959798201 | 0
MSE (pred, real) | Label
4.794026843722858 | 0
MSE (pred, real) | Label
4.545891259917262 | 0
MSE (pred, real) | Label
4.517447208075408 | 0
MSE (pred, real) | Label
4.477674799852034 | 0
MSE (pred, real) | Label
4.501284072383706 | 0
MSE (pred, real) | Label
4.469379043862213 | 0
MSE (pred, real) | Label
4.501711143457881 | 0
MSE (pred, real) | Label
4.455590756231021 | 0
MSE (pred, real) | Label
4.467031863807769 | 0
MSE (pred, real) | Label
5.62102983566825 | 0
MSE (pred, real) | Label
4.584711903637242 | 0
MSE (pred, real) | Label
4.501670950158523 | 0
MSE (pred, real) | Label
4.537159556057839 | 0
MSE (pred, real) | Label
5.411317761331 | 0
MSE (pred, real) | Label
4.8105339883421525 | 0
MSE (pred, real) | Label
4.795683863783146 | 0
MSE (pred, real) | Label
4.4292221983348385 | 0
MSE (pred, real) | Label
4.4436855993748345 | 0
MSE (pred, real) | Label
4.793916726861849 | 0
MSE (pred, real) | Label
4.782421924906058 | 0
MSE (pred, real) | Label
4.898651042310919 | 0
MSE (pred, real) | Label
4.851066877277726 | 0
MSE (pred, real) | Label
4.801212050477105 | 0
MSE (pred, real) | Label
4.8514750552548405 | 0
MSE (pred, real) | Label
4.898171802498152 | 0
MSE (pred, real) | Label
4.892438944380362 | 0
MSE (pred, real) | Label
4.54914317727247 | 0
MSE (pred, real) | Label
4.572523842155885 | 0
MSE (pred, real) | Label
4.517951763627648 | 0
MSE (pred, real) | Label
4.488174919976466 | 0
MSE (pred, real) | Label
4.4606940042173795 | 0
MSE (pred, real) | Label
4.481490387243976 | 0
MSE (pred, real) | Label
4.439963327379653 | 0
MSE (pred, real) | Label
4.383440586681277 | 0
MSE (pred, real) | Label
4.39614582269797 | 0
MSE (pred, real) | Label
4.448374992699073 | 0
MSE (pred, real) | Label
4.5078195160971575 | 0
MSE (pred, real) | Label
4.4576016320093474 | 0
MSE (pred, real) | Label
4.760554311124425 | 0
MSE (pred, real) | Label
4.789001714057084 | 0
MSE (pred, real) | Label
4.777376763377474 | 0
MSE (pred, real) | Label
4.425141347740506 | 0
MSE (pred, real) | Label
4.46036752427497 | 0
MSE (pred, real) | Label
4.471748669981481 | 0
MSE (pred, real) | Label
4.8377390005692025 | 0
MSE (pred, real) | Label
4.813712273535682 | 0
MSE (pred, real) | Label
0.5179963281604519 | 1
MSE (pred, real) | Label
0.7960334506211688 | 1
MSE (pred, real) | Label
0.28523644413710886 | 1
MSE (pred, real) | Label
0.44653085049526403 | 1
MSE (pred, real) | Label
0.3935343260202582 | 1
MSE (pred, real) | Label
0.3341614584904711 | 1
MSE (pred, real) | Label
0.5826744950737195 | 1
MSE (pred, real) | Label
0.40879151065063957 | 1
MSE (pred, real) | Label
0.4780701644106443 | 1
MSE (pred, real) | Label
0.497514938410863 | 1
MSE (pred, real) | Label
1.0463361323461877 | 1
MSE (pred, real) | Label
0.221297775474416 | 1
MSE (pred, real) | Label
0.46131675556763246 | 1
MSE (pred, real) | Label
0.2843133531998428 | 1
MSE (pred, real) | Label
0.9421305712463239 | 1
MSE (pred, real) | Label
0.543119079185671 | 1
MSE (pred, real) | Label
0.8865390959435173 | 1
MSE (pred, real) | Label
0.24879090666306392 | 1
MSE (pred, real) | Label
1.2915793238112934 | 1
MSE (pred, real) | Label
6.217419115990938 | 1
MSE (pred, real) | Label
0.6975919950135784 | 1
MSE (pred, real) | Label
0.5207693460806855 | 1
MSE (pred, real) | Label
0.5024742889088261 | 1
MSE (pred, real) | Label
0.6802270992463122 | 1
MSE (pred, real) | Label
0.28005107702600934 | 1
MSE (pred, real) | Label
0.892021875166704 | 1
MSE (pred, real) | Label
0.23866807501189352 | 1
MSE (pred, real) | Label
0.3261913238594379 | 1
MSE (pred, real) | Label
0.22067141245470062 | 1
MSE (pred, real) | Label
0.4943135725424714 | 1
MSE (pred, real) | Label
1.3229926670423944 | 1
MSE (pred, real) | Label
0.35362656238324647 | 1
MSE (pred, real) | Label
0.6170236925381202 | 1
MSE (pred, real) | Label
0.5461193303944263 | 1
MSE (pred, real) | Label
0.4346367479651234 | 1
MSE (pred, real) | Label
0.8274405988973842 | 1
MSE (pred, real) | Label
0.5486328849747638 | 1
MSE (pred, real) | Label
1.862506301463109 | 1
MSE (pred, real) | Label
0.44559740872866577 | 1
MSE (pred, real) | Label
0.5842829939389014 | 1
MSE (pred, real) | Label
0.5017839955909527 | 1
MSE (pred, real) | Label
2.3837305027744202 | 1
MSE (pred, real) | Label
0.7165415285327369 | 1
MSE (pred, real) | Label
1.6868311214332772 | 1
MSE (pred, real) | Label
0.3734652124545358 | 1
MSE (pred, real) | Label
1.044293130554633 | 1
MSE (pred, real) | Label
0.2135413265070972 | 1
MSE (pred, real) | Label
1.6919363904167197 | 1
MSE (pred, real) | Label
0.5606378199071756 | 1
MSE (pred, real) | Label
0.4879976384577274 | 1
MSE (pred, real) | Label
0.30374922087370815 | 1
MSE (pred, real) | Label
0.38557996800088884 | 1
MSE (pred, real) | Label
0.720877448858494 | 1
MSE (pred, real) | Label
0.5274580144179024 | 1
MSE (pred, real) | Label
0.9770447706975816 | 1
MSE (pred, real) | Label
0.3327227461414229 | 1
MSE (pred, real) | Label
0.4824891646660357 | 1
MSE (pred, real) | Label
0.5819833989299348 | 1
MSE (pred, real) | Label
0.46300837996509536 | 1
MSE (pred, real) | Label
0.27498088811594473 | 1
MSE (pred, real) | Label
0.24922610940372253 | 1
MSE (pred, real) | Label
0.7619888347638852 | 1
MSE (pred, real) | Label
0.325034043399073 | 1
MSE (pred, real) | Label
0.9401372699003461 | 1
MSE (pred, real) | Label
0.8035554752578572 | 1
MSE (pred, real) | Label
0.3054339688979365 | 1
MSE (pred, real) | Label
0.5369955949109398 | 1
MSE (pred, real) | Label
0.30187354429465557 | 1
MSE (pred, real) | Label
0.33269405869897023 | 1
MSE (pred, real) | Label
1.7265080417608938 | 1
MSE (pred, real) | Label
0.5248479832924923 | 1
MSE (pred, real) | Label
0.2014298735967792 | 1
MSE (pred, real) | Label
0.6246963016263376 | 1
MSE (pred, real) | Label
0.8141452258697541 | 1
MSE (pred, real) | Label
0.32706405441134173 | 1
MSE (pred, real) | Label
0.7898067417059612 | 1
MSE (pred, real) | Label
0.5518465450620061 | 1
MSE (pred, real) | Label
0.1985827943043722 | 1
MSE (pred, real) | Label
0.9995740235742882 | 1
MSE (pred, real) | Label
0.9752821241413748 | 1
MSE (pred, real) | Label
0.3835911646188215 | 1
MSE (pred, real) | Label
0.3280420333856904 | 1
MSE (pred, real) | Label
0.6034458324559434 | 1
MSE (pred, real) | Label
0.5818325451000972 | 1
MSE (pred, real) | Label
0.46748677030084634 | 1
MSE (pred, real) | Label
0.89553446945703 | 1
MSE (pred, real) | Label
0.5243253856388351 | 1
MSE (pred, real) | Label
0.8897341735396872 | 1
MSE (pred, real) | Label
0.8565348413951871 | 1
MSE (pred, real) | Label
0.5389715734947316 | 1
MSE (pred, real) | Label
0.24097675607658767 | 1
MSE (pred, real) | Label
0.48571872113393827 | 1
MSE (pred, real) | Label
0.46933010829880123 | 1
MSE (pred, real) | Label
0.780192306782 | 1
MSE (pred, real) | Label
0.5644884197361982 | 1
MSE (pred, real) | Label
0.5684987421635567 | 1
MSE (pred, real) | Label
0.24677718673780963 | 1
MSE (pred, real) | Label
1.692365612596298 | 1
MSE (pred, real) | Label
0.4314058964833122 | 1
MSE (pred, real) | Label
0.4103001901384578 | 1
MSE (pred, real) | Label
1.8223695837428273 | 1
MSE (pred, real) | Label
0.6849698379104648 | 1
MSE (pred, real) | Label
0.9532694419947392 | 1
MSE (pred, real) | Label
0.6148497091654328 | 1
MSE (pred, real) | Label
0.6940707275955801 | 1
MSE (pred, real) | Label
1.1129988984450088 | 1
MSE (pred, real) | Label
0.3390551523628763 | 1
MSE (pred, real) | Label
0.2338371197671953 | 1
MSE (pred, real) | Label
0.5171592860337089 | 1
MSE (pred, real) | Label
1.8626496977615898 | 1
MSE (pred, real) | Label
0.9512162047624939 | 1
MSE (pred, real) | Label
0.34880858224177685 | 1
MSE (pred, real) | Label
0.2814169340656081 | 1
MSE (pred, real) | Label
0.2834663377872969 | 1
MSE (pred, real) | Label
1.0596094974951114 | 1
MSE (pred, real) | Label
0.9045345868216327 | 1
MSE (pred, real) | Label
1.0521122935685434 | 1
MSE (pred, real) | Label
0.2694414793252162 | 1
MSE (pred, real) | Label
0.4687262990069658 | 1
MSE (pred, real) | Label
0.2046313993715901 | 1
MSE (pred, real) | Label
0.5101444540673762 | 1
MSE (pred, real) | Label
1.1021313346354935 | 1
MSE (pred, real) | Label
0.7365398443109028 | 1
MSE (pred, real) | Label
0.9214329746673465 | 1
MSE (pred, real) | Label
0.2843750078810216 | 1
MSE (pred, real) | Label
0.5404005019212457 | 1
MSE (pred, real) | Label
0.9436273348644927 | 1
MSE (pred, real) | Label
0.2040534194586239 | 1
MSE (pred, real) | Label
0.5840215021545957 | 1
MSE (pred, real) | Label
0.7944353785292981 | 1
MSE (pred, real) | Label
0.5502311837078214 | 1
MSE (pred, real) | Label
7.930244997012054 | 1
MSE (pred, real) | Label
0.673596807261765 | 1
MSE (pred, real) | Label
0.37838725085559893 | 1
MSE (pred, real) | Label
0.4382293338698144 | 1
MSE (pred, real) | Label
3.482641259149809 | 1
MSE (pred, real) | Label
0.407846524156179 | 1
MSE (pred, real) | Label
0.5063998140977798 | 1
MSE (pred, real) | Label
2.0875650786719193 | 1
MSE (pred, real) | Label
0.3111784990644364 | 1
MSE (pred, real) | Label
0.9624444851855654 | 1
MSE (pred, real) | Label
0.3761828756571959 | 1
MSE (pred, real) | Label
0.23650620384738946 | 1
MSE (pred, real) | Label
0.47510239332661935 | 1
MSE (pred, real) | Label
0.7007284396989021 | 1
MSE (pred, real) | Label
0.3571009535386539 | 1
MSE (pred, real) | Label
0.31453542900679804 | 1
MSE (pred, real) | Label
0.9549605446490596 | 1
MSE (pred, real) | Label
0.24867262099887588 | 1
MSE (pred, real) | Label
0.46283993287357106 | 1
MSE (pred, real) | Label
0.42389892940795887 | 1
MSE (pred, real) | Label
0.26283378438726496 | 1
MSE (pred, real) | Label
0.7564524415018501 | 1
MSE (pred, real) | Label
1.193210191689543 | 1
MSE (pred, real) | Label
0.5551412152734041 | 1
MSE (pred, real) | Label
0.7036496763426653 | 1
MSE (pred, real) | Label
0.25246504721709545 | 1
MSE (pred, real) | Label
0.5083565555408885 | 1
MSE (pred, real) | Label
0.21780163217226753 | 1
MSE (pred, real) | Label
0.5542253953188537 | 1
MSE (pred, real) | Label
0.2080757584996907 | 1
MSE (pred, real) | Label
0.8087918860647871 | 1
MSE (pred, real) | Label
0.36624758487184206 | 1
MSE (pred, real) | Label
0.46830662197594586 | 1
MSE (pred, real) | Label
0.2274762204154894 | 1
MSE (pred, real) | Label
0.6677377995146951 | 1
MSE (pred, real) | Label
0.508026070865693 | 1
MSE (pred, real) | Label
0.33962145826258217 | 1
MSE (pred, real) | Label
0.33816754862264936 | 1
MSE (pred, real) | Label
0.24003636590464555 | 1
MSE (pred, real) | Label
0.3550465915957445 | 1
MSE (pred, real) | Label
0.47520258389931574 | 1
MSE (pred, real) | Label
0.3288869608820155 | 1
MSE (pred, real) | Label
0.31007149606421164 | 1
MSE (pred, real) | Label
0.7583360111239305 | 1
MSE (pred, real) | Label
0.32234379914762396 | 1
MSE (pred, real) | Label
0.8616655347308496 | 1
MSE (pred, real) | Label
0.5342475997799689 | 1
MSE (pred, real) | Label
0.8315065355265795 | 1
MSE (pred, real) | Label
0.612094045337999 | 1
MSE (pred, real) | Label
0.6361887719485759 | 1
MSE (pred, real) | Label
1.69792823143188 | 1
MSE (pred, real) | Label
0.7528999915265812 | 1
MSE (pred, real) | Label
0.5063335237112075 | 1
MSE (pred, real) | Label
0.39197978991577115 | 1
MSE (pred, real) | Label
0.7442493315964491 | 1
MSE (pred, real) | Label
0.5492459391383815 | 1
MSE (pred, real) | Label
0.5346973535162656 | 1
MSE (pred, real) | Label
1.3073759495716295 | 1
MSE (pred, real) | Label
4.269728191614434 | 1
MSE (pred, real) | Label
0.42058801888836894 | 1
MSE (pred, real) | Label
1.3590087892033895 | 1
MSE (pred, real) | Label
0.8694204823168 | 1
MSE (pred, real) | Label
0.6835608113191365 | 1
MSE (pred, real) | Label
0.520510688667667 | 1
MSE (pred, real) | Label
0.33191950671885423 | 1
MSE (pred, real) | Label
0.2659342082449763 | 1
MSE (pred, real) | Label
0.4551486896854646 | 1
MSE (pred, real) | Label
0.5095648679899446 | 1
MSE (pred, real) | Label
0.47463655355666545 | 1
MSE (pred, real) | Label
0.3397145046227722 | 1
MSE (pred, real) | Label
0.31504871912504356 | 1
MSE (pred, real) | Label
1.1934690531107452 | 1
MSE (pred, real) | Label
0.32198826268548486 | 1
MSE (pred, real) | Label
0.4351354052174008 | 1
MSE (pred, real) | Label
0.5847097155221962 | 1
MSE (pred, real) | Label
0.4919533368533497 | 1
MSE (pred, real) | Label
0.9430310420855992 | 1
MSE (pred, real) | Label
0.4865064174963665 | 1
MSE (pred, real) | Label
0.2910998877784934 | 1
MSE (pred, real) | Label
0.4583067724501363 | 1
MSE (pred, real) | Label
0.42512395084284366 | 1
MSE (pred, real) | Label
0.7999624154484543 | 1
MSE (pred, real) | Label
0.24596698179881787 | 1
MSE (pred, real) | Label
0.6532419711125101 | 1
MSE (pred, real) | Label
0.6151075257737577 | 1
MSE (pred, real) | Label
0.9413030829853913 | 1
MSE (pred, real) | Label
1.6039861263644957 | 1
MSE (pred, real) | Label
0.6387596165716406 | 1
MSE (pred, real) | Label
0.47606210292637924 | 1
MSE (pred, real) | Label
1.1053679058677766 | 1
MSE (pred, real) | Label
0.23551303338180754 | 1
MSE (pred, real) | Label
0.9891054267414447 | 1
MSE (pred, real) | Label
1.2177266293134545 | 1
MSE (pred, real) | Label
0.8201570757315549 | 1
MSE (pred, real) | Label
0.2938107139112523 | 1
MSE (pred, real) | Label
0.4919847715617453 | 1
MSE (pred, real) | Label
0.32105185745102527 | 1
MSE (pred, real) | Label
0.33070881831082577 | 1
MSE (pred, real) | Label
0.2821727218659114 | 1
MSE (pred, real) | Label
0.8848319378160289 | 1
MSE (pred, real) | Label
0.252138464427991 | 1
MSE (pred, real) | Label
0.992104194428273 | 1
MSE (pred, real) | Label
0.44113992741310665 | 1
MSE (pred, real) | Label
0.6399204780568076 | 1
MSE (pred, real) | Label
0.21643336359056492 | 1
MSE (pred, real) | Label
0.25285723397007337 | 1
MSE (pred, real) | Label
0.48202884861931156 | 1
MSE (pred, real) | Label
0.7204154537337419 | 1
MSE (pred, real) | Label
0.28351600616217243 | 1
MSE (pred, real) | Label
0.4843186774506991 | 1
MSE (pred, real) | Label
0.21152653614852238 | 1
MSE (pred, real) | Label
0.7838004449391252 | 1
MSE (pred, real) | Label
1.3593713747660194 | 1
MSE (pred, real) | Label
3.825479027685564 | 1
MSE (pred, real) | Label
0.6842749620907721 | 1
MSE (pred, real) | Label
0.28024999927980726 | 1
MSE (pred, real) | Label
1.3044262425331559 | 1
MSE (pred, real) | Label
0.29963371222194773 | 1
MSE (pred, real) | Label
0.5159907651409473 | 1
MSE (pred, real) | Label
0.6659018863522167 | 1
MSE (pred, real) | Label
0.445208309400401 | 1
MSE (pred, real) | Label
0.2706841330410383 | 1
MSE (pred, real) | Label
0.4814114383246574 | 1
MSE (pred, real) | Label
0.3897824421369256 | 1
MSE (pred, real) | Label
1.6576836045131447 | 1
MSE (pred, real) | Label
0.31857060112773106 | 1
MSE (pred, real) | Label
0.4368592040604556 | 1
MSE (pred, real) | Label
0.7309417532061862 | 1
MSE (pred, real) | Label
0.5779115337960045 | 1
MSE (pred, real) | Label
0.28057912898512977 | 1
MSE (pred, real) | Label
0.22119626487903754 | 1
MSE (pred, real) | Label
0.47974254929189436 | 1
MSE (pred, real) | Label
0.5665583554521683 | 1
MSE (pred, real) | Label
0.25414607372651754 | 1
MSE (pred, real) | Label
0.39328624016753855 | 1
MSE (pred, real) | Label
0.8129411898318321 | 1
MSE (pred, real) | Label
0.3867667265615369 | 1
MSE (pred, real) | Label
0.46018113101998015 | 1
MSE (pred, real) | Label
1.6723110387280886 | 1
MSE (pred, real) | Label
0.21849876505464572 | 1
MSE (pred, real) | Label
0.42155456689091364 | 1
MSE (pred, real) | Label
0.3119209251891955 | 1
MSE (pred, real) | Label
0.955515707239598 | 1
MSE (pred, real) | Label
0.7236771929232668 | 1
MSE (pred, real) | Label
0.4063280999783034 | 1
MSE (pred, real) | Label
0.6876499250123819 | 1
MSE (pred, real) | Label
0.2841258233881858 | 1
MSE (pred, real) | Label
0.7297387259164144 | 1
MSE (pred, real) | Label
0.4675016665557502 | 1
MSE (pred, real) | Label
0.31413256382470023 | 1
MSE (pred, real) | Label
0.481595871928098 | 1
MSE (pred, real) | Label
0.47952508035739705 | 1
MSE (pred, real) | Label
0.3758193265438114 | 1
MSE (pred, real) | Label
0.5879182969467386 | 1
MSE (pred, real) | Label
4.407453323644465 | 1
MSE (pred, real) | Label
0.8846625303816467 | 1
MSE (pred, real) | Label
0.5164869703220166 | 1
MSE (pred, real) | Label
0.8391772816853765 | 1
MSE (pred, real) | Label
0.3779636843602746 | 1
MSE (pred, real) | Label
0.6134006300386907 | 1
MSE (pred, real) | Label
0.4866343815063831 | 1
MSE (pred, real) | Label
0.4585913460029497 | 1
MSE (pred, real) | Label
0.5845479921673709 | 1
MSE (pred, real) | Label
0.25981619134948414 | 1
MSE (pred, real) | Label
0.5014831839914488 | 1
MSE (pred, real) | Label
0.6764348812240594 | 1
MSE (pred, real) | Label
0.8558942184477661 | 1
MSE (pred, real) | Label
1.1854672597885252 | 1
MSE (pred, real) | Label
0.7121130477258159 | 1
MSE (pred, real) | Label
0.7247062264602825 | 1
MSE (pred, real) | Label
0.786109460519893 | 1
MSE (pred, real) | Label
0.908412263458634 | 1
MSE (pred, real) | Label
0.4788310020325464 | 1
MSE (pred, real) | Label
0.31442660356879854 | 1
MSE (pred, real) | Label
0.3328070973528773 | 1
MSE (pred, real) | Label
0.21133175760153125 | 1
MSE (pred, real) | Label
0.45839192957751307 | 1
MSE (pred, real) | Label
0.9799090508472527 | 1
MSE (pred, real) | Label
0.5672582502739515 | 1
MSE (pred, real) | Label
0.6875842799610593 | 1
MSE (pred, real) | Label
0.19560998640648425 | 1
MSE (pred, real) | Label
0.2254779479032459 | 1
MSE (pred, real) | Label
0.32319936958411055 | 1
MSE (pred, real) | Label
0.22700618225566388 | 1
MSE (pred, real) | Label
0.563268123399752 | 1
MSE (pred, real) | Label
0.3809016603096176 | 1
MSE (pred, real) | Label
0.2366802861649588 | 1
MSE (pred, real) | Label
0.4016724293681822 | 1
MSE (pred, real) | Label
0.3237798377352743 | 1
MSE (pred, real) | Label
0.6784957930709531 | 1
MSE (pred, real) | Label
0.3870998563339785 | 1
MSE (pred, real) | Label
0.38046684704547745 | 1
MSE (pred, real) | Label
0.7991097347119099 | 1
MSE (pred, real) | Label
0.4733713185522568 | 1
MSE (pred, real) | Label
0.961516899248246 | 1
MSE (pred, real) | Label
0.5243621712336785 | 1
MSE (pred, real) | Label
0.4714876610772789 | 1
MSE (pred, real) | Label
0.624117657367382 | 1
MSE (pred, real) | Label
1.862222869425454 | 1
MSE (pred, real) | Label
0.325338517842522 | 1
MSE (pred, real) | Label
0.9112530687074888 | 1
MSE (pred, real) | Label
0.3279264608190804 | 1
MSE (pred, real) | Label
0.7415342674754866 | 1
MSE (pred, real) | Label
1.0147467795908791 | 1
MSE (pred, real) | Label
2.078256603841428 | 1
MSE (pred, real) | Label
0.5526761192709646 | 1
MSE (pred, real) | Label
0.24238932807246766 | 1
MSE (pred, real) | Label
0.2324761819393232 | 1
MSE (pred, real) | Label
0.49765212436451645 | 1
MSE (pred, real) | Label
0.9740452648916889 | 1
MSE (pred, real) | Label
0.5890134757350538 | 1
MSE (pred, real) | Label
0.37749495886941303 | 1
MSE (pred, real) | Label
0.4764058735274706 | 1
MSE (pred, real) | Label
0.41595759294635015 | 1
MSE (pred, real) | Label
1.6754491862466332 | 1
MSE (pred, real) | Label
0.2636023243553705 | 1
MSE (pred, real) | Label
0.46952926815623747 | 1
MSE (pred, real) | Label
0.4580506442369204 | 1
MSE (pred, real) | Label
0.6047206030471242 | 1
MSE (pred, real) | Label
0.48068302843894944 | 1
MSE (pred, real) | Label
0.3820225187738705 | 1
MSE (pred, real) | Label
0.35220121081717287 | 1
MSE (pred, real) | Label
0.35540925087800607 | 1
MSE (pred, real) | Label
0.46691147510675113 | 1
MSE (pred, real) | Label
0.5636557875591265 | 1
MSE (pred, real) | Label
0.41227809498377843 | 1
MSE (pred, real) | Label
0.8150348325414042 | 1
MSE (pred, real) | Label
0.5493980836147989 | 1
MSE (pred, real) | Label
0.6915050332635837 | 1
MSE (pred, real) | Label
0.30791715198021985 | 1
MSE (pred, real) | Label
1.0552213046291283 | 1
MSE (pred, real) | Label
4.749102306142556 | 1
MSE (pred, real) | Label
0.2977799245340299 | 1
MSE (pred, real) | Label
1.618646693496837 | 1
MSE (pred, real) | Label
0.3259482675981819 | 1
MSE (pred, real) | Label
0.45914757445047627 | 1
MSE (pred, real) | Label
0.5125276828700613 | 1
MSE (pred, real) | Label
0.2813659729898284 | 1
MSE (pred, real) | Label
0.9197987889359696 | 1
MSE (pred, real) | Label
0.3280883430450751 | 1
MSE (pred, real) | Label
0.44231880229641474 | 1
MSE (pred, real) | Label
0.33558746265248696 | 1
MSE (pred, real) | Label
0.9262576294352793 | 1
MSE (pred, real) | Label
0.31015202510148354 | 1
MSE (pred, real) | Label
0.21526255307389996 | 1
MSE (pred, real) | Label
0.7888309558943835 | 1
MSE (pred, real) | Label
0.7547821766678945 | 1
MSE (pred, real) | Label
1.2962452871380372 | 1
MSE (pred, real) | Label
0.7339454445906362 | 1
MSE (pred, real) | Label
0.6728740428160207 | 1
MSE (pred, real) | Label
0.8084452582849405 | 1
MSE (pred, real) | Label
0.9484544515288191 | 1
MSE (pred, real) | Label
0.6183084396844565 | 1
MSE (pred, real) | Label
3.512696215485084 | 1
MSE (pred, real) | Label
0.2918145038421396 | 1
MSE (pred, real) | Label
0.3532505590859552 | 1
MSE (pred, real) | Label
0.26254883849990124 | 1
MSE (pred, real) | Label
0.2205169806113543 | 1
MSE (pred, real) | Label
0.4579141328751993 | 1
MSE (pred, real) | Label
1.3265028504663925 | 1
MSE (pred, real) | Label
0.6544774061067958 | 1
MSE (pred, real) | Label
0.4899727937911256 | 1
MSE (pred, real) | Label
4.271843100104024 | 1
MSE (pred, real) | Label
0.4929459001316948 | 1
MSE (pred, real) | Label
0.22805596098491968 | 1
MSE (pred, real) | Label
0.49167205864317 | 1
MSE (pred, real) | Label
0.8057816815769157 | 1
MSE (pred, real) | Label
0.4037585597857968 | 1
MSE (pred, real) | Label
2.18373158521891 | 1
MSE (pred, real) | Label
0.25074661840460083 | 1
MSE (pred, real) | Label
0.5629117620761241 | 1
MSE (pred, real) | Label
0.5626576050882618 | 1
MSE (pred, real) | Label
0.6081519172438175 | 1
MSE (pred, real) | Label
0.5032341733373598 | 1
MSE (pred, real) | Label
0.30384886408287964 | 1
MSE (pred, real) | Label
0.3010041225648953 | 1
MSE (pred, real) | Label
0.3985803387151595 | 1
MSE (pred, real) | Label
0.542658719829457 | 1
MSE (pred, real) | Label
0.3985229097156027 | 1
MSE (pred, real) | Label
0.6317877317057646 | 1
MSE (pred, real) | Label
0.24962018560821486 | 1
MSE (pred, real) | Label
0.7829095893686475 | 1
MSE (pred, real) | Label
0.548231496387462 | 1
MSE (pred, real) | Label
0.8038037743714851 | 1
MSE (pred, real) | Label
0.38810561368202384 | 1
MSE (pred, real) | Label
0.34714374839806694 | 1
MSE (pred, real) | Label
0.40617534114033454 | 1
MSE (pred, real) | Label
0.2911234197552602 | 1
MSE (pred, real) | Label
0.3498769520999785 | 1
MSE (pred, real) | Label
0.48945532230827604 | 1
MSE (pred, real) | Label
1.2778071551006975 | 1
MSE (pred, real) | Label
0.4805116187342921 | 1
MSE (pred, real) | Label
0.31488106509943237 | 1
MSE (pred, real) | Label
0.7554527303906013 | 1
MSE (pred, real) | Label
0.6416247958768391 | 1
MSE (pred, real) | Label
0.413801513914758 | 1
MSE (pred, real) | Label
0.401740490193421 | 1
MSE (pred, real) | Label
0.3362246057236014 | 1
MSE (pred, real) | Label
0.4490198545622158 | 1
MSE (pred, real) | Label
0.4139333518449666 | 1
MSE (pred, real) | Label
1.2747313110811167 | 1
MSE (pred, real) | Label
0.23134236281580617 | 1
MSE (pred, real) | Label
0.24513485427061257 | 1
MSE (pred, real) | Label
0.33059350896874107 | 1
MSE (pred, real) | Label
0.30625795737123684 | 1
MSE (pred, real) | Label
0.39946985716544087 | 1
MSE (pred, real) | Label
0.39445117858893625 | 1
MSE (pred, real) | Label
0.38339437868533616 | 1
MSE (pred, real) | Label
0.628276434463772 | 1
MSE (pred, real) | Label
0.7236090876995158 | 1
MSE (pred, real) | Label
0.3244947544897883 | 1
MSE (pred, real) | Label
0.3928049215147775 | 1
MSE (pred, real) | Label
0.47309479493840917 | 1
MSE (pred, real) | Label
1.679028478481772 | 1
MSE (pred, real) | Label
0.35254086420279956 | 1
MSE (pred, real) | Label
1.061807555788667 | 1
MSE (pred, real) | Label
0.3809845696398671 | 1
MSE (pred, real) | Label
0.5595495023869639 | 1
MSE (pred, real) | Label
0.3457776774315042 | 1
MSE (pred, real) | Label
0.2603759663055511 | 1
MSE (pred, real) | Label
6.071480132330409 | 1
MSE (pred, real) | Label
0.3062853648011867 | 1
MSE (pred, real) | Label
0.4969774109899854 | 1
MSE (pred, real) | Label
0.4921361718604845 | 1
MSE (pred, real) | Label
0.33975525716243005 | 1
MSE (pred, real) | Label
0.497317087529222 | 1
MSE (pred, real) | Label
0.43391538140205016 | 1
MSE (pred, real) | Label
0.3832401206522791 | 1
MSE (pred, real) | Label
0.29476043529303136 | 1
MSE (pred, real) | Label
0.5801842461621459 | 1
MSE (pred, real) | Label
0.551544811702477 | 1
MSE (pred, real) | Label
0.48164787955044547 | 1
MSE (pred, real) | Label
1.16356098936466 | 1
MSE (pred, real) | Label
0.5020812288822019 | 1
MSE (pred, real) | Label
0.6994620322494209 | 1
MSE (pred, real) | Label
0.49241393306951986 | 1
MSE (pred, real) | Label
0.4195475336750777 | 1
MSE (pred, real) | Label
0.3014875871172628 | 1
MSE (pred, real) | Label
1.7358470127219081 | 1
MSE (pred, real) | Label
0.45350564028133034 | 1
MSE (pred, real) | Label
0.7563311319544593 | 1
MSE (pred, real) | Label
0.4039087678506641 | 1
MSE (pred, real) | Label
0.2754823589371929 | 1
MSE (pred, real) | Label
1.0136034932818128 | 1
MSE (pred, real) | Label
0.27741033061663634 | 1
MSE (pred, real) | Label
0.4650255454438506 | 1
Traceback (most recent call last):
  File "autoencoder.py", line 450, in <module>
    y_pred = scaler.fit_transform (y_pred)
  File "/home/gta/.local/share/virtualenvs/machinelearning-I8jSrdjo/lib/python3.7/site-packages/sklearn/base.py", line 690, in fit_transform
    return self.fit(X, **fit_params).transform(X)
  File "/home/gta/.local/share/virtualenvs/machinelearning-I8jSrdjo/lib/python3.7/site-packages/sklearn/preprocessing/_data.py", line 336, in fit
    return self.partial_fit(X, y)
  File "/home/gta/.local/share/virtualenvs/machinelearning-I8jSrdjo/lib/python3.7/site-packages/sklearn/preprocessing/_data.py", line 371, in partial_fit
    force_all_finite="allow-nan")
  File "/home/gta/.local/share/virtualenvs/machinelearning-I8jSrdjo/lib/python3.7/site-packages/sklearn/base.py", line 420, in _validate_data
    X = check_array(X, **check_params)
  File "/home/gta/.local/share/virtualenvs/machinelearning-I8jSrdjo/lib/python3.7/site-packages/sklearn/utils/validation.py", line 73, in inner_f
    return f(**kwargs)
  File "/home/gta/.local/share/virtualenvs/machinelearning-I8jSrdjo/lib/python3.7/site-packages/sklearn/utils/validation.py", line 624, in check_array
    "if it contains a single sample.".format(array))
ValueError: Expected 2D array, got 1D array instead:
array=[9.43594030e+01 1.39020296e+02 6.41094832e+00 1.39570594e+02
 2.45184333e+01 6.26828251e+00 2.57095181e+01 4.66388542e+00
 4.37448350e+00 8.89148618e+01 3.86306637e+01 4.91026943e+00
 4.11850462e+00 1.04112128e+02 4.65287538e+00 4.64896457e+00
 8.89176565e+01 8.75357753e+03 8.89911823e+01 8.75343067e+03
 8.75343062e+03 8.75353419e+03 8.75353414e+03 8.75362153e+03
 8.75427584e+03 8.75535346e+03 8.75341437e+03 8.75341577e+03
 8.75339191e+03 8.75358233e+03 8.75364102e+03 8.75342420e+03
 8.75359309e+03 8.75359133e+03 1.95872955e+08 2.00678883e+08
 2.29058676e+06 6.33358333e+05 6.91888992e+07 8.65804952e+05
 1.17404012e+09 1.03948883e+09 6.34797768e+05 6.34797779e+05
 6.34798636e+05 6.34798555e+05 6.34798096e+05 6.34797743e+05
 6.34797802e+05 6.34798638e+05 6.34798090e+05 6.37491388e+05
 1.02784593e+04 6.34797742e+05 6.34798688e+05 6.34798820e+05
 6.34798085e+05 6.37503499e+05 8.75360348e+03 6.34797267e+05
 8.75360302e+03 5.64230496e+04 8.75331454e+03 8.75360051e+03
 8.75545043e+03 8.75541871e+03 2.51594126e+02 8.75545094e+03
 8.75550082e+03 6.36936198e+01 6.13455325e+00 8.75321560e+03
 8.75324123e+03 8.75325607e+03 8.75320633e+03 8.75327409e+03
 8.75321200e+03 8.75321640e+03 8.75326096e+03 8.75323305e+03
 8.75322277e+03 8.75324090e+03 8.75322565e+03 8.75320582e+03
 8.75324088e+03 8.75323740e+03 8.75320431e+03 8.75325681e+03
 8.75321630e+03 8.75339759e+03 8.75321751e+03 8.75340315e+03
 8.75337713e+03 8.75322215e+03 8.75356002e+03 8.75358565e+03
 8.75337511e+03 8.75356484e+03 8.75355784e+03 5.64234320e+04
 1.96548219e+06 5.64234732e+04 4.76761345e+04 1.25094594e+05
 8.75328747e+03 8.75356614e+03 5.36408162e+07 5.30551022e+05
 9.40858165e+08 8.36416773e+08 1.79448061e+06 7.89998488e+05
 1.55879635e+08 1.56437337e+08 8.75371996e+03 6.29321633e+00
 3.38837389e+03 6.46329154e+00 3.39012906e+03 5.84587588e+00
 9.79738039e+01 9.79729765e+01 3.75377337e+05 4.00038512e+03
 3.41767555e+03 3.41857247e+03 3.41843593e+03 3.41801844e+03
 4.46670132e+03 3.38845317e+03 3.38841789e+03 9.79688481e+01
 4.60384199e+03 8.04958988e+01 3.39016444e+03 8.51847693e+00
 3.39011168e+03 8.09857458e+00 5.82502144e+00 5.80478434e+00
 3.61259368e+03 3.39028812e+03 8.74898347e+00 6.01153416e+00
 3.39030522e+03 5.46929072e+01 5.96179795e+00 3.07318248e+05
 1.49618896e+09 2.65495635e+08 2.64809622e+08 9.20741800e+07
 1.17175929e+06 1.45092694e+09 3.38739570e+06 3.71322598e+03
 3.94901640e+03 3.95044720e+03 3.41761932e+03 3.41763254e+03
 3.41850794e+03 3.41840033e+03 3.41798690e+03 3.41764872e+03
 3.41768649e+03 3.41851794e+03 3.41841664e+03 3.41805077e+03
 4.66281068e+03 1.39422706e+02 4.45663423e+03 3.38810486e+03
 6.63101853e+01 3.38820585e+03 3.38809941e+03 4.00037636e+03
 3.39011882e+03 7.01796865e+00 5.08844383e+01 3.38842279e+03
 4.51807183e+03 3.69233702e+04 4.57669122e+03 7.88421737e+04
 4.51834211e+03 3.05277654e+05 4.43901844e+03 3.69459050e+04
 4.44132170e+03 2.22882344e+04 4.44084801e+03 3.41766719e+03
 3.41853834e+03 3.41841218e+03 3.41802043e+03 4.45899292e+03
 3.47458076e+03 3.38845923e+03 3.41749471e+03 9.22542295e+01
 3.38807535e+03 3.38819611e+03 3.38806150e+03 1.17721640e+04
 4.51543519e+03 3.38808696e+03 3.38819318e+03 4.48820185e+01
 3.38807353e+03 3.38823596e+03 3.38819146e+03 3.38807766e+03
 3.38821985e+03 3.38827190e+03 3.38817651e+03 3.38808008e+03
 3.33529106e+03 1.83792691e+04 3.33482456e+03 3.33508593e+03
 3.33502792e+03 3.33503801e+03 3.33503795e+03 3.33519646e+03
 3.33519641e+03 3.33591598e+03 3.33695730e+03 2.21985657e+04
 4.36354511e+03 3.33748115e+03 3.33528838e+03 2.05010196e+01
 3.33870983e+03 2.87684662e+01 4.35738659e+03 6.25584926e+04
 3.48527458e+05 3.33535656e+03 3.33486511e+03 3.33505976e+03
 3.33487882e+03 3.33508937e+03 3.33487639e+03 3.33510414e+03
 3.33480386e+03 8.80142572e+00 3.33500292e+03 9.37403286e+01
 3.33484582e+03 3.33490345e+03 3.33480277e+03 3.33487378e+03
 3.33504840e+03 3.33507521e+03 3.33510159e+03 3.33501430e+03
 3.33488214e+03 3.33487170e+03 3.33480003e+03 3.33489689e+03
 3.33507743e+03 3.33509428e+03 3.33506866e+03 3.33499854e+03
 3.33483951e+03 3.33486754e+03 3.33489259e+03 3.33503959e+03
 3.33509162e+03 3.33480933e+03 3.33506744e+03 3.33499448e+03
 3.33707120e+03 3.33499246e+03 3.33704475e+03 3.33525084e+03
 3.33702058e+03 3.69867007e+05 3.33960865e+03 2.17326331e+05
 1.44983726e+09 2.44435470e+08 7.76887985e+07 1.43616168e+09
 2.59814114e+08 1.12006110e+06 3.59376323e+06 4.57874931e+03
 1.41949339e+02 3.48615554e+05 3.99152335e+03 3.65354829e+03
 3.35528419e+03 3.35621904e+03 3.35605779e+03 3.35570604e+03
 3.33493489e+03 3.33489443e+03 3.33492430e+03 3.33492725e+03
 3.33492946e+03 3.33488720e+03 3.33491446e+03 3.33496324e+03
 3.33490097e+03 3.33493525e+03 3.33485474e+03 3.33488396e+03
 3.33492202e+03 4.38128344e+03 3.33490191e+03 3.33496677e+03
 3.33492273e+03 3.33485507e+03 3.33489603e+03 3.33492185e+03
 1.35244260e+03 1.10811968e+02 1.35254380e+03 1.35226946e+03
 1.35255674e+03 1.35219523e+03 1.35227455e+03 1.09045963e+02
 1.35254914e+03 1.09406223e+02 1.35250470e+03 1.09709368e+02
 1.35255349e+03 4.21933937e+01 4.21933832e+01 1.35448820e+03
 1.35269140e+03 1.35257176e+03 4.21905606e+01 1.35443538e+03
 1.35446479e+03 1.35452428e+03 1.35265062e+03 6.27492355e+00
 1.35457173e+03 3.33510952e+01 6.02329181e+00 6.03621031e+00
 1.35223806e+03 1.35229351e+03 1.35225877e+03 1.35228290e+03
 1.35224285e+03 1.35225707e+03 1.35219290e+03 1.35252149e+03
 1.35224018e+03 1.35254697e+03 1.35247557e+03 1.35253585e+03
 1.35223287e+03 1.35217850e+03 1.35225670e+03 1.35252808e+03
 1.35227750e+03 1.35245450e+03 1.35253159e+03 1.35251907e+03
 1.36142755e+03 1.36137822e+03 1.35222846e+03 1.35255414e+03
 1.35219200e+03 1.35228078e+03 1.35223028e+03 1.35245658e+03
 1.35248142e+03 1.35245432e+03 1.35245256e+03 1.35247624e+03
 1.35246389e+03 1.35221745e+03 5.89382151e+00 1.35247499e+03
 1.36002297e+03 4.58786020e+01 5.84826364e+08 1.03389348e+08
 1.04181901e+08 3.31056523e+07 5.90849277e+08 1.39951564e+06
 4.65235280e+05 9.31990559e+04 1.36157887e+03 1.36142801e+03
 1.36093429e+03 1.36065754e+03 1.36060678e+03 1.36099959e+03
 1.36099958e+03 1.36149782e+03 1.36148592e+03 1.36136071e+03
 1.36064946e+03 1.36100492e+03 1.36067183e+03 1.36098406e+03
 1.36069408e+03 1.36061567e+03 1.36063609e+03 1.36156455e+03
 1.36098464e+03 1.36101299e+03 1.36090768e+03 1.36060581e+03
 1.36104432e+03 1.36097819e+03 1.36101979e+03 1.36108059e+03
 4.83069056e+00 4.82608667e+00 5.24760544e+00 4.89618953e+00
 4.80215514e+00 4.80227072e+00 4.97261725e+00 4.45966193e+00
 4.46425149e+00 4.45668778e+00 4.83079757e+00 4.79534225e+00
 4.78629378e+00 4.78540338e+00 4.81502996e+00 4.79402684e+00
 4.54589126e+00 4.51744721e+00 4.47767480e+00 4.50128407e+00
 4.46937904e+00 4.50171114e+00 4.45559076e+00 4.46703186e+00
 5.62102984e+00 4.58471190e+00 4.50167095e+00 4.53715956e+00
 5.41131776e+00 4.81053399e+00 4.79568386e+00 4.42922220e+00
 4.44368560e+00 4.79391673e+00 4.78242192e+00 4.89865104e+00
 4.85106688e+00 4.80121205e+00 4.85147506e+00 4.89817180e+00
 4.89243894e+00 4.54914318e+00 4.57252384e+00 4.51795176e+00
 4.48817492e+00 4.46069400e+00 4.48149039e+00 4.43996333e+00
 4.38344059e+00 4.39614582e+00 4.44837499e+00 4.50781952e+00
 4.45760163e+00 4.76055431e+00 4.78900171e+00 4.77737676e+00
 4.42514135e+00 4.46036752e+00 4.47174867e+00 4.83773900e+00
 4.81371227e+00 5.17996328e-01 7.96033451e-01 2.85236444e-01
 4.46530850e-01 3.93534326e-01 3.34161458e-01 5.82674495e-01
 4.08791511e-01 4.78070164e-01 4.97514938e-01 1.04633613e+00
 2.21297775e-01 4.61316756e-01 2.84313353e-01 9.42130571e-01
 5.43119079e-01 8.86539096e-01 2.48790907e-01 1.29157932e+00
 6.21741912e+00 6.97591995e-01 5.20769346e-01 5.02474289e-01
 6.80227099e-01 2.80051077e-01 8.92021875e-01 2.38668075e-01
 3.26191324e-01 2.20671412e-01 4.94313573e-01 1.32299267e+00
 3.53626562e-01 6.17023693e-01 5.46119330e-01 4.34636748e-01
 8.27440599e-01 5.48632885e-01 1.86250630e+00 4.45597409e-01
 5.84282994e-01 5.01783996e-01 2.38373050e+00 7.16541529e-01
 1.68683112e+00 3.73465212e-01 1.04429313e+00 2.13541327e-01
 1.69193639e+00 5.60637820e-01 4.87997638e-01 3.03749221e-01
 3.85579968e-01 7.20877449e-01 5.27458014e-01 9.77044771e-01
 3.32722746e-01 4.82489165e-01 5.81983399e-01 4.63008380e-01
 2.74980888e-01 2.49226109e-01 7.61988835e-01 3.25034043e-01
 9.40137270e-01 8.03555475e-01 3.05433969e-01 5.36995595e-01
 3.01873544e-01 3.32694059e-01 1.72650804e+00 5.24847983e-01
 2.01429874e-01 6.24696302e-01 8.14145226e-01 3.27064054e-01
 7.89806742e-01 5.51846545e-01 1.98582794e-01 9.99574024e-01
 9.75282124e-01 3.83591165e-01 3.28042033e-01 6.03445832e-01
 5.81832545e-01 4.67486770e-01 8.95534469e-01 5.24325386e-01
 8.89734174e-01 8.56534841e-01 5.38971573e-01 2.40976756e-01
 4.85718721e-01 4.69330108e-01 7.80192307e-01 5.64488420e-01
 5.68498742e-01 2.46777187e-01 1.69236561e+00 4.31405896e-01
 4.10300190e-01 1.82236958e+00 6.84969838e-01 9.53269442e-01
 6.14849709e-01 6.94070728e-01 1.11299890e+00 3.39055152e-01
 2.33837120e-01 5.17159286e-01 1.86264970e+00 9.51216205e-01
 3.48808582e-01 2.81416934e-01 2.83466338e-01 1.05960950e+00
 9.04534587e-01 1.05211229e+00 2.69441479e-01 4.68726299e-01
 2.04631399e-01 5.10144454e-01 1.10213133e+00 7.36539844e-01
 9.21432975e-01 2.84375008e-01 5.40400502e-01 9.43627335e-01
 2.04053419e-01 5.84021502e-01 7.94435379e-01 5.50231184e-01
 7.93024500e+00 6.73596807e-01 3.78387251e-01 4.38229334e-01
 3.48264126e+00 4.07846524e-01 5.06399814e-01 2.08756508e+00
 3.11178499e-01 9.62444485e-01 3.76182876e-01 2.36506204e-01
 4.75102393e-01 7.00728440e-01 3.57100954e-01 3.14535429e-01
 9.54960545e-01 2.48672621e-01 4.62839933e-01 4.23898929e-01
 2.62833784e-01 7.56452442e-01 1.19321019e+00 5.55141215e-01
 7.03649676e-01 2.52465047e-01 5.08356556e-01 2.17801632e-01
 5.54225395e-01 2.08075758e-01 8.08791886e-01 3.66247585e-01
 4.68306622e-01 2.27476220e-01 6.67737800e-01 5.08026071e-01
 3.39621458e-01 3.38167549e-01 2.40036366e-01 3.55046592e-01
 4.75202584e-01 3.28886961e-01 3.10071496e-01 7.58336011e-01
 3.22343799e-01 8.61665535e-01 5.34247600e-01 8.31506536e-01
 6.12094045e-01 6.36188772e-01 1.69792823e+00 7.52899992e-01
 5.06333524e-01 3.91979790e-01 7.44249332e-01 5.49245939e-01
 5.34697354e-01 1.30737595e+00 4.26972819e+00 4.20588019e-01
 1.35900879e+00 8.69420482e-01 6.83560811e-01 5.20510689e-01
 3.31919507e-01 2.65934208e-01 4.55148690e-01 5.09564868e-01
 4.74636554e-01 3.39714505e-01 3.15048719e-01 1.19346905e+00
 3.21988263e-01 4.35135405e-01 5.84709716e-01 4.91953337e-01
 9.43031042e-01 4.86506417e-01 2.91099888e-01 4.58306772e-01
 4.25123951e-01 7.99962415e-01 2.45966982e-01 6.53241971e-01
 6.15107526e-01 9.41303083e-01 1.60398613e+00 6.38759617e-01
 4.76062103e-01 1.10536791e+00 2.35513033e-01 9.89105427e-01
 1.21772663e+00 8.20157076e-01 2.93810714e-01 4.91984772e-01
 3.21051857e-01 3.30708818e-01 2.82172722e-01 8.84831938e-01
 2.52138464e-01 9.92104194e-01 4.41139927e-01 6.39920478e-01
 2.16433364e-01 2.52857234e-01 4.82028849e-01 7.20415454e-01
 2.83516006e-01 4.84318677e-01 2.11526536e-01 7.83800445e-01
 1.35937137e+00 3.82547903e+00 6.84274962e-01 2.80249999e-01
 1.30442624e+00 2.99633712e-01 5.15990765e-01 6.65901886e-01
 4.45208309e-01 2.70684133e-01 4.81411438e-01 3.89782442e-01
 1.65768360e+00 3.18570601e-01 4.36859204e-01 7.30941753e-01
 5.77911534e-01 2.80579129e-01 2.21196265e-01 4.79742549e-01
 5.66558355e-01 2.54146074e-01 3.93286240e-01 8.12941190e-01
 3.86766727e-01 4.60181131e-01 1.67231104e+00 2.18498765e-01
 4.21554567e-01 3.11920925e-01 9.55515707e-01 7.23677193e-01
 4.06328100e-01 6.87649925e-01 2.84125823e-01 7.29738726e-01
 4.67501667e-01 3.14132564e-01 4.81595872e-01 4.79525080e-01
 3.75819327e-01 5.87918297e-01 4.40745332e+00 8.84662530e-01
 5.16486970e-01 8.39177282e-01 3.77963684e-01 6.13400630e-01
 4.86634382e-01 4.58591346e-01 5.84547992e-01 2.59816191e-01
 5.01483184e-01 6.76434881e-01 8.55894218e-01 1.18546726e+00
 7.12113048e-01 7.24706226e-01 7.86109461e-01 9.08412263e-01
 4.78831002e-01 3.14426604e-01 3.32807097e-01 2.11331758e-01
 4.58391930e-01 9.79909051e-01 5.67258250e-01 6.87584280e-01
 1.95609986e-01 2.25477948e-01 3.23199370e-01 2.27006182e-01
 5.63268123e-01 3.80901660e-01 2.36680286e-01 4.01672429e-01
 3.23779838e-01 6.78495793e-01 3.87099856e-01 3.80466847e-01
 7.99109735e-01 4.73371319e-01 9.61516899e-01 5.24362171e-01
 4.71487661e-01 6.24117657e-01 1.86222287e+00 3.25338518e-01
 9.11253069e-01 3.27926461e-01 7.41534267e-01 1.01474678e+00
 2.07825660e+00 5.52676119e-01 2.42389328e-01 2.32476182e-01
 4.97652124e-01 9.74045265e-01 5.89013476e-01 3.77494959e-01
 4.76405874e-01 4.15957593e-01 1.67544919e+00 2.63602324e-01
 4.69529268e-01 4.58050644e-01 6.04720603e-01 4.80683028e-01
 3.82022519e-01 3.52201211e-01 3.55409251e-01 4.66911475e-01
 5.63655788e-01 4.12278095e-01 8.15034833e-01 5.49398084e-01
 6.91505033e-01 3.07917152e-01 1.05522130e+00 4.74910231e+00
 2.97779925e-01 1.61864669e+00 3.25948268e-01 4.59147574e-01
 5.12527683e-01 2.81365973e-01 9.19798789e-01 3.28088343e-01
 4.42318802e-01 3.35587463e-01 9.26257629e-01 3.10152025e-01
 2.15262553e-01 7.88830956e-01 7.54782177e-01 1.29624529e+00
 7.33945445e-01 6.72874043e-01 8.08445258e-01 9.48454452e-01
 6.18308440e-01 3.51269622e+00 2.91814504e-01 3.53250559e-01
 2.62548838e-01 2.20516981e-01 4.57914133e-01 1.32650285e+00
 6.54477406e-01 4.89972794e-01 4.27184310e+00 4.92945900e-01
 2.28055961e-01 4.91672059e-01 8.05781682e-01 4.03758560e-01
 2.18373159e+00 2.50746618e-01 5.62911762e-01 5.62657605e-01
 6.08151917e-01 5.03234173e-01 3.03848864e-01 3.01004123e-01
 3.98580339e-01 5.42658720e-01 3.98522910e-01 6.31787732e-01
 2.49620186e-01 7.82909589e-01 5.48231496e-01 8.03803774e-01
 3.88105614e-01 3.47143748e-01 4.06175341e-01 2.91123420e-01
 3.49876952e-01 4.89455322e-01 1.27780716e+00 4.80511619e-01
 3.14881065e-01 7.55452730e-01 6.41624796e-01 4.13801514e-01
 4.01740490e-01 3.36224606e-01 4.49019855e-01 4.13933352e-01
 1.27473131e+00 2.31342363e-01 2.45134854e-01 3.30593509e-01
 3.06257957e-01 3.99469857e-01 3.94451179e-01 3.83394379e-01
 6.28276434e-01 7.23609088e-01 3.24494754e-01 3.92804922e-01
 4.73094795e-01 1.67902848e+00 3.52540864e-01 1.06180756e+00
 3.80984570e-01 5.59549502e-01 3.45777677e-01 2.60375966e-01
 6.07148013e+00 3.06285365e-01 4.96977411e-01 4.92136172e-01
 3.39755257e-01 4.97317088e-01 4.33915381e-01 3.83240121e-01
 2.94760435e-01 5.80184246e-01 5.51544812e-01 4.81647880e-01
 1.16356099e+00 5.02081229e-01 6.99462032e-01 4.92413933e-01
 4.19547534e-01 3.01487587e-01 1.73584701e+00 4.53505640e-01
 7.56331132e-01 4.03908768e-01 2.75482359e-01 1.01360349e+00
 2.77410331e-01 4.65025545e-01].
Reshape your data either using array.reshape(-1, 1) if your data has a single feature or array.reshape(1, -1) if it contains a single sample.
