Reading ../../../../datasets/bot-iot/UNSW_2018_IoT_Botnet_Full5pc_1.csv
Reading ../../../../datasets/bot-iot/UNSW_2018_IoT_Botnet_Full5pc_2.csv
Reading ../../../../datasets/bot-iot/UNSW_2018_IoT_Botnet_Full5pc_3.csv
Reading ../../../../datasets/bot-iot/UNSW_2018_IoT_Botnet_Full5pc_4.csv
<class 'pandas.core.frame.DataFrame'>
Int64Index: 3668522 entries, 1 to 3668522
Data columns (total 45 columns):
stime                               float64
flgs                                object
flgs_number                         int64
proto                               object
proto_number                        int64
saddr                               object
sport                               object
daddr                               object
dport                               object
pkts                                int64
bytes                               int64
state                               object
state_number                        int64
ltime                               float64
seq                                 int64
dur                                 float64
mean                                float64
stddev                              float64
sum                                 float64
min                                 float64
max                                 float64
spkts                               int64
dpkts                               int64
sbytes                              int64
dbytes                              int64
rate                                float64
srate                               float64
drate                               float64
TnBPSrcIP                           int64
TnBPDstIP                           int64
TnP_PSrcIP                          int64
TnP_PDstIP                          int64
TnP_PerProto                        int64
TnP_Per_Dport                       int64
AR_P_Proto_P_SrcIP                  float64
AR_P_Proto_P_DstIP                  float64
N_IN_Conn_P_DstIP                   int64
N_IN_Conn_P_SrcIP                   int64
AR_P_Proto_P_Sport                  float64
AR_P_Proto_P_Dport                  float64
Pkts_P_State_P_Protocol_P_DestIP    int64
Pkts_P_State_P_Protocol_P_SrcIP     int64
attack                              int64
category                            object
subcategory                         object
dtypes: float64(15), int64(21), object(9)
memory usage: 1.3+ GB

Dataframe contains NaN values: False
Number of NaN columns: 0
NaN columns: [] 


Attack types: [1 0]
Attack distribution:
1    3668045
0        477
Name: attack, dtype: int64

Cateogry types: ['DoS' 'DDoS' 'Normal' 'Reconnaissance' 'Theft']
Cateogry distribution:
1    3668045
0        477
Name: attack, dtype: int64

Subcategory types: ['HTTP' 'TCP' 'UDP' 'Normal' 'OS_Fingerprint' 'Service_Scan'
 'Data_Exfiltration' 'Keylogging']
Subcategory distribution:
UDP                  1981230
TCP                  1593180
Service_Scan           73168
OS_Fingerprint         17914
HTTP                    2474
Normal                   477
Keylogging                73
Data_Exfiltration          6
Name: subcategory, dtype: int64

Column | # of different values
stime | 392259
flgs | 9
flgs_number | 9
proto | 5
proto_number | 5
saddr | 21
sport | 65541
daddr | 84
dport | 7698
pkts | 123
bytes | 1633
state | 11
state_number | 11
ltime | 383624
seq | 262212
dur | 612509
mean | 507089
stddev | 421379
sum | 934972
min | 271147
max | 594525
spkts | 91
dpkts | 62
sbytes | 1052
dbytes | 472
rate | 139677
srate | 119709
drate | 20714
TnBPSrcIP | 8639
TnBPDstIP | 7631
TnP_PSrcIP | 1522
TnP_PDstIP | 1587
TnP_PerProto | 1560
TnP_Per_Dport | 1582
AR_P_Proto_P_SrcIP | 46289
AR_P_Proto_P_DstIP | 39186
N_IN_Conn_P_DstIP | 100
N_IN_Conn_P_SrcIP | 100
AR_P_Proto_P_Sport | 136207
AR_P_Proto_P_Dport | 42237
Pkts_P_State_P_Protocol_P_DestIP | 1595
Pkts_P_State_P_Protocol_P_SrcIP | 1526
attack | 2
category | 5
subcategory | 8

Removing attributes that have only one (or zero) sampled value.

Column | # of different values
stime | 392259
flgs | 9
flgs_number | 9
proto | 5
proto_number | 5
saddr | 21
sport | 65541
daddr | 84
dport | 7698
pkts | 123
bytes | 1633
state | 11
state_number | 11
ltime | 383624
seq | 262212
dur | 612509
mean | 507089
stddev | 421379
sum | 934972
min | 271147
max | 594525
spkts | 91
dpkts | 62
sbytes | 1052
dbytes | 472
rate | 139677
srate | 119709
drate | 20714
TnBPSrcIP | 8639
TnBPDstIP | 7631
TnP_PSrcIP | 1522
TnP_PDstIP | 1587
TnP_PerProto | 1560
TnP_Per_Dport | 1582
AR_P_Proto_P_SrcIP | 46289
AR_P_Proto_P_DstIP | 39186
N_IN_Conn_P_DstIP | 100
N_IN_Conn_P_SrcIP | 100
AR_P_Proto_P_Sport | 136207
AR_P_Proto_P_Dport | 42237
Pkts_P_State_P_Protocol_P_DestIP | 1595
Pkts_P_State_P_Protocol_P_SrcIP | 1526
attack | 2
category | 5
subcategory | 8

Removing redundant columns: ['state_number', 'proto_number', 'flgs_number']

Column | NaN values
stime                               0
flgs                                0
proto                               0
saddr                               0
sport                               0
daddr                               0
dport                               0
pkts                                0
bytes                               0
state                               0
ltime                               0
seq                                 0
dur                                 0
mean                                0
stddev                              0
sum                                 0
min                                 0
max                                 0
spkts                               0
dpkts                               0
sbytes                              0
dbytes                              0
rate                                0
srate                               0
drate                               0
TnBPSrcIP                           0
TnBPDstIP                           0
TnP_PSrcIP                          0
TnP_PDstIP                          0
TnP_PerProto                        0
TnP_Per_Dport                       0
AR_P_Proto_P_SrcIP                  0
AR_P_Proto_P_DstIP                  0
N_IN_Conn_P_DstIP                   0
N_IN_Conn_P_SrcIP                   0
AR_P_Proto_P_Sport                  0
AR_P_Proto_P_Dport                  0
Pkts_P_State_P_Protocol_P_DestIP    0
Pkts_P_State_P_Protocol_P_SrcIP     0
attack                              0
category                            0
subcategory                         0
dtype: int64
Removing attributes with more than half NaN values.
1
Dataframe contains NaN values: False
1
1
2
3
stime unique values: 392259
flgs unique values: 9
proto unique values: 9
saddr unique values: 5
sport unique values: 5
daddr unique values: 21
dport unique values: 65541
pkts unique values: 84
bytes unique values: 7698
state unique values: 123
ltime unique values: 1633
seq unique values: 11
dur unique values: 11
mean unique values: 383624
stddev unique values: 262212
sum unique values: 612509
min unique values: 507089
max unique values: 421379
spkts unique values: 934972
dpkts unique values: 271147
sbytes unique values: 594525
dbytes unique values: 91
rate unique values: 62
srate unique values: 1052
drate unique values: 472
TnBPSrcIP unique values: 139677
TnBPDstIP unique values: 119709
TnP_PSrcIP unique values: 20714
TnP_PDstIP unique values: 8639
TnP_PerProto unique values: 7631
TnP_Per_Dport unique values: 1522
AR_P_Proto_P_SrcIP unique values: 1587
AR_P_Proto_P_DstIP unique values: 1560
N_IN_Conn_P_DstIP unique values: 1582
N_IN_Conn_P_SrcIP unique values: 46289
AR_P_Proto_P_Sport unique values: 39186
AR_P_Proto_P_Dport unique values: 100
Pkts_P_State_P_Protocol_P_DestIP unique values: 100
Pkts_P_State_P_Protocol_P_SrcIP unique values: 136207
attack unique values: 42237
category unique values: 1595
subcategory unique values: 1526
4
<class 'pandas.core.frame.DataFrame'>
Int64Index: 3668522 entries, 1 to 3668522
Columns: 42 entries, stime to subcategory
dtypes: float64(15), int64(18), object(9)
memory usage: 1.2+ GB

Objects: ['flgs', 'proto', 'saddr', 'sport', 'daddr', 'dport', 'state', 'category', 'subcategory'] 


Check for high cardinality.
Column | # of different values | values
flgs | 9 | 2020-07-13 22:30:58.427624: W tensorflow/stream_executor/platform/default/dso_loader.cc:55] Could not load dynamic library 'libcuda.so.1'; dlerror: libcuda.so.1: cannot open shared object file: No such file or directory
2020-07-13 22:30:58.427718: E tensorflow/stream_executor/cuda/cuda_driver.cc:313] failed call to cuInit: UNKNOWN ERROR (303)
2020-07-13 22:30:58.427764: I tensorflow/stream_executor/cuda/cuda_diagnostics.cc:156] kernel driver does not appear to be running on this host (ponte): /proc/driver/nvidia/version does not exist
2020-07-13 22:30:58.427926: I tensorflow/core/platform/cpu_feature_guard.cc:143] Your CPU supports instructions that this TensorFlow binary was not compiled to use: AVX2 FMA
2020-07-13 22:30:58.431848: I tensorflow/core/platform/profile_utils/cpu_utils.cc:102] CPU Frequency: 3600000000 Hz
2020-07-13 22:30:58.431941: I tensorflow/compiler/xla/service/service.cc:168] XLA service 0x556f21aac020 initialized for platform Host (this does not guarantee that XLA will be used). Devices:
2020-07-13 22:30:58.431979: I tensorflow/compiler/xla/service/service.cc:176]   StreamExecutor device (0): Host, Default Version
['e' 'e s' 'e d' 'e *' 'e g' 'eU' 'e &' 'e   t' 'e  D']
proto | 5 | ['tcp' 'arp' 'udp' 'icmp' 'ipv6-icmp']
saddr | 21 | ['192.168.100.147' '192.168.100.7' '192.168.100.148' '192.168.100.6'
 '192.168.100.149' '192.168.100.150' '192.168.100.5' '192.168.100.3'
 '192.168.100.1' '192.168.100.4' '192.168.100.27'
 'fe80::250:56ff:febe:254' '192.168.100.46' 'fe80::250:56ff:febe:26db'
 'fe80::250:56ff:febe:e9d9' 'fe80::c0c0:aa20:45b9:bdd9'
 'fe80::250:56ff:febe:89ee' 'fe80::2c6a:ff9b:7e14:166a'
 'fe80::250:56ff:febe:bf1a' 'fe80::250:56ff:febe:c038' '192.168.100.55']
sport | 65540 | ['49960' nan '49962' ... '0x0008' '0x000d' '0x0011']
daddr | 84 | ['192.168.100.7' '192.168.100.147' '192.168.100.6' '192.168.100.148'
 '192.168.100.5' '192.168.100.3' '192.168.100.149' '192.168.100.150'
 '192.168.100.4' '27.124.125.250' '192.168.100.1' '192.168.100.27'
 '192.168.217.2' '192.168.100.255' '8.8.8.8' 'ff02::1' '255.255.255.255'
 '13.55.154.73' '192.168.100.55' '184.85.248.65' '205.251.194.167'
 '192.5.5.241' '192.35.51.30' '205.251.195.97' '205.251.196.236'
 '199.7.91.13' '192.12.94.30' '52.35.35.13' '216.239.38.10' '199.7.83.42'
 '192.42.93.30' '172.217.25.170' 'ff02::fb' '224.0.0.251' 'ff02::2'
 '129.250.35.250' '91.189.91.157' '216.239.34.10' '192.52.178.30'
 '224.0.0.252' '96.7.49.66' '205.251.193.2' '192.33.4.12' '192.41.162.30'
 '192.36.148.17' '35.165.2.252' '52.11.124.117' '52.201.147.106'
 '216.239.36.10' '192.112.36.4' '192.31.80.30' '91.189.92.40'
 '128.63.2.53' '202.12.27.33' '192.203.230.10' '192.55.83.30'
 '205.251.198.119' '192.33.14.30' '192.58.128.30' '205.251.196.160'
 '205.251.199.148' '192.54.112.30' '156.154.100.3' '199.19.57.1'
 '205.251.194.86' '205.251.199.194' '205.251.199.61' '205.251.195.185'
 '205.251.194.201' '205.251.198.239' '205.251.193.205' '205.251.196.32'
 '198.41.0.4' '192.48.79.30' '199.19.56.1' '156.154.101.3'
 '205.251.197.206' '205.251.192.170' '205.251.195.59' '205.251.198.91'
 '205.251.194.84' '192.26.92.30' '205.251.194.102' '205.251.194.154']
dport | 7697 | ['80' nan '30551' ... '42052' '2660' '2664']
state | 11 | ['RST' 'CON' 'REQ' 'INT' 'URP' 'FIN' 'ACC' 'NRS' 'ECO' 'TST' 'MAS']
category | 5 | ['DoS' 'DDoS' 'Normal' 'Reconnaissance' 'Theft']
subcategory | 8 | ['HTTP' 'TCP' 'UDP' 'Normal' 'OS_Fingerprint' 'Service_Scan'
 'Data_Exfiltration' 'Keylogging']

Handling categorical attributes (label encoding).
Objects: ['category', 'subcategory']

Dropping category and subcategory.
These are labels for other scenarios.

Enconding label.

Splitting dataset (test/train): 0.2

Splitting dataset (validation/train): 0.25
X_train_df shape: (2201112, 37)
y_train_df shape: (2201112,)
X_val_df shape: (733705, 37)
y_val_df shape: (733705,)
X_test_df shape: (733705, 37)
y_test_df shape: (733705,)

Converting dataframe to numpy array.
X_train shape: (2201112, 37)
y_train shape: (2201112,)
X_val shape: (733705, 37)
y_val shape: (733705,)
X_test shape: (733705, 37)
y_test shape: (733705,)

Applying normalization.
1.3789350986480713 to normalize data.

Selecting top 9 features.
0.8794903755187988 to select features.
X_train shape: (2201112, 9)
y_train shape: (2201112,)
X_val shape: (733705, 9)
y_val shape: (733705,)
X_test shape: (733705, 9)
y_test shape: (733705,)
Feature 29: 0.029859
Feature 33: 0.185222
Feature 34: 0.318271
Feature 20: 2.363140
Feature 2: 15.018434
Feature 22: 15.269860
Feature 30: 16.069985
Feature 3: 50.339891
Feature 14: 58.368243
Feature 1: 168.873037
Feature 12: 318.015635
Feature 11: 356.817122
Feature 15: 492.278642
Feature 9: 631.017334
Feature 7: 1041.018637
Feature 4: 1643.572870
Feature 32: 1996.955005
Feature 31: 6213.534276
Feature 8: 12482.056032
Feature 0: 12485.495846
Feature 36: 18904.964782
Feature 21: 26396.249059
Feature 35: 32232.711729
Feature 10: 33598.291164
Feature 19: 38205.365387
Feature 17: 39072.763808
Feature 13: 85898.442508
Feature 28: 90361.408269
Feature 6: 105712.853301
Feature 26: 122403.718433
Feature 18: 128866.073074
Feature 25: 132522.935681
Feature 5: 141060.086688
Feature 16: 173103.152301
Feature 24: 190045.634463
Feature 23: 203149.329537
Feature 27: 3854592.805822

Rearranging dataset for the RNN.
X_train shape: (2201112, 9)
y_train shape: (2201112,)
X_val shape: (733705, 9)
y_val shape: (733705,)
X_test shape: (733705, 9)
y_test shape: (733705,)
X_train shape: (2201110, 3, 9)
y_train shape: (2201110,)
X_val shape: (733703, 3, 9)
y_val shape: (733703,)
X_test shape: (733703, 3, 9)
y_test shape: (733703,)
y_val:
[1 1 1 1 1 1 1 1 1 1 1 1 1 1 1 1 1 1 1 1 1 1 1 1 1 1 1 1 1 1 1 1 1 1 1 1 1
 1 1 1 1 1 1 1 1 1 1 1 1 1]
(733703,)
y_val:
[1 1 1 1 1 1 1 1 1 1 1 1 1 1 1 1 1 1 1 1 1 1 1 1 1 1 1 1 1 1 1 1 1 1 1 1 1
 1 1 1 1 1 1 1 1 1 1 1 1 1]
(733703,)
y_val:
[1 1 1 1 1 1 1 1 1 1 1 1 1 1 1 1 1 1 1 1 1 1 1 1 1 1 1 1 1 1 1 1 1 1 1 1 1
 1 1 1 1 1 1 1 1 1 1 1 1 1]
(733703,)

Creating learning model.
Model summary:
Model: "sequential"
_________________________________________________________________
Layer (type)                 Output Shape              Param #   
=================================================================
lstm (LSTM)                  (None, 50)                12000     
_________________________________________________________________
dense (Dense)                (None, 1)                 51        
=================================================================
Total params: 12,051
Trainable params: 12,051
Non-trainable params: 0
_________________________________________________________________

Compiling the network.

Fitting the network.
Epoch 1/3
68785/68785 - 88s - loss: 0.0091
Epoch 2/3
68785/68785 - 88s - loss: 0.0032
Epoch 3/3
68785/68785 - 88s - loss: 0.0019
Using TensorFlow backend.
263.67000675201416 s to train model.
y_val:
[1 1 1 1 1 1 1 1 1 1 1 1 1 1 1 1 1 1 1 1 1 1 1 1 1 1 1 1 1 1 1 1 1 1 1 1 1
 1 1 1 1 1 1 1 1 1 1 1 1 1]
(733703,)
y_pred:
[[1.]
 [1.]
 [1.]
 [1.]
 [1.]
 [1.]
 [1.]
 [1.]
 [1.]
 [1.]
 [1.]
 [1.]
 [1.]
 [1.]
 [1.]
 [1.]
 [1.]
 [1.]
 [1.]
 [1.]
 [1.]
 [1.]
 [1.]
 [1.]
 [1.]
 [1.]
 [1.]
 [1.]
 [1.]
 [1.]
 [1.]
 [1.]
 [1.]
 [1.]
 [1.]
 [1.]
 [1.]
 [1.]
 [1.]
 [1.]
 [1.]
 [1.]
 [1.]
 [1.]
 [1.]
 [1.]
 [1.]
 [1.]
 [1.]
 [1.]]
(733703, 1)
y_pred after reshape:
[1. 1. 1. 1. 1. 1. 1. 1. 1. 1. 1. 1. 1. 1. 1. 1. 1. 1. 1. 1. 1. 1. 1. 1.
 1. 1. 1. 1. 1. 1. 1. 1. 1. 1. 1. 1. 1. 1. 1. 1. 1. 1. 1. 1. 1. 1. 1. 1.
 1. 1.]
(733703,)
1    733608
0        95
dtype: int64
1.0    733614
0.0        89
dtype: int64

Performance on VALIDATION set:
Confusion matrix:
[[733607      1]
 [     7     88]]
Accuracy: 0.9999890964054938
Precision: 0.9999890964054938
Recall: 0.9999890964054938
F1: 0.9999890964054938
Cohen Kappa: 0.9565162924479845
