Reading ../../../../datasets/bot-iot/UNSW_2018_IoT_Botnet_Full5pc_1.csv
Reading ../../../../datasets/bot-iot/UNSW_2018_IoT_Botnet_Full5pc_2.csv
Reading ../../../../datasets/bot-iot/UNSW_2018_IoT_Botnet_Full5pc_3.csv
Reading ../../../../datasets/bot-iot/UNSW_2018_IoT_Botnet_Full5pc_4.csv
<class 'pandas.core.frame.DataFrame'>
Int64Index: 3668522 entries, 1 to 3668522
Data columns (total 45 columns):
 #   Column                            Dtype  
---  ------                            -----  
 0   stime                             float64
 1   flgs                              object 
 2   flgs_number                       int64  
 3   proto                             object 
 4   proto_number                      int64  
 5   saddr                             object 
 6   sport                             object 
 7   daddr                             object 
 8   dport                             object 
 9   pkts                              int64  
 10  bytes                             int64  
 11  state                             object 
 12  state_number                      int64  
 13  ltime                             float64
 14  seq                               int64  
 15  dur                               float64
 16  mean                              float64
 17  stddev                            float64
 18  sum                               float64
 19  min                               float64
 20  max                               float64
 21  spkts                             int64  
 22  dpkts                             int64  
 23  sbytes                            int64  
 24  dbytes                            int64  
 25  rate                              float64
 26  srate                             float64
 27  drate                             float64
 28  TnBPSrcIP                         int64  
 29  TnBPDstIP                         int64  
 30  TnP_PSrcIP                        int64  
 31  TnP_PDstIP                        int64  
 32  TnP_PerProto                      int64  
 33  TnP_Per_Dport                     int64  
 34  AR_P_Proto_P_SrcIP                float64
 35  AR_P_Proto_P_DstIP                float64
 36  N_IN_Conn_P_DstIP                 int64  
 37  N_IN_Conn_P_SrcIP                 int64  
 38  AR_P_Proto_P_Sport                float64
 39  AR_P_Proto_P_Dport                float64
 40  Pkts_P_State_P_Protocol_P_DestIP  int64  
 41  Pkts_P_State_P_Protocol_P_SrcIP   int64  
 42  attack                            int64  
 43  category                          object 
 44  subcategory                       object 
dtypes: float64(15), int64(21), object(9)
memory usage: 1.3+ GB

Dataframe contains NaN values: False
Number of NaN columns: 0
NaN columns: [] 


Attack types: [1 0]
Attack distribution:
1    3668045
0        477
Name: attack, dtype: int64

Cateogry types: ['DoS' 'DDoS' 'Normal' 'Reconnaissance' 'Theft']
Cateogry distribution:
DDoS              1926624
DoS               1650260
Reconnaissance      91082
Normal                477
Theft                  79
Name: category, dtype: int64

Subcategory types: ['HTTP' 'TCP' 'UDP' 'Normal' 'OS_Fingerprint' 'Service_Scan'
 'Data_Exfiltration' 'Keylogging']
Subcategory distribution:
UDP                  1981230
TCP                  1593180
Service_Scan           73168
OS_Fingerprint         17914
HTTP                    2474
Normal                   477
Keylogging                73
Data_Exfiltration          6
Name: subcategory, dtype: int64

Column | # of different values
stime | 392259
flgs | 9
flgs_number | 9
proto | 5
proto_number | 5
saddr | 21
sport | 65541
daddr | 84
dport | 7698
pkts | 123
bytes | 1633
state | 11
state_number | 11
ltime | 383624
seq | 262212
dur | 612509
mean | 507089
stddev | 421379
sum | 934972
min | 271147
max | 594525
spkts | 91
dpkts | 62
sbytes | 1052
dbytes | 472
rate | 139677
srate | 119709
drate | 20714
TnBPSrcIP | 8639
TnBPDstIP | 7631
TnP_PSrcIP | 1522
TnP_PDstIP | 1587
TnP_PerProto | 1560
TnP_Per_Dport | 1582
AR_P_Proto_P_SrcIP | 46289
AR_P_Proto_P_DstIP | 39186
N_IN_Conn_P_DstIP | 100
N_IN_Conn_P_SrcIP | 100
AR_P_Proto_P_Sport | 136207
AR_P_Proto_P_Dport | 42237
Pkts_P_State_P_Protocol_P_DestIP | 1595
Pkts_P_State_P_Protocol_P_SrcIP | 1526
attack | 2
category | 5
subcategory | 8

Removing attributes that have only one (or zero) sampled value.

Column | # of different values
stime | 392259
flgs | 9
flgs_number | 9
proto | 5
proto_number | 5
saddr | 21
sport | 65541
daddr | 84
dport | 7698
pkts | 123
bytes | 1633
state | 11
state_number | 11
ltime | 383624
seq | 262212
dur | 612509
mean | 507089
stddev | 421379
sum | 934972
min | 271147
max | 594525
spkts | 91
dpkts | 62
sbytes | 1052
dbytes | 472
rate | 139677
srate | 119709
drate | 20714
TnBPSrcIP | 8639
TnBPDstIP | 7631
TnP_PSrcIP | 1522
TnP_PDstIP | 1587
TnP_PerProto | 1560
TnP_Per_Dport | 1582
AR_P_Proto_P_SrcIP | 46289
AR_P_Proto_P_DstIP | 39186
N_IN_Conn_P_DstIP | 100
N_IN_Conn_P_SrcIP | 100
AR_P_Proto_P_Sport | 136207
AR_P_Proto_P_Dport | 42237
Pkts_P_State_P_Protocol_P_DestIP | 1595
Pkts_P_State_P_Protocol_P_SrcIP | 1526
attack | 2
category | 5
subcategory | 8

Removing redundant columns: ['state_number', 'proto_number', 'flgs_number']

Column | NaN values
stime                               0
flgs                                0
proto                               0
saddr                               0
sport                               0
daddr                               0
dport                               0
pkts                                0
bytes                               0
state                               0
ltime                               0
seq                                 0
dur                                 0
mean                                0
stddev                              0
sum                                 0
min                                 0
max                                 0
spkts                               0
dpkts                               0
sbytes                              0
dbytes                              0
rate                                0
srate                               0
drate                               0
TnBPSrcIP                           0
TnBPDstIP                           0
TnP_PSrcIP                          0
TnP_PDstIP                          0
TnP_PerProto                        0
TnP_Per_Dport                       0
AR_P_Proto_P_SrcIP                  0
AR_P_Proto_P_DstIP                  0
N_IN_Conn_P_DstIP                   0
N_IN_Conn_P_SrcIP                   0
AR_P_Proto_P_Sport                  0
AR_P_Proto_P_Dport                  0
Pkts_P_State_P_Protocol_P_DestIP    0
Pkts_P_State_P_Protocol_P_SrcIP     0
attack                              0
category                            0
subcategory                         0
dtype: int64
Removing attributes with more than half NaN values.
Dataframe contains NaN values: False

Column | NaN values (after dropping columns)
stime                               0
flgs                                0
proto                               0
saddr                               0
sport                               0
daddr                               0
dport                               0
pkts                                0
bytes                               0
state                               0
ltime                               0
seq                                 0
dur                                 0
mean                                0
stddev                              0
sum                                 0
min                                 0
max                                 0
spkts                               0
dpkts                               0
sbytes                              0
dbytes                              0
rate                                0
srate                               0
drate                               0
TnBPSrcIP                           0
TnBPDstIP                           0
TnP_PSrcIP                          0
TnP_PDstIP                          0
TnP_PerProto                        0
TnP_Per_Dport                       0
AR_P_Proto_P_SrcIP                  0
AR_P_Proto_P_DstIP                  0
N_IN_Conn_P_DstIP                   0
N_IN_Conn_P_SrcIP                   0
AR_P_Proto_P_Sport                  0
AR_P_Proto_P_Dport                  0
Pkts_P_State_P_Protocol_P_DestIP    0
Pkts_P_State_P_Protocol_P_SrcIP     0
attack                              0
category                            0
subcategory                         0
dtype: int64
stime unique values: 392259
flgs unique values: 9
proto unique values: 9
saddr unique values: 5
sport unique values: 5
daddr unique values: 21
dport unique values: 65541
pkts unique values: 84
bytes unique values: 7698
state unique values: 123
ltime unique values: 1633
seq unique values: 11
dur unique values: 11
mean unique values: 383624
stddev unique values: 262212
sum unique values: 612509
min unique values: 507089
max unique values: 421379
spkts unique values: 934972
dpkts unique values: 271147
sbytes unique values: 594525
dbytes unique values: 91
rate unique values: 62
srate unique values: 1052
drate unique values: 472
TnBPSrcIP unique values: 139677
TnBPDstIP unique values: 119709
TnP_PSrcIP unique values: 20714
TnP_PDstIP unique values: 8639
TnP_PerProto unique values: 7631
TnP_Per_Dport unique values: 1522
AR_P_Proto_P_SrcIP unique values: 1587
AR_P_Proto_P_DstIP unique values: 1560
N_IN_Conn_P_DstIP unique values: 1582
N_IN_Conn_P_SrcIP unique values: 46289
AR_P_Proto_P_Sport unique values: 39186
AR_P_Proto_P_Dport unique values: 100
Pkts_P_State_P_Protocol_P_DestIP unique values: 100
Pkts_P_State_P_Protocol_P_SrcIP unique values: 136207
attack unique values: 42237
category unique values: 1595
subcategory unique values: 1526
<class 'pandas.core.frame.DataFrame'>
Int64Index: 3668522 entries, 1 to 3668522
Columns: 42 entries, stime to subcategory
dtypes: float64(15), int64(18), object(9)
memory usage: 1.2+ GB

Objects: ['flgs', 'proto', 'saddr', 'sport', 'daddr', 'dport', 'state', 'category', 'subcategory'] 


Check for high cardinality.
Column | # of different values | values
flgs | 9 | ['e' 'e s' 'e d' 'e *' 'e g' 'eU' 'e &' 'e   t' 'e  D']
proto | 5 | ['tcp' 'arp' 'udp' 'icmp' 'ipv6-icmp']
saddr | 21 | ['192.168.100.147' '192.168.100.7' '192.168.100.148' '192.168.100.6'
 '192.168.100.149' '192.168.100.150' '192.168.100.5' '192.168.100.3'
 '192.168.100.1' '192.168.100.4' '192.168.100.27'
 'fe80::250:56ff:febe:254' '192.168.100.46' 'fe80::250:56ff:febe:26db'
 'fe80::250:56ff:febe:e9d9' 'fe80::c0c0:aa20:45b9:bdd9'
 'fe80::250:56ff:febe:89ee' 'fe80::2c6a:ff9b:7e14:166a'
 'fe80::250:56ff:febe:bf1a' 'fe80::250:56ff:febe:c038' '192.168.100.55']
sport | 65540 | ['49960' nan '49962' ... '0x0008' '0x000d' '0x0011']
daddr | 84 | ['192.168.100.7' '192.168.100.147' '192.168.100.6' '192.168.100.148'
 '192.168.100.5' '192.168.100.3' '192.168.100.149' '192.168.100.150'
 '192.168.100.4' '27.124.125.250' '192.168.100.1' '192.168.100.27'
 '192.168.217.2' '192.168.100.255' '8.8.8.8' 'ff02::1' '255.255.255.255'
 '13.55.154.73' '192.168.100.55' '184.85.248.65' '205.251.194.167'
 '192.5.5.241' '192.35.51.30' '205.251.195.97' '205.251.196.236'
 '199.7.91.13' '192.12.94.30' '52.35.35.13' '216.239.38.10' '199.7.83.42'
 '192.42.93.30' '172.217.25.170' 'ff02::fb' '224.0.0.251' 'ff02::2'
 '129.250.35.250' '91.189.91.157' '216.239.34.10' '192.52.178.30'
 '224.0.0.252' '96.7.49.66' '205.251.193.2' '192.33.4.12' '192.41.162.30'
 '192.36.148.17' '35.165.2.252' '52.11.124.117' '52.201.147.106'
 '216.239.36.10' '192.112.36.4' '192.31.80.30' '91.189.92.40'
 '128.63.2.53' '202.12.27.33' '192.203.230.10' '192.55.83.30'
 '205.251.198.119' '192.33.14.30' '192.58.128.30' '205.251.196.160'
 '205.251.199.148' '192.54.112.30' '156.154.100.3' '199.19.57.1'
 '205.251.194.86' '205.251.199.194' '205.251.199.61' '205.251.195.185'
 '205.251.194.201' '205.251.198.239' '205.251.193.205' '205.251.196.32'
 '198.41.0.4' '192.48.79.30' '199.19.56.1' '156.154.101.3'
 '205.251.197.206' '205.251.192.170' '205.251.195.59' '205.251.198.91'
 '205.251.194.84' '192.26.92.30' '205.251.194.102' '205.251.194.154']
dport | 7697 | ['80' nan '30551' ... '42052' '2660' '2664']
state | 11 | ['RST' 'CON' 'REQ' 'INT' 'URP' 'FIN' 'ACC' 'NRS' 'ECO' 'TST' 'MAS']
category | 5 | ['DoS' 'DDoS' 'Normal' 'Reconnaissance' 'Theft']
subcategory | 8 | ['HTTP' 'TCP' 'UDP' 'Normal' 'OS_Fingerprint' 'Service_Scan'
 'Data_Exfiltration' 'Keylogging']

Handling categorical attributes (label encoding).
Objects: ['category', 'subcategory']

Dropping category and subcategory.
These are labels for other scenarios.
Attack set:
1    3668045
Name: attack, dtype: int64
Normal set:
0    477
Name: attack, dtype: int64
Test set:
1    477
0    477
Name: attack, dtype: int64

Splitting dataset (validation/train): 0.25
X_train_df shape: (2750676, 37)
y_train_df shape: (2750676,)
X_val_df shape: (916892, 37)
y_val_df shape: (916892,)
X_test_df shape: (954, 37)
y_test_df shape: (954,)

Converting dataframe to numpy array.
X_train shape: (2750676, 37)
y_train shape: (2750676,)
X_val shape: (916892, 37)
y_val shape: (916892,)
X_test shape: (954, 37)
y_test shape: (954,)

Applying normalization.
5.579975128173828 to normalize data.

Creating learning model.
2020-07-11 19:54:22.084244: W tensorflow/stream_executor/platform/default/dso_loader.cc:55] Could not load dynamic library 'libcuda.so.1'; dlerror: libcuda.so.1: cannot open shared object file: No such file or directory
2020-07-11 19:54:22.084296: E tensorflow/stream_executor/cuda/cuda_driver.cc:313] failed call to cuInit: UNKNOWN ERROR (303)
2020-07-11 19:54:22.084334: I tensorflow/stream_executor/cuda/cuda_diagnostics.cc:156] kernel driver does not appear to be running on this host (slave03): /proc/driver/nvidia/version does not exist
2020-07-11 19:54:22.117049: I tensorflow/core/platform/profile_utils/cpu_utils.cc:102] CPU Frequency: 1995095000 Hz
2020-07-11 19:54:22.120019: I tensorflow/compiler/xla/service/service.cc:168] XLA service 0x7fafb4000b20 initialized for platform Host (this does not guarantee that XLA will be used). Devices:
2020-07-11 19:54:22.120051: I tensorflow/compiler/xla/service/service.cc:176]   StreamExecutor device (0): Host, Default Version

Compiling the network.
Model summary:
Model: "sequential"
_________________________________________________________________
Layer (type)                 Output Shape              Param #   
=================================================================
dense (Dense)                (None, 37)                1406      
_________________________________________________________________
dense_1 (Dense)              (None, 32)                1216      
_________________________________________________________________
dense_2 (Dense)              (None, 8)                 264       
_________________________________________________________________
dense_3 (Dense)              (None, 32)                288       
_________________________________________________________________
dense_4 (Dense)              (None, 37)                1221      
=================================================================
Total params: 4,395
Trainable params: 4,395
Non-trainable params: 0
_________________________________________________________________

Fitting the network.
91690/91690 - 181s - loss: 1.0076 - mse: 1.0076 - val_loss: 1.2383 - val_mse: 1.2383
184.43317031860352 s to train model.
[[-0.08005442 -0.07549015  0.16655943 ...  0.2260594   0.10501055
   0.06547132]
 [-0.08005442 -0.07549015  0.16655943 ...  0.2260594   0.10501055
   0.06547132]
 [-0.08005442 -0.07549015  0.16655943 ...  0.2260594   0.10501055
   0.06547132]
 ...
 [-0.08005442 -0.07549015  0.16655943 ...  0.2260594   0.10501055
   0.06547132]
 [-0.08005442 -0.07549015  0.16655943 ...  0.2260594   0.10501055
   0.06547132]
 [-0.08005442 -0.07549015  0.16655943 ...  0.2260594   0.10501055
   0.06547132]]
[[ 0.17615569  1.30258074 -1.05019097 ... -0.03457003 -1.1773522
  -1.04806027]
 [ 0.11996232  1.30258074 -1.05019097 ... -0.03457108 -0.61239452
  -0.47601391]
 [-6.61432438 -0.77323936  0.89742758 ...  1.41447164 -1.47376497
  -1.4559319 ]
 ...
 [ 0.12010031  1.30258074 -1.05019097 ... -0.03456179 -0.24251191
  -0.10149029]
 [ 0.13406891 -0.77323936  0.89742758 ... -0.03455892  0.65432673
   0.80660125]
 [ 0.19003988 -0.77323936  0.89742758 ... -0.03452763  1.16101523
   1.31964731]]
Train error: 1.0089202133906903
Validation error: 1.238337538458251
Error on first 50 samples:
MSE (pred, real)
0.6753932621076328
MSE (pred, real)
0.6419827847351448
MSE (pred, real)
4.456900141229817
MSE (pred, real)
0.26551648323683175
MSE (pred, real)
0.4295767169469468
MSE (pred, real)
0.27963032465869786
MSE (pred, real)
0.9136514084571535
MSE (pred, real)
0.3333582648050969
MSE (pred, real)
1.2197505273949083
MSE (pred, real)
0.519154733510097
MSE (pred, real)
0.40527412708430965
MSE (pred, real)
0.2605542960304158
MSE (pred, real)
0.31146057033400437
MSE (pred, real)
0.6286668131248989
MSE (pred, real)
0.8316249279406843
MSE (pred, real)
0.7421158819510648
MSE (pred, real)
0.3844763722255563
MSE (pred, real)
1.1455909980141352
MSE (pred, real)
0.6740998233428769
MSE (pred, real)
0.5042793493052725
MSE (pred, real)
1.2188840115817137
MSE (pred, real)
1.1737204204789746
MSE (pred, real)
0.26601476804671764
MSE (pred, real)
0.8748534953947603
MSE (pred, real)
0.8375010028558197
MSE (pred, real)
0.6177208822552777
MSE (pred, real)
0.6667966960658904
MSE (pred, real)
0.23373401527282778
MSE (pred, real)
0.8610165482011647
MSE (pred, real)
0.4449530478368482
MSE (pred, real)
1.949180284706504
MSE (pred, real)
0.21392949541830442
MSE (pred, real)
0.45855293183392715
MSE (pred, real)
0.20942329059963785
MSE (pred, real)
0.2042337883703267
MSE (pred, real)
1.8827704785168429
MSE (pred, real)
0.8176010392330607
MSE (pred, real)
1.3076135780325366
MSE (pred, real)
0.39213426463903484
MSE (pred, real)
0.5608735629548438
MSE (pred, real)
0.16339036901442763
MSE (pred, real)
1.020811432556642
MSE (pred, real)
0.71185793349575
MSE (pred, real)
0.8361976197543326
MSE (pred, real)
0.6388542607418769
MSE (pred, real)
0.5601643175755958
MSE (pred, real)
0.5058996205324632
MSE (pred, real)
0.7188524894869198
MSE (pred, real)
0.6278730214731281
MSE (pred, real)
0.47716951027885046
(954, 37)
Test error: 13952387.718182016
MSE (pred, real) | Label
94.23901146731387 | 0
138.6887668807404 | 0
6.182839211481101 | 0
139.40051539842617 | 0
24.283744466573605 | 0
6.29024406064081 | 0
25.671146643719258 | 0
4.541354454265875 | 0
4.26255839696886 | 0
88.80132249069409 | 0
38.38679963007391 | 0
4.752532984889811 | 0
4.007329517219174 | 0
103.99124490781657 | 0
4.508919230287363 | 0
4.532170593927986 | 0
88.80592782711686 | 0
8749.225381014186 | 0
88.87942426828761 | 0
8749.14133445868 | 0
8749.141260020453 | 0
8749.243051056643 | 0
8749.242973694232 | 0
8749.258827526095 | 0
8749.90996804991 | 0
8750.95092413597 | 0
8749.088727821125 | 0
8749.098747009446 | 0
8749.076299231534 | 0
8749.223333299075 | 0
8749.278380905493 | 0
8749.098598698387 | 0
8749.233747765704 | 0
8749.232260334777 | 0
195873481.5201421 | 0
200679414.55059832 | 0
2290622.6197222937 | 0
633357.6383158119 | 0
69189178.44437851 | 0
865811.1266023591 | 0
1174040205.9457574 | 0
1039488984.353501 | 0
634815.8801218234 | 0
634815.8908182045 | 0
634816.7326774445 | 0
634816.6670484134 | 0
634816.1916894062 | 0
634815.8363067892 | 0
634815.8992246486 | 0
634816.7415052087 | 0
634816.1866436589 | 0
637508.7729589449 | 0
10274.873738106826 | 0
634815.8539212326 | 0
634816.778992336 | 0
634816.923133609 | 0
634816.1892386619 | 0
637520.8353374706 | 0
8749.279337058413 | 0
634815.4009013838 | 0
8749.27889141147 | 0
56424.89636559377 | 0
8748.988841678953 | 0
8749.276455617657 | 0
8751.01574326826 | 0
8750.991308479475 | 0
250.9638350764156 | 0
8751.022442172498 | 0
8751.065551855783 | 0
63.259931008912325 | 0
6.159405612263966 | 0
8748.893287794584 | 0
8748.922222174175 | 0
8748.929633985204 | 0
8748.890777111745 | 0
8748.947977967713 | 0
8748.895998135537 | 0
8748.899822493415 | 0
8748.93724810666 | 0
8748.909721151735 | 0
8748.904163963281 | 0
8748.916367702614 | 0
8748.905068269945 | 0
8748.890696063574 | 0
8748.922826209444 | 0
8748.913266318508 | 0
8748.88614328584 | 0
8748.933169919836 | 0
8748.899720784038 | 0
8749.07264015064 | 0
8748.89851422068 | 0
8749.083419967279 | 0
8749.05833226808 | 0
8748.901142140596 | 0
8749.202870918036 | 0
8749.23133007141 | 0
8749.05711820412 | 0
8749.208308523946 | 0
8749.206237119837 | 0
56425.24256376903 | 0
1965515.6223202727 | 0
56425.26819193193 | 0
47682.30789218034 | 0
125098.91907039168 | 0
8748.963647886387 | 0
8749.244135548739 | 0
53641062.47790741 | 0
530550.3788846551 | 0
940858246.6433035 | 0
836416921.1090679 | 0
1794511.6994430735 | 0
790007.357398512 | 0
155880111.22433326 | 0
156437812.99813154 | 0
8749.35526696598 | 0
6.313188006997217 | 0
3385.6248966785206 | 0
6.47452021595483 | 0
3387.2962614895437 | 0
5.86623844811343 | 0
97.54249773664337 | 0
97.54169159880024 | 0
375391.4161016831 | 0
3998.052662219226 | 0
3415.042540174709 | 0
3415.9362945138705 | 0
3415.786129066402 | 0
3415.379924652767 | 0
4463.53180646718 | 0
3385.72112478868 | 0
3385.686153572209 | 0
97.53767009216348 | 0
4600.530958304029 | 0
80.3759150316312 | 0
3387.3227502024874 | 0
8.453783585345516 | 0
3387.2750872401216 | 0
8.04340926751136 | 0
5.851806493470006 | 0
5.831028611348042 | 0
3609.469186268801 | 0
3387.4439099003234 | 0
8.67947677465535 | 0
6.0248757895133975 | 0
3387.4612845698043 | 0
54.28886823245814 | 0
5.98598679932956 | 0
307303.5833080469 | 0
1496189119.1114216 | 0
265496215.59084186 | 0
264810201.56557605 | 0
92074508.77864614 | 0
1171769.8206080818 | 0
1450927090.6097982 | 0
3387448.170984478 | 0
3710.02841881801 | 0
3946.835428297579 | 0
3948.1861499827787 | 0
3414.971505596843 | 0
3414.9836018373303 | 0
3415.8615020757334 | 0
3415.75828392647 | 0
3415.341090360656 | 0
3415.0112248073524 | 0
3415.048788451414 | 0
3415.8718418871817 | 0
3415.7680311584163 | 0
3415.394862985296 | 0
4659.449072346097 | 0
139.25171114690266 | 0
4453.510544309832 | 0
3385.373684413115 | 0
66.1983512484808 | 0
3385.4412386725553 | 0
3385.3687336507123 | 0
3998.044131326568 | 0
3387.283726048689 | 0
6.995631068785245 | 0
50.79738932341502 | 0
3385.6410855621084 | 0
4514.892905433622 | 0
36920.973450649064 | 0
4573.505263019758 | 0
78839.97417863362 | 0
4515.161489498904 | 0
305275.9995187472 | 0
4435.791435317067 | 0
36943.49260074191 | 0
4438.084574399868 | 0
22285.717951798553 | 0
4437.607797385016 | 0
3415.015321254297 | 0
3415.8995114106438 | 0
3415.7725634995663 | 0
3415.36456552091 | 0
4455.866139459033 | 0
3471.657964136763 | 0
3385.726197208304 | 0
3414.8848399435765 | 0
92.13593741668623 | 0
3385.3519318878098 | 0
3385.436077583271 | 0
3385.3368631811854 | 0
11769.572134395554 | 0
4512.26734800025 | 0
3385.3611001865615 | 0
3385.4296605833065 | 0
44.79164287771658 | 0
3385.3519696357853 | 0
3385.4694646608673 | 0
3385.457267100962 | 0
3385.348953824841 | 0
3385.4540294504955 | 0
3385.5079616517364 | 0
3385.4198323593573 | 0
3385.359982855591 | 0
3332.578390640732 | 0
18380.0057998513 | 0
3332.115030137963 | 0
3332.3412971710886 | 0
3332.2819453830602 | 0
3332.360940950005 | 0
3332.360860819739 | 0
3332.516877819404 | 0
3332.5168035403617 | 0
3333.1615349064073 | 0
3334.1729737879955 | 0
22196.094559052133 | 0
4360.315523374808 | 0
3334.823862956626 | 0
3332.5757854718454 | 0
20.30465981544785 | 0
3335.972527141402 | 0
28.775621729970275 | 0
4354.304771008479 | 0
62552.708735487424 | 0
348540.90650109947 | 0
3332.626917674621 | 0
3332.1534254922535 | 0
3332.313884910026 | 0
3332.169910132224 | 0
3332.3422298641613 | 0
3332.1706273584027 | 0
3332.354350162598 | 0
3332.0991296987195 | 0
8.796808951809798 | 0
3332.261766691411 | 0
93.31741948938402 | 0
3332.1402302632205 | 0
3332.189149588831 | 0
3332.0981796426895 | 0
3332.1674076285553 | 0
3332.3086112569313 | 0
3332.3311071726976 | 0
3332.3517550290167 | 0
3332.268744465879 | 0
3332.167418269754 | 0
3332.166644034708 | 0
3332.0966652397265 | 0
3332.1831095106118 | 0
3332.327928166199 | 0
3332.3453646516873 | 0
3332.328058360017 | 0
3332.2560082374025 | 0
3332.1349572657155 | 0
3332.159599250347 | 0
3332.179026483768 | 0
3332.2989403898173 | 0
3332.3427891501547 | 0
3332.099773317817 | 0
3332.3234907247 | 0
3332.253777477179 | 0
3334.253534895392 | 0
3332.27977969121 | 0
3334.2279198436154 | 0
3332.540418995221 | 0
3334.207225364661 | 0
369878.3437796245 | 0
3336.8439278002966 | 0
217314.38981419106 | 0
1449837383.3014565 | 0
244436026.17945296 | 0
77689099.36472957 | 0
1436161820.96739 | 0
259814687.37289816 | 0
1120071.3148902406 | 0
3593817.3455663216 | 0
4575.415443245707 | 0
141.83695815608957 | 0
348628.9591731155 | 0
3989.2324779951327 | 0
3650.3753752564844 | 0
3352.6408435714807 | 0
3353.5637520958117 | 0
3353.407594365716 | 0
3353.0525066125538 | 0
3332.2238938407145 | 0
3332.1880387256842 | 0
3332.2167456093853 | 0
3332.218050459074 | 0
3332.2220596236216 | 0
3332.175000862938 | 0
3332.202935470122 | 0
3332.2484342823745 | 0
3332.1947919174513 | 0
3332.225288761253 | 0
3332.1528069249293 | 0
3332.172538161105 | 0
3332.216144513544 | 0
4378.097208180718 | 0
3332.1925944392915 | 0
3332.2515458905937 | 0
3332.217913233421 | 0
3332.1483271909447 | 0
3332.1891453668823 | 0
3332.206781961747 | 0
1350.6835502550998 | 0
110.66133651233942 | 0
1350.7740550849423 | 0
1350.499786245045 | 0
1350.7544008174193 | 0
1350.430229667633 | 0
1350.5040844114462 | 0
108.89693711750391 | 0
1350.7446527052634 | 0
109.26897865272376 | 0
1350.699309271907 | 0
109.55993760239883 | 0
1350.748232798221 | 0
41.8808675493744 | 0
41.880857401237634 | 0
1352.6144162273486 | 0
1350.9245841028592 | 0
1350.8043861593653 | 0
41.87811027889681 | 0
1352.556167674826 | 0
1352.5921573134947 | 0
1352.6446732937804 | 0
1350.8404118078486 | 0
6.291437404134422 | 0
1352.6875565034184 | 0
33.062224443843505 | 0
6.037403682184059 | 0
6.057622662293089 | 0
1350.473122707125 | 0
1350.5299284565058 | 0
1350.4870460737463 | 0
1350.5154583488834 | 0
1350.47577541244 | 0
1350.4951615192485 | 0
1350.4249374294764 | 0
1350.724255682594 | 0
1350.4745565453984 | 0
1350.743036784394 | 0
1350.6724694101338 | 0
1350.7312703677774 | 0
1350.4688672849163 | 0
1350.4126379637069 | 0
1350.4890047618203 | 0
1350.724309383111 | 0
1350.5047443268231 | 0
1350.6559884757432 | 0
1350.7311852652208 | 0
1350.7176508634352 | 0
1359.6900946960027 | 0
1359.6553999971861 | 0
1350.4646692420397 | 0
1350.7464054481916 | 0
1350.4231144239106 | 0
1350.5086901171314 | 0
1350.4655679171183 | 0
1350.6560227675304 | 0
1350.7131003685058 | 0
1350.6897780877546 | 0
1350.689375172429 | 0
1350.7084601270858 | 0
1350.6977415161768 | 0
1350.4477479537418 | 0
5.918056229178423 | 0
1350.6778361190532 | 0
1358.121477553218 | 0
45.80247086786237 | 0
584826439.8996975 | 0
103389710.50490785 | 0
104182263.709101 | 0
33105848.767157115 | 0
590849365.2646086 | 0
1399549.3599884473 | 0
465241.7933281642 | 0
93191.02166372594 | 0
1359.8390842526446 | 0
1359.7075114617726 | 0
1359.2091324203566 | 0
1358.937857802644 | 0
1358.8691601124085 | 0
1359.2700139059873 | 0
1359.27140565712 | 0
1359.7729459105833 | 0
1359.7557016236972 | 0
1359.6321606001902 | 0
1358.922818737734 | 0
1359.2808839952086 | 0
1358.938288083812 | 0
1359.250777316618 | 0
1358.9566414634442 | 0
1358.8794084684 | 0
1358.910153671939 | 0
1359.8440178293538 | 0
1359.2464501679358 | 0
1359.270244155825 | 0
1359.1733046054537 | 0
1358.8806262444384 | 0
1359.301765146359 | 0
1359.2448314872074 | 0
1359.2897684893405 | 0
1359.362510268782 | 0
4.708468683074139 | 0
4.7051944664431655 | 0
5.118908932878872 | 0
4.773845250886229 | 0
4.675758686922719 | 0
4.686376214997051 | 0
4.841528144687233 | 0
4.336300672580971 | 0
4.34071086602649 | 0
4.338417648986145 | 0
4.700901607891998 | 0
4.67983701373918 | 0
4.668110397945658 | 0
4.6632106839368745 | 0
4.686673568841316 | 0
4.67637748119669 | 0
4.412214429986522 | 0
4.405165772371339 | 0
4.361710327620909 | 0
4.37097426939066 | 0
4.352320472612695 | 0
4.369680634874027 | 0
4.335915867044402 | 0
4.3492063826355265 | 0
5.512691653199411 | 0
4.454861775306258 | 0
4.3871179759160235 | 0
4.428941622622852 | 0
5.27762394951062 | 0
4.6850384960435 | 0
4.668850746527074 | 0
4.314293122024579 | 0
4.314814554403521 | 0
4.678171258346507 | 0
4.661269625452408 | 0
4.7647924063430676 | 0
4.736553159520702 | 0
4.686569352625258 | 0
4.742332216841365 | 0
4.783858494932547 | 0
4.771149527607321 | 0
4.442115926171378 | 0
4.4433166994223985 | 0
4.406840954544057 | 0
4.37451988016004 | 0
4.3367451898430645 | 0
4.354481406376882 | 0
4.328602409261414 | 0
4.2624311731650595 | 0
4.279735833869788 | 0
4.337858747034101 | 0
4.377474251973936 | 0
4.336119116741168 | 0
4.629241674063067 | 0
4.678958935273189 | 0
4.649836607564518 | 0
4.305329115097233 | 0
4.329471294445139 | 0
4.3426167686050245 | 0
4.722907477350123 | 0
4.694607878042197 | 0
0.46681279490196403 | 1
0.9075241022848746 | 1
0.25037735886166906 | 1
0.5985624115308701 | 1
0.4747876040151648 | 1
0.27578482474353017 | 1
0.47972377964796103 | 1
0.496487740545434 | 1
0.6119255598132458 | 1
0.6320182646087358 | 1
0.9168994538523048 | 1
0.16716363642785018 | 1
0.42619431730801777 | 1
0.35771954460654565 | 1
0.8362379928873931 | 1
0.6279243596632601 | 1
1.0387229093429218 | 1
0.19983151877453975 | 1
1.171881477887401 | 1
5.955966194342979 | 1
0.8114967531324996 | 1
0.42970678340982427 | 1
0.41615099324258725 | 1
0.6468947773292995 | 1
0.3538102560846502 | 1
0.7813669349561689 | 1
0.3321225208134651 | 1
0.2897500323466236 | 1
0.1581847405837844 | 1
0.5754611926816171 | 1
1.2086883320570194 | 1
0.425192479128148 | 1
0.6757580216438458 | 1
0.5823948700715516 | 1
0.394380208395626 | 1
0.9591387931769523 | 1
0.5141466895417056 | 1
1.7189172535244537 | 1
0.3839366910479687 | 1
0.5095508064063926 | 1
0.6043424095751612 | 1
2.3664594260003633 | 1
0.8364911203382228 | 1
1.5407294552798532 | 1
0.44967369617545305 | 1
1.154730843204067 | 1
0.15977645542882876 | 1
1.5459084635258502 | 1
0.6161641925478096 | 1
0.6002490701224955 | 1
0.2539515243660725 | 1
0.48037844491865284 | 1
0.741603370592718 | 1
0.6172125265245352 | 1
1.0359544471718862 | 1
0.2972258912648173 | 1
0.6019683750853694 | 1
0.7053905471077228 | 1
0.6018451261374504 | 1
0.23369772892992619 | 1
0.35084176297295233 | 1
0.9053047546378187 | 1
0.39163747682201266 | 1
0.850628321407169 | 1
0.8485050555186855 | 1
0.2576398718369745 | 1
0.47958745413574044 | 1
0.4037608435679291 | 1
0.4260305769681379 | 1
1.5763948076634713 | 1
0.6093891219114591 | 1
0.1593422970855742 | 1
0.7134081475078918 | 1
0.9033289028114176 | 1
0.2628401794590236 | 1
0.840359321346838 | 1
0.49665531424259196 | 1
0.13992203664918346 | 1
1.1261871935819194 | 1
0.9317710005285247 | 1
0.3231302496025617 | 1
0.2876703713455437 | 1
0.7473285408247312 | 1
0.7300468722122215 | 1
0.5621817356907652 | 1
0.7818467390030529 | 1
0.6232379536440154 | 1
0.8986432759700246 | 1
0.8662911643306075 | 1
0.5948643600764895 | 1
0.18757571127575962 | 1
0.4556257101575026 | 1
0.40003303103191273 | 1
0.7191578794123848 | 1
0.45783586713949914 | 1
0.7175854134702011 | 1
0.20025178328459314 | 1
1.7837035462852984 | 1
0.5631072983128474 | 1
0.5658929380383357 | 1
1.9342286667151027 | 1
0.7635363688876883 | 1
0.8624692526320273 | 1
0.7174670861278265 | 1
0.8024765785776257 | 1
1.0545087090544556 | 1
0.44875615155829174 | 1
0.17646681744141865 | 1
0.6561156716720058 | 1
1.7175396626307073 | 1
0.8593100208881734 | 1
0.3088436769297829 | 1
0.38777488720840514 | 1
0.24823872758030144 | 1
1.1869583318746761 | 1
0.7842834728237972 | 1
1.1693573284211705 | 1
0.37413357703417754 | 1
0.5292323974647608 | 1
0.15213561698512673 | 1
0.42141761114489196 | 1
0.9913932988010132 | 1
0.8610157631810853 | 1
1.0315767908814968 | 1
0.23841715650724768 | 1
0.4421524399350892 | 1
1.079146081490061 | 1
0.1537887143600444 | 1
0.49431546370759916 | 1
0.7048058569549556 | 1
0.5192450950909493 | 1
7.892121028054747 | 1
0.8021132626355202 | 1
0.3368064095528068 | 1
0.5346976770658376 | 1
3.45677082215775 | 1
0.4953891507712593 | 1
0.6546522981255454 | 1
1.9439767262697467 | 1
0.39615297680925377 | 1
0.8587911697861151 | 1
0.3266911018686921 | 1
0.18233264965720128 | 1
0.4279184727714913 | 1
0.5955833134734354 | 1
0.46521723189798897 | 1
0.26778920390578614 | 1
1.0755364078770027 | 1
0.20236851198911135 | 1
0.5277108487825507 | 1
0.37312231331523216 | 1
0.18853401183513538 | 1
0.646310026236716 | 1
1.08038558753989 | 1
0.6830825842416691 | 1
0.5940453874183721 | 1
0.1887837874903395 | 1
0.46436224363806794 | 1
0.1698803259427809 | 1
0.6491458835402429 | 1
0.16674540737428062 | 1
0.8884702422658145 | 1
0.2865295309982672 | 1
0.539910517411655 | 1
0.1677659361662228 | 1
0.7790665799030974 | 1
0.41919879102342295 | 1
0.2707888010139107 | 1
0.2975574664521468 | 1
0.33180352855634654 | 1
0.43734094361101317 | 1
0.5252178007633848 | 1
0.25487932328069396 | 1
0.4129687431725088 | 1
0.8836898742824554 | 1
0.38231880954207076 | 1
0.7428430350241931 | 1
0.46553614989080216 | 1
0.8553698544291198 | 1
0.7490406648342783 | 1
0.7471152372165574 | 1
1.5495046811900732 | 1
0.8792427088709142 | 1
0.4356983142959926 | 1
0.4590308287029355 | 1
0.6371245962692551 | 1
0.4577077687833764 | 1
0.6838052020966255 | 1
1.173513500999887 | 1
4.167427587431061 | 1
0.5017757601740487 | 1
1.2424694654965844 | 1
0.7579887990181341 | 1
0.573115286962262 | 1
0.43323162330765025 | 1
0.27916355215906574 | 1
0.1942084984999502 | 1
0.39544844967630494 | 1
0.4380498354583255 | 1
0.39089015769706575 | 1
0.42456934033968863 | 1
0.3929964854552887 | 1
1.073468143721788 | 1
0.40490365834355807 | 1
0.5052366181432084 | 1
0.4939845817591861 | 1
0.647119026276884 | 1
0.8525936795228173 | 1
0.6368744845689424 | 1
0.21317909239927005 | 1
0.3713745094081106 | 1
0.5088251378179048 | 1
0.6997577233297694 | 1
0.19313612643581163 | 1
0.6107120926482889 | 1
0.7648568082190768 | 1
0.8377220709612677 | 1
1.5349890669136976 | 1
0.7477491719066823 | 1
0.6101763888674003 | 1
1.21540453055341 | 1
0.1773719338318795 | 1
1.1137493364351436 | 1
1.106791330658835 | 1
0.9534066628693149 | 1
0.23882319307600688 | 1
0.6364977663834496 | 1
0.26729199744694465 | 1
0.41330135308320115 | 1
0.24003423767263282 | 1
0.7714442907421382 | 1
0.3387239295276345 | 1
1.0664191528622564 | 1
0.5057720439270876 | 1
0.5737430322614807 | 1
0.1638958933143966 | 1
0.20247194143322494 | 1
0.46521647461637217 | 1
0.6865731023947095 | 1
0.2281896030503705 | 1
0.5578160275213134 | 1
0.1489393060130514 | 1
0.6761636211586588 | 1
1.220549704953329 | 1
3.7603917219278733 | 1
0.8469617302752206 | 1
0.21421976463101536 | 1
1.2281886557562516 | 1
0.2627619673743434 | 1
0.6165576678363633 | 1
0.5767114348761613 | 1
0.3769969764391028 | 1
0.22607479552865525 | 1
0.6331958997286388 | 1
0.47065845625487857 | 1
1.5158194222449104 | 1
0.267867829559408 | 1
0.579587699537208 | 1
0.633268823534662 | 1
0.7053023028359818 | 1
0.21304369339903367 | 1
0.17606087763612177 | 1
0.43292307091118726 | 1
0.714272909213276 | 1
0.20671926059248105 | 1
0.34461373577140547 | 1
0.7067141615374624 | 1
0.4598580478063032 | 1
0.6019910541865353 | 1
1.8001944013989912 | 1
0.17165560771642213 | 1
0.5510584830079461 | 1
0.27659662765734655 | 1
1.1007493194150846 | 1
0.6230807738405109 | 1
0.3192807879586985 | 1
0.8075176442560572 | 1
0.24937837704685986 | 1
0.8367578840461851 | 1
0.5940657055254739 | 1
0.2811019840569001 | 1
0.4348145750941637 | 1
0.3851465063687205 | 1
0.45570733937834734 | 1
0.7196834069124786 | 1
4.240034602163975 | 1
0.8497004796889256 | 1
0.6261511849158398 | 1
0.7470217832664066 | 1
0.495328610330839 | 1
0.6514404862148755 | 1
0.5703504883736343 | 1
0.5409637493872339 | 1
0.7188165453040524 | 1
0.22092115760736689 | 1
0.46489412879250136 | 1
0.8163211470929702 | 1
0.9105926841424037 | 1
1.2817103608326708 | 1
0.6285224284751315 | 1
0.8294756358894564 | 1
0.7525346901269897 | 1
1.0124153447565742 | 1
0.4116982626719971 | 1
0.2728450350845558 | 1
0.29233789808089733 | 1
0.16065338869837736 | 1
0.6038606396767794 | 1
0.8680229875308388 | 1
0.5025147617091268 | 1
0.8174009971806694 | 1
0.15185081153361674 | 1
0.16498229835886272 | 1
0.28755382925917555 | 1
0.18282732278071526 | 1
0.4540335449591245 | 1
0.510938972447641 | 1
0.1834922763268902 | 1
0.47674921443976265 | 1
0.29330410750526725 | 1
0.7177057050690212 | 1
0.5079227563908217 | 1
0.29914531977313513 | 1
0.9446827959386583 | 1
0.6349097495577612 | 1
1.083083105393181 | 1
0.6560866390059998 | 1
0.423477887551152 | 1
0.7201480735643735 | 1
1.7181604931927414 | 1
0.4283691529151298 | 1
0.8639841899791936 | 1
0.269005094202684 | 1
0.6235451881054791 | 1
1.1408285472935489 | 1
1.9126373651967772 | 1
0.6962543679075051 | 1
0.1767388051747471 | 1
0.18181946323045278 | 1
0.4080861334760607 | 1
0.8486948190940546 | 1
0.539655575249922 | 1
0.4635103569641242 | 1
0.37776886262869136 | 1
0.560920642962078 | 1
1.5285665456916007 | 1
0.19987841018574806 | 1
0.40932321452615056 | 1
0.3847988945166881 | 1
0.6896887456344075 | 1
0.4120908609324017 | 1
0.526351734369867 | 1
0.31997422173582085 | 1
0.44676816872018943 | 1
0.5575070904017982 | 1
0.49859118432256955 | 1
0.5674357434262233 | 1
0.8013109125809887 | 1
0.6973824204841308 | 1
0.801127623624371 | 1
0.3862617169801824 | 1
1.0219663742414462 | 1
4.677228117495997 | 1
0.2330746187965811 | 1
1.5887485412701956 | 1
0.2725982798775432 | 1
0.5436309675344999 | 1
0.45907349238401385 | 1
0.252701895394365 | 1
1.0429612368277723 | 1
0.41404626729208516 | 1
0.5423082107794746 | 1
0.2676493351399328 | 1
1.0561738555987148 | 1
0.2918843660961429 | 1
0.1477652626246122 | 1
0.7362670591878967 | 1
0.8813250434904386 | 1
1.1778710987645518 | 1
0.8570215492704356 | 1
0.8266239298334314 | 1
0.8822034517460438 | 1
1.0752988499720244 | 1
0.6806506436212146 | 1
3.48941178102662 | 1
0.2478736094389857 | 1
0.44052111454363213 | 1
0.19767622279824526 | 1
0.1592199514686602 | 1
0.4088075641623432 | 1
1.2139893250037979 | 1
0.7212401099991965 | 1
0.5928745851219013 | 1
4.13046799918408 | 1
0.4086338295853901 | 1
0.18406344986697823 | 1
0.4436820271527319 | 1
0.7390730693527534 | 1
0.3682111314028912 | 1
2.178044186078352 | 1
0.18492203010699074 | 1
0.4977762867957674 | 1
0.6661800121941716 | 1
0.7680462063207508 | 1
0.43279897358629954 | 1
0.387452996541511 | 1
0.3708853377535125 | 1
0.3613435195708606 | 1
0.6844552545143966 | 1
0.5198327022720195 | 1
0.7445499087891685 | 1
0.20380733270658818 | 1
0.6797635440560229 | 1
0.4759577165113685 | 1
0.8699360399785958 | 1
0.31819501702074565 | 1
0.45356593381085925 | 1
0.5521760849067647 | 1
0.39920325741418716 | 1
0.29106908940078124 | 1
0.6414946366269441 | 1
1.409277440299913 | 1
0.5468890794436893 | 1
0.2752397305732585 | 1
0.8640759016924869 | 1
0.6788022764095596 | 1
0.37982491195547974 | 1
0.33262817956603696 | 1
0.44122429656691986 | 1
0.5822082574561083 | 1
0.3408018244438726 | 1
1.155472963939577 | 1
0.1805024825395654 | 1
0.19195671435508196 | 1
0.4230977892134572 | 1
0.255178547139447 | 1
0.48816925364026453 | 1
0.3693426022596615 | 1
0.4757880047427013 | 1
0.7176363740446331 | 1
0.8460811092171419 | 1
0.4073968963634226 | 1
0.5226009232327228 | 1
0.5273520985273418 | 1
1.531669661583744 | 1
0.2766984285076619 | 1
0.9495638972954907 | 1
0.4384231640085623 | 1
0.4773526416140341 | 1
0.4379693359080126 | 1
0.22661473340062382 | 1
5.874495107045191 | 1
0.39347390552282946 | 1
0.43700761968962154 | 1
0.4046898687220896 | 1
0.28382283209897885 | 1
0.4121493756399306 | 1
0.4293819551676387 | 1
0.3197489857518121 | 1
0.2389251909470137 | 1
0.6585818325465267 | 1
0.6864508760218245 | 1
0.41555448514876825 | 1
1.047274806893278 | 1
0.4514185795105153 | 1
0.8011689956765646 | 1
0.40529992833035433 | 1
0.5019553648097821 | 1
0.2615801925139089 | 1
1.8348258402570443 | 1
0.5958437256389091 | 1
0.8830203603451867 | 1
0.3514691268388182 | 1
0.2389299372265984 | 1
1.1454198054580789 | 1
0.35470161133718997 | 1
0.5504126875289141 | 1
Traceback (most recent call last):
  File "autoencoder.py", line 449, in <module>
    y_pred = scaler.fit_transform (y_pred.reshape (-1, 1))
AttributeError: 'list' object has no attribute 'reshape'
