Reading ../../../../datasets/bot-iot/UNSW_2018_IoT_Botnet_Full5pc_1.csv
Reading ../../../../datasets/bot-iot/UNSW_2018_IoT_Botnet_Full5pc_2.csv
Reading ../../../../datasets/bot-iot/UNSW_2018_IoT_Botnet_Full5pc_3.csv
Reading ../../../../datasets/bot-iot/UNSW_2018_IoT_Botnet_Full5pc_4.csv
<class 'pandas.core.frame.DataFrame'>
Int64Index: 3668522 entries, 1 to 3668522
Data columns (total 45 columns):
 #   Column                            Dtype  
---  ------                            -----  
 0   stime                             float64
 1   flgs                              object 
 2   flgs_number                       int64  
 3   proto                             object 
 4   proto_number                      int64  
 5   saddr                             object 
 6   sport                             object 
 7   daddr                             object 
 8   dport                             object 
 9   pkts                              int64  
 10  bytes                             int64  
 11  state                             object 
 12  state_number                      int64  
 13  ltime                             float64
 14  seq                               int64  
 15  dur                               float64
 16  mean                              float64
 17  stddev                            float64
 18  sum                               float64
 19  min                               float64
 20  max                               float64
 21  spkts                             int64  
 22  dpkts                             int64  
 23  sbytes                            int64  
 24  dbytes                            int64  
 25  rate                              float64
 26  srate                             float64
 27  drate                             float64
 28  TnBPSrcIP                         int64  
 29  TnBPDstIP                         int64  
 30  TnP_PSrcIP                        int64  
 31  TnP_PDstIP                        int64  
 32  TnP_PerProto                      int64  
 33  TnP_Per_Dport                     int64  
 34  AR_P_Proto_P_SrcIP                float64
 35  AR_P_Proto_P_DstIP                float64
 36  N_IN_Conn_P_DstIP                 int64  
 37  N_IN_Conn_P_SrcIP                 int64  
 38  AR_P_Proto_P_Sport                float64
 39  AR_P_Proto_P_Dport                float64
 40  Pkts_P_State_P_Protocol_P_DestIP  int64  
 41  Pkts_P_State_P_Protocol_P_SrcIP   int64  
 42  attack                            int64  
 43  category                          object 
 44  subcategory                       object 
dtypes: float64(15), int64(21), object(9)
memory usage: 1.3+ GB

Dataframe contains NaN values: False
Number of NaN columns: 0
NaN columns: [] 


Attack types: [1 0]
Attack distribution:
1    3668045
0        477
Name: attack, dtype: int64

Cateogry types: ['DoS' 'DDoS' 'Normal' 'Reconnaissance' 'Theft']
Cateogry distribution:
DDoS              1926624
DoS               1650260
Reconnaissance      91082
Normal                477
Theft                  79
Name: category, dtype: int64

Subcategory types: ['HTTP' 'TCP' 'UDP' 'Normal' 'OS_Fingerprint' 'Service_Scan'
 'Data_Exfiltration' 'Keylogging']
Subcategory distribution:
UDP                  1981230
TCP                  1593180
Service_Scan           73168
OS_Fingerprint         17914
HTTP                    2474
Normal                   477
Keylogging                73
Data_Exfiltration          6
Name: subcategory, dtype: int64

Column | # of different values
stime | 392259
flgs | 9
flgs_number | 9
proto | 5
proto_number | 5
saddr | 21
sport | 65541
daddr | 84
dport | 7698
pkts | 123
bytes | 1633
state | 11
state_number | 11
ltime | 383624
seq | 262212
dur | 612509
mean | 507089
stddev | 421379
sum | 934972
min | 271147
max | 594525
spkts | 91
dpkts | 62
sbytes | 1052
dbytes | 472
rate | 139677
srate | 119709
drate | 20714
TnBPSrcIP | 8639
TnBPDstIP | 7631
TnP_PSrcIP | 1522
TnP_PDstIP | 1587
TnP_PerProto | 1560
TnP_Per_Dport | 1582
AR_P_Proto_P_SrcIP | 46289
AR_P_Proto_P_DstIP | 39186
N_IN_Conn_P_DstIP | 100
N_IN_Conn_P_SrcIP | 100
AR_P_Proto_P_Sport | 136207
AR_P_Proto_P_Dport | 42237
Pkts_P_State_P_Protocol_P_DestIP | 1595
Pkts_P_State_P_Protocol_P_SrcIP | 1526
attack | 2
category | 5
subcategory | 8

Removing attributes that have only one (or zero) sampled value.

Column | # of different values
stime | 392259
flgs | 9
flgs_number | 9
proto | 5
proto_number | 5
saddr | 21
sport | 65541
daddr | 84
dport | 7698
pkts | 123
bytes | 1633
state | 11
state_number | 11
ltime | 383624
seq | 262212
dur | 612509
mean | 507089
stddev | 421379
sum | 934972
min | 271147
max | 594525
spkts | 91
dpkts | 62
sbytes | 1052
dbytes | 472
rate | 139677
srate | 119709
drate | 20714
TnBPSrcIP | 8639
TnBPDstIP | 7631
TnP_PSrcIP | 1522
TnP_PDstIP | 1587
TnP_PerProto | 1560
TnP_Per_Dport | 1582
AR_P_Proto_P_SrcIP | 46289
AR_P_Proto_P_DstIP | 39186
N_IN_Conn_P_DstIP | 100
N_IN_Conn_P_SrcIP | 100
AR_P_Proto_P_Sport | 136207
AR_P_Proto_P_Dport | 42237
Pkts_P_State_P_Protocol_P_DestIP | 1595
Pkts_P_State_P_Protocol_P_SrcIP | 1526
attack | 2
category | 5
subcategory | 8

Removing redundant columns: ['state_number', 'proto_number', 'flgs_number']

Column | NaN values
stime                               0
flgs                                0
proto                               0
saddr                               0
sport                               0
daddr                               0
dport                               0
pkts                                0
bytes                               0
state                               0
ltime                               0
seq                                 0
dur                                 0
mean                                0
stddev                              0
sum                                 0
min                                 0
max                                 0
spkts                               0
dpkts                               0
sbytes                              0
dbytes                              0
rate                                0
srate                               0
drate                               0
TnBPSrcIP                           0
TnBPDstIP                           0
TnP_PSrcIP                          0
TnP_PDstIP                          0
TnP_PerProto                        0
TnP_Per_Dport                       0
AR_P_Proto_P_SrcIP                  0
AR_P_Proto_P_DstIP                  0
N_IN_Conn_P_DstIP                   0
N_IN_Conn_P_SrcIP                   0
AR_P_Proto_P_Sport                  0
AR_P_Proto_P_Dport                  0
Pkts_P_State_P_Protocol_P_DestIP    0
Pkts_P_State_P_Protocol_P_SrcIP     0
attack                              0
category                            0
subcategory                         0
dtype: int64
Removing attributes with more than half NaN values.
Dataframe contains NaN values: False

Column | NaN values (after dropping columns)
stime                               0
flgs                                0
proto                               0
saddr                               0
sport                               0
daddr                               0
dport                               0
pkts                                0
bytes                               0
state                               0
ltime                               0
seq                                 0
dur                                 0
mean                                0
stddev                              0
sum                                 0
min                                 0
max                                 0
spkts                               0
dpkts                               0
sbytes                              0
dbytes                              0
rate                                0
srate                               0
drate                               0
TnBPSrcIP                           0
TnBPDstIP                           0
TnP_PSrcIP                          0
TnP_PDstIP                          0
TnP_PerProto                        0
TnP_Per_Dport                       0
AR_P_Proto_P_SrcIP                  0
AR_P_Proto_P_DstIP                  0
N_IN_Conn_P_DstIP                   0
N_IN_Conn_P_SrcIP                   0
AR_P_Proto_P_Sport                  0
AR_P_Proto_P_Dport                  0
Pkts_P_State_P_Protocol_P_DestIP    0
Pkts_P_State_P_Protocol_P_SrcIP     0
attack                              0
category                            0
subcategory                         0
dtype: int64
stime unique values: 392259
flgs unique values: 9
proto unique values: 9
saddr unique values: 5
sport unique values: 5
daddr unique values: 21
dport unique values: 65541
pkts unique values: 84
bytes unique values: 7698
state unique values: 123
ltime unique values: 1633
seq unique values: 11
dur unique values: 11
mean unique values: 383624
stddev unique values: 262212
sum unique values: 612509
min unique values: 507089
max unique values: 421379
spkts unique values: 934972
dpkts unique values: 271147
sbytes unique values: 594525
dbytes unique values: 91
rate unique values: 62
srate unique values: 1052
drate unique values: 472
TnBPSrcIP unique values: 139677
TnBPDstIP unique values: 119709
TnP_PSrcIP unique values: 20714
TnP_PDstIP unique values: 8639
TnP_PerProto unique values: 7631
TnP_Per_Dport unique values: 1522
AR_P_Proto_P_SrcIP unique values: 1587
AR_P_Proto_P_DstIP unique values: 1560
N_IN_Conn_P_DstIP unique values: 1582
N_IN_Conn_P_SrcIP unique values: 46289
AR_P_Proto_P_Sport unique values: 39186
AR_P_Proto_P_Dport unique values: 100
Pkts_P_State_P_Protocol_P_DestIP unique values: 100
Pkts_P_State_P_Protocol_P_SrcIP unique values: 136207
attack unique values: 42237
category unique values: 1595
subcategory unique values: 1526
<class 'pandas.core.frame.DataFrame'>
Int64Index: 3668522 entries, 1 to 3668522
Columns: 42 entries, stime to subcategory
dtypes: float64(15), int64(18), object(9)
memory usage: 1.2+ GB

Objects: ['flgs', 'proto', 'saddr', 'sport', 'daddr', 'dport', 'state', 'category', 'subcategory'] 


Check for high cardinality.
Column | # of different values | values
flgs | 9 | ['e' 'e s' 'e d' 'e *' 'e g' 'eU' 'e &' 'e   t' 'e  D']
proto | 5 | ['tcp' 'arp' 'udp' 'icmp' 'ipv6-icmp']
saddr | 21 | ['192.168.100.147' '192.168.100.7' '192.168.100.148' '192.168.100.6'
 '192.168.100.149' '192.168.100.150' '192.168.100.5' '192.168.100.3'
 '192.168.100.1' '192.168.100.4' '192.168.100.27'
 'fe80::250:56ff:febe:254' '192.168.100.46' 'fe80::250:56ff:febe:26db'
 'fe80::250:56ff:febe:e9d9' 'fe80::c0c0:aa20:45b9:bdd9'
 'fe80::250:56ff:febe:89ee' 'fe80::2c6a:ff9b:7e14:166a'
 'fe80::250:56ff:febe:bf1a' 'fe80::250:56ff:febe:c038' '192.168.100.55']
sport | 65540 | ['49960' nan '49962' ... '0x0008' '0x000d' '0x0011']
daddr | 84 | ['192.168.100.7' '192.168.100.147' '192.168.100.6' '192.168.100.148'
 '192.168.100.5' '192.168.100.3' '192.168.100.149' '192.168.100.150'
 '192.168.100.4' '27.124.125.250' '192.168.100.1' '192.168.100.27'
 '192.168.217.2' '192.168.100.255' '8.8.8.8' 'ff02::1' '255.255.255.255'
 '13.55.154.73' '192.168.100.55' '184.85.248.65' '205.251.194.167'
 '192.5.5.241' '192.35.51.30' '205.251.195.97' '205.251.196.236'
 '199.7.91.13' '192.12.94.30' '52.35.35.13' '216.239.38.10' '199.7.83.42'
 '192.42.93.30' '172.217.25.170' 'ff02::fb' '224.0.0.251' 'ff02::2'
 '129.250.35.250' '91.189.91.157' '216.239.34.10' '192.52.178.30'
 '224.0.0.252' '96.7.49.66' '205.251.193.2' '192.33.4.12' '192.41.162.30'
 '192.36.148.17' '35.165.2.252' '52.11.124.117' '52.201.147.106'
 '216.239.36.10' '192.112.36.4' '192.31.80.30' '91.189.92.40'
 '128.63.2.53' '202.12.27.33' '192.203.230.10' '192.55.83.30'
 '205.251.198.119' '192.33.14.30' '192.58.128.30' '205.251.196.160'
 '205.251.199.148' '192.54.112.30' '156.154.100.3' '199.19.57.1'
 '205.251.194.86' '205.251.199.194' '205.251.199.61' '205.251.195.185'
 '205.251.194.201' '205.251.198.239' '205.251.193.205' '205.251.196.32'
 '198.41.0.4' '192.48.79.30' '199.19.56.1' '156.154.101.3'
 '205.251.197.206' '205.251.192.170' '205.251.195.59' '205.251.198.91'
 '205.251.194.84' '192.26.92.30' '205.251.194.102' '205.251.194.154']
dport | 7697 | ['80' nan '30551' ... '42052' '2660' '2664']
state | 11 | ['RST' 'CON' 'REQ' 'INT' 'URP' 'FIN' 'ACC' 'NRS' 'ECO' 'TST' 'MAS']
category | 5 | ['DoS' 'DDoS' 'Normal' 'Reconnaissance' 'Theft']
subcategory | 8 | ['HTTP' 'TCP' 'UDP' 'Normal' 'OS_Fingerprint' 'Service_Scan'
 'Data_Exfiltration' 'Keylogging']

Handling categorical attributes (label encoding).
Objects: ['category', 'subcategory']

Dropping category and subcategory.
These are labels for other scenarios.
Attack set:
1    3668045
Name: attack, dtype: int64
Normal set:
0    477
Name: attack, dtype: int64
Test set:
1    477
0    477
Name: attack, dtype: int64

Splitting dataset (validation/train): 0.25
X_train_df shape: (2750676, 37)
y_train_df shape: (2750676,)
X_val_df shape: (916892, 37)
y_val_df shape: (916892,)
X_test_df shape: (954, 37)
y_test_df shape: (954,)

Converting dataframe to numpy array.
X_train shape: (2750676, 37)
y_train shape: (2750676,)
X_val shape: (916892, 37)
y_val shape: (916892,)
X_test shape: (954, 37)
y_test shape: (954,)

Applying normalization.
5.69150972366333 to normalize data.

Creating learning model.
2020-07-11 20:35:47.497504: W tensorflow/stream_executor/platform/default/dso_loader.cc:55] Could not load dynamic library 'libcuda.so.1'; dlerror: libcuda.so.1: cannot open shared object file: No such file or directory
2020-07-11 20:35:47.497556: E tensorflow/stream_executor/cuda/cuda_driver.cc:313] failed call to cuInit: UNKNOWN ERROR (303)
2020-07-11 20:35:47.497594: I tensorflow/stream_executor/cuda/cuda_diagnostics.cc:156] kernel driver does not appear to be running on this host (slave03): /proc/driver/nvidia/version does not exist
2020-07-11 20:35:47.533072: I tensorflow/core/platform/profile_utils/cpu_utils.cc:102] CPU Frequency: 1995095000 Hz
2020-07-11 20:35:47.536574: I tensorflow/compiler/xla/service/service.cc:168] XLA service 0x7f4508000b20 initialized for platform Host (this does not guarantee that XLA will be used). Devices:
2020-07-11 20:35:47.536606: I tensorflow/compiler/xla/service/service.cc:176]   StreamExecutor device (0): Host, Default Version

Compiling the network.
Model summary:
Model: "sequential"
_________________________________________________________________
Layer (type)                 Output Shape              Param #   
=================================================================
dense (Dense)                (None, 37)                1406      
_________________________________________________________________
dense_1 (Dense)              (None, 32)                1216      
_________________________________________________________________
dense_2 (Dense)              (None, 8)                 264       
_________________________________________________________________
dense_3 (Dense)              (None, 32)                288       
_________________________________________________________________
dense_4 (Dense)              (None, 37)                1221      
=================================================================
Total params: 4,395
Trainable params: 4,395
Non-trainable params: 0
_________________________________________________________________

Fitting the network.
91690/91690 - 183s - loss: 1.0076 - mse: 1.0076 - val_loss: 1.2320 - val_mse: 1.2320
185.56452012062073 s to train model.
[[-0.02657679 -0.14753869  0.07384929 ... -0.02673433  0.06052376
   0.04569958]
 [-0.02657679 -0.14753869  0.07384929 ... -0.02673433  0.06052376
   0.04569958]
 [-0.02657679 -0.14753869  0.07384929 ... -0.02673433  0.06052376
   0.04569958]
 ...
 [-0.02657679 -0.14753869  0.07384929 ... -0.02673433  0.06052376
   0.04569958]
 [-0.02657679 -0.14753869  0.07384929 ... -0.02673433  0.06052376
   0.04569958]
 [-0.02657679 -0.14753869  0.07384929 ... -0.02673433  0.06052376
   0.04569958]]
[[ 0.17615569  1.30258074 -1.05019097 ... -0.03457003 -1.1773522
  -1.04806027]
 [ 0.11996232  1.30258074 -1.05019097 ... -0.03457108 -0.61239452
  -0.47601391]
 [-6.61432438 -0.77323936  0.89742758 ...  1.41447164 -1.47376497
  -1.4559319 ]
 ...
 [ 0.12010031  1.30258074 -1.05019097 ... -0.03456179 -0.24251191
  -0.10149029]
 [ 0.13406891 -0.77323936  0.89742758 ... -0.03455892  0.65432673
   0.80660125]
 [ 0.19003988 -0.77323936  0.89742758 ... -0.03452763  1.16101523
   1.31964731]]
Train error: 1.0025690503827254
Validation error: 1.2320222673923786
Error on first 50 samples:
MSE (pred, real)
0.647425240577185
0.5878690623645618
4.523893305994711
0.2656408983426511
0.4424240315876506
0.27514921575302254
0.8472554856461347
0.328679880872329
1.2170195671306199
0.5069550979703674
0.4086889628669173
0.22950025495275148
0.30057908468843353
0.597471931055266
0.8251280070245155
0.73248598906777
0.4009472072439154
1.1701579412915888
0.6585186099886385
0.4936733614610156
1.2666234382066073
1.1063076322311254
0.2515630568621623
0.833627238071795
0.8072737028324892
0.5921286311946427
0.6837526866815411
0.23024058191089716
0.8690195999020094
0.436553939194361
1.9893008207751925
0.2009601591032155
0.4313497522379177
0.20823962799241946
0.19374189113791063
1.9310536775812366
0.758054252017404
1.2753067079253115
0.3886377485030655
0.5225507789063446
0.16114148193597988
0.9719109735745582
0.6610771855344699
0.7778265664503887
0.6667510903446253
0.5090532705978841
0.4850623056297277
0.6973888450520922
0.6033513076792413
0.47740574552837617
(954, 37)
Test error: 13952391.29890633
MSE (pred, real) | Label
94.27396792403714 | 0
138.7850152215245 | 0
6.261380582027247 | 0
139.458845528648 | 0
24.367040228903615 | 0
6.299653515567801 | 0
25.684110875622327 | 0
4.584783711495266 | 0
4.291477441140458 | 0
88.8332129764878 | 0
38.442688331843556 | 0
4.813379735529458 | 0
4.02854110412747 | 0
104.0182482499869 | 0
4.553735946234212 | 0
4.570319582200905 | 0
88.83423393798061 | 0
8752.647231723062 | 0
88.90771931759735 | 0
8752.543891238533 | 0
8752.543824062257 | 0
8752.649920938617 | 0
8752.649850788599 | 0
8752.690922082895 | 0
8753.337585071675 | 0
8754.391668177157 | 0
8752.501576947781 | 0
8752.504119720365 | 0
8752.479866945474 | 0
8752.651473089665 | 0
8752.710899453048 | 0
8752.51185982631 | 0
8752.662596029058 | 0
8752.660844113421 | 0
195873344.2891714 | 0
200679275.4380653 | 0
2290608.9902622616 | 0
633343.874083434 | 0
69189079.92670578 | 0
865834.3175034882 | 0
1174040684.7898304 | 0
1039489442.8631934 | 0
634824.5526919683 | 0
634824.5631364846 | 0
634825.4284369858 | 0
634825.3471673011 | 0
634824.8839376293 | 0
634824.5260886499 | 0
634824.5887026859 | 0
634825.4301463319 | 0
634824.8779656062 | 0
637518.0927919658 | 0
10278.671339614813 | 0
634824.5262611739 | 0
634825.4801214692 | 0
634825.6138063676 | 0
634824.8732746323 | 0
637530.2064904344 | 0
8752.695276239123 | 0
634824.069493071 | 0
8752.694823110174 | 0
56429.78023324418 | 0
8752.403446578404 | 0
8752.692346067082 | 0
8754.470740181958 | 0
8754.43886292968 | 0
251.39848851591785 | 0
8754.472047296316 | 0
8754.521093990832 | 0
63.78534148251367 | 0
6.163190831215663 | 0
8752.302730238769 | 0
8752.329343703048 | 0
8752.343528028676 | 0
8752.293605518795 | 0
8752.361938376693 | 0
8752.29900249432 | 0
8752.304152667812 | 0
8752.348614476108 | 0
8752.320542815762 | 0
8752.310139273366 | 0
8752.328359077062 | 0
8752.312962772752 | 0
8752.293161106147 | 0
8752.329025487095 | 0
8752.324924880331 | 0
8752.291506347381 | 0
8752.344727449165 | 0
8752.30404788843 | 0
8752.484954043195 | 0
8752.305135546216 | 0
8752.491553324002 | 0
8752.465121223237 | 0
8752.309715522639 | 0
8752.629355226656 | 0
8752.6559247527 | 0
8752.463137706816 | 0
8752.634584753576 | 0
8752.627747734326 | 0
56430.145139774155 | 0
1965545.1893283813 | 0
56430.18850796414 | 0
47683.804879448304 | 0
125111.42201189292 | 0
8752.377846368456 | 0
8752.659276154953 | 0
53640977.22879602 | 0
530538.9480773314 | 0
940858676.5915389 | 0
836417336.0636528 | 0
1794501.3340922096 | 0
790027.4897810497 | 0
155879994.14798722 | 0
156437696.15594292 | 0
8752.79027526616 | 0
6.32307044614465 | 0
3387.7793066614113 | 0
6.481471683599261 | 0
3389.469841574981 | 0
5.880612710446249 | 0
97.82142614195533 | 0
97.82060898519781 | 0
375404.7299028415 | 0
4000.4371838142633 | 0
3417.237263624875 | 0
3418.1429624036105 | 0
3418.0053458909583 | 0
3417.584432282112 | 0
4466.231029948007 | 0
3387.8606599575583 | 0
3387.8245723111104 | 0
97.81653222348663 | 0
4603.218920511901 | 0
80.4183652211777 | 0
3389.5061463134143 | 0
8.555552989236022 | 0
3389.4521506801357 | 0
8.134351152639464 | 0
5.860272575796565 | 0
5.838756609996126 | 0
3611.878464637041 | 0
3389.628560520162 | 0
8.786723610471102 | 0
6.043181346112635 | 0
3389.639784390408 | 0
54.77614413185232 | 0
5.990265588725199 | 0
307321.7945847163 | 0
1496189618.0651038 | 0
265496029.68484673 | 0
264810016.17585996 | 0
92074398.61748813 | 0
1171757.0758231364 | 0
1450927606.949111 | 0
3387435.707210449 | 0
3712.443577949864 | 0
3949.196470938886 | 0
3950.5661462437206 | 0
3417.18010309428 | 0
3417.1936313923156 | 0
3418.0766557903785 | 0
3417.9685602308805 | 0
3417.5527229259365 | 0
3417.2099365515724 | 0
3417.2509458106606 | 0
3418.0877102499753 | 0
3417.985757058978 | 0
3417.616295168789 | 0
4662.152847076647 | 0
139.31006054904336 | 0
4456.161623076334 | 0
3387.512820518323 | 0
66.24777117071842 | 0
3387.5956875568177 | 0
3387.5073879364422 | 0
4000.4285462005514 | 0
3389.459669472657 | 0
7.049349076158034 | 0
50.83505653577038 | 0
3387.811526353822 | 0
4517.5584296693605 | 0
36923.03346203512 | 0
4576.215899274962 | 0
78841.97452119463 | 0
4517.826635332767 | 0
305277.82355896966 | 0
4438.395898783385 | 0
36945.5451681684 | 0
4440.702586789773 | 0
22287.7971737413 | 0
4440.226644238969 | 0
3417.228467628597 | 0
3418.107701062704 | 0
3417.9807994912453 | 0
3417.585017130859 | 0
4458.540646163035 | 0
3473.849314509358 | 0
3387.865963397226 | 0
3417.0772435006343 | 0
92.16946898151576 | 0
3387.4838993873827 | 0
3387.5864091185 | 0
3387.4697058815664 | 0
11771.688594495365 | 0
4514.920057102942 | 0
3387.4965214639483 | 0
3387.583109845722 | 0
44.839456587487646 | 0
3387.482149601372 | 0
3387.627197559153 | 0
3387.5987764135994 | 0
3387.4857695182623 | 0
3387.609987864365 | 0
3387.6612263637576 | 0
3387.5666678702055 | 0
3387.4898385710503 | 0
3334.701732473375 | 0
18382.96638070455 | 0
3334.23094516479 | 0
3334.4729820069347 | 0
3334.4161577705772 | 0
3334.4696849597203 | 0
3334.469611958088 | 0
3334.63102370665 | 0
3334.6309566554305 | 0
3335.2959008473968 | 0
3336.313885743985 | 0
22198.158797265343 | 0
4362.919295029634 | 0
3336.957704277672 | 0
3334.699080988254 | 0
20.562409057284505 | 0
3338.161089287007 | 0
28.810353780640433 | 0
4356.925194443889 | 0
62559.84177018312 | 0
348553.83664126013 | 0
3334.767032697763 | 0
3334.269511372017 | 0
3334.446176075315 | 0
3334.2840252511382 | 0
3334.476455588088 | 0
3334.281739917912 | 0
3334.4911329028732 | 0
3334.2104819292213 | 0
8.809355085778117 | 0
3334.3913820238063 | 0
93.59014069653588 | 0
3334.2504325992113 | 0
3334.3085233940574 | 0
3334.209413214658 | 0
3334.2791339487426 | 0
3334.435045794426 | 0
3334.4624126488766 | 0
3334.488613292344 | 0
3334.402671395111 | 0
3334.286517844723 | 0
3334.2770705141143 | 0
3334.2067331088874 | 0
3334.302046517479 | 0
3334.463803390301 | 0
3334.481371421631 | 0
3334.4559760312163 | 0
3334.38704076812 | 0
3334.2442163830374 | 0
3334.2728586859494 | 0
3334.2977858998183 | 0
3334.42625228135 | 0
3334.4787447391413 | 0
3334.2158878484047 | 0
3334.454682575855 | 0
3334.383036326656 | 0
3336.41022506389 | 0
3334.401878028499 | 0
3336.3831287369467 | 0
3334.6628783946085 | 0
3336.3615551917724 | 0
369895.46148393827 | 0
3339.0163832331577 | 0
217329.47272019993 | 0
1449837891.3175042 | 0
244435847.4933901 | 0
77688997.6585726 | 0
1436162339.6346133 | 0
259814503.1596607 | 0
1120058.5378716998 | 0
3593803.1768421885 | 0
4578.094542780789 | 0
141.90606816104415 | 0
348641.80747236096 | 0
3991.6096463932818 | 0
3652.77020717987 | 0
3354.8255917711717 | 0
3355.7669459976737 | 0
3355.605173351103 | 0
3355.251608953645 | 0
3334.3411363699825 | 0
3334.300096422362 | 0
3334.330591032417 | 0
3334.3335904866935 | 0
3334.3354910037615 | 0
3334.294691767814 | 0
3334.3199243370077 | 0
3334.3693580021873 | 0
3334.3063279585294 | 0
3334.341251469113 | 0
3334.2624780020374 | 0
3334.2911484331803 | 0
3334.3284181133913 | 0
4380.792733082281 | 0
3334.3074962238798 | 0
3334.372828292363 | 0
3334.329204953275 | 0
3334.262725834928 | 0
3334.3016281990626 | 0
3334.326808803124 | 0
1352.0362932094245 | 0
110.71515093016697 | 0
1352.138731598483 | 0
1351.8614515640154 | 0
1352.1316733815484 | 0
1351.7857748094782 | 0
1351.8664931397318 | 0
108.94990157781127 | 0
1352.1237060655426 | 0
109.30848339699516 | 0
1352.0777069200383 | 0
109.61290129576223 | 0
1352.1280396613759 | 0
42.06711495113616 | 0
42.06710465284687 | 0
1354.0145842918187 | 0
1352.2899900998575 | 0
1352.1689720108482 | 0
42.06431628621205 | 0
1353.9598309156584 | 0
1353.9909773413847 | 0
1354.0509902130952 | 0
1352.2259857336778 | 0
6.305448821037859 | 0
1354.0974862824987 | 0
33.42316200204929 | 0
6.0542703532136875 | 0
6.064695913175842 | 0
1351.8303508783413 | 0
1351.8874305978288 | 0
1351.8505407006737 | 0
1351.8763563098232 | 0
1351.8350849095839 | 0
1351.8497766385185 | 0
1351.783515368487 | 0
1352.0964228974874 | 0
1351.832420439838 | 0
1352.1220299762865 | 0
1352.0487943769801 | 0
1352.1105719125683 | 0
1351.8252256555068 | 0
1351.7692088509598 | 0
1351.849271653618 | 0
1352.1028517909742 | 0
1351.869568936458 | 0
1352.0278916638479 | 0
1352.1067869429235 | 0
1352.0939079124548 | 0
1361.1070572414344 | 0
1361.0578324779258 | 0
1351.8208635014953 | 0
1352.128843285519 | 0
1351.7826641480417 | 0
1351.873259690667 | 0
1351.822625315782 | 0
1352.0299479058965 | 0
1352.0749441362218 | 0
1352.0478935898172 | 0
1352.0459101622207 | 0
1352.069774365696 | 0
1352.0574154173785 | 0
1351.8079008755617 | 0
5.921249813629079 | 0
1352.048281419552 | 0
1359.533790967796 | 0
45.829802050584455 | 0
584826764.5945067 | 0
103389594.39167511 | 0
104182146.78419147 | 0
33105782.285641707 | 0
590849696.565545 | 0
1399540.8246910279 | 0
465233.34751514095 | 0
93201.1248778884 | 0
1361.2601328378855 | 0
1361.1089398785496 | 0
1360.6111929785354 | 0
1360.329619357641 | 0
1360.278315438204 | 0
1360.678430635604 | 0
1360.6784660644337 | 0
1361.1795956210578 | 0
1361.1675393264406 | 0
1361.0416146381435 | 0
1360.3250736700636 | 0
1360.682451322674 | 0
1360.3473126995045 | 0
1360.6613118296032 | 0
1360.3678877529342 | 0
1360.287818783164 | 0
1360.3085946797066 | 0
1361.245464260892 | 0
1360.661221184134 | 0
1360.689224395714 | 0
1360.58413659503 | 0
1360.2779707898146 | 0
1360.7210153542703 | 0
1360.6551502404075 | 0
1360.6985646314631 | 0
1360.759725647059 | 0
4.739168930014941 | 0
4.734602895083547 | 0
5.157488450265707 | 0
4.8049346060074525 | 0
4.70884950299723 | 0
4.709276447029351 | 0
4.881102089803216 | 0
4.362122426646639 | 0
4.36673403381381 | 0
4.358521550250102 | 0
4.737740482470055 | 0
4.702714384838539 | 0
4.693594478029982 | 0
4.69258451356322 | 0
4.721660579462942 | 0
4.700981375742672 | 0
4.4476298574009565 | 0
4.420391258936349 | 0
4.380523255954209 | 0
4.403523254576138 | 0
4.371597083005201 | 0
4.403329030686899 | 0
4.357830248795395 | 0
4.369450003367632 | 0
5.5327819831635 | 0
4.48991457588587 | 0
4.407126505801309 | 0
4.442725437331465 | 0
5.32011312785547 | 0
4.716845488013908 | 0
4.701518036772864 | 0
4.331165810125915 | 0
4.345067263094638 | 0
4.701255277919345 | 0
4.689600374335242 | 0
4.804498850360508 | 0
4.757492803764838 | 0
4.708590409909421 | 0
4.759018005918208 | 0
4.807172447727184 | 0
4.80122698654736 | 0
4.454766264308265 | 0
4.4775711901186535 | 0
4.420750619109302 | 0
4.390704388571336 | 0
4.363096922630635 | 0
4.383969500474837 | 0
4.341827661417473 | 0
4.285005487306656 | 0
4.297800127580749 | 0
4.350106577695218 | 0
4.410186709481602 | 0
4.360160097758288 | 0
4.665582320685036 | 0
4.694736435128831 | 0
4.683518125923692 | 0
4.327204080620172 | 0
4.361457577731515 | 0
4.373304682153178 | 0
4.743865461654039 | 0
4.719713598702353 | 0
0.4590477049770909 | 1
0.9026799954610354 | 1
0.2206894710692668 | 1
0.5558595225507444 | 1
0.4513025937293277 | 1
0.2766677550599762 | 1
0.4932450721955073 | 1
0.4755261047113786 | 1
0.5822174912240384 | 1
0.6086138903271754 | 1
0.9583845945788485 | 1
0.1588731234616633 | 1
0.4066660832255426 | 1
0.3340889628317706 | 1
0.846313697961498 | 1
0.5919166791036011 | 1
0.9951763747860786 | 1
0.17936053939807828 | 1
1.2056380850527582 | 1
6.115996911739776 | 1
0.7967677190439159 | 1
0.4531175943606353 | 1
0.4355391805253882 | 1
0.640485440968895 | 1
0.33014061644478954 | 1
0.8015851413391137 | 1
0.30197221826141596 | 1
0.26230995894749765 | 1
0.15824729012911512 | 1
0.5491184943206291 | 1
1.2392088099918963 | 1
0.40819211786318976 | 1
0.6803166612654551 | 1
0.6081109553597959 | 1
0.3794549250892968 | 1
0.9331297083133823 | 1
0.49631448254094945 | 1
1.770039497177029 | 1
0.38891183486226244 | 1
0.5213535215179605 | 1
0.592201568570243 | 1
2.3540694600591827 | 1
0.7780708228988351 | 1
1.5792687978712328 | 1
0.4249501718421139 | 1
1.1186500015834107 | 1
0.15147426428646726 | 1
1.5840622298404803 | 1
0.617963889813766 | 1
0.579229093698339 | 1
0.24072378765201058 | 1
0.4491154336252451 | 1
0.7613571804831626 | 1
0.5942963612953232 | 1
1.0651795845100647 | 1
0.2652688580790778 | 1
0.5903172219172986 | 1
0.6950448933476224 | 1
0.5671300774132247 | 1
0.2151461873488168 | 1
0.3143069460939364 | 1
0.8571017179091964 | 1
0.38511543701867285 | 1
0.8781115840580914 | 1
0.874928965880657 | 1
0.24350692378044764 | 1
0.488306183159875 | 1
0.36371124204493793 | 1
0.39935080420200836 | 1
1.6228240073029476 | 1
0.5924984281765768 | 1
0.1375039287426591 | 1
0.7085085656976446 | 1
0.9076821355914977 | 1
0.25940635945287094 | 1
0.8536082458824423 | 1
0.5065388985294795 | 1
0.13823026190521262 | 1
1.0600010538998497 | 1
0.9388563207277969 | 1
0.3134480256956361 | 1
0.26422531348162026 | 1
0.7008908561979104 | 1
0.6856411466893253 | 1
0.5174635759194823 | 1
0.7992526537166713 | 1
0.6144503923812589 | 1
0.9231805104366841 | 1
0.9060740121043931 | 1
0.5979446721694606 | 1
0.16939669705847052 | 1
0.4422048921579531 | 1
0.41197363595369313 | 1
0.7241057338281708 | 1
0.49017288294184685 | 1
0.6794116549228479 | 1
0.18348076744078629 | 1
1.7963228182453803 | 1
0.5399521051378084 | 1
0.515877118386168 | 1
1.9319493581530853 | 1
0.7404506400976881 | 1
0.8986244096827013 | 1
0.7142967770680041 | 1
0.75794546462763 | 1
1.0592565756916605 | 1
0.41440213291044686 | 1
0.1645887783545131 | 1
0.6218435530371773 | 1
1.7702785123489124 | 1
0.8760145508643218 | 1
0.2915537526678604 | 1
0.3454407709112937 | 1
0.21900724831172355 | 1
1.1180802310320865 | 1
0.8072444315286527 | 1
1.1699863565092463 | 1
0.33371641542953473 | 1
0.5302728578215612 | 1
0.1430645190466054 | 1
0.4422882628388283 | 1
1.0133701619469215 | 1
0.7979094030832335 | 1
0.997694569001641 | 1
0.2207341505137141 | 1
0.4674668182313687 | 1
1.0516663334715284 | 1
0.13894888805125 | 1
0.5106652846982609 | 1
0.738066363107491 | 1
0.4992567378529079 | 1
7.890710954739006 | 1
0.7955858305658285 | 1
0.3193208283955772 | 1
0.5006602000330599 | 1
3.4531297062352717 | 1
0.47486177630537957 | 1
0.6099399142306918 | 1
1.9761896018550755 | 1
0.37466475793181436 | 1
0.8665636231834644 | 1
0.32470167405304945 | 1
0.16735463381610036 | 1
0.4212229336534873 | 1
0.6207966655799957 | 1
0.435251745710554 | 1
0.2523666429645903 | 1
1.0719556181239935 | 1
0.18503414843363072 | 1
0.5217945486070908 | 1
0.36554651617948747 | 1
0.19535624196598567 | 1
0.6623207934077937 | 1
1.1118940902925203 | 1
0.6699100978540166 | 1
0.6340847604525267 | 1
0.18628548594816302 | 1
0.46460737669412017 | 1
0.15321542245303857 | 1
0.6277518667420773 | 1
0.14409539587459277 | 1
0.8916359432260206 | 1
0.30472569200800914 | 1
0.5246131371268408 | 1
0.16802846106233252 | 1
0.7291948060092099 | 1
0.4402499165773302 | 1
0.2722948876806129 | 1
0.2733575792937369 | 1
0.302558979270102 | 1
0.4366447279719944 | 1
0.5304512082735187 | 1
0.2549804128034252 | 1
0.3716273783885238 | 1
0.8202023918180642 | 1
0.38382956049926326 | 1
0.7748683056703531 | 1
0.4673358338101308 | 1
0.8874276581159529 | 1
0.730526457278106 | 1
0.6968307923984213 | 1
1.5937687810733399 | 1
0.8144198091007379 | 1
0.4396015202406543 | 1
0.4390065541507623 | 1
0.6656376545635121 | 1
0.4815949155368306 | 1
0.6370467406726273 | 1
1.2165293669776573 | 1
4.229413834700094 | 1
0.48978799733744277 | 1
1.2701892708461247 | 1
0.7839237719101263 | 1
0.5997265940258395 | 1
0.452510287344036 | 1
0.27390314466770777 | 1
0.20640721819148683 | 1
0.4036495873839235 | 1
0.44267595918494634 | 1
0.4023525169071591 | 1
0.39639276015545855 | 1
0.3738452372350262 | 1
1.1114588430274068 | 1
0.37739033501137026 | 1
0.4974305232677428 | 1
0.529405230814438 | 1
0.592675530806796 | 1
0.858241882483749 | 1
0.599095459383309 | 1
0.22332141720987164 | 1
0.39064836449534307 | 1
0.4869203313483026 | 1
0.7201270091683887 | 1
0.1803011142873184 | 1
0.6043547491252396 | 1
0.7153154170686191 | 1
0.8617947565750068 | 1
1.5287698509313743 | 1
0.7087302215817548 | 1
0.5802002867176456 | 1
1.1785691582850724 | 1
0.1663219316220688 | 1
1.0533377521316494 | 1
1.1364042594421513 | 1
0.9225594025660079 | 1
0.2290325724369496 | 1
0.6000718193913795 | 1
0.2624132773881088 | 1
0.3945909549371902 | 1
0.2224590306235675 | 1
0.8070637722074819 | 1
0.3111733551002625 | 1
1.0979671705482439 | 1
0.5075130477606838 | 1
0.576092312887233 | 1
0.15159111642487816 | 1
0.1974903818989167 | 1
0.4430533598771712 | 1
0.6708448301705382 | 1
0.22620487756040758 | 1
0.5520486298973213 | 1
0.14828841511088073 | 1
0.6846029328648939 | 1
1.2684244959071544 | 1
3.759433268773422 | 1
0.7803320576385581 | 1
0.2104917744689471 | 1
1.2395517559160545 | 1
0.234005247583361 | 1
0.6063916439747362 | 1
0.6132879364237442 | 1
0.3871035365010401 | 1
0.20922210640092817 | 1
0.5897125539066214 | 1
0.4587313544130021 | 1
1.566501726946282 | 1
0.255208977013929 | 1
0.5492040015829665 | 1
0.6386634069402592 | 1
0.6919258898850621 | 1
0.2176712642154386 | 1
0.15743107002511106 | 1
0.4285708015868745 | 1
0.6823998035910177 | 1
0.19011277956739578 | 1
0.33282437121592007 | 1
0.7287439198379939 | 1
0.4488654177078156 | 1
0.5623209399755362 | 1
1.7799081725151515 | 1
0.15702664261263236 | 1
0.5228992231894585 | 1
0.24858255297281082 | 1
1.065275184992405 | 1
0.6446968781488561 | 1
0.3419500269605381 | 1
0.7487223144595501 | 1
0.2209694044028363 | 1
0.7904509553367752 | 1
0.5767060476563491 | 1
0.2675474997630515 | 1
0.43112922353892014 | 1
0.4202860210953421 | 1
0.4451311759676084 | 1
0.7042282113346484 | 1
4.313230396705522 | 1
0.8479553653391279 | 1
0.5810473018261476 | 1
0.7521674583707256 | 1
0.47403046061004595 | 1
0.6753914982717921 | 1
0.5651966000829993 | 1
0.5025256521898379 | 1
0.7003546375186606 | 1
0.2019769059662366 | 1
0.4479507859760394 | 1
0.794678017267584 | 1
0.9217182333393904 | 1
1.285735274981509 | 1
0.660122940246809 | 1
0.7855875175727729 | 1
0.7367890338465796 | 1
0.9777263331095017 | 1
0.4249081433821088 | 1
0.24606779141832555 | 1
0.2671424085856702 | 1
0.14914546974869144 | 1
0.5634596939715161 | 1
0.9004477179591408 | 1
0.5003973686193689 | 1
0.7896747536433916 | 1
0.13176272218011933 | 1
0.16326602814285243 | 1
0.2653039741543465 | 1
0.16275243800751313 | 1
0.4859146545009198 | 1
0.48403981107276867 | 1
0.17924503577911263 | 1
0.46384804863910484 | 1
0.25889190191545774 | 1
0.7358123607021032 | 1
0.49419554233842944 | 1
0.3102377924913177 | 1
0.9073233079018108 | 1
0.5759954725443147 | 1
1.0760637723989734 | 1
0.6302121963982105 | 1
0.41851245051355046 | 1
0.7217326226964789 | 1
1.769745461309815 | 1
0.38655183401533133 | 1
0.8594291554806377 | 1
0.2661344606641739 | 1
0.6481815380926929 | 1
1.0737648044172374 | 1
1.966998797389362 | 1
0.6531973511156549 | 1
0.18317780508191453 | 1
0.17070880220171467 | 1
0.4338407610490884 | 1
0.8761932759824494 | 1
0.5307673296203576 | 1
0.4532124430003508 | 1
0.4051052013895768 | 1
0.5217068231476898 | 1
1.5693987086094905 | 1
0.2072316556886839 | 1
0.4196280505475148 | 1
0.39470938645225295 | 1
0.6709986943766411 | 1
0.42132161672412094 | 1
0.48769532603845783 | 1
0.28822923357092795 | 1
0.43076229590907916 | 1
0.5327822689273872 | 1
0.49678154331060387 | 1
0.5154636569260026 | 1
0.7852855466322475 | 1
0.6489546872112542 | 1
0.7523429700746913 | 1
0.36660703994063515 | 1
1.0113455441962123 | 1
4.693930301525494 | 1
0.2316714500426123 | 1
1.6353557586160923 | 1
0.26803692931012324 | 1
0.5267799374815955 | 1
0.4638095154058784 | 1
0.22305131314622764 | 1
0.9856847885986926 | 1
0.3767439692397683 | 1
0.5067603275452415 | 1
0.2682115535011695 | 1
0.9847488222967455 | 1
0.25733275378756965 | 1
0.15582612165223506 | 1
0.7366378753712951 | 1
0.8163493115538626 | 1
1.212439957699608 | 1
0.7983271911694684 | 1
0.7751099930731827 | 1
0.8568555027587871 | 1
1.0077012673428474 | 1
0.683676746920418 | 1
3.4705161929836126 | 1
0.23094165990729518 | 1
0.4205373316679925 | 1
0.19901045380009624 | 1
0.15766696542789269 | 1
0.40534158887471844 | 1
1.238093532853131 | 1
0.7270720217497515 | 1
0.5791433017682674 | 1
4.197337689535128 | 1
0.42932361071093567 | 1
0.16378992217856103 | 1
0.4376263882597434 | 1
0.734143767475286 | 1
0.3506172856906191 | 1
2.171277939543551 | 1
0.1875259368191116 | 1
0.49604956804547956 | 1
0.6706872751962899 | 1
0.7080666132700983 | 1
0.4367128826342454 | 1
0.3520088844023847 | 1
0.3550224493659091 | 1
0.34540778376898956 | 1
0.6441056001606714 | 1
0.5012925165095656 | 1
0.6928320397872392 | 1
0.18505328277886368 | 1
0.7011553388827468 | 1
0.47040441153613766 | 1
0.8598853984284671 | 1
0.3299587722842503 | 1
0.42411406139841873 | 1
0.5133094216946305 | 1
0.3557991802230213 | 1
0.2824237786907723 | 1
0.6068369770079403 | 1
1.3888297058260117 | 1
0.5538309819359112 | 1
0.2514586334726562 | 1
0.8588204580143264 | 1
0.6999704881702173 | 1
0.36058584849860076 | 1
0.3289866678189608 | 1
0.41269493639615706 | 1
0.5559618499669586 | 1
0.34459351372136876 | 1
1.1864394639334135 | 1
0.16941051550650607 | 1
0.1730023462371042 | 1
0.393999142382666 | 1
0.24805419039682366 | 1
0.46695901587100547 | 1
0.33544892982581626 | 1
0.45971986407563337 | 1
0.6945022548190064 | 1
0.7849873893786172 | 1
0.39453664787947706 | 1
0.4963391278524493 | 1
0.5260513188729258 | 1
1.5738398799654347 | 1
0.29115996294200897 | 1
0.9766159208260708 | 1
0.44192432411210253 | 1
0.4849633208716246 | 1
0.4198911164591121 | 1
0.20181860683471683 | 1
6.004190520966115 | 1
0.3772597431729606 | 1
0.44068611141662023 | 1
0.4238303373594051 | 1
0.2755825852713865 | 1
0.42883666390071307 | 1
0.42115374626731306 | 1
0.33098988894726944 | 1
0.23233838329293155 | 1
0.6470843005069831 | 1
0.6577514241436735 | 1
0.4351325758739689 | 1
1.0821640698169146 | 1
0.4556936714419049 | 1
0.7715910984844175 | 1
0.42406279107949446 | 1
0.4892554651465458 | 1
0.24108288395361646 | 1
1.8463366499602423 | 1
0.55792880795875 | 1
0.817870198787595 | 1
0.34668214844744244 | 1
0.22000742295090572 | 1
1.1258917655761598 | 1
0.33022384564321583 | 1
0.5112514747998628 | 1
MSE (pred, real) | Label
Traceback (most recent call last):
  File "autoencoder.py", line 450, in <module>
    for test, pred in zip (test, pred):
NameError: name 'test' is not defined
