Reading ../../../../datasets/bot-iot/UNSW_2018_IoT_Botnet_Full5pc_1.csv
Reading ../../../../datasets/bot-iot/UNSW_2018_IoT_Botnet_Full5pc_2.csv
Reading ../../../../datasets/bot-iot/UNSW_2018_IoT_Botnet_Full5pc_3.csv
Reading ../../../../datasets/bot-iot/UNSW_2018_IoT_Botnet_Full5pc_4.csv
<class 'pandas.core.frame.DataFrame'>
Int64Index: 3668522 entries, 1 to 3668522
Data columns (total 45 columns):
 #   Column                            Dtype  
---  ------                            -----  
 0   stime                             float64
 1   flgs                              object 
 2   flgs_number                       int64  
 3   proto                             object 
 4   proto_number                      int64  
 5   saddr                             object 
 6   sport                             object 
 7   daddr                             object 
 8   dport                             object 
 9   pkts                              int64  
 10  bytes                             int64  
 11  state                             object 
 12  state_number                      int64  
 13  ltime                             float64
 14  seq                               int64  
 15  dur                               float64
 16  mean                              float64
 17  stddev                            float64
 18  sum                               float64
 19  min                               float64
 20  max                               float64
 21  spkts                             int64  
 22  dpkts                             int64  
 23  sbytes                            int64  
 24  dbytes                            int64  
 25  rate                              float64
 26  srate                             float64
 27  drate                             float64
 28  TnBPSrcIP                         int64  
 29  TnBPDstIP                         int64  
 30  TnP_PSrcIP                        int64  
 31  TnP_PDstIP                        int64  
 32  TnP_PerProto                      int64  
 33  TnP_Per_Dport                     int64  
 34  AR_P_Proto_P_SrcIP                float64
 35  AR_P_Proto_P_DstIP                float64
 36  N_IN_Conn_P_DstIP                 int64  
 37  N_IN_Conn_P_SrcIP                 int64  
 38  AR_P_Proto_P_Sport                float64
 39  AR_P_Proto_P_Dport                float64
 40  Pkts_P_State_P_Protocol_P_DestIP  int64  
 41  Pkts_P_State_P_Protocol_P_SrcIP   int64  
 42  attack                            int64  
 43  category                          object 
 44  subcategory                       object 
dtypes: float64(15), int64(21), object(9)
memory usage: 1.3+ GB

Dataframe contains NaN values: False
Number of NaN columns: 0
NaN columns: [] 


Attack types: [1 0]
Attack distribution:
1    3668045
0        477
Name: attack, dtype: int64

Cateogry types: ['DoS' 'DDoS' 'Normal' 'Reconnaissance' 'Theft']
Cateogry distribution:
DDoS              1926624
DoS               1650260
Reconnaissance      91082
Normal                477
Theft                  79
Name: category, dtype: int64

Subcategory types: ['HTTP' 'TCP' 'UDP' 'Normal' 'OS_Fingerprint' 'Service_Scan'
 'Data_Exfiltration' 'Keylogging']
Subcategory distribution:
UDP                  1981230
TCP                  1593180
Service_Scan           73168
OS_Fingerprint         17914
HTTP                    2474
Normal                   477
Keylogging                73
Data_Exfiltration          6
Name: subcategory, dtype: int64

Column | # of different values
stime | 392259
flgs | 9
flgs_number | 9
proto | 5
proto_number | 5
saddr | 21
sport | 65541
daddr | 84
dport | 7698
pkts | 123
bytes | 1633
state | 11
state_number | 11
ltime | 383624
seq | 262212
dur | 612509
mean | 507089
stddev | 421379
sum | 934972
min | 271147
max | 594525
spkts | 91
dpkts | 62
sbytes | 1052
dbytes | 472
rate | 139677
srate | 119709
drate | 20714
TnBPSrcIP | 8639
TnBPDstIP | 7631
TnP_PSrcIP | 1522
TnP_PDstIP | 1587
TnP_PerProto | 1560
TnP_Per_Dport | 1582
AR_P_Proto_P_SrcIP | 46289
AR_P_Proto_P_DstIP | 39186
N_IN_Conn_P_DstIP | 100
N_IN_Conn_P_SrcIP | 100
AR_P_Proto_P_Sport | 136207
AR_P_Proto_P_Dport | 42237
Pkts_P_State_P_Protocol_P_DestIP | 1595
Pkts_P_State_P_Protocol_P_SrcIP | 1526
attack | 2
category | 5
subcategory | 8

Removing attributes that have only one (or zero) sampled value.

Column | # of different values
stime | 392259
flgs | 9
flgs_number | 9
proto | 5
proto_number | 5
saddr | 21
sport | 65541
daddr | 84
dport | 7698
pkts | 123
bytes | 1633
state | 11
state_number | 11
ltime | 383624
seq | 262212
dur | 612509
mean | 507089
stddev | 421379
sum | 934972
min | 271147
max | 594525
spkts | 91
dpkts | 62
sbytes | 1052
dbytes | 472
rate | 139677
srate | 119709
drate | 20714
TnBPSrcIP | 8639
TnBPDstIP | 7631
TnP_PSrcIP | 1522
TnP_PDstIP | 1587
TnP_PerProto | 1560
TnP_Per_Dport | 1582
AR_P_Proto_P_SrcIP | 46289
AR_P_Proto_P_DstIP | 39186
N_IN_Conn_P_DstIP | 100
N_IN_Conn_P_SrcIP | 100
AR_P_Proto_P_Sport | 136207
AR_P_Proto_P_Dport | 42237
Pkts_P_State_P_Protocol_P_DestIP | 1595
Pkts_P_State_P_Protocol_P_SrcIP | 1526
attack | 2
category | 5
subcategory | 8

Removing redundant columns: ['state_number', 'proto_number', 'flgs_number']

Column | NaN values
stime                               0
flgs                                0
proto                               0
saddr                               0
sport                               0
daddr                               0
dport                               0
pkts                                0
bytes                               0
state                               0
ltime                               0
seq                                 0
dur                                 0
mean                                0
stddev                              0
sum                                 0
min                                 0
max                                 0
spkts                               0
dpkts                               0
sbytes                              0
dbytes                              0
rate                                0
srate                               0
drate                               0
TnBPSrcIP                           0
TnBPDstIP                           0
TnP_PSrcIP                          0
TnP_PDstIP                          0
TnP_PerProto                        0
TnP_Per_Dport                       0
AR_P_Proto_P_SrcIP                  0
AR_P_Proto_P_DstIP                  0
N_IN_Conn_P_DstIP                   0
N_IN_Conn_P_SrcIP                   0
AR_P_Proto_P_Sport                  0
AR_P_Proto_P_Dport                  0
Pkts_P_State_P_Protocol_P_DestIP    0
Pkts_P_State_P_Protocol_P_SrcIP     0
attack                              0
category                            0
subcategory                         0
dtype: int64
Removing attributes with more than half NaN values.
Dataframe contains NaN values: False

Column | NaN values (after dropping columns)
stime                               0
flgs                                0
proto                               0
saddr                               0
sport                               0
daddr                               0
dport                               0
pkts                                0
bytes                               0
state                               0
ltime                               0
seq                                 0
dur                                 0
mean                                0
stddev                              0
sum                                 0
min                                 0
max                                 0
spkts                               0
dpkts                               0
sbytes                              0
dbytes                              0
rate                                0
srate                               0
drate                               0
TnBPSrcIP                           0
TnBPDstIP                           0
TnP_PSrcIP                          0
TnP_PDstIP                          0
TnP_PerProto                        0
TnP_Per_Dport                       0
AR_P_Proto_P_SrcIP                  0
AR_P_Proto_P_DstIP                  0
N_IN_Conn_P_DstIP                   0
N_IN_Conn_P_SrcIP                   0
AR_P_Proto_P_Sport                  0
AR_P_Proto_P_Dport                  0
Pkts_P_State_P_Protocol_P_DestIP    0
Pkts_P_State_P_Protocol_P_SrcIP     0
attack                              0
category                            0
subcategory                         0
dtype: int64
stime unique values: 392259
flgs unique values: 9
proto unique values: 9
saddr unique values: 5
sport unique values: 5
daddr unique values: 21
dport unique values: 65541
pkts unique values: 84
bytes unique values: 7698
state unique values: 123
ltime unique values: 1633
seq unique values: 11
dur unique values: 11
mean unique values: 383624
stddev unique values: 262212
sum unique values: 612509
min unique values: 507089
max unique values: 421379
spkts unique values: 934972
dpkts unique values: 271147
sbytes unique values: 594525
dbytes unique values: 91
rate unique values: 62
srate unique values: 1052
drate unique values: 472
TnBPSrcIP unique values: 139677
TnBPDstIP unique values: 119709
TnP_PSrcIP unique values: 20714
TnP_PDstIP unique values: 8639
TnP_PerProto unique values: 7631
TnP_Per_Dport unique values: 1522
AR_P_Proto_P_SrcIP unique values: 1587
AR_P_Proto_P_DstIP unique values: 1560
N_IN_Conn_P_DstIP unique values: 1582
N_IN_Conn_P_SrcIP unique values: 46289
AR_P_Proto_P_Sport unique values: 39186
AR_P_Proto_P_Dport unique values: 100
Pkts_P_State_P_Protocol_P_DestIP unique values: 100
Pkts_P_State_P_Protocol_P_SrcIP unique values: 136207
attack unique values: 42237
category unique values: 1595
subcategory unique values: 1526
<class 'pandas.core.frame.DataFrame'>
Int64Index: 3668522 entries, 1 to 3668522
Columns: 42 entries, stime to subcategory
dtypes: float64(15), int64(18), object(9)
memory usage: 1.2+ GB

Objects: ['flgs', 'proto', 'saddr', 'sport', 'daddr', 'dport', 'state', 'category', 'subcategory'] 


Check for high cardinality.
Column | # of different values | values
flgs | 9 | ['e' 'e s' 'e d' 'e *' 'e g' 'eU' 'e &' 'e   t' 'e  D']
proto | 5 | ['tcp' 'arp' 'udp' 'icmp' 'ipv6-icmp']
saddr | 21 | ['192.168.100.147' '192.168.100.7' '192.168.100.148' '192.168.100.6'
 '192.168.100.149' '192.168.100.150' '192.168.100.5' '192.168.100.3'
 '192.168.100.1' '192.168.100.4' '192.168.100.27'
 'fe80::250:56ff:febe:254' '192.168.100.46' 'fe80::250:56ff:febe:26db'
 'fe80::250:56ff:febe:e9d9' 'fe80::c0c0:aa20:45b9:bdd9'
 'fe80::250:56ff:febe:89ee' 'fe80::2c6a:ff9b:7e14:166a'
 'fe80::250:56ff:febe:bf1a' 'fe80::250:56ff:febe:c038' '192.168.100.55']
sport | 65540 | ['49960' nan '49962' ... '0x0008' '0x000d' '0x0011']
daddr | 84 | ['192.168.100.7' '192.168.100.147' '192.168.100.6' '192.168.100.148'
 '192.168.100.5' '192.168.100.3' '192.168.100.149' '192.168.100.150'
 '192.168.100.4' '27.124.125.250' '192.168.100.1' '192.168.100.27'
 '192.168.217.2' '192.168.100.255' '8.8.8.8' 'ff02::1' '255.255.255.255'
 '13.55.154.73' '192.168.100.55' '184.85.248.65' '205.251.194.167'
 '192.5.5.241' '192.35.51.30' '205.251.195.97' '205.251.196.236'
 '199.7.91.13' '192.12.94.30' '52.35.35.13' '216.239.38.10' '199.7.83.42'
 '192.42.93.30' '172.217.25.170' 'ff02::fb' '224.0.0.251' 'ff02::2'
 '129.250.35.250' '91.189.91.157' '216.239.34.10' '192.52.178.30'
 '224.0.0.252' '96.7.49.66' '205.251.193.2' '192.33.4.12' '192.41.162.30'
 '192.36.148.17' '35.165.2.252' '52.11.124.117' '52.201.147.106'
 '216.239.36.10' '192.112.36.4' '192.31.80.30' '91.189.92.40'
 '128.63.2.53' '202.12.27.33' '192.203.230.10' '192.55.83.30'
 '205.251.198.119' '192.33.14.30' '192.58.128.30' '205.251.196.160'
 '205.251.199.148' '192.54.112.30' '156.154.100.3' '199.19.57.1'
 '205.251.194.86' '205.251.199.194' '205.251.199.61' '205.251.195.185'
 '205.251.194.201' '205.251.198.239' '205.251.193.205' '205.251.196.32'
 '198.41.0.4' '192.48.79.30' '199.19.56.1' '156.154.101.3'
 '205.251.197.206' '205.251.192.170' '205.251.195.59' '205.251.198.91'
 '205.251.194.84' '192.26.92.30' '205.251.194.102' '205.251.194.154']
dport | 7697 | ['80' nan '30551' ... '42052' '2660' '2664']
state | 11 | ['RST' 'CON' 'REQ' 'INT' 'URP' 'FIN' 'ACC' 'NRS' 'ECO' 'TST' 'MAS']
category | 5 | ['DoS' 'DDoS' 'Normal' 'Reconnaissance' 'Theft']
subcategory | 8 | ['HTTP' 'TCP' 'UDP' 'Normal' 'OS_Fingerprint' 'Service_Scan'
 'Data_Exfiltration' 'Keylogging']

Handling categorical attributes (label encoding).
Objects: ['category', 'subcategory']

Dropping category and subcategory.
These are labels for other scenarios.
Attack set:
1    3668045
Name: attack, dtype: int64
Normal set:
0    477
Name: attack, dtype: int64
Test set:
1    477
0    477
Name: attack, dtype: int64

Splitting dataset (validation/train): 0.25
X_train_df shape: (2750676, 37)
y_train_df shape: (2750676,)
X_val_df shape: (916892, 37)
y_val_df shape: (916892,)
X_test_df shape: (954, 37)
y_test_df shape: (954,)

Converting dataframe to numpy array.
X_train shape: (2750676, 37)
y_train shape: (2750676,)
X_val shape: (916892, 37)
y_val shape: (916892,)
X_test shape: (954, 37)
y_test shape: (954,)

Applying normalization.
5.613126754760742 to normalize data.
Fitting 1 folds for each of 54 candidates, totalling 54 fits
[Parallel(n_jobs=-1)]: Using backend LokyBackend with 32 concurrent workers.
[CV] batch_size=10, dropout_rate=0.0, epochs=3, learn_rate=0.01, weight_constraint=0 
[CV] batch_size=10, dropout_rate=0.5, epochs=5, learn_rate=0.001, weight_constraint=0 
[CV] batch_size=10, dropout_rate=0.0, epochs=3, learn_rate=0.001, weight_constraint=0 
[CV] batch_size=10, dropout_rate=0.5, epochs=5, learn_rate=0.01, weight_constraint=0 
[CV] batch_size=10, dropout_rate=0.0, epochs=5, learn_rate=0.001, weight_constraint=0 
[CV] batch_size=10, dropout_rate=0.0, epochs=5, learn_rate=0.01, weight_constraint=0 
[CV] batch_size=30, dropout_rate=0.0, epochs=3, learn_rate=0.001, weight_constraint=0 
[CV] batch_size=10, dropout_rate=0.0, epochs=3, learn_rate=0.1, weight_constraint=0 
[CV] batch_size=10, dropout_rate=0.2, epochs=5, learn_rate=0.001, weight_constraint=0 
[CV] batch_size=10, dropout_rate=0.2, epochs=3, learn_rate=0.001, weight_constraint=0 
[CV] batch_size=30, dropout_rate=0.0, epochs=5, learn_rate=0.001, weight_constraint=0 
[CV] batch_size=10, dropout_rate=0.2, epochs=3, learn_rate=0.01, weight_constraint=0 
[CV] batch_size=10, dropout_rate=0.5, epochs=5, learn_rate=0.1, weight_constraint=0 
[CV] batch_size=30, dropout_rate=0.0, epochs=5, learn_rate=0.01, weight_constraint=0 
[CV] batch_size=10, dropout_rate=0.5, epochs=3, learn_rate=0.001, weight_constraint=0 
[CV] batch_size=10, dropout_rate=0.5, epochs=3, learn_rate=0.01, weight_constraint=0 
[CV] batch_size=10, dropout_rate=0.2, epochs=5, learn_rate=0.1, weight_constraint=0 
[CV] batch_size=10, dropout_rate=0.0, epochs=5, learn_rate=0.1, weight_constraint=0 
[CV] batch_size=30, dropout_rate=0.0, epochs=3, learn_rate=0.1, weight_constraint=0 
[CV] batch_size=10, dropout_rate=0.5, epochs=3, learn_rate=0.1, weight_constraint=0 
[CV] batch_size=30, dropout_rate=0.2, epochs=3, learn_rate=0.01, weight_constraint=0 
[CV] batch_size=10, dropout_rate=0.2, epochs=5, learn_rate=0.01, weight_constraint=0 
[CV] batch_size=10, dropout_rate=0.2, epochs=3, learn_rate=0.1, weight_constraint=0 
[CV] batch_size=30, dropout_rate=0.0, epochs=3, learn_rate=0.01, weight_constraint=0 
[CV] batch_size=30, dropout_rate=0.2, epochs=3, learn_rate=0.001, weight_constraint=0 
[CV] batch_size=30, dropout_rate=0.0, epochs=5, learn_rate=0.1, weight_constraint=0 
[CV] batch_size=30, dropout_rate=0.2, epochs=5, learn_rate=0.001, weight_constraint=0 
[CV] batch_size=30, dropout_rate=0.2, epochs=3, learn_rate=0.1, weight_constraint=0 
[CV] batch_size=30, dropout_rate=0.2, epochs=5, learn_rate=0.1, weight_constraint=0 
[CV] batch_size=30, dropout_rate=0.5, epochs=3, learn_rate=0.001, weight_constraint=0 
[CV] batch_size=30, dropout_rate=0.2, epochs=5, learn_rate=0.01, weight_constraint=0 
[CV] batch_size=30, dropout_rate=0.5, epochs=3, learn_rate=0.01, weight_constraint=0 
2020-07-11 14:05:19.568063: W tensorflow/stream_executor/platform/default/dso_loader.cc:55] Could not load dynamic library 'libcuda.so.1'; dlerror: libcuda.so.1: cannot open shared object file: No such file or directory
2020-07-11 14:05:19.568054: W tensorflow/stream_executor/platform/default/dso_loader.cc:55] Could not load dynamic library 'libcuda.so.1'; dlerror: libcuda.so.1: cannot open shared object file: No such file or directory
2020-07-11 14:05:19.568129: E tensorflow/stream_executor/cuda/cuda_driver.cc:313] failed call to cuInit: UNKNOWN ERROR (303)
2020-07-11 14:05:19.568178: I tensorflow/stream_executor/cuda/cuda_diagnostics.cc:156] kernel driver does not appear to be running on this host (slave03): /proc/driver/nvidia/version does not exist
2020-07-11 14:05:19.568256: E tensorflow/stream_executor/cuda/cuda_driver.cc:313] failed call to cuInit: UNKNOWN ERROR (303)
2020-07-11 14:05:19.568331: I tensorflow/stream_executor/cuda/cuda_diagnostics.cc:156] kernel driver does not appear to be running on this host (slave03): /proc/driver/nvidia/version does not exist
2020-07-11 14:05:19.607061: I tensorflow/core/platform/profile_utils/cpu_utils.cc:102] CPU Frequency: 1995010000 Hz
2020-07-11 14:05:19.609504: I tensorflow/compiler/xla/service/service.cc:168] XLA service 0x7f6634000b20 initialized for platform Host (this does not guarantee that XLA will be used). Devices:
2020-07-11 14:05:19.609568: I tensorflow/compiler/xla/service/service.cc:176]   StreamExecutor device (0): Host, Default Version
2020-07-11 14:05:19.620173: I tensorflow/core/platform/profile_utils/cpu_utils.cc:102] CPU Frequency: 1995010000 Hz
2020-07-11 14:05:19.622848: I tensorflow/compiler/xla/service/service.cc:168] XLA service 0x7f9430000b20 initialized for platform Host (this does not guarantee that XLA will be used). Devices:
2020-07-11 14:05:19.622913: I tensorflow/compiler/xla/service/service.cc:176]   StreamExecutor device (0): Host, Default Version
2020-07-11 14:05:19.640125: W tensorflow/stream_executor/platform/default/dso_loader.cc:55] Could not load dynamic library 'libcuda.so.1'; dlerror: libcuda.so.1: cannot open shared object file: No such file or directory
2020-07-11 14:05:19.640191: E tensorflow/stream_executor/cuda/cuda_driver.cc:313] failed call to cuInit: UNKNOWN ERROR (303)
2020-07-11 14:05:19.640246: I tensorflow/stream_executor/cuda/cuda_diagnostics.cc:156] kernel driver does not appear to be running on this host (slave03): /proc/driver/nvidia/version does not exist
2020-07-11 14:05:19.652643: W tensorflow/stream_executor/platform/default/dso_loader.cc:55] Could not load dynamic library 'libcuda.so.1'; dlerror: libcuda.so.1: cannot open shared object file: No such file or directory
2020-07-11 14:05:19.652719: E tensorflow/stream_executor/cuda/cuda_driver.cc:313] failed call to cuInit: UNKNOWN ERROR (303)
2020-07-11 14:05:19.652776: I tensorflow/stream_executor/cuda/cuda_diagnostics.cc:156] kernel driver does not appear to be running on this host (slave03): /proc/driver/nvidia/version does not exist
2020-07-11 14:05:19.652813: W tensorflow/stream_executor/platform/default/dso_loader.cc:55] Could not load dynamic library 'libcuda.so.1'; dlerror: libcuda.so.1: cannot open shared object file: No such file or directory
2020-07-11 14:05:19.652846: E tensorflow/stream_executor/cuda/cuda_driver.cc:313] failed call to cuInit: UNKNOWN ERROR (303)
2020-07-11 14:05:19.652880: I tensorflow/stream_executor/cuda/cuda_diagnostics.cc:156] kernel driver does not appear to be running on this host (slave03): /proc/driver/nvidia/version does not exist
2020-07-11 14:05:19.661609: W tensorflow/stream_executor/platform/default/dso_loader.cc:55] Could not load dynamic library 'libcuda.so.1'; dlerror: libcuda.so.1: cannot open shared object file: No such file or directory
2020-07-11 14:05:19.661686: E tensorflow/stream_executor/cuda/cuda_driver.cc:313] failed call to cuInit: UNKNOWN ERROR (303)
2020-07-11 14:05:19.661746: I tensorflow/stream_executor/cuda/cuda_diagnostics.cc:156] kernel driver does not appear to be running on this host (slave03): /proc/driver/nvidia/version does not exist
2020-07-11 14:05:19.665343: W tensorflow/stream_executor/platform/default/dso_loader.cc:55] Could not load dynamic library 'libcuda.so.1'; dlerror: libcuda.so.1: cannot open shared object file: No such file or directory
2020-07-11 14:05:19.665520: E tensorflow/stream_executor/cuda/cuda_driver.cc:313] failed call to cuInit: UNKNOWN ERROR (303)
2020-07-11 14:05:19.665583: I tensorflow/stream_executor/cuda/cuda_diagnostics.cc:156] kernel driver does not appear to be running on this host (slave03): /proc/driver/nvidia/version does not exist
2020-07-11 14:05:19.689733: I tensorflow/core/platform/profile_utils/cpu_utils.cc:102] CPU Frequency: 1995010000 Hz
2020-07-11 14:05:19.690435: I tensorflow/core/platform/profile_utils/cpu_utils.cc:102] CPU Frequency: 1995010000 Hz
2020-07-11 14:05:19.692749: I tensorflow/core/platform/profile_utils/cpu_utils.cc:102] CPU Frequency: 1995010000 Hz
2020-07-11 14:05:19.692959: I tensorflow/compiler/xla/service/service.cc:168] XLA service 0x7f759c000b20 initialized for platform Host (this does not guarantee that XLA will be used). Devices:
2020-07-11 14:05:19.692999: I tensorflow/compiler/xla/service/service.cc:176]   StreamExecutor device (0): Host, Default Version
2020-07-11 14:05:19.695020: I tensorflow/compiler/xla/service/service.cc:168] XLA service 0x7f4768000b20 initialized for platform Host (this does not guarantee that XLA will be used). Devices:
2020-07-11 14:05:19.695078: I tensorflow/compiler/xla/service/service.cc:176]   StreamExecutor device (0): Host, Default Version
2020-07-11 14:05:19.702103: I tensorflow/compiler/xla/service/service.cc:168] XLA service 0x7fb9e8000b20 initialized for platform Host (this does not guarantee that XLA will be used). Devices:
2020-07-11 14:05:19.702187: I tensorflow/compiler/xla/service/service.cc:176]   StreamExecutor device (0): Host, Default Version
2020-07-11 14:05:19.704015: I tensorflow/core/platform/profile_utils/cpu_utils.cc:102] CPU Frequency: 1995010000 Hz
2020-07-11 14:05:19.706651: I tensorflow/compiler/xla/service/service.cc:168] XLA service 0x7f2680000b20 initialized for platform Host (this does not guarantee that XLA will be used). Devices:
2020-07-11 14:05:19.706732: I tensorflow/compiler/xla/service/service.cc:176]   StreamExecutor device (0): Host, Default Version
2020-07-11 14:05:19.713191: I tensorflow/core/platform/profile_utils/cpu_utils.cc:102] CPU Frequency: 1995010000 Hz
2020-07-11 14:05:19.715947: I tensorflow/compiler/xla/service/service.cc:168] XLA service 0x7fe060000b20 initialized for platform Host (this does not guarantee that XLA will be used). Devices:
2020-07-11 14:05:19.716033: I tensorflow/compiler/xla/service/service.cc:176]   StreamExecutor device (0): Host, Default Version
2020-07-11 14:05:19.782174: W tensorflow/stream_executor/platform/default/dso_loader.cc:55] Could not load dynamic library 'libcuda.so.1'; dlerror: libcuda.so.1: cannot open shared object file: No such file or directory
2020-07-11 14:05:19.782361: E tensorflow/stream_executor/cuda/cuda_driver.cc:313] failed call to cuInit: UNKNOWN ERROR (303)
2020-07-11 14:05:19.782461: I tensorflow/stream_executor/cuda/cuda_diagnostics.cc:156] kernel driver does not appear to be running on this host (slave03): /proc/driver/nvidia/version does not exist
2020-07-11 14:05:19.828893: I tensorflow/core/platform/profile_utils/cpu_utils.cc:102] CPU Frequency: 1995010000 Hz
2020-07-11 14:05:19.831639: I tensorflow/compiler/xla/service/service.cc:168] XLA service 0x7ff530000b20 initialized for platform Host (this does not guarantee that XLA will be used). Devices:
2020-07-11 14:05:19.831731: I tensorflow/compiler/xla/service/service.cc:176]   StreamExecutor device (0): Host, Default Version
2020-07-11 14:05:19.853831: W tensorflow/stream_executor/platform/default/dso_loader.cc:55] Could not load dynamic library 'libcuda.so.1'; dlerror: libcuda.so.1: cannot open shared object file: No such file or directory
2020-07-11 14:05:19.854005: E tensorflow/stream_executor/cuda/cuda_driver.cc:313] failed call to cuInit: UNKNOWN ERROR (303)
2020-07-11 14:05:19.854091: I tensorflow/stream_executor/cuda/cuda_diagnostics.cc:156] kernel driver does not appear to be running on this host (slave03): /proc/driver/nvidia/version does not exist
2020-07-11 14:05:19.884509: I tensorflow/core/platform/profile_utils/cpu_utils.cc:102] CPU Frequency: 1995010000 Hz
2020-07-11 14:05:19.885197: W tensorflow/stream_executor/platform/default/dso_loader.cc:55] Could not load dynamic library 'libcuda.so.1'; dlerror: libcuda.so.1: cannot open shared object file: No such file or directory
2020-07-11 14:05:19.885312: E tensorflow/stream_executor/cuda/cuda_driver.cc:313] failed call to cuInit: UNKNOWN ERROR (303)
2020-07-11 14:05:19.885399: I tensorflow/stream_executor/cuda/cuda_diagnostics.cc:156] kernel driver does not appear to be running on this host (slave03): /proc/driver/nvidia/version does not exist
2020-07-11 14:05:19.887414: I tensorflow/compiler/xla/service/service.cc:168] XLA service 0x7f7a7c000b20 initialized for platform Host (this does not guarantee that XLA will be used). Devices:
2020-07-11 14:05:19.887513: I tensorflow/compiler/xla/service/service.cc:176]   StreamExecutor device (0): Host, Default Version
2020-07-11 14:05:19.897394: W tensorflow/stream_executor/platform/default/dso_loader.cc:55] Could not load dynamic library 'libcuda.so.1'; dlerror: libcuda.so.1: cannot open shared object file: No such file or directory
2020-07-11 14:05:19.897463: E tensorflow/stream_executor/cuda/cuda_driver.cc:313] failed call to cuInit: UNKNOWN ERROR (303)
2020-07-11 14:05:19.897511: I tensorflow/stream_executor/cuda/cuda_diagnostics.cc:156] kernel driver does not appear to be running on this host (slave03): /proc/driver/nvidia/version does not exist
2020-07-11 14:05:19.928215: I tensorflow/core/platform/profile_utils/cpu_utils.cc:102] CPU Frequency: 1995010000 Hz
2020-07-11 14:05:19.930757: I tensorflow/compiler/xla/service/service.cc:168] XLA service 0x7fcc18000b20 initialized for platform Host (this does not guarantee that XLA will be used). Devices:
2020-07-11 14:05:19.930853: I tensorflow/compiler/xla/service/service.cc:176]   StreamExecutor device (0): Host, Default Version
2020-07-11 14:05:19.940600: I tensorflow/core/platform/profile_utils/cpu_utils.cc:102] CPU Frequency: 1995010000 Hz
2020-07-11 14:05:19.943417: I tensorflow/compiler/xla/service/service.cc:168] XLA service 0x7fa8cc000b20 initialized for platform Host (this does not guarantee that XLA will be used). Devices:
2020-07-11 14:05:19.943516: I tensorflow/compiler/xla/service/service.cc:176]   StreamExecutor device (0): Host, Default Version
2020-07-11 14:05:20.376865: W tensorflow/stream_executor/platform/default/dso_loader.cc:55] Could not load dynamic library 'libcuda.so.1'; dlerror: libcuda.so.1: cannot open shared object file: No such file or directory
2020-07-11 14:05:20.377051: E tensorflow/stream_executor/cuda/cuda_driver.cc:313] failed call to cuInit: UNKNOWN ERROR (303)
2020-07-11 14:05:20.377141: I tensorflow/stream_executor/cuda/cuda_diagnostics.cc:156] kernel driver does not appear to be running on this host (slave03): /proc/driver/nvidia/version does not exist
2020-07-11 14:05:20.407510: W tensorflow/stream_executor/platform/default/dso_loader.cc:55] Could not load dynamic library 'libcuda.so.1'; dlerror: libcuda.so.1: cannot open shared object file: No such file or directory
2020-07-11 14:05:20.407510: W tensorflow/stream_executor/platform/default/dso_loader.cc:55] Could not load dynamic library 'libcuda.so.1'; dlerror: libcuda.so.1: cannot open shared object file: No such file or directory
2020-07-11 14:05:20.407587: E tensorflow/stream_executor/cuda/cuda_driver.cc:313] failed call to cuInit: UNKNOWN ERROR (303)
2020-07-11 14:05:20.407691: E tensorflow/stream_executor/cuda/cuda_driver.cc:313] failed call to cuInit: UNKNOWN ERROR (303)
2020-07-11 14:05:20.407759: I tensorflow/stream_executor/cuda/cuda_diagnostics.cc:156] kernel driver does not appear to be running on this host (slave03): /proc/driver/nvidia/version does not exist
2020-07-11 14:05:20.408006: I tensorflow/stream_executor/cuda/cuda_diagnostics.cc:156] kernel driver does not appear to be running on this host (slave03): /proc/driver/nvidia/version does not exist
2020-07-11 14:05:20.408021: W tensorflow/stream_executor/platform/default/dso_loader.cc:55] Could not load dynamic library 'libcuda.so.1'; dlerror: libcuda.so.1: cannot open shared object file: No such file or directory
2020-07-11 14:05:20.408062: E tensorflow/stream_executor/cuda/cuda_driver.cc:313] failed call to cuInit: UNKNOWN ERROR (303)
2020-07-11 14:05:20.408096: I tensorflow/stream_executor/cuda/cuda_diagnostics.cc:156] kernel driver does not appear to be running on this host (slave03): /proc/driver/nvidia/version does not exist
2020-07-11 14:05:20.413960: W tensorflow/stream_executor/platform/default/dso_loader.cc:55] Could not load dynamic library 'libcuda.so.1'; dlerror: libcuda.so.1: cannot open shared object file: No such file or directory
2020-07-11 14:05:20.414038: E tensorflow/stream_executor/cuda/cuda_driver.cc:313] failed call to cuInit: UNKNOWN ERROR (303)
2020-07-11 14:05:20.414084: I tensorflow/stream_executor/cuda/cuda_diagnostics.cc:156] kernel driver does not appear to be running on this host (slave03): /proc/driver/nvidia/version does not exist
2020-07-11 14:05:20.420749: I tensorflow/core/platform/profile_utils/cpu_utils.cc:102] CPU Frequency: 1995010000 Hz
2020-07-11 14:05:20.423407: W tensorflow/stream_executor/platform/default/dso_loader.cc:55] Could not load dynamic library 'libcuda.so.1'; dlerror: libcuda.so.1: cannot open shared object file: No such file or directory
2020-07-11 14:05:20.423494: E tensorflow/stream_executor/cuda/cuda_driver.cc:313] failed call to cuInit: UNKNOWN ERROR (303)
2020-07-11 14:05:20.423541: I tensorflow/stream_executor/cuda/cuda_diagnostics.cc:156] kernel driver does not appear to be running on this host (slave03): /proc/driver/nvidia/version does not exist
2020-07-11 14:05:20.423597: I tensorflow/compiler/xla/service/service.cc:168] XLA service 0x7f6bf4000b20 initialized for platform Host (this does not guarantee that XLA will be used). Devices:
2020-07-11 14:05:20.423687: I tensorflow/compiler/xla/service/service.cc:176]   StreamExecutor device (0): Host, Default Version
2020-07-11 14:05:20.432494: W tensorflow/stream_executor/platform/default/dso_loader.cc:55] Could not load dynamic library 'libcuda.so.1'; dlerror: libcuda.so.1: cannot open shared object file: No such file or directory
2020-07-11 14:05:20.432631: E tensorflow/stream_executor/cuda/cuda_driver.cc:313] failed call to cuInit: UNKNOWN ERROR (303)
2020-07-11 14:05:20.432694: I tensorflow/stream_executor/cuda/cuda_diagnostics.cc:156] kernel driver does not appear to be running on this host (slave03): /proc/driver/nvidia/version does not exist
2020-07-11 14:05:20.436960: I tensorflow/core/platform/profile_utils/cpu_utils.cc:102] CPU Frequency: 1995010000 Hz
2020-07-11 14:05:20.437463: W tensorflow/stream_executor/platform/default/dso_loader.cc:55] Could not load dynamic library 'libcuda.so.1'; dlerror: libcuda.so.1: cannot open shared object file: No such file or directory
2020-07-11 14:05:20.437522: E tensorflow/stream_executor/cuda/cuda_driver.cc:313] failed call to cuInit: UNKNOWN ERROR (303)
2020-07-11 14:05:20.437561: I tensorflow/stream_executor/cuda/cuda_diagnostics.cc:156] kernel driver does not appear to be running on this host (slave03): /proc/driver/nvidia/version does not exist
2020-07-11 14:05:20.439997: I tensorflow/compiler/xla/service/service.cc:168] XLA service 0x7f5174000b20 initialized for platform Host (this does not guarantee that XLA will be used). Devices:
2020-07-11 14:05:20.440067: I tensorflow/compiler/xla/service/service.cc:176]   StreamExecutor device (0): Host, Default Version
2020-07-11 14:05:20.441394: I tensorflow/core/platform/profile_utils/cpu_utils.cc:102] CPU Frequency: 1995010000 Hz
2020-07-11 14:05:20.445250: I tensorflow/compiler/xla/service/service.cc:168] XLA service 0x7f8ff8000b20 initialized for platform Host (this does not guarantee that XLA will be used). Devices:
2020-07-11 14:05:20.445401: I tensorflow/compiler/xla/service/service.cc:176]   StreamExecutor device (0): Host, Default Version
2020-07-11 14:05:20.451695: I tensorflow/core/platform/profile_utils/cpu_utils.cc:102] CPU Frequency: 1995010000 Hz
2020-07-11 14:05:20.452827: I tensorflow/core/platform/profile_utils/cpu_utils.cc:102] CPU Frequency: 1995010000 Hz
2020-07-11 14:05:20.454056: I tensorflow/compiler/xla/service/service.cc:168] XLA service 0x7feab4000b20 initialized for platform Host (this does not guarantee that XLA will be used). Devices:
2020-07-11 14:05:20.454101: I tensorflow/compiler/xla/service/service.cc:176]   StreamExecutor device (0): Host, Default Version
2020-07-11 14:05:20.455148: I tensorflow/compiler/xla/service/service.cc:168] XLA service 0x7f95b4000b20 initialized for platform Host (this does not guarantee that XLA will be used). Devices:
2020-07-11 14:05:20.455195: I tensorflow/compiler/xla/service/service.cc:176]   StreamExecutor device (0): Host, Default Version
2020-07-11 14:05:20.457294: W tensorflow/stream_executor/platform/default/dso_loader.cc:55] Could not load dynamic library 'libcuda.so.1'; dlerror: libcuda.so.1: cannot open shared object file: No such file or directory
2020-07-11 14:05:20.457510: E tensorflow/stream_executor/cuda/cuda_driver.cc:313] failed call to cuInit: UNKNOWN ERROR (303)
2020-07-11 14:05:20.457614: I tensorflow/stream_executor/cuda/cuda_diagnostics.cc:156] kernel driver does not appear to be running on this host (slave03): /proc/driver/nvidia/version does not exist
2020-07-11 14:05:20.470169: I tensorflow/core/platform/profile_utils/cpu_utils.cc:102] CPU Frequency: 1995010000 Hz
2020-07-11 14:05:20.475005: I tensorflow/compiler/xla/service/service.cc:168] XLA service 0x7f2b8c000b20 initialized for platform Host (this does not guarantee that XLA will be used). Devices:
2020-07-11 14:05:20.475118: I tensorflow/compiler/xla/service/service.cc:176]   StreamExecutor device (0): Host, Default Version
2020-07-11 14:05:20.481240: I tensorflow/core/platform/profile_utils/cpu_utils.cc:102] CPU Frequency: 1995010000 Hz
2020-07-11 14:05:20.483612: I tensorflow/compiler/xla/service/service.cc:168] XLA service 0x7fb488000b20 initialized for platform Host (this does not guarantee that XLA will be used). Devices:
2020-07-11 14:05:20.483669: I tensorflow/compiler/xla/service/service.cc:176]   StreamExecutor device (0): Host, Default Version
2020-07-11 14:05:20.488924: W tensorflow/stream_executor/platform/default/dso_loader.cc:55] Could not load dynamic library 'libcuda.so.1'; dlerror: libcuda.so.1: cannot open shared object file: No such file or directory
2020-07-11 14:05:20.488972: E tensorflow/stream_executor/cuda/cuda_driver.cc:313] failed call to cuInit: UNKNOWN ERROR (303)
2020-07-11 14:05:20.489004: I tensorflow/stream_executor/cuda/cuda_diagnostics.cc:156] kernel driver does not appear to be running on this host (slave03): /proc/driver/nvidia/version does not exist
2020-07-11 14:05:20.491357: I tensorflow/core/platform/profile_utils/cpu_utils.cc:102] CPU Frequency: 1995010000 Hz
2020-07-11 14:05:20.492091: I tensorflow/core/platform/profile_utils/cpu_utils.cc:102] CPU Frequency: 1995010000 Hz
2020-07-11 14:05:20.496208: I tensorflow/compiler/xla/service/service.cc:168] XLA service 0x7fa964000b20 initialized for platform Host (this does not guarantee that XLA will be used). Devices:
2020-07-11 14:05:20.496309: I tensorflow/compiler/xla/service/service.cc:176]   StreamExecutor device (0): Host, Default Version
2020-07-11 14:05:20.496874: I tensorflow/compiler/xla/service/service.cc:168] XLA service 0x7f16b0000b20 initialized for platform Host (this does not guarantee that XLA will be used). Devices:
2020-07-11 14:05:20.496924: I tensorflow/compiler/xla/service/service.cc:176]   StreamExecutor device (0): Host, Default Version
2020-07-11 14:05:20.527690: I tensorflow/core/platform/profile_utils/cpu_utils.cc:102] CPU Frequency: 1995010000 Hz
2020-07-11 14:05:20.532518: I tensorflow/compiler/xla/service/service.cc:168] XLA service 0x7f6754000b20 initialized for platform Host (this does not guarantee that XLA will be used). Devices:
2020-07-11 14:05:20.532604: I tensorflow/compiler/xla/service/service.cc:176]   StreamExecutor device (0): Host, Default Version
2020-07-11 14:05:21.049078: W tensorflow/stream_executor/platform/default/dso_loader.cc:55] Could not load dynamic library 'libcuda.so.1'; dlerror: libcuda.so.1: cannot open shared object file: No such file or directory
2020-07-11 14:05:21.049282: E tensorflow/stream_executor/cuda/cuda_driver.cc:313] failed call to cuInit: UNKNOWN ERROR (303)
2020-07-11 14:05:21.049371: I tensorflow/stream_executor/cuda/cuda_diagnostics.cc:156] kernel driver does not appear to be running on this host (slave03): /proc/driver/nvidia/version does not exist
2020-07-11 14:05:21.054589: W tensorflow/stream_executor/platform/default/dso_loader.cc:55] Could not load dynamic library 'libcuda.so.1'; dlerror: libcuda.so.1: cannot open shared object file: No such file or directory
2020-07-11 14:05:21.054782: E tensorflow/stream_executor/cuda/cuda_driver.cc:313] failed call to cuInit: UNKNOWN ERROR (303)
2020-07-11 14:05:21.054883: I tensorflow/stream_executor/cuda/cuda_diagnostics.cc:156] kernel driver does not appear to be running on this host (slave03): /proc/driver/nvidia/version does not exist
2020-07-11 14:05:21.067040: W tensorflow/stream_executor/platform/default/dso_loader.cc:55] Could not load dynamic library 'libcuda.so.1'; dlerror: libcuda.so.1: cannot open shared object file: No such file or directory
2020-07-11 14:05:21.067144: E tensorflow/stream_executor/cuda/cuda_driver.cc:313] failed call to cuInit: UNKNOWN ERROR (303)
2020-07-11 14:05:21.067200: I tensorflow/stream_executor/cuda/cuda_diagnostics.cc:156] kernel driver does not appear to be running on this host (slave03): /proc/driver/nvidia/version does not exist
2020-07-11 14:05:21.090841: W tensorflow/stream_executor/platform/default/dso_loader.cc:55] Could not load dynamic library 'libcuda.so.1'; dlerror: libcuda.so.1: cannot open shared object file: No such file or directory
2020-07-11 14:05:21.091072: E tensorflow/stream_executor/cuda/cuda_driver.cc:313] failed call to cuInit: UNKNOWN ERROR (303)
2020-07-11 14:05:21.091189: I tensorflow/stream_executor/cuda/cuda_diagnostics.cc:156] kernel driver does not appear to be running on this host (slave03): /proc/driver/nvidia/version does not exist
2020-07-11 14:05:21.096594: I tensorflow/core/platform/profile_utils/cpu_utils.cc:102] CPU Frequency: 1995010000 Hz
2020-07-11 14:05:21.099300: I tensorflow/compiler/xla/service/service.cc:168] XLA service 0x7f3708000b20 initialized for platform Host (this does not guarantee that XLA will be used). Devices:
2020-07-11 14:05:21.099396: I tensorflow/compiler/xla/service/service.cc:176]   StreamExecutor device (0): Host, Default Version
2020-07-11 14:05:21.106019: I tensorflow/core/platform/profile_utils/cpu_utils.cc:102] CPU Frequency: 1995010000 Hz
2020-07-11 14:05:21.107226: I tensorflow/core/platform/profile_utils/cpu_utils.cc:102] CPU Frequency: 1995010000 Hz
2020-07-11 14:05:21.110063: I tensorflow/compiler/xla/service/service.cc:168] XLA service 0x7f26e4000b20 initialized for platform Host (this does not guarantee that XLA will be used). Devices:
2020-07-11 14:05:21.110160: I tensorflow/compiler/xla/service/service.cc:176]   StreamExecutor device (0): Host, Default Version
2020-07-11 14:05:21.112372: I tensorflow/compiler/xla/service/service.cc:168] XLA service 0x7ff27c000b20 initialized for platform Host (this does not guarantee that XLA will be used). Devices:
2020-07-11 14:05:21.112465: I tensorflow/compiler/xla/service/service.cc:176]   StreamExecutor device (0): Host, Default Version
2020-07-11 14:05:21.150844: I tensorflow/core/platform/profile_utils/cpu_utils.cc:102] CPU Frequency: 1995010000 Hz
2020-07-11 14:05:21.154156: I tensorflow/compiler/xla/service/service.cc:168] XLA service 0x7f2e14000b20 initialized for platform Host (this does not guarantee that XLA will be used). Devices:
2020-07-11 14:05:21.154268: I tensorflow/compiler/xla/service/service.cc:176]   StreamExecutor device (0): Host, Default Version
2020-07-11 14:05:21.604390: W tensorflow/stream_executor/platform/default/dso_loader.cc:55] Could not load dynamic library 'libcuda.so.1'; dlerror: libcuda.so.1: cannot open shared object file: No such file or directory
2020-07-11 14:05:21.604590: E tensorflow/stream_executor/cuda/cuda_driver.cc:313] failed call to cuInit: UNKNOWN ERROR (303)
2020-07-11 14:05:21.604693: I tensorflow/stream_executor/cuda/cuda_diagnostics.cc:156] kernel driver does not appear to be running on this host (slave03): /proc/driver/nvidia/version does not exist
2020-07-11 14:05:21.617855: W tensorflow/stream_executor/platform/default/dso_loader.cc:55] Could not load dynamic library 'libcuda.so.1'; dlerror: libcuda.so.1: cannot open shared object file: No such file or directory
2020-07-11 14:05:21.617980: E tensorflow/stream_executor/cuda/cuda_driver.cc:313] failed call to cuInit: UNKNOWN ERROR (303)
2020-07-11 14:05:21.618037: I tensorflow/stream_executor/cuda/cuda_diagnostics.cc:156] kernel driver does not appear to be running on this host (slave03): /proc/driver/nvidia/version does not exist
2020-07-11 14:05:21.644605: I tensorflow/core/platform/profile_utils/cpu_utils.cc:102] CPU Frequency: 1995010000 Hz
2020-07-11 14:05:21.647719: I tensorflow/compiler/xla/service/service.cc:168] XLA service 0x7f5074000b20 initialized for platform Host (this does not guarantee that XLA will be used). Devices:
2020-07-11 14:05:21.647826: I tensorflow/compiler/xla/service/service.cc:176]   StreamExecutor device (0): Host, Default Version
2020-07-11 14:05:21.676907: I tensorflow/core/platform/profile_utils/cpu_utils.cc:102] CPU Frequency: 1995010000 Hz
2020-07-11 14:05:21.679526: I tensorflow/compiler/xla/service/service.cc:168] XLA service 0x7f0e88000b20 initialized for platform Host (this does not guarantee that XLA will be used). Devices:
2020-07-11 14:05:21.679702: I tensorflow/compiler/xla/service/service.cc:176]   StreamExecutor device (0): Host, Default Version
2020-07-11 14:05:21.862950: W tensorflow/stream_executor/platform/default/dso_loader.cc:55] Could not load dynamic library 'libcuda.so.1'; dlerror: libcuda.so.1: cannot open shared object file: No such file or directory
2020-07-11 14:05:21.863129: E tensorflow/stream_executor/cuda/cuda_driver.cc:313] failed call to cuInit: UNKNOWN ERROR (303)
2020-07-11 14:05:21.863213: I tensorflow/stream_executor/cuda/cuda_diagnostics.cc:156] kernel driver does not appear to be running on this host (slave03): /proc/driver/nvidia/version does not exist
2020-07-11 14:05:21.900418: I tensorflow/core/platform/profile_utils/cpu_utils.cc:102] CPU Frequency: 1995010000 Hz
2020-07-11 14:05:21.902969: I tensorflow/compiler/xla/service/service.cc:168] XLA service 0x7fba34000b20 initialized for platform Host (this does not guarantee that XLA will be used). Devices:
2020-07-11 14:05:21.903073: I tensorflow/compiler/xla/service/service.cc:176]   StreamExecutor device (0): Host, Default Version
2020-07-11 14:05:21.939770: W tensorflow/stream_executor/platform/default/dso_loader.cc:55] Could not load dynamic library 'libcuda.so.1'; dlerror: libcuda.so.1: cannot open shared object file: No such file or directory
2020-07-11 14:05:21.939971: E tensorflow/stream_executor/cuda/cuda_driver.cc:313] failed call to cuInit: UNKNOWN ERROR (303)
2020-07-11 14:05:21.940070: I tensorflow/stream_executor/cuda/cuda_diagnostics.cc:156] kernel driver does not appear to be running on this host (slave03): /proc/driver/nvidia/version does not exist
2020-07-11 14:05:21.988694: I tensorflow/core/platform/profile_utils/cpu_utils.cc:102] CPU Frequency: 1995010000 Hz
2020-07-11 14:05:21.991728: I tensorflow/compiler/xla/service/service.cc:168] XLA service 0x7f47ac000b20 initialized for platform Host (this does not guarantee that XLA will be used). Devices:
2020-07-11 14:05:21.991994: I tensorflow/compiler/xla/service/service.cc:176]   StreamExecutor device (0): Host, Default Version
2020-07-11 14:05:22.173973: W tensorflow/stream_executor/platform/default/dso_loader.cc:55] Could not load dynamic library 'libcuda.so.1'; dlerror: libcuda.so.1: cannot open shared object file: No such file or directory
2020-07-11 14:05:22.174190: E tensorflow/stream_executor/cuda/cuda_driver.cc:313] failed call to cuInit: UNKNOWN ERROR (303)
2020-07-11 14:05:22.174301: I tensorflow/stream_executor/cuda/cuda_diagnostics.cc:156] kernel driver does not appear to be running on this host (slave03): /proc/driver/nvidia/version does not exist
2020-07-11 14:05:22.224783: I tensorflow/core/platform/profile_utils/cpu_utils.cc:102] CPU Frequency: 1995010000 Hz
2020-07-11 14:05:22.229045: I tensorflow/compiler/xla/service/service.cc:168] XLA service 0x7f113c000b20 initialized for platform Host (this does not guarantee that XLA will be used). Devices:
2020-07-11 14:05:22.229164: I tensorflow/compiler/xla/service/service.cc:176]   StreamExecutor device (0): Host, Default Version
2020-07-11 14:05:22.449718: W tensorflow/stream_executor/platform/default/dso_loader.cc:55] Could not load dynamic library 'libcuda.so.1'; dlerror: libcuda.so.1: cannot open shared object file: No such file or directory
2020-07-11 14:05:22.449929: E tensorflow/stream_executor/cuda/cuda_driver.cc:313] failed call to cuInit: UNKNOWN ERROR (303)
2020-07-11 14:05:22.450029: I tensorflow/stream_executor/cuda/cuda_diagnostics.cc:156] kernel driver does not appear to be running on this host (slave03): /proc/driver/nvidia/version does not exist
2020-07-11 14:05:22.481658: I tensorflow/core/platform/profile_utils/cpu_utils.cc:102] CPU Frequency: 1995010000 Hz
2020-07-11 14:05:22.484862: I tensorflow/compiler/xla/service/service.cc:168] XLA service 0x7fcd3c000b20 initialized for platform Host (this does not guarantee that XLA will be used). Devices:
2020-07-11 14:05:22.484971: I tensorflow/compiler/xla/service/service.cc:176]   StreamExecutor device (0): Host, Default Version
Epoch 1/3
2020-07-11 14:05:22.625976: W tensorflow/stream_executor/platform/default/dso_loader.cc:55] Could not load dynamic library 'libcuda.so.1'; dlerror: libcuda.so.1: cannot open shared object file: No such file or directory
2020-07-11 14:05:22.626185: E tensorflow/stream_executor/cuda/cuda_driver.cc:313] failed call to cuInit: UNKNOWN ERROR (303)
2020-07-11 14:05:22.626300: I tensorflow/stream_executor/cuda/cuda_diagnostics.cc:156] kernel driver does not appear to be running on this host (slave03): /proc/driver/nvidia/version does not exist
Epoch 1/3
2020-07-11 14:05:22.688687: I tensorflow/core/platform/profile_utils/cpu_utils.cc:102] CPU Frequency: 1995010000 Hz
2020-07-11 14:05:22.691886: I tensorflow/compiler/xla/service/service.cc:168] XLA service 0x7f8a40000b20 initialized for platform Host (this does not guarantee that XLA will be used). Devices:
2020-07-11 14:05:22.692140: I tensorflow/compiler/xla/service/service.cc:176]   StreamExecutor device (0): Host, Default Version
Epoch 1/5
Epoch 1/5
Epoch 1/5
Epoch 1/3
Epoch 1/3
Epoch 1/3
Epoch 1/3
Epoch 1/5
Epoch 1/5
Epoch 1/3
Epoch 1/5
Epoch 1/5
Epoch 1/3
Epoch 1/3
Epoch 1/3
Epoch 1/5
Epoch 1/5
Epoch 1/3
Epoch 1/5
Epoch 1/3
Epoch 1/5
Epoch 1/5
Epoch 1/3
Epoch 1/3
Epoch 1/3
Epoch 1/5
Epoch 1/5
Epoch 1/3
Epoch 1/3
Epoch 1/5
91690/91690 - 533s - loss: 0.1960 - mse: 0.1960
Epoch 2/3
91690/91690 - 534s - loss: 0.1884 - mse: 0.1884
Epoch 2/3
91690/91690 - 531s - loss: 0.1732 - mse: 0.1732
Epoch 2/3
91690/91690 - 534s - loss: 0.2111 - mse: 0.2111
Epoch 2/5
91690/91690 - 537s - loss: 0.1813 - mse: 0.1813
Epoch 2/5
91690/91690 - 538s - loss: 0.2186 - mse: 0.2186
Epoch 2/3
91690/91690 - 540s - loss: 0.1923 - mse: 0.1923
Epoch 2/5
91690/91690 - 538s - loss: 0.1822 - mse: 0.1822
Epoch 2/5
91690/91690 - 539s - loss: 0.1983 - mse: 0.1983
Epoch 2/3
91690/91690 - 544s - loss: 0.2082 - mse: 0.2082
Epoch 2/3
91690/91690 - 540s - loss: 0.1787 - mse: 0.1787
Epoch 2/5
91690/91690 - 544s - loss: 0.1926 - mse: 0.1926
Epoch 2/3
91690/91690 - 547s - loss: 0.1755 - mse: 0.1755
Epoch 2/3
91690/91690 - 548s - loss: 0.2051 - mse: 0.2051
Epoch 2/5
91690/91690 - 531s - loss: 0.1184 - mse: 0.1184
Epoch 3/3
91690/91690 - 530s - loss: 0.1237 - mse: 0.1237
Epoch 3/3
91690/91690 - 530s - loss: 0.1447 - mse: 0.1447
Epoch 3/5
91690/91690 - 529s - loss: 0.1355 - mse: 0.1355
Epoch 3/5
91690/91690 - 534s - loss: 0.1300 - mse: 0.1300
Epoch 3/3
91690/91690 - 534s - loss: 0.1467 - mse: 0.1467
Epoch 3/3
91690/91690 - 533s - loss: 0.1336 - mse: 0.1336
Epoch 3/5
91690/91690 - 533s - loss: 0.1470 - mse: 0.1470
Epoch 3/3
91690/91690 - 533s - loss: 0.1398 - mse: 0.1398
Epoch 3/3
91690/91690 - 540s - loss: 0.1250 - mse: 0.1250
Epoch 3/5
91690/91690 - 537s - loss: 0.1371 - mse: 0.1371
Epoch 3/3
91690/91690 - 541s - loss: 0.1348 - mse: 0.1348
Epoch 3/5
91690/91690 - 543s - loss: 0.1428 - mse: 0.1428
Epoch 3/3
91690/91690 - 546s - loss: 0.1289 - mse: 0.1289
Epoch 3/5
275068/275068 - 1558s - loss: 0.1745 - mse: 0.1745
Epoch 2/3
275068/275068 - 1561s - loss: 0.1910 - mse: 0.1910
Epoch 2/3
275068/275068 - 1567s - loss: 0.1795 - mse: 0.1795
Epoch 2/5
275068/275068 - 1570s - loss: 0.1673 - mse: 0.1673
Epoch 2/3
275068/275068 - 1573s - loss: 0.1751 - mse: 0.1751
Epoch 2/3
275068/275068 - 1580s - loss: 0.1884 - mse: 0.1884
Epoch 2/5
275068/275068 - 1584s - loss: 0.1760 - mse: 0.1760
Epoch 2/5
275068/275068 - 1587s - loss: 0.1902 - mse: 0.1902
Epoch 2/3
275068/275068 - 1588s - loss: 0.1852 - mse: 0.1852
Epoch 2/5
275068/275068 - 1589s - loss: 0.1737 - mse: 0.1737
Epoch 2/5
275068/275068 - 1591s - loss: 0.1715 - mse: 0.1715
Epoch 2/5
275068/275068 - 1591s - loss: 0.2049 - mse: 0.2049
Epoch 2/3
275068/275068 - 1593s - loss: 0.1634 - mse: 0.1634
Epoch 2/5
91690/91690 - 528s - loss: 0.1046 - mse: 0.1046
91690/91690 - 528s - loss: 0.1292 - mse: 0.1292
Epoch 4/5
91690/91690 - 530s - loss: 0.0979 - mse: 0.0979
91690/91690 - 529s - loss: 0.1192 - mse: 0.1192
Epoch 4/5
275068/275068 - 1597s - loss: 0.1783 - mse: 0.1783
Epoch 2/5
91690/91690 - 531s - loss: 0.1145 - mse: 0.1145
275068/275068 - 1599s - loss: 0.1760 - mse: 0.1760
Epoch 2/3
91690/91690 - 532s - loss: 0.1388 - mse: 0.1388
91690/91690 - 534s - loss: 0.1105 - mse: 0.1105
Epoch 4/5
91690/91690 - 534s - loss: 0.1183 - mse: 0.1183
275068/275068 - 1607s - loss: 0.1920 - mse: 0.1920
Epoch 2/5
91690/91690 - 536s - loss: 0.1154 - mse: 0.1154
91690/91690 - 532s - loss: 0.1198 - mse: 0.1198
91690/91690 - 539s - loss: 0.1091 - mse: 0.1091
Epoch 4/5
275068/275068 - 1617s - loss: 0.1794 - mse: 0.1794
Epoch 2/3
91690/91690 - 537s - loss: 0.1209 - mse: 0.1209
Epoch 4/5
91690/91690 - 537s - loss: 0.1365 - mse: 0.1365
275068/275068 - 1624s - loss: 0.1935 - mse: 0.1935
Epoch 2/3
91690/91690 - 543s - loss: 0.1124 - mse: 0.1124
Epoch 4/5
30564/30564 - 101s
[CV]  batch_size=30, dropout_rate=0.2, epochs=3, learn_rate=0.1, weight_constraint=0, total=28.5min
[CV] batch_size=30, dropout_rate=0.5, epochs=3, learn_rate=0.1, weight_constraint=0 
30564/30564 - 102s
[CV]  batch_size=30, dropout_rate=0.2, epochs=3, learn_rate=0.001, weight_constraint=0, total=28.6min
[CV] batch_size=30, dropout_rate=0.5, epochs=5, learn_rate=0.001, weight_constraint=0 
30564/30564 - 106s
30564/30564 - 102s
[CV]  batch_size=30, dropout_rate=0.0, epochs=3, learn_rate=0.1, weight_constraint=0, total=28.7min
[CV] batch_size=30, dropout_rate=0.5, epochs=5, learn_rate=0.01, weight_constraint=0 
[CV]  batch_size=30, dropout_rate=0.2, epochs=3, learn_rate=0.01, weight_constraint=0, total=28.7min
[CV] batch_size=30, dropout_rate=0.5, epochs=5, learn_rate=0.1, weight_constraint=0 
30564/30564 - 101s
[CV]  batch_size=30, dropout_rate=0.5, epochs=3, learn_rate=0.01, weight_constraint=0, total=28.8min
[CV] batch_size=50, dropout_rate=0.0, epochs=3, learn_rate=0.001, weight_constraint=0 
Epoch 1/3
30564/30564 - 99s
[CV]  batch_size=30, dropout_rate=0.5, epochs=3, learn_rate=0.001, weight_constraint=0, total=28.9min
30564/30564 - 106s
Epoch 1/5
[CV] batch_size=50, dropout_rate=0.0, epochs=3, learn_rate=0.01, weight_constraint=0 
[CV]  batch_size=30, dropout_rate=0.0, epochs=3, learn_rate=0.001, weight_constraint=0, total=28.9min
[CV] batch_size=50, dropout_rate=0.0, epochs=3, learn_rate=0.1, weight_constraint=0 
30564/30564 - 100s
Epoch 1/5
[CV]  batch_size=30, dropout_rate=0.0, epochs=3, learn_rate=0.01, weight_constraint=0, total=29.0min
[CV] batch_size=50, dropout_rate=0.0, epochs=5, learn_rate=0.001, weight_constraint=0 
Epoch 1/5
Epoch 1/3
Epoch 1/3
Epoch 1/3
Epoch 1/5
55014/55014 - 329s - loss: 0.2038 - mse: 0.2038
Epoch 2/3
55014/55014 - 326s - loss: 0.1868 - mse: 0.1868
Epoch 2/3
55014/55014 - 327s - loss: 0.1994 - mse: 0.1994
Epoch 2/3
55014/55014 - 334s - loss: 0.2032 - mse: 0.2032
Epoch 2/5
91690/91690 - 511s - loss: 0.1194 - mse: 0.1194
Epoch 5/5
91690/91690 - 516s - loss: 0.1128 - mse: 0.1128
Epoch 5/5
91690/91690 - 515s - loss: 0.1069 - mse: 0.1069
Epoch 5/5
91690/91690 - 524s - loss: 0.1128 - mse: 0.1128
Epoch 5/5
91690/91690 - 526s - loss: 0.1190 - mse: 0.1190
Epoch 5/5
91690/91690 - 533s - loss: 0.1277 - mse: 0.1277
Epoch 5/5
91690/91690 - 533s - loss: 0.1828 - mse: 0.1828
Epoch 2/3
91690/91690 - 538s - loss: 0.1753 - mse: 0.1753
Epoch 2/5
91690/91690 - 541s - loss: 0.1687 - mse: 0.1687
Epoch 2/5
91690/91690 - 537s - loss: 0.1778 - mse: 0.1778
Epoch 2/5
55014/55014 - 326s - loss: 0.1051 - mse: 0.1051
Epoch 3/3
55014/55014 - 327s - loss: 0.1424 - mse: 0.1424
Epoch 3/3
55014/55014 - 327s - loss: 0.1378 - mse: 0.1378
Epoch 3/3
55014/55014 - 333s - loss: 0.1359 - mse: 0.1359
Epoch 3/5
91690/91690 - 530s - loss: 0.1167 - mse: 0.1167
91690/91690 - 536s - loss: 0.1036 - mse: 0.1036
91690/91690 - 533s - loss: 0.1002 - mse: 0.1002
91690/91690 - 533s - loss: 0.1024 - mse: 0.1024
91690/91690 - 536s - loss: 0.1082 - mse: 0.1082
91690/91690 - 538s - loss: 0.0946 - mse: 0.0946
55014/55014 - 320s - loss: 0.1009 - mse: 0.1009
55014/55014 - 320s - loss: 0.1309 - mse: 0.1309
55014/55014 - 322s - loss: 0.1296 - mse: 0.1296
55014/55014 - 324s - loss: 0.1183 - mse: 0.1183
Epoch 4/5
30564/30564 - 106s
[CV]  batch_size=30, dropout_rate=0.2, epochs=5, learn_rate=0.001, weight_constraint=0, total=46.0min
[CV] batch_size=50, dropout_rate=0.0, epochs=5, learn_rate=0.01, weight_constraint=0 
30564/30564 - 105s
[CV]  batch_size=30, dropout_rate=0.2, epochs=5, learn_rate=0.1, weight_constraint=0, total=46.2min
[CV] batch_size=50, dropout_rate=0.0, epochs=5, learn_rate=0.1, weight_constraint=0 
30564/30564 - 104s
[CV]  batch_size=30, dropout_rate=0.2, epochs=5, learn_rate=0.01, weight_constraint=0, total=46.3min
[CV] batch_size=50, dropout_rate=0.2, epochs=3, learn_rate=0.001, weight_constraint=0 
Epoch 1/5
91690/91690 - 520s - loss: 0.1381 - mse: 0.1381
Epoch 3/3
18338/18338 - 62s
Epoch 1/5
[CV]  batch_size=50, dropout_rate=0.0, epochs=3, learn_rate=0.01, weight_constraint=0, total=17.6min
18338/18338 - 63s
[CV] batch_size=50, dropout_rate=0.2, epochs=3, learn_rate=0.01, weight_constraint=0 
[CV]  batch_size=50, dropout_rate=0.0, epochs=3, learn_rate=0.001, weight_constraint=0, total=17.8min
30564/30564 - 103s
[CV] batch_size=50, dropout_rate=0.2, epochs=3, learn_rate=0.1, weight_constraint=0 
18338/18338 - 62s
[CV]  batch_size=30, dropout_rate=0.0, epochs=5, learn_rate=0.001, weight_constraint=0, total=46.6min
91690/91690 - 523s - loss: 0.1176 - mse: 0.1176
Epoch 3/5
[CV] batch_size=50, dropout_rate=0.2, epochs=5, learn_rate=0.001, weight_constraint=0 
[CV]  batch_size=50, dropout_rate=0.0, epochs=3, learn_rate=0.1, weight_constraint=0, total=17.7min
Epoch 1/3
[CV] batch_size=50, dropout_rate=0.2, epochs=5, learn_rate=0.01, weight_constraint=0 
30564/30564 - 105s
91690/91690 - 520s - loss: 0.1421 - mse: 0.1421
Epoch 3/5
[CV]  batch_size=30, dropout_rate=0.0, epochs=5, learn_rate=0.1, weight_constraint=0, total=46.8min
[CV] batch_size=50, dropout_rate=0.2, epochs=5, learn_rate=0.1, weight_constraint=0 
91690/91690 - 526s - loss: 0.1263 - mse: 0.1263
Epoch 3/5
Epoch 1/3
Epoch 1/5
Epoch 1/5
Epoch 1/3
Epoch 1/5
30564/30564 - 104s
[CV]  batch_size=30, dropout_rate=0.0, epochs=5, learn_rate=0.01, weight_constraint=0, total=47.2min
[CV] batch_size=50, dropout_rate=0.5, epochs=3, learn_rate=0.001, weight_constraint=0 
Epoch 1/3
55014/55014 - 329s - loss: 0.1212 - mse: 0.1212
Epoch 5/5
275068/275068 - 1518s - loss: 0.1585 - mse: 0.1585
Epoch 3/3
275068/275068 - 1523s - loss: 0.1411 - mse: 0.1411
Epoch 3/5
275068/275068 - 1532s - loss: 0.1306 - mse: 0.1306
Epoch 3/3
55014/55014 - 331s - loss: 0.1995 - mse: 0.1995
Epoch 2/5
275068/275068 - 1542s - loss: 0.1468 - mse: 0.1468
Epoch 3/3
55014/55014 - 334s - loss: 0.1863 - mse: 0.1863
Epoch 2/5
275068/275068 - 1544s - loss: 0.1328 - mse: 0.1328
Epoch 3/3
55014/55014 - 334s - loss: 0.1905 - mse: 0.1905
Epoch 2/3
55014/55014 - 327s - loss: 0.1757 - mse: 0.1757
Epoch 2/3
55014/55014 - 327s - loss: 0.1866 - mse: 0.1866
Epoch 2/5
55014/55014 - 329s - loss: 0.1973 - mse: 0.1973
Epoch 2/5
275068/275068 - 1551s - loss: 0.1235 - mse: 0.1235
Epoch 3/5
275068/275068 - 1552s - loss: 0.1428 - mse: 0.1428
Epoch 3/5
55014/55014 - 334s - loss: 0.1947 - mse: 0.1947
Epoch 2/3
275068/275068 - 1554s - loss: 0.1158 - mse: 0.1158
Epoch 3/5
275068/275068 - 1553s - loss: 0.1575 - mse: 0.1575
Epoch 3/3
55014/55014 - 331s - loss: 0.1856 - mse: 0.1856
Epoch 2/5
275068/275068 - 1560s - loss: 0.1361 - mse: 0.1361
Epoch 3/5
275068/275068 - 1563s - loss: 0.1420 - mse: 0.1420
Epoch 3/3
275068/275068 - 1560s - loss: 0.1446 - mse: 0.1446
Epoch 3/5
275068/275068 - 1563s - loss: 0.1230 - mse: 0.1230
Epoch 3/5
275068/275068 - 1561s - loss: 0.1355 - mse: 0.1355
Epoch 3/3
55014/55014 - 327s - loss: 0.1891 - mse: 0.1891
Epoch 2/3
275068/275068 - 1574s - loss: 0.1369 - mse: 0.1369
Epoch 3/5
275068/275068 - 1564s - loss: 0.1473 - mse: 0.1473
Epoch 3/5
275068/275068 - 1585s - loss: 0.1331 - mse: 0.1331
Epoch 3/3
275068/275068 - 1591s - loss: 0.1539 - mse: 0.1539
Epoch 3/3
91690/91690 - 533s - loss: 0.1149 - mse: 0.1149
91690/91690 - 540s - loss: 0.1024 - mse: 0.1024
Epoch 4/5
91690/91690 - 539s - loss: 0.1148 - mse: 0.1148
Epoch 4/5
91690/91690 - 541s - loss: 0.1093 - mse: 0.1093
Epoch 4/5
55014/55014 - 334s - loss: 0.1011 - mse: 0.1011
30564/30564 - 113s
[CV]  batch_size=30, dropout_rate=0.5, epochs=3, learn_rate=0.1, weight_constraint=0, total=28.7min
[CV] batch_size=50, dropout_rate=0.5, epochs=3, learn_rate=0.01, weight_constraint=0 
55014/55014 - 329s - loss: 0.1524 - mse: 0.1524
Epoch 3/5
55014/55014 - 328s - loss: 0.1399 - mse: 0.1399
Epoch 3/5
Epoch 1/3
55014/55014 - 329s - loss: 0.1444 - mse: 0.1444
Epoch 3/3
55014/55014 - 324s - loss: 0.1406 - mse: 0.1406
Epoch 3/3
55014/55014 - 324s - loss: 0.1396 - mse: 0.1396
Epoch 3/5
55014/55014 - 326s - loss: 0.1305 - mse: 0.1305
Epoch 3/5
55014/55014 - 330s - loss: 0.1215 - mse: 0.1215
Epoch 3/3
55014/55014 - 327s - loss: 0.1267 - mse: 0.1267
Epoch 3/5
18338/18338 - 69s
[CV]  batch_size=50, dropout_rate=0.0, epochs=5, learn_rate=0.001, weight_constraint=0, total=29.1min
[Parallel(n_jobs=-1)]: Done  19 out of  54 | elapsed: 58.3min remaining: 107.5min
[CV] batch_size=50, dropout_rate=0.5, epochs=3, learn_rate=0.1, weight_constraint=0 
55014/55014 - 327s - loss: 0.1282 - mse: 0.1282
Epoch 3/3
Epoch 1/3
55014/55014 - 330s - loss: 0.1182 - mse: 0.1182
Epoch 4/5
55014/55014 - 331s - loss: 0.1102 - mse: 0.1102
Epoch 4/5
55014/55014 - 330s - loss: 0.1817 - mse: 0.1817
Epoch 2/3
55014/55014 - 327s - loss: 0.1180 - mse: 0.1180
55014/55014 - 330s - loss: 0.1163 - mse: 0.1163
55014/55014 - 327s - loss: 0.1106 - mse: 0.1106
Epoch 4/5
55014/55014 - 326s - loss: 0.1156 - mse: 0.1156
Epoch 4/5
55014/55014 - 327s - loss: 0.1131 - mse: 0.1131
Epoch 4/5
55014/55014 - 332s - loss: 0.1019 - mse: 0.1019
55014/55014 - 328s - loss: 0.1168 - mse: 0.1168
55014/55014 - 329s - loss: 0.1977 - mse: 0.1977
Epoch 2/3
18338/18338 - 67s
18338/18338 - 68s
[CV]  batch_size=50, dropout_rate=0.2, epochs=3, learn_rate=0.01, weight_constraint=0, total=17.8min
[CV] batch_size=50, dropout_rate=0.5, epochs=5, learn_rate=0.001, weight_constraint=0 
[CV]  batch_size=50, dropout_rate=0.2, epochs=3, learn_rate=0.001, weight_constraint=0, total=18.1min
[CV] batch_size=50, dropout_rate=0.5, epochs=5, learn_rate=0.01, weight_constraint=0 
91690/91690 - 535s - loss: 0.0983 - mse: 0.0983
Epoch 5/5
91690/91690 - 532s - loss: 0.1022 - mse: 0.1022
Epoch 5/5
Epoch 1/5
18338/18338 - 68s
Epoch 1/5
[CV]  batch_size=50, dropout_rate=0.2, epochs=3, learn_rate=0.1, weight_constraint=0, total=18.2min
[CV] batch_size=50, dropout_rate=0.5, epochs=5, learn_rate=0.1, weight_constraint=0 
91690/91690 - 539s - loss: 0.1006 - mse: 0.1006
Epoch 5/5
18338/18338 - 68s
[CV]  batch_size=50, dropout_rate=0.5, epochs=3, learn_rate=0.001, weight_constraint=0, total=17.9min
Epoch 1/5
55014/55014 - 319s - loss: 0.1036 - mse: 0.1036
Epoch 5/5
55014/55014 - 321s - loss: 0.0978 - mse: 0.0978
Epoch 5/5
55014/55014 - 321s - loss: 0.1159 - mse: 0.1159
Epoch 3/3
55014/55014 - 315s - loss: 0.1120 - mse: 0.1120
Epoch 5/5
55014/55014 - 317s - loss: 0.0940 - mse: 0.0940
Epoch 5/5
55014/55014 - 315s - loss: 0.1013 - mse: 0.1013
Epoch 5/5
55014/55014 - 320s - loss: 0.1398 - mse: 0.1398
Epoch 3/3
55014/55014 - 321s - loss: 0.1853 - mse: 0.1853
Epoch 2/5
55014/55014 - 331s - loss: 0.1881 - mse: 0.1881
Epoch 2/5
55014/55014 - 325s - loss: 0.1766 - mse: 0.1766
Epoch 2/5
91690/91690 - 524s - loss: 0.0948 - mse: 0.0948
91690/91690 - 528s - loss: 0.0910 - mse: 0.0910
91690/91690 - 519s - loss: 0.1002 - mse: 0.1002
55014/55014 - 321s - loss: 0.1147 - mse: 0.1147
55014/55014 - 312s - loss: 0.0884 - mse: 0.0884
55014/55014 - 314s - loss: 0.1115 - mse: 0.1115
55014/55014 - 319s - loss: 0.0962 - mse: 0.0962
55014/55014 - 323s - loss: 0.0969 - mse: 0.0969
55014/55014 - 312s - loss: 0.0738 - mse: 0.0738
18338/18338 - 61s
55014/55014 - 314s - loss: 0.1101 - mse: 0.1101
[CV]  batch_size=50, dropout_rate=0.0, epochs=5, learn_rate=0.01, weight_constraint=0, total=28.6min
18338/18338 - 60s
18338/18338 - 59s
[CV]  batch_size=50, dropout_rate=0.2, epochs=5, learn_rate=0.01, weight_constraint=0, total=28.1min
[CV]  batch_size=50, dropout_rate=0.2, epochs=5, learn_rate=0.001, weight_constraint=0, total=28.2min
18338/18338 - 58s
[CV]  batch_size=50, dropout_rate=0.5, epochs=3, learn_rate=0.01, weight_constraint=0, total=17.6min
18338/18338 - 60s
[CV]  batch_size=50, dropout_rate=0.0, epochs=5, learn_rate=0.1, weight_constraint=0, total=28.7min
18338/18338 - 59s
30564/30564 - 98s
[CV]  batch_size=50, dropout_rate=0.2, epochs=5, learn_rate=0.1, weight_constraint=0, total=28.2min
30564/30564 - 101s
[CV]  batch_size=30, dropout_rate=0.5, epochs=5, learn_rate=0.001, weight_constraint=0, total=46.4min
[CV]  batch_size=30, dropout_rate=0.5, epochs=5, learn_rate=0.1, weight_constraint=0, total=46.3min
30564/30564 - 96s
[CV]  batch_size=30, dropout_rate=0.5, epochs=5, learn_rate=0.01, weight_constraint=0, total=46.4min
55014/55014 - 302s - loss: 0.1404 - mse: 0.1404
Epoch 3/5
55014/55014 - 301s - loss: 0.1447 - mse: 0.1447
Epoch 3/5
18338/18338 - 52s
[CV]  batch_size=50, dropout_rate=0.5, epochs=3, learn_rate=0.1, weight_constraint=0, total=17.3min
55014/55014 - 295s - loss: 0.1404 - mse: 0.1404
Epoch 3/5
275068/275068 - 1477s - loss: 0.1081 - mse: 0.1081
275068/275068 - 1471s - loss: 0.1425 - mse: 0.1425
Epoch 4/5
275068/275068 - 1479s - loss: 0.1146 - mse: 0.1146
275068/275068 - 1474s - loss: 0.1287 - mse: 0.1287
275068/275068 - 1471s - loss: 0.1235 - mse: 0.1235
275068/275068 - 1478s - loss: 0.1192 - mse: 0.1192
Epoch 4/5
275068/275068 - 1474s - loss: 0.1260 - mse: 0.1260
Epoch 4/5
275068/275068 - 1473s - loss: 0.1116 - mse: 0.1116
Epoch 4/5
275068/275068 - 1469s - loss: 0.1314 - mse: 0.1314
Epoch 4/5
275068/275068 - 1473s - loss: 0.1491 - mse: 0.1491
275068/275068 - 1469s - loss: 0.1517 - mse: 0.1517
275068/275068 - 1471s - loss: 0.1246 - mse: 0.1246
Epoch 4/5
275068/275068 - 1467s - loss: 0.1142 - mse: 0.1142
Epoch 4/5
275068/275068 - 1468s - loss: 0.1337 - mse: 0.1337
275068/275068 - 1460s - loss: 0.1143 - mse: 0.1143
Epoch 4/5
275068/275068 - 1460s - loss: 0.1444 - mse: 0.1444
Epoch 4/5
275068/275068 - 1461s - loss: 0.1117 - mse: 0.1117
275068/275068 - 1460s - loss: 0.1658 - mse: 0.1658
55014/55014 - 197s - loss: 0.1091 - mse: 0.1091
Epoch 4/5
55014/55014 - 198s - loss: 0.1226 - mse: 0.1226
Epoch 4/5
55014/55014 - 195s - loss: 0.1140 - mse: 0.1140
Epoch 4/5
91690/91690 - 201s
[CV]  batch_size=10, dropout_rate=0.2, epochs=3, learn_rate=0.01, weight_constraint=0, total=79.5min
91690/91690 - 198s
[CV]  batch_size=10, dropout_rate=0.2, epochs=3, learn_rate=0.001, weight_constraint=0, total=79.7min
91690/91690 - 196s
91690/91690 - 194s
[CV]  batch_size=10, dropout_rate=0.0, epochs=3, learn_rate=0.01, weight_constraint=0, total=79.9min
[CV]  batch_size=10, dropout_rate=0.0, epochs=3, learn_rate=0.1, weight_constraint=0, total=79.9min
91690/91690 - 189s
[CV]  batch_size=10, dropout_rate=0.5, epochs=3, learn_rate=0.001, weight_constraint=0, total=80.4min
91690/91690 - 191s
[CV]  batch_size=10, dropout_rate=0.0, epochs=3, learn_rate=0.001, weight_constraint=0, total=80.4min
91690/91690 - 189s
[CV]  batch_size=10, dropout_rate=0.5, epochs=3, learn_rate=0.01, weight_constraint=0, total=80.6min
91690/91690 - 181s
[CV]  batch_size=10, dropout_rate=0.2, epochs=3, learn_rate=0.1, weight_constraint=0, total=81.0min
91690/91690 - 180s
55014/55014 - 164s - loss: 0.1088 - mse: 0.1088
Epoch 5/5
[CV]  batch_size=10, dropout_rate=0.5, epochs=3, learn_rate=0.1, weight_constraint=0, total=81.2min
55014/55014 - 168s - loss: 0.1142 - mse: 0.1142
Epoch 5/5
55014/55014 - 163s - loss: 0.1102 - mse: 0.1102
Epoch 5/5
55014/55014 - 145s - loss: 0.1173 - mse: 0.1173
55014/55014 - 144s - loss: 0.0984 - mse: 0.0984
55014/55014 - 141s - loss: 0.1120 - mse: 0.1120
18338/18338 - 30s
[CV]  batch_size=50, dropout_rate=0.5, epochs=5, learn_rate=0.01, weight_constraint=0, total=19.7min
18338/18338 - 28s
[CV]  batch_size=50, dropout_rate=0.5, epochs=5, learn_rate=0.001, weight_constraint=0, total=19.9min
18338/18338 - 29s
[CV]  batch_size=50, dropout_rate=0.5, epochs=5, learn_rate=0.1, weight_constraint=0, total=19.6min
275068/275068 - 677s - loss: 0.1090 - mse: 0.1090
Epoch 5/5
275068/275068 - 647s - loss: 0.1115 - mse: 0.1115
Epoch 5/5
275068/275068 - 659s - loss: 0.1083 - mse: 0.1083
Epoch 5/5
275068/275068 - 656s - loss: 0.1023 - mse: 0.1023
Epoch 5/5
275068/275068 - 659s - loss: 0.1205 - mse: 0.1205
Epoch 5/5
275068/275068 - 650s - loss: 0.1202 - mse: 0.1202
Epoch 5/5
275068/275068 - 659s - loss: 0.1198 - mse: 0.1198
Epoch 5/5
275068/275068 - 664s - loss: 0.1197 - mse: 0.1197
Epoch 5/5
275068/275068 - 655s - loss: 0.1530 - mse: 0.1530
Epoch 5/5
275068/275068 - 556s - loss: 0.1245 - mse: 0.1245
275068/275068 - 545s - loss: 0.1056 - mse: 0.1056
275068/275068 - 555s - loss: 0.1052 - mse: 0.1052
275068/275068 - 557s - loss: 0.1056 - mse: 0.1056
275068/275068 - 554s - loss: 0.1234 - mse: 0.1234
275068/275068 - 555s - loss: 0.1159 - mse: 0.1159
275068/275068 - 562s - loss: 0.1115 - mse: 0.1115
275068/275068 - 558s - loss: 0.1396 - mse: 0.1396
275068/275068 - 565s - loss: 0.1258 - mse: 0.1258
91690/91690 - 107s
[CV]  batch_size=10, dropout_rate=0.5, epochs=5, learn_rate=0.1, weight_constraint=0, total=98.6min
91690/91690 - 105s
[CV]  batch_size=10, dropout_rate=0.2, epochs=5, learn_rate=0.01, weight_constraint=0, total=98.7min
[Parallel(n_jobs=-1)]: Done  47 out of  54 | elapsed: 98.9min remaining: 14.7min
91690/91690 - 100s
[CV]  batch_size=10, dropout_rate=0.5, epochs=5, learn_rate=0.001, weight_constraint=0, total=99.0min
91690/91690 - 100s
[CV]  batch_size=10, dropout_rate=0.0, epochs=5, learn_rate=0.1, weight_constraint=0, total=99.1min
91690/91690 - 100s
[CV]  batch_size=10, dropout_rate=0.2, epochs=5, learn_rate=0.1, weight_constraint=0, total=99.1min
91690/91690 - 99s
[CV]  batch_size=10, dropout_rate=0.2, epochs=5, learn_rate=0.001, weight_constraint=0, total=99.2min
91690/91690 - 98s
[CV]  batch_size=10, dropout_rate=0.5, epochs=5, learn_rate=0.01, weight_constraint=0, total=99.3min
91690/91690 - 97s
[CV]  batch_size=10, dropout_rate=0.0, epochs=5, learn_rate=0.001, weight_constraint=0, total=99.3min
91690/91690 - 99s
[CV]  batch_size=10, dropout_rate=0.0, epochs=5, learn_rate=0.01, weight_constraint=0, total=99.4min
[Parallel(n_jobs=-1)]: Done  54 out of  54 | elapsed: 99.6min finished
2020-07-11 15:44:39.293628: W tensorflow/stream_executor/platform/default/dso_loader.cc:55] Could not load dynamic library 'libcuda.so.1'; dlerror: libcuda.so.1: cannot open shared object file: No such file or directory
2020-07-11 15:44:39.293690: E tensorflow/stream_executor/cuda/cuda_driver.cc:313] failed call to cuInit: UNKNOWN ERROR (303)
2020-07-11 15:44:39.293734: I tensorflow/stream_executor/cuda/cuda_diagnostics.cc:156] kernel driver does not appear to be running on this host (slave03): /proc/driver/nvidia/version does not exist
2020-07-11 15:44:39.340181: I tensorflow/core/platform/profile_utils/cpu_utils.cc:102] CPU Frequency: 1995010000 Hz
2020-07-11 15:44:39.343511: I tensorflow/compiler/xla/service/service.cc:168] XLA service 0x7f8fb8000b20 initialized for platform Host (this does not guarantee that XLA will be used). Devices:
2020-07-11 15:44:39.343545: I tensorflow/compiler/xla/service/service.cc:176]   StreamExecutor device (0): Host, Default Version
Epoch 1/5
73352/73352 - 123s - loss: 0.2132 - mse: 0.2132
Epoch 2/5
73352/73352 - 123s - loss: 0.1563 - mse: 0.1563
Epoch 3/5
73352/73352 - 122s - loss: 0.1321 - mse: 0.1321
Epoch 4/5
73352/73352 - 122s - loss: 0.1014 - mse: 0.1014
Epoch 5/5
