Reading ../../../../datasets/bot-iot/UNSW_2018_IoT_Botnet_Full5pc_1.csv
Reading ../../../../datasets/bot-iot/UNSW_2018_IoT_Botnet_Full5pc_2.csv
Reading ../../../../datasets/bot-iot/UNSW_2018_IoT_Botnet_Full5pc_3.csv
Reading ../../../../datasets/bot-iot/UNSW_2018_IoT_Botnet_Full5pc_4.csv
<class 'pandas.core.frame.DataFrame'>
Int64Index: 3668522 entries, 1 to 3668522
Data columns (total 45 columns):
stime                               float64
flgs                                object
flgs_number                         int64
proto                               object
proto_number                        int64
saddr                               object
sport                               object
daddr                               object
dport                               object
pkts                                int64
bytes                               int64
state                               object
state_number                        int64
ltime                               float64
seq                                 int64
dur                                 float64
mean                                float64
stddev                              float64
sum                                 float64
min                                 float64
max                                 float64
spkts                               int64
dpkts                               int64
sbytes                              int64
dbytes                              int64
rate                                float64
srate                               float64
drate                               float64
TnBPSrcIP                           int64
TnBPDstIP                           int64
TnP_PSrcIP                          int64
TnP_PDstIP                          int64
TnP_PerProto                        int64
TnP_Per_Dport                       int64
AR_P_Proto_P_SrcIP                  float64
AR_P_Proto_P_DstIP                  float64
N_IN_Conn_P_DstIP                   int64
N_IN_Conn_P_SrcIP                   int64
AR_P_Proto_P_Sport                  float64
AR_P_Proto_P_Dport                  float64
Pkts_P_State_P_Protocol_P_DestIP    int64
Pkts_P_State_P_Protocol_P_SrcIP     int64
attack                              int64
category                            object
subcategory                         object
dtypes: float64(15), int64(21), object(9)
memory usage: 1.3+ GB

Dataframe contains NaN values: False
Number of NaN columns: 0
NaN columns: [] 


Attack types: [1 0]
Attack distribution:
1    3668045
0        477
Name: attack, dtype: int64

Cateogry types: ['DoS' 'DDoS' 'Normal' 'Reconnaissance' 'Theft']
Cateogry distribution:
DDoS              1926624
DoS               1650260
Reconnaissance      91082
Normal                477
Theft                  79
Name: category, dtype: int64

Subcategory types: ['HTTP' 'TCP' 'UDP' 'Normal' 'OS_Fingerprint' 'Service_Scan'
 'Data_Exfiltration' 'Keylogging']
Subcategory distribution:
UDP                  1981230
TCP                  1593180
Service_Scan           73168
OS_Fingerprint         17914
HTTP                    2474
Normal                   477
Keylogging                73
Data_Exfiltration          6
Name: subcategory, dtype: int64

Column | # of different values
stime | 392259
flgs | 9
flgs_number | 9
proto | 5
proto_number | 5
saddr | 21
sport | 65541
daddr | 84
dport | 7698
pkts | 123
bytes | 1633
state | 11
state_number | 11
ltime | 383624
seq | 262212
dur | 612509
mean | 507089
stddev | 421379
sum | 934972
min | 271147
max | 594525
spkts | 91
dpkts | 62
sbytes | 1052
dbytes | 472
rate | 139677
srate | 119709
drate | 20714
TnBPSrcIP | 8639
TnBPDstIP | 7631
TnP_PSrcIP | 1522
TnP_PDstIP | 1587
TnP_PerProto | 1560
TnP_Per_Dport | 1582
AR_P_Proto_P_SrcIP | 46289
AR_P_Proto_P_DstIP | 39186
N_IN_Conn_P_DstIP | 100
N_IN_Conn_P_SrcIP | 100
AR_P_Proto_P_Sport | 136207
AR_P_Proto_P_Dport | 42237
Pkts_P_State_P_Protocol_P_DestIP | 1595
Pkts_P_State_P_Protocol_P_SrcIP | 1526
attack | 2
category | 5
subcategory | 8

Removing attributes that have only one (or zero) sampled value.

Column | # of different values
stime | 392259
flgs | 9
flgs_number | 9
proto | 5
proto_number | 5
saddr | 21
sport | 65541
daddr | 84
dport | 7698
pkts | 123
bytes | 1633
state | 11
state_number | 11
ltime | 383624
seq | 262212
dur | 612509
mean | 507089
stddev | 421379
sum | 934972
min | 271147
max | 594525
spkts | 91
dpkts | 62
sbytes | 1052
dbytes | 472
rate | 139677
srate | 119709
drate | 20714
TnBPSrcIP | 8639
TnBPDstIP | 7631
TnP_PSrcIP | 1522
TnP_PDstIP | 1587
TnP_PerProto | 1560
TnP_Per_Dport | 1582
AR_P_Proto_P_SrcIP | 46289
AR_P_Proto_P_DstIP | 39186
N_IN_Conn_P_DstIP | 100
N_IN_Conn_P_SrcIP | 100
AR_P_Proto_P_Sport | 136207
AR_P_Proto_P_Dport | 42237
Pkts_P_State_P_Protocol_P_DestIP | 1595
Pkts_P_State_P_Protocol_P_SrcIP | 1526
attack | 2
category | 5
subcategory | 8

Removing redundant columns: ['state_number', 'proto_number', 'flgs_number']

Column | NaN values
stime                               0
flgs                                0
proto                               0
saddr                               0
sport                               0
daddr                               0
dport                               0
pkts                                0
bytes                               0
state                               0
ltime                               0
seq                                 0
dur                                 0
mean                                0
stddev                              0
sum                                 0
min                                 0
max                                 0
spkts                               0
dpkts                               0
sbytes                              0
dbytes                              0
rate                                0
srate                               0
drate                               0
TnBPSrcIP                           0
TnBPDstIP                           0
TnP_PSrcIP                          0
TnP_PDstIP                          0
TnP_PerProto                        0
TnP_Per_Dport                       0
AR_P_Proto_P_SrcIP                  0
AR_P_Proto_P_DstIP                  0
N_IN_Conn_P_DstIP                   0
N_IN_Conn_P_SrcIP                   0
AR_P_Proto_P_Sport                  0
AR_P_Proto_P_Dport                  0
Pkts_P_State_P_Protocol_P_DestIP    0
Pkts_P_State_P_Protocol_P_SrcIP     0
attack                              0
category                            0
subcategory                         0
dtype: int64
Removing attributes with more than half NaN values.
Dataframe contains NaN values: False

Column | NaN values (after dropping columns)
stime                               0
flgs                                0
proto                               0
saddr                               0
sport                               0
daddr                               0
dport                               0
pkts                                0
bytes                               0
state                               0
ltime                               0
seq                                 0
dur                                 0
mean                                0
stddev                              0
sum                                 0
min                                 0
max                                 0
spkts                               0
dpkts                               0
sbytes                              0
dbytes                              0
rate                                0
srate                               0
drate                               0
TnBPSrcIP                           0
TnBPDstIP                           0
TnP_PSrcIP                          0
TnP_PDstIP                          0
TnP_PerProto                        0
TnP_Per_Dport                       0
AR_P_Proto_P_SrcIP                  0
AR_P_Proto_P_DstIP                  0
N_IN_Conn_P_DstIP                   0
N_IN_Conn_P_SrcIP                   0
AR_P_Proto_P_Sport                  0
AR_P_Proto_P_Dport                  0
Pkts_P_State_P_Protocol_P_DestIP    0
Pkts_P_State_P_Protocol_P_SrcIP     0
attack                              0
category                            0
subcategory                         0
dtype: int642020-07-12 17:20:29.716079: W tensorflow/stream_executor/platform/default/dso_loader.cc:55] Could not load dynamic library 'libcuda.so.1'; dlerror: libcuda.so.1: cannot open shared object file: No such file or directory
2020-07-12 17:20:29.716215: E tensorflow/stream_executor/cuda/cuda_driver.cc:313] failed call to cuInit: UNKNOWN ERROR (303)
2020-07-12 17:20:29.716277: I tensorflow/stream_executor/cuda/cuda_diagnostics.cc:156] kernel driver does not appear to be running on this host (ponte): /proc/driver/nvidia/version does not exist
2020-07-12 17:20:29.716455: I tensorflow/core/platform/cpu_feature_guard.cc:143] Your CPU supports instructions that this TensorFlow binary was not compiled to use: AVX2 FMA
2020-07-12 17:20:29.720367: I tensorflow/core/platform/profile_utils/cpu_utils.cc:102] CPU Frequency: 3600000000 Hz
2020-07-12 17:20:29.720484: I tensorflow/compiler/xla/service/service.cc:168] XLA service 0x5597c9085950 initialized for platform Host (this does not guarantee that XLA will be used). Devices:
2020-07-12 17:20:29.720537: I tensorflow/compiler/xla/service/service.cc:176]   StreamExecutor device (0): Host, Default Version
2020-07-12 17:20:29.931205: W tensorflow/core/framework/cpu_allocator_impl.cc:81] Allocation of 407100048 exceeds 10% of free system memory.
2020-07-12 17:20:30.220515: W tensorflow/core/framework/cpu_allocator_impl.cc:81] Allocation of 407100048 exceeds 10% of free system memory.

stime unique values: 392259
flgs unique values: 9
proto unique values: 9
saddr unique values: 5
sport unique values: 5
daddr unique values: 21
dport unique values: 65541
pkts unique values: 84
bytes unique values: 7698
state unique values: 123
ltime unique values: 1633
seq unique values: 11
dur unique values: 11
mean unique values: 383624
stddev unique values: 262212
sum unique values: 612509
min unique values: 507089
max unique values: 421379
spkts unique values: 934972
dpkts unique values: 271147
sbytes unique values: 594525
dbytes unique values: 91
rate unique values: 62
srate unique values: 1052
drate unique values: 472
TnBPSrcIP unique values: 139677
TnBPDstIP unique values: 119709
TnP_PSrcIP unique values: 20714
TnP_PDstIP unique values: 8639
TnP_PerProto unique values: 7631
TnP_Per_Dport unique values: 1522
AR_P_Proto_P_SrcIP unique values: 1587
AR_P_Proto_P_DstIP unique values: 1560
N_IN_Conn_P_DstIP unique values: 1582
N_IN_Conn_P_SrcIP unique values: 46289
AR_P_Proto_P_Sport unique values: 39186
AR_P_Proto_P_Dport unique values: 100
Pkts_P_State_P_Protocol_P_DestIP unique values: 100
Pkts_P_State_P_Protocol_P_SrcIP unique values: 136207
attack unique values: 42237
category unique values: 1595
subcategory unique values: 1526
<class 'pandas.core.frame.DataFrame'>
Int64Index: 3668522 entries, 1 to 3668522
Columns: 42 entries, stime to subcategory
dtypes: float64(15), int64(18), object(9)
memory usage: 1.2+ GB

Objects: ['flgs', 'proto', 'saddr', 'sport', 'daddr', 'dport', 'state', 'category', 'subcategory'] 


Check for high cardinality.
Column | # of different values | values
flgs | 9 | ['e' 'e s' 'e d' 'e *' 'e g' 'eU' 'e &' 'e   t' 'e  D']
proto | 5 | ['tcp' 'arp' 'udp' 'icmp' 'ipv6-icmp']
saddr | 21 | ['192.168.100.147' '192.168.100.7' '192.168.100.148' '192.168.100.6'
 '192.168.100.149' '192.168.100.150' '192.168.100.5' '192.168.100.3'
 '192.168.100.1' '192.168.100.4' '192.168.100.27'
 'fe80::250:56ff:febe:254' '192.168.100.46' 'fe80::250:56ff:febe:26db'
 'fe80::250:56ff:febe:e9d9' 'fe80::c0c0:aa20:45b9:bdd9'
 'fe80::250:56ff:febe:89ee' 'fe80::2c6a:ff9b:7e14:166a'
 'fe80::250:56ff:febe:bf1a' 'fe80::250:56ff:febe:c038' '192.168.100.55']
sport | 65540 | ['49960' nan '49962' ... '0x0008' '0x000d' '0x0011']
daddr | 84 | ['192.168.100.7' '192.168.100.147' '192.168.100.6' '192.168.100.148'
 '192.168.100.5' '192.168.100.3' '192.168.100.149' '192.168.100.150'
 '192.168.100.4' '27.124.125.250' '192.168.100.1' '192.168.100.27'
 '192.168.217.2' '192.168.100.255' '8.8.8.8' 'ff02::1' '255.255.255.255'
 '13.55.154.73' '192.168.100.55' '184.85.248.65' '205.251.194.167'
 '192.5.5.241' '192.35.51.30' '205.251.195.97' '205.251.196.236'
 '199.7.91.13' '192.12.94.30' '52.35.35.13' '216.239.38.10' '199.7.83.42'
 '192.42.93.30' '172.217.25.170' 'ff02::fb' '224.0.0.251' 'ff02::2'
 '129.250.35.250' '91.189.91.157' '216.239.34.10' '192.52.178.30'
 '224.0.0.252' '96.7.49.66' '205.251.193.2' '192.33.4.12' '192.41.162.30'
 '192.36.148.17' '35.165.2.252' '52.11.124.117' '52.201.147.106'
 '216.239.36.10' '192.112.36.4' '192.31.80.30' '91.189.92.40'
 '128.63.2.53' '202.12.27.33' '192.203.230.10' '192.55.83.30'
 '205.251.198.119' '192.33.14.30' '192.58.128.30' '205.251.196.160'
 '205.251.199.148' '192.54.112.30' '156.154.100.3' '199.19.57.1'
 '205.251.194.86' '205.251.199.194' '205.251.199.61' '205.251.195.185'
 '205.251.194.201' '205.251.198.239' '205.251.193.205' '205.251.196.32'
 '198.41.0.4' '192.48.79.30' '199.19.56.1' '156.154.101.3'
 '205.251.197.206' '205.251.192.170' '205.251.195.59' '205.251.198.91'
 '205.251.194.84' '192.26.92.30' '205.251.194.102' '205.251.194.154']
dport | 7697 | ['80' nan '30551' ... '42052' '2660' '2664']
state | 11 | ['RST' 'CON' 'REQ' 'INT' 'URP' 'FIN' 'ACC' 'NRS' 'ECO' 'TST' 'MAS']
category | 5 | ['DoS' 'DDoS' 'Normal' 'Reconnaissance' 'Theft']
subcategory | 8 | ['HTTP' 'TCP' 'UDP' 'Normal' 'OS_Fingerprint' 'Service_Scan'
 'Data_Exfiltration' 'Keylogging']

Handling categorical attributes (label encoding).
Objects: ['category', 'subcategory']

Dropping category and subcategory.
These are labels for other scenarios.
Attack set:
1    3668045
Name: attack, dtype: int64
Normal set:
0    477
Name: attack, dtype: int64
Test set:
1    477
0    477
Name: attack, dtype: int64

Splitting dataset (validation/train): 0.25
X_train_df shape: (2750676, 37)
y_train_df shape: (2750676,)
X_val_df shape: (916892, 37)
y_val_df shape: (916892,)
X_test_df shape: (954, 37)
y_test_df shape: (954,)

Converting dataframe to numpy array.
X_train shape: (2750676, 37)
y_train shape: (2750676,)
X_val shape: (916892, 37)
y_val shape: (916892,)
X_test shape: (954, 37)
y_test shape: (954,)

Applying normalization.
1.6155908107757568 to normalize data.

Creating learning model.

Compiling the network.
Model summary:
Model: "sequential"
_________________________________________________________________
Layer (type)                 Output Shape              Param #   
=================================================================
dense (Dense)                (None, 37)                1406      
_________________________________________________________________
dense_1 (Dense)              (None, 32)                1216      
_________________________________________________________________
dense_2 (Dense)              (None, 8)                 264       
_________________________________________________________________
dense_3 (Dense)              (None, 32)                288       
_________________________________________________________________
dense_4 (Dense)              (None, 37)                1221      
=================================================================
Total params: 4,395
Trainable params: 4,395
Non-trainable params: 0
_________________________________________________________________

Fitting the network.
91690/91690 - 65s - loss: 1.0076 - mse: 1.0076 - val_mse: 1.2342 - val_loss: 1.2342
2020-07-12 17:21:42.524001: W tensorflow/core/framework/cpu_allocator_impl.cc:81] Allocation of 407100048 exceeds 10% of free system memory.
2020-07-12 17:22:01.264570: W tensorflow/core/framework/cpu_allocator_impl.cc:81] Allocation of 407100048 exceeds 10% of free system memory.
66.18038177490234 s to train model.
Train error: 1.0047173172356383
Validation error: 1.2341900079780708
max_Thresh val: 83179.23268505996
max_Thresh train: 113808.45672523986
Thresh val: 7.568991274991098
(954, 37)
Test error: 13952400.56238812

Label | MSE (pred, real)
0 | 94.23484463962721
0 | 138.77725619345227
0 | 6.287046078381365
0 | 139.41760818372575
0 | 24.341629066302822
0 | 6.301254082627746
0 | 25.667692344335265
0 | 4.58071360641417
0 | 4.308716685411419
0 | 88.7951506721123
0 | 38.454092981906975
0 | 4.808799842558155
0 | 4.0649406180249885
0 | 103.98400891584104
0 | 4.571319570595319
0 | 4.573956216059259
0 | 88.79850518353547
0 | 8752.634501310695
0 | 88.87191659412215
0 | 8752.503828392862
0 | 8752.503765896618
0 | 8752.606640686396
0 | 8752.606575252124
0 | 8752.663632420394
0 | 8753.321532451448
0 | 8754.383952822947
0 | 8752.476539238141
0 | 8752.490663888479
0 | 8752.468504424669
0 | 8752.629071980911
0 | 8752.683385675076
0 | 8752.486821719445
0 | 8752.6398117333
0 | 8752.638426226933
0 | 195873617.7592705
0 | 200679551.29947123
0 | 2290646.527013873
0 | 633381.176750936
0 | 69189205.59028952
0 | 865878.8199512145
0 | 1174041139.0265098
0 | 1039489936.6548765
0 | 634856.8665625815
0 | 634856.8780351704
0 | 634857.7259465407
0 | 634857.6655738808
0 | 634857.1793606568
0 | 634856.8157607294
0 | 634856.8806557204
0 | 634857.7375150378
0 | 634857.1746800058
0 | 637550.4950424095
0 | 10280.217649455502
0 | 634856.8380402458
0 | 634857.7702362194
0 | 634857.9205821888
0 | 634857.1801593135
0 | 637562.6331439598
0 | 8752.667175081688
0 | 634856.3614660462
0 | 8752.666703847148
0 | 56438.68315186102
0 | 8752.376151989056
0 | 8752.664126958722
0 | 8754.46487275216
0 | 8754.4428566685
0 | 251.45832059099928
0 | 8754.474641280382
0 | 8754.516298994318
0 | 63.69813979297615
0 | 6.166589137895135
0 | 8752.280182220513
0 | 8752.311103812086
0 | 8752.315280617222
0 | 8752.280399835787
0 | 8752.33406205749
0 | 8752.28560799329
0 | 8752.289396606486
0 | 8752.324457180415
0 | 8752.296641248364
0 | 8752.29313455446
0 | 8752.302806709591
0 | 8752.293249978547
0 | 8752.280451636476
0 | 8752.312082139917
0 | 8752.299826921442
0 | 8752.274720516085
0 | 8752.320236899244
0 | 8752.289291998439
0 | 8752.459793414959
0 | 8752.287155329943
0 | 8752.473324517528
0 | 8752.448333623553
0 | 8752.288978384837
0 | 8752.608413787355
0 | 8752.638618461166
0 | 8752.447354763826
0 | 8752.614415143831
0 | 8752.614204293557
0 | 56439.04664290015
0 | 1965573.5626870852
0 | 56439.08602584018
0 | 47692.73631769792
0 | 125126.33256209848
0 | 8752.350133456554
0 | 8752.630902700883
0 | 53641089.57243936
0 | 530573.2164102558
0 | 940859088.2273469
0 | 836417787.520112
0 | 1794535.2021269565
0 | 790069.7027507868
0 | 155880247.49151412
0 | 156437949.72483262
0 | 8752.760521198257
0 | 6.326103091300132
0 | 3387.753208696733
0 | 6.489023776146163
0 | 3389.491304334182
0 | 5.892563732453539
0 | 97.88138534997674
0 | 97.88054378943983
0 | 375417.1499272662
0 | 4001.396978527037
0 | 3417.4799748307905
0 | 3418.387775314545
0 | 3418.231248255846
0 | 3417.825020697732
0 | 4466.586919327308
0 | 3387.842056388639
0 | 3387.8071795600335
0 | 97.87634473360583
0 | 4603.563408650797
0 | 80.38976508628464
0 | 3389.5150092285926
0 | 8.545931553692565
0 | 3389.468154680363
0 | 8.126609171099492
0 | 5.873543592097167
0 | 5.852178199957555
0 | 3612.2924429586715
0 | 3389.632697475736
0 | 8.776135983449654
0 | 6.052640634394041
0 | 3389.6462386055814
0 | 54.69972604119995
0 | 5.99461815600433
0 | 307335.64172131364
0 | 1496190136.486922
0 | 265496301.14254287
0 | 264810287.42668292
0 | 92074545.44994417
0 | 1171807.282106277
0 | 1450928139.3076932
0 | 3387485.260444427
0 | 3712.828150208913
0 | 3950.158520562019
0 | 3951.5598934588993
0 | 3417.4055184654585
0 | 3417.41754518235
0 | 3418.3090826875505
0 | 3418.2066992350688
0 | 3417.7829870441537
0 | 3417.4491762566854
0 | 3417.4871972451797
0 | 3418.318905337898
0 | 3418.213224520363
0 | 3417.8327147300174
0 | 4662.485884025195
0 | 139.26986875869457
0 | 4456.505702434457
0 | 3387.5038954003016
0 | 66.24135488427163
0 | 3387.59028759053
0 | 3387.4990592968907
0 | 4001.388121016521
0 | 3389.477351109826
0 | 7.047975400235588
0 | 50.82794250571999
0 | 3387.809112582096
0 | 4517.711685014597
0 | 36922.633351359815
0 | 4576.387723257881
0 | 78841.37876812747
0 | 4517.979969883779
0 | 305276.70116858114
0 | 4438.48542886191
0 | 36945.186259992835
0 | 4440.796356685882
0 | 22287.547113867226
0 | 4440.316739639211
0 | 3417.4448357860224
0 | 3418.3498043997197
0 | 3418.2216374285726
0 | 3417.802984267383
0 | 4458.891471831079
0 | 3473.7791988830472
0 | 3387.8466616137525
0 | 3417.2971387092075
0 | 92.13086925427679
0 | 3387.484892594117
0 | 3387.586673991823
0 | 3387.4692420110573
0 | 11771.48258398646
0 | 4515.06742750085
0 | 3387.4941308576367
0 | 3387.5786437086867
0 | 44.84169626431737
0 | 3387.4855043354373
0 | 3387.6184040430007
0 | 3387.5840504982634
0 | 3387.4794575435753
0 | 3387.60202847872
0 | 3387.6549519535274
0 | 3387.5712740136837
0 | 3387.4950534810064
0 | 3334.682359137145
0 | 18387.971347377268
0 | 3334.223781303716
0 | 3334.465155740267
0 | 3334.407237883921
0 | 3334.4394527613854
0 | 3334.4393845194136
0 | 3334.596153927314
0 | 3334.596091564261
0 | 3335.2883454588255
0 | 3336.323951954251
0 | 22197.855336578723
0 | 4363.00867281135
0 | 3337.0208384116604
0 | 3334.6795947828628
0 | 20.52010661735356
0 | 3338.2431249922765
0 | 28.880648951367036
0 | 4357.141069698342
0 | 62561.72370167097
0 | 348565.7935491508
0 | 3334.738838224365
0 | 3334.258297847948
0 | 3334.4360976549833
0 | 3334.276371756093
0 | 3334.4644479902713
0 | 3334.2782687011054
0 | 3334.4754950286824
0 | 3334.209050555182
0 | 8.821721327681553
0 | 3334.388202907246
0 | 93.64884824515453
0 | 3334.2471999918534
0 | 3334.2932097085436
0 | 3334.20806346713
0 | 3334.274632212578
0 | 3334.4329473315693
0 | 3334.4541819558813
0 | 3334.4725513792027
0 | 3334.393110920258
0 | 3334.270419672523
0 | 3334.2740654388335
0 | 3334.206715915523
0 | 3334.287059344894
0 | 3334.4480270729937
0 | 3334.466209000857
0 | 3334.452168101327
0 | 3334.381270734769
0 | 3334.241675717033
0 | 3334.2655326885833
0 | 3334.2827251813455
0 | 3334.4221934169605
0 | 3334.4634248648767
0 | 3334.207015944553
0 | 3334.446113763141
0 | 3334.3796629175094
0 | 3336.419489380917
0 | 3334.382933909684
0 | 3336.3935367246236
0 | 3334.6430160888085
0 | 3336.377418111393
0 | 369913.34885969275
0 | 3339.1040595263453
0 | 217340.94007636746
0 | 1449838397.6122963
0 | 244436111.1525655
0 | 77689135.15309766
0 | 1436162866.1326296
0 | 259814771.57849756
0 | 1120107.7177262118
0 | 3593853.6946583274
0 | 4578.421187410305
0 | 141.94677151814727
0 | 348653.73223720765
0 | 3992.605636290792
0 | 3653.147300047816
0 | 3355.0102793350334
0 | 3355.9445314258364
0 | 3355.7894695105015
0 | 3355.427720723431
0 | 3334.328020758498
0 | 3334.2934355883353
0 | 3334.3222792125257
0 | 3334.32289928733
0 | 3334.327822872249
0 | 3334.2806021793467
0 | 3334.3063183515455
0 | 3334.351083553847
0 | 3334.3004741855198
0 | 3334.33003562614
0 | 3334.262535949754
0 | 3334.2786549638167
0 | 3334.3223073733466
0 | 4381.111696077755
0 | 3334.2968188547084
0 | 3334.354020467981
0 | 3334.32450308916
0 | 3334.256098289752
0 | 3334.2943750666846
0 | 3334.311997076
0 | 1352.0374510546803
0 | 110.68497746522756
0 | 1352.1250174272002
0 | 1351.8547004202933
0 | 1352.1273881628613
0 | 1351.7856090945268
0 | 1351.8585272493406
0 | 108.92079370555457
0 | 1352.1165050210445
0 | 109.27514527281356
0 | 1352.069298928935
0 | 109.58344018223137
0 | 1352.1195284927815
0 | 42.12633335987797
0 | 42.12632272035553
0 | 1354.0310255570835
0 | 1352.2763981001397
0 | 1352.1560030956991
0 | 42.123440100865274
0 | 1353.968559061771
0 | 1354.008620911322
0 | 1354.058489675561
0 | 1352.2106317742516
0 | 6.306728310973724
0 | 1354.1004436118085
0 | 33.36412121848281
0 | 6.055474335483838
0 | 6.068205841215984
0 | 1351.8287704441886
0 | 1351.8860961621497
0 | 1351.8383843059642
0 | 1351.8698269593308
0 | 1351.830563033986
0 | 1351.8521955421463
0 | 1351.7779754983808
0 | 1352.097912801181
0 | 1351.8298517148007
0 | 1352.1141900733614
0 | 1352.0422065149635
0 | 1352.101680573051
0 | 1351.8244955810885
0 | 1351.7661299350375
0 | 1351.843345274284
0 | 1352.0949868005728
0 | 1351.8568098794526
0 | 1352.0272101284988
0 | 1352.103301436519
0 | 1352.089011773609
0 | 1361.234041027088
0 | 1361.204646432796
0 | 1351.8199963252446
0 | 1352.115120307579
0 | 1351.775012278832
0 | 1351.860892697114
0 | 1351.820452656331
0 | 1352.0261569114728
0 | 1352.063376238783
0 | 1352.0415955206004
0 | 1352.0419004790797
0 | 1352.0589387207106
0 | 1352.0489042376796
0 | 1351.8013428804807
0 | 5.928887987216464
0 | 1352.0513428487868
0 | 1359.5080806056794
0 | 45.80925629122185
0 | 584827085.6405145
0 | 103389764.57747337
0 | 104182318.16267139
0 | 33105871.646006558
0 | 590850033.0415585
0 | 1399572.4430433116
0 | 465265.1051607983
0 | 93208.71477877506
0 | 1361.384048126818
0 | 1361.2591564003424
0 | 1360.7537841934181
0 | 1360.4782375942648
0 | 1360.4029955397673
0 | 1360.8139774185192
0 | 1360.8159326282773
0 | 1361.3240530129187
0 | 1361.3046768385686
0 | 1361.1808847465215
0 | 1360.4615331711327
0 | 1360.8272993031626
0 | 1360.4744211441437
0 | 1360.793509031291
0 | 1360.4916455452053
0 | 1360.4155102785053
0 | 1360.4505537701805
0 | 1361.3961575443716
0 | 1360.7864897768718
0 | 1360.808275186478
0 | 1360.7140081912949
0 | 1360.4185622631974
0 | 1360.8409572414555
0 | 1360.787693295244
0 | 1360.8334814579289
0 | 1360.9109807235263
0 | 4.773396323673706
0 | 4.770652159797079
0 | 5.185357489859653
0 | 4.839266607202132
0 | 4.740151271965439
0 | 4.754955090308135
0 | 4.903463681513975
0 | 4.395251466325138
0 | 4.399785477942504
0 | 4.398868229624593
0 | 4.763487240198075
0 | 4.748157469519787
0 | 4.735375819676823
0 | 4.728878251102204
0 | 4.750287329368406
0 | 4.744255129303221
0 | 4.467485375481779
0 | 4.468381349615683
0 | 4.423750702867939
0 | 4.4272019227836985
0 | 4.414271155142702
0 | 4.4255510334341706
0 | 4.39656552395231
0 | 4.410726226057876
0 | 5.589846328783327
0 | 4.5111512391692985
0 | 4.44893787314334
0 | 4.4931251525063285
0 | 5.343142384680564
0 | 4.748212672028016
0 | 4.731457715751516
0 | 4.374742045893669
0 | 4.369801936925641
0 | 4.746408635961576
0 | 4.727351490436982
0 | 4.8260166131033415
0 | 4.805485765270308
0 | 4.755259186012522
0 | 4.813213392958318
0 | 4.852521577197672
0 | 4.837022895986648
0 | 4.506721751151354
0 | 4.499258942685906
0 | 4.47093604715964
0 | 4.437513049182249
0 | 4.395500851923163
0 | 4.412122318297942
0 | 4.39162844407389
0 | 4.321619638570895
0 | 4.340627880847211
0 | 4.401163331890095
0 | 4.433775029234958
0 | 4.395785834721232
0 | 4.69019465587184
0 | 4.748340820835731
0 | 4.711399616778428
0 | 4.364412380458947
0 | 4.382776252628722
0 | 4.397093621755303
0 | 4.7917098226943535
0 | 4.761705859834965
1 | 0.42340300143300685
1 | 0.8771494700700473
1 | 0.21893016952895605
1 | 0.5783552279784016
1 | 0.4910428847134468
1 | 0.25373202818424245
1 | 0.5114241407869878
1 | 0.5095988689362326
1 | 0.5980925946448684
1 | 0.6283729422441414
1 | 0.9758180762401868
1 | 0.1597824955561003
1 | 0.3948928518208874
1 | 0.34855868326229184
1 | 0.8835681998210179
1 | 0.5739694724531872
1 | 0.9982453046737956
1 | 0.17966543239425736
1 | 1.2381823459772598
1 | 6.215061182902096
1 | 0.8011126652555902
1 | 0.4467722069897312
1 | 0.44419667209771746
1 | 0.5953871514643106
1 | 0.35047697907969505
1 | 0.8275832503032249
1 | 0.3201405518107073
1 | 0.2634837803597174
1 | 0.1416509300316163
1 | 0.533264794416189
1 | 1.2763796685993753
1 | 0.418430602397138
1 | 0.6707276890071436
1 | 0.6118963938655128
1 | 0.3594953659770224
1 | 0.9166178435152329
1 | 0.4809482435902948
1 | 1.7931924299760853
1 | 0.34577530616929697
1 | 0.5467774048058874
1 | 0.6083418378560227
1 | 2.3914448574959506
1 | 0.775455627876397
1 | 1.624664683579868
1 | 0.43932913920175887
1 | 1.0926898675849093
1 | 0.14559510147836766
1 | 1.630566511122688
1 | 0.5921362521555829
1 | 0.6141797529622104
1 | 0.22308467971818863
1 | 0.4579711894287206
1 | 0.7703959230429593
1 | 0.5743703095881583
1 | 1.1055598023781035
1 | 0.2701528860986851
1 | 0.6080649919069585
1 | 0.7364060168361253
1 | 0.5940154927416093
1 | 0.20198669771678676
1 | 0.33524375085141
1 | 0.8425886004924458
1 | 0.4074041030021943
1 | 0.8516872361883925
1 | 0.9222346646074298
1 | 0.25577905362410813
1 | 0.43395935068315417
1 | 0.396109649375262
1 | 0.3959434365238142
1 | 1.6496388427931041
1 | 0.6240944756225669
1 | 0.14115420202603443
1 | 0.6892588110794989
1 | 0.9573134710742829
1 | 0.24280814919154378
1 | 0.865329749856853
1 | 0.4555158329521668
1 | 0.13377034725627224
1 | 1.0244017965009358
1 | 0.8681455219975931
1 | 0.2889623183471223
1 | 0.24710147709715785
1 | 0.7124440915898715
1 | 0.6726102358299111
1 | 0.5127060209136353
1 | 0.8282248907627182
1 | 0.6252975950294213
1 | 0.9179926964303567
1 | 0.9454033881923413
1 | 0.569734712377912
1 | 0.16578368241690467
1 | 0.4409931482548937
1 | 0.4156364681331856
1 | 0.7012133418045731
1 | 0.4841448553092418
1 | 0.6946714428007293
1 | 0.17387848316833435
1 | 1.788367176929583
1 | 0.5651330414095214
1 | 0.5378488423370229
1 | 1.9084667657620522
1 | 0.7165124910252265
1 | 0.8855136302412985
1 | 0.7588696741299711
1 | 0.737664793058902
1 | 1.0163664630536977
1 | 0.42744729348647204
1 | 0.16653133103789503
1 | 0.6100257243693243
1 | 1.7905863214889657
1 | 0.8446060820029182
1 | 0.2846238635069454
1 | 0.37971038709491867
1 | 0.2160741412818898
1 | 1.0814602066934107
1 | 0.8349906082502907
1 | 1.167355576997553
1 | 0.3641433152383824
1 | 0.5128310083022493
1 | 0.13070335156709084
1 | 0.44254836451748486
1 | 1.051961236844442
1 | 0.8029158933875413
1 | 0.9921137335317475
1 | 0.2196989517254058
1 | 0.44304173452131107
1 | 1.024577022738899
1 | 0.13417657985367032
1 | 0.4974895820392215
1 | 0.726634324816278
1 | 0.47557690610644
1 | 7.972898091340291
1 | 0.826508137763001
1 | 0.2898290214939015
1 | 0.5149964044071432
1 | 3.4785696316583987
1 | 0.5065735143164235
1 | 0.6075726969597844
1 | 2.0463716033057224
1 | 0.39331674445824644
1 | 0.9079697887826154
1 | 0.328697459047661
1 | 0.17494235985841594
1 | 0.37762779622568343
1 | 0.604899962053388
1 | 0.44733476522176263
1 | 0.26603545862167344
1 | 1.0557507137834086
1 | 0.1760822518616167
1 | 0.5391567838424667
1 | 0.3431617044096814
1 | 0.16921734758960966
1 | 0.6931664991898485
1 | 1.1396329909228635
1 | 0.7044925798499373
1 | 0.6136344941028679
1 | 0.17982845087455523
1 | 0.44923803514738786
1 | 0.1443626192774795
1 | 0.6583180381207624
1 | 0.1497619566365576
1 | 0.9223550318495555
1 | 0.2820041930797958
1 | 0.5340169701000801
1 | 0.15848716537106186
1 | 0.7161814525181409
1 | 0.4314970072846124
1 | 0.2749801665201086
1 | 0.28675592920396203
1 | 0.31146023188310534
1 | 0.437787393456025
1 | 0.5585834809540453
1 | 0.2621562868002443
1 | 0.4066778748420935
1 | 0.8245783582447066
1 | 0.39980259461549084
1 | 0.789401329214373
1 | 0.48494876419769084
1 | 0.926918562272412
1 | 0.773302347703233
1 | 0.686793156151398
1 | 1.6246129296747205
1 | 0.8221448223107911
1 | 0.44599288572762924
1 | 0.4346722414482718
1 | 0.6775777103080867
1 | 0.46854851868611136
1 | 0.6776574141790253
1 | 1.2395508210195614
1 | 4.228477661938547
1 | 0.4636358479929325
1 | 1.3148691103150836
1 | 0.8044985568686472
1 | 0.6121600169761384
1 | 0.4572322763894109
1 | 0.2668427594928987
1 | 0.18792398527915327
1 | 0.38714926474026345
1 | 0.4554086394471493
1 | 0.36503816915369036
1 | 0.4124507940659055
1 | 0.3809858964750118
1 | 1.1305032825110495
1 | 0.3952895978535205
1 | 0.5271713027614927
1 | 0.5082892881170448
1 | 0.6277251191186876
1 | 0.8570739196772564
1 | 0.6220519563386141
1 | 0.211032436816379
1 | 0.39031751985901286
1 | 0.49484505457431976
1 | 0.7494288958832851
1 | 0.17073255750116936
1 | 0.5733718380744707
1 | 0.7174206629411556
1 | 0.8758110716534999
1 | 1.5105203479815072
1 | 0.7005225219507853
1 | 0.5967636180734295
1 | 1.1304625294576625
1 | 0.16663522952645837
1 | 1.0166484191245178
1 | 1.1675527658124631
1 | 0.9032353542316014
1 | 0.2094971905224041
1 | 0.6031643934381531
1 | 0.2588197218169569
1 | 0.4361798327153139
1 | 0.20770580383003978
1 | 0.8066523357229111
1 | 0.33282146125413703
1 | 1.1008158806799322
1 | 0.5382273424793278
1 | 0.5553782373614697
1 | 0.14073419872014079
1 | 0.18972971755660265
1 | 0.4287666414344102
1 | 0.6488794011866792
1 | 0.21437872393515833
1 | 0.5629865041570566
1 | 0.1360268748599304
1 | 0.7184207131847135
1 | 1.2842097847566596
1 | 3.8118472996623423
1 | 0.7902440888037922
1 | 0.20215674158246882
1 | 1.2151751938504554
1 | 0.23490148649400816
1 | 0.6193579877874352
1 | 0.5900190103306515
1 | 0.4036209873738648
1 | 0.2183712850782114
1 | 0.6364912884318389
1 | 0.44304219635630837
1 | 1.5966000604352244
1 | 0.2362903789497993
1 | 0.5637754108403163
1 | 0.6759043466954834
1 | 0.711651872210204
1 | 0.2021480710758313
1 | 0.1567973822682814
1 | 0.3816158039035424
1 | 0.6858864849149704
1 | 0.1813747146276753
1 | 0.3665755545071264
1 | 0.7549324106484404
1 | 0.4383925289317049
1 | 0.5647325936444783
1 | 1.7399554121263523
1 | 0.1586414024326676
1 | 0.5317466883340058
1 | 0.25163342464773325
1 | 1.0562373236908873
1 | 0.637367748901928
1 | 0.32360494467875933
1 | 0.7486734542791894
1 | 0.22522591049030033
1 | 0.7688650672359161
1 | 0.6087402535678106
1 | 0.2329532131474537
1 | 0.3816584595886139
1 | 0.39725676494210127
1 | 0.41799008070546845
1 | 0.7529309147196366
1 | 4.316470628088048
1 | 0.8123015484434253
1 | 0.5965794377821912
1 | 0.7738982206586473
1 | 0.5004055668363268
1 | 0.7176146373742753
1 | 0.528872587655907
1 | 0.4946162880019933
1 | 0.7229131838120239
1 | 0.1898694662819167
1 | 0.4282035949510498
1 | 0.821603573716801
1 | 0.9712842427862546
1 | 1.3101873307431136
1 | 0.6158330195720387
1 | 0.7648725426704586
1 | 0.7169988182198122
1 | 0.9423083563013237
1 | 0.4137876363465724
1 | 0.2475786457433642
1 | 0.28109434942751277
1 | 0.14855109526576107
1 | 0.5662142180234946
1 | 0.9142279300125403
1 | 0.5194261761416683
1 | 0.7725091497389937
1 | 0.13102461065053098
1 | 0.15861325478537908
1 | 0.2601525367718263
1 | 0.1647566155432321
1 | 0.4795525036781342
1 | 0.5143016032622074
1 | 0.16934474833097518
1 | 0.474896345219933
1 | 0.25747267733244567
1 | 0.7773290065895196
1 | 0.5120708845854586
1 | 0.3043514938733602
1 | 0.8890850232970566
1 | 0.6124711652570877
1 | 1.0834638729727213
1 | 0.6287217011154452
1 | 0.37322212217734435
1 | 0.7235732673333782
1 | 1.792092715182995
1 | 0.42400077210348996
1 | 0.813199658968015
1 | 0.24157833349190805
1 | 0.6587746577785983
1 | 1.038102810172054
1 | 2.007454131344428
1 | 0.6714387608039957
1 | 0.15703503412136643
1 | 0.1750789829164127
1 | 0.4159601526830903
1 | 0.8993788384743969
1 | 0.5052606030591793
1 | 0.48007233696630586
1 | 0.3869334429637652
1 | 0.5436431563344775
1 | 1.6086023492716428
1 | 0.1741616988906897
1 | 0.399563603321034
1 | 0.4020412620919547
1 | 0.6399294398306521
1 | 0.44260998738127216
1 | 0.5193296624427406
1 | 0.29716905474051647
1 | 0.4100258114632242
1 | 0.5197470839043427
1 | 0.5153156224395197
1 | 0.5432689006322232
1 | 0.7597815176437749
1 | 0.6703393296618391
1 | 0.7378074934119072
1 | 0.374641074394199
1 | 0.9637848787714182
1 | 4.770197058481127
1 | 0.23572570194002426
1 | 1.6695341437321982
1 | 0.2593368823112298
1 | 0.5208256325973201
1 | 0.40796161526167124
1 | 0.2109225252287704
1 | 0.9532147094551969
1 | 0.4106240297812773
1 | 0.4983520203556674
1 | 0.27267546542850896
1 | 0.9591807328158719
1 | 0.2543729476613092
1 | 0.13909326993426602
1 | 0.7152734563928023
1 | 0.8243099717848895
1 | 1.2424654603284129
1 | 0.7957738530076804
1 | 0.7935400174156981
1 | 0.8322329920855501
1 | 0.9766125830751211
1 | 0.6495645906489232
1 | 3.4957975241827195
1 | 0.23610973440885202
1 | 0.4317926158531149
1 | 0.18916121059433108
1 | 0.14859888215817246
1 | 0.3585727720017509
1 | 1.284408533039495
1 | 0.6845106101711941
1 | 0.6110021818780396
1 | 4.23703588575884
1 | 0.3911276727049912
1 | 0.16624006907624006
1 | 0.4109651369633235
1 | 0.7302270657214012
1 | 0.32746791185656166
1 | 2.1905685885838335
1 | 0.18044742836715963
1 | 0.514432888232291
1 | 0.6789522665215195
1 | 0.7178501467384902
1 | 0.452597522610564
1 | 0.3814823523234716
1 | 0.3705713125636665
1 | 0.31918479929177546
1 | 0.6598918524391447
1 | 0.5357247475664071
1 | 0.685673364373805
1 | 0.19433338276502105
1 | 0.721696819383285
1 | 0.48301523685730086
1 | 0.8512317554686787
1 | 0.3382589372819704
1 | 0.4333392458705829
1 | 0.5300174223533328
1 | 0.3924577913519521
1 | 0.2534963882068536
1 | 0.6402977666422083
1 | 1.365151772664131
1 | 0.5507477521373173
1 | 0.24660239071422413
1 | 0.9251305058154047
1 | 0.7315864621668399
1 | 0.34038361131791534
1 | 0.3224780277176846
1 | 0.4227287407541951
1 | 0.5674711951227798
1 | 0.36548291144660966
1 | 1.2198635565554503
1 | 0.17358892363678274
1 | 0.17112804830587444
1 | 0.3974274762062659
1 | 0.22282351439567724
1 | 0.4656589920709851
1 | 0.3308006883488947
1 | 0.4360981556941391
1 | 0.6721937376697787
1 | 0.7867293604111888
1 | 0.4132031627352618
1 | 0.5309153044178044
1 | 0.5617201858126066
1 | 1.6096065491341016
1 | 0.28749824664572843
1 | 1.0141883833888992
1 | 0.45686680499960325
1 | 0.48811785612637787
1 | 0.43210388132862737
1 | 0.19102073430533975
1 | 6.014669668758053
1 | 0.41125577248787865
1 | 0.39927610151478027
1 | 0.42529838351385835
1 | 0.25254640556446845
1 | 0.4357734008739446
1 | 0.4036331974755453
1 | 0.30346473139828395
1 | 0.22607336016431404
1 | 0.6909114513958672
1 | 0.6561561193828324
1 | 0.3978218543129539
1 | 1.103810361939157
1 | 0.39827681278608323
1 | 0.7793795781056394
1 | 0.42640263309266213
1 | 0.4674097653980255
1 | 0.23189530141516523
1 | 1.82653291453078
1 | 0.5893530835051228
1 | 0.8261217084699627
1 | 0.3458469400659674
1 | 0.2360358502600089
1 | 1.1192755938282424
1 | 0.3439075657109673
1 | 0.5251996037114312

Label | MSE (pred, real) (ordered)
0 | 4.0649406180249885
0 | 4.308716685411419
0 | 4.321619638570895
0 | 4.340627880847211
0 | 4.364412380458947
0 | 4.369801936925641
0 | 4.374742045893669
0 | 4.382776252628722
0 | 4.39162844407389
0 | 4.395251466325138
0 | 4.395500851923163
0 | 4.395785834721232
0 | 4.39656552395231
0 | 4.397093621755303
0 | 4.398868229624593
0 | 4.399785477942504
0 | 4.401163331890095
0 | 4.410726226057876
0 | 4.412122318297942
0 | 4.414271155142702
0 | 4.423750702867939
0 | 4.4255510334341706
0 | 4.4272019227836985
0 | 4.433775029234958
0 | 4.437513049182249
0 | 4.44893787314334
0 | 4.467485375481779
0 | 4.468381349615683
0 | 4.47093604715964
0 | 4.4931251525063285
0 | 4.499258942685906
0 | 4.506721751151354
0 | 4.5111512391692985
0 | 4.571319570595319
0 | 4.573956216059259
0 | 4.58071360641417
0 | 4.69019465587184
0 | 4.711399616778428
0 | 4.727351490436982
0 | 4.728878251102204
0 | 4.731457715751516
0 | 4.735375819676823
0 | 4.740151271965439
0 | 4.744255129303221
0 | 4.746408635961576
0 | 4.748157469519787
0 | 4.748212672028016
0 | 4.748340820835731
0 | 4.750287329368406
0 | 4.754955090308135
0 | 4.755259186012522
0 | 4.761705859834965
0 | 4.763487240198075
0 | 4.770652159797079
0 | 4.773396323673706
0 | 4.7917098226943535
0 | 4.805485765270308
0 | 4.808799842558155
0 | 4.813213392958318
0 | 4.8260166131033415
0 | 4.837022895986648
0 | 4.839266607202132
0 | 4.852521577197672
0 | 4.903463681513975
0 | 5.185357489859653
0 | 5.343142384680564
0 | 5.589846328783327
0 | 5.852178199957555
0 | 5.873543592097167
0 | 5.892563732453539
0 | 5.928887987216464
0 | 5.99461815600433
0 | 6.052640634394041
0 | 6.055474335483838
0 | 6.068205841215984
0 | 6.166589137895135
0 | 6.287046078381365
0 | 6.301254082627746
0 | 6.306728310973724
0 | 6.326103091300132
0 | 6.489023776146163
0 | 7.047975400235588
0 | 8.126609171099492
0 | 8.545931553692565
0 | 8.776135983449654
0 | 8.821721327681553
0 | 20.52010661735356
0 | 24.341629066302822
0 | 25.667692344335265
0 | 28.880648951367036
0 | 33.36412121848281
0 | 38.454092981906975
0 | 42.123440100865274
0 | 42.12632272035553
0 | 42.12633335987797
0 | 44.84169626431737
0 | 45.80925629122185
0 | 50.82794250571999
0 | 54.69972604119995
0 | 63.69813979297615
0 | 66.24135488427163
0 | 80.38976508628464
0 | 88.7951506721123
0 | 88.79850518353547
0 | 88.87191659412215
0 | 92.13086925427679
0 | 93.64884824515453
0 | 94.23484463962721
0 | 97.87634473360583
0 | 97.88054378943983
0 | 97.88138534997674
0 | 103.98400891584104
0 | 108.92079370555457
0 | 109.27514527281356
0 | 109.58344018223137
0 | 110.68497746522756
0 | 138.77725619345227
0 | 139.26986875869457
0 | 139.41760818372575
0 | 141.94677151814727
0 | 251.45832059099928
0 | 1351.7661299350375
0 | 1351.775012278832
0 | 1351.7779754983808
0 | 1351.7856090945268
0 | 1351.8013428804807
0 | 1351.8199963252446
0 | 1351.820452656331
0 | 1351.8244955810885
0 | 1351.8287704441886
0 | 1351.8298517148007
0 | 1351.830563033986
0 | 1351.8383843059642
0 | 1351.843345274284
0 | 1351.8521955421463
0 | 1351.8547004202933
0 | 1351.8568098794526
0 | 1351.8585272493406
0 | 1351.860892697114
0 | 1351.8698269593308
0 | 1351.8860961621497
0 | 1352.0261569114728
0 | 1352.0272101284988
0 | 1352.0374510546803
0 | 1352.0415955206004
0 | 1352.0419004790797
0 | 1352.0422065149635
0 | 1352.0489042376796
0 | 1352.0513428487868
0 | 1352.0589387207106
0 | 1352.063376238783
0 | 1352.069298928935
0 | 1352.089011773609
0 | 1352.0949868005728
0 | 1352.097912801181
0 | 1352.101680573051
0 | 1352.103301436519
0 | 1352.1141900733614
0 | 1352.115120307579
0 | 1352.1165050210445
0 | 1352.1195284927815
0 | 1352.1250174272002
0 | 1352.1273881628613
0 | 1352.1560030956991
0 | 1352.2106317742516
0 | 1352.2763981001397
0 | 1353.968559061771
0 | 1354.008620911322
0 | 1354.0310255570835
0 | 1354.058489675561
0 | 1354.1004436118085
0 | 1359.5080806056794
0 | 1360.4029955397673
0 | 1360.4155102785053
0 | 1360.4185622631974
0 | 1360.4505537701805
0 | 1360.4615331711327
0 | 1360.4744211441437
0 | 1360.4782375942648
0 | 1360.4916455452053
0 | 1360.7140081912949
0 | 1360.7537841934181
0 | 1360.7864897768718
0 | 1360.787693295244
0 | 1360.793509031291
0 | 1360.808275186478
0 | 1360.8139774185192
0 | 1360.8159326282773
0 | 1360.8272993031626
0 | 1360.8334814579289
0 | 1360.8409572414555
0 | 1360.9109807235263
0 | 1361.1808847465215
0 | 1361.204646432796
0 | 1361.234041027088
0 | 1361.2591564003424
0 | 1361.3046768385686
0 | 1361.3240530129187
0 | 1361.384048126818
0 | 1361.3961575443716
0 | 3334.206715915523
0 | 3334.207015944553
0 | 3334.20806346713
0 | 3334.209050555182
0 | 3334.223781303716
0 | 3334.241675717033
0 | 3334.2471999918534
0 | 3334.256098289752
0 | 3334.258297847948
0 | 3334.262535949754
0 | 3334.2655326885833
0 | 3334.270419672523
0 | 3334.2740654388335
0 | 3334.274632212578
0 | 3334.276371756093
0 | 3334.2782687011054
0 | 3334.2786549638167
0 | 3334.2806021793467
0 | 3334.2827251813455
0 | 3334.287059344894
0 | 3334.2932097085436
0 | 3334.2934355883353
0 | 3334.2943750666846
0 | 3334.2968188547084
0 | 3334.3004741855198
0 | 3334.3063183515455
0 | 3334.311997076
0 | 3334.3222792125257
0 | 3334.3223073733466
0 | 3334.32289928733
0 | 3334.32450308916
0 | 3334.327822872249
0 | 3334.328020758498
0 | 3334.33003562614
0 | 3334.351083553847
0 | 3334.354020467981
0 | 3334.3796629175094
0 | 3334.381270734769
0 | 3334.382933909684
0 | 3334.388202907246
0 | 3334.393110920258
0 | 3334.407237883921
0 | 3334.4221934169605
0 | 3334.4329473315693
0 | 3334.4360976549833
0 | 3334.4393845194136
0 | 3334.4394527613854
0 | 3334.446113763141
0 | 3334.4480270729937
0 | 3334.452168101327
0 | 3334.4541819558813
0 | 3334.4634248648767
0 | 3334.4644479902713
0 | 3334.465155740267
0 | 3334.466209000857
0 | 3334.4725513792027
0 | 3334.4754950286824
0 | 3334.596091564261
0 | 3334.596153927314
0 | 3334.6430160888085
0 | 3334.6795947828628
0 | 3334.682359137145
0 | 3334.738838224365
0 | 3335.2883454588255
0 | 3336.323951954251
0 | 3336.377418111393
0 | 3336.3935367246236
0 | 3336.419489380917
0 | 3337.0208384116604
0 | 3338.2431249922765
0 | 3339.1040595263453
0 | 3355.0102793350334
0 | 3355.427720723431
0 | 3355.7894695105015
0 | 3355.9445314258364
0 | 3387.4692420110573
0 | 3387.4794575435753
0 | 3387.484892594117
0 | 3387.4855043354373
0 | 3387.4941308576367
0 | 3387.4950534810064
0 | 3387.4990592968907
0 | 3387.5038954003016
0 | 3387.5712740136837
0 | 3387.5786437086867
0 | 3387.5840504982634
0 | 3387.586673991823
0 | 3387.59028759053
0 | 3387.60202847872
0 | 3387.6184040430007
0 | 3387.6549519535274
0 | 3387.753208696733
0 | 3387.8071795600335
0 | 3387.809112582096
0 | 3387.842056388639
0 | 3387.8466616137525
0 | 3389.468154680363
0 | 3389.477351109826
0 | 3389.491304334182
0 | 3389.5150092285926
0 | 3389.632697475736
0 | 3389.6462386055814
0 | 3417.2971387092075
0 | 3417.4055184654585
0 | 3417.41754518235
0 | 3417.4448357860224
0 | 3417.4491762566854
0 | 3417.4799748307905
0 | 3417.4871972451797
0 | 3417.7829870441537
0 | 3417.802984267383
0 | 3417.825020697732
0 | 3417.8327147300174
0 | 3418.2066992350688
0 | 3418.213224520363
0 | 3418.2216374285726
0 | 3418.231248255846
0 | 3418.3090826875505
0 | 3418.318905337898
0 | 3418.3498043997197
0 | 3418.387775314545
0 | 3473.7791988830472
0 | 3612.2924429586715
0 | 3653.147300047816
0 | 3712.828150208913
0 | 3950.158520562019
0 | 3951.5598934588993
0 | 3992.605636290792
0 | 4001.388121016521
0 | 4001.396978527037
0 | 4357.141069698342
0 | 4363.00867281135
0 | 4381.111696077755
0 | 4438.48542886191
0 | 4440.316739639211
0 | 4440.796356685882
0 | 4456.505702434457
0 | 4458.891471831079
0 | 4466.586919327308
0 | 4515.06742750085
0 | 4517.711685014597
0 | 4517.979969883779
0 | 4576.387723257881
0 | 4578.421187410305
0 | 4603.563408650797
0 | 4662.485884025195
0 | 8752.274720516085
0 | 8752.280182220513
0 | 8752.280399835787
0 | 8752.280451636476
0 | 8752.28560799329
0 | 8752.287155329943
0 | 8752.288978384837
0 | 8752.289291998439
0 | 8752.289396606486
0 | 8752.29313455446
0 | 8752.293249978547
0 | 8752.296641248364
0 | 8752.299826921442
0 | 8752.302806709591
0 | 8752.311103812086
0 | 8752.312082139917
0 | 8752.315280617222
0 | 8752.320236899244
0 | 8752.324457180415
0 | 8752.33406205749
0 | 8752.350133456554
0 | 8752.376151989056
0 | 8752.447354763826
0 | 8752.448333623553
0 | 8752.459793414959
0 | 8752.468504424669
0 | 8752.473324517528
0 | 8752.476539238141
0 | 8752.486821719445
0 | 8752.490663888479
0 | 8752.503765896618
0 | 8752.503828392862
0 | 8752.606575252124
0 | 8752.606640686396
0 | 8752.608413787355
0 | 8752.614204293557
0 | 8752.614415143831
0 | 8752.629071980911
0 | 8752.630902700883
0 | 8752.634501310695
0 | 8752.638426226933
0 | 8752.638618461166
0 | 8752.6398117333
0 | 8752.663632420394
0 | 8752.664126958722
0 | 8752.666703847148
0 | 8752.667175081688
0 | 8752.683385675076
0 | 8752.760521198257
0 | 8753.321532451448
0 | 8754.383952822947
0 | 8754.4428566685
0 | 8754.46487275216
0 | 8754.474641280382
0 | 8754.516298994318
0 | 10280.217649455502
0 | 11771.48258398646
0 | 18387.971347377268
0 | 22197.855336578723
0 | 22287.547113867226
0 | 36922.633351359815
0 | 36945.186259992835
0 | 47692.73631769792
0 | 56438.68315186102
0 | 56439.04664290015
0 | 56439.08602584018
0 | 62561.72370167097
0 | 78841.37876812747
0 | 93208.71477877506
0 | 125126.33256209848
0 | 217340.94007636746
0 | 305276.70116858114
0 | 307335.64172131364
0 | 348565.7935491508
0 | 348653.73223720765
0 | 369913.34885969275
0 | 375417.1499272662
0 | 465265.1051607983
0 | 530573.2164102558
0 | 633381.176750936
0 | 634856.3614660462
0 | 634856.8157607294
0 | 634856.8380402458
0 | 634856.8665625815
0 | 634856.8780351704
0 | 634856.8806557204
0 | 634857.1746800058
0 | 634857.1793606568
0 | 634857.1801593135
0 | 634857.6655738808
0 | 634857.7259465407
0 | 634857.7375150378
0 | 634857.7702362194
0 | 634857.9205821888
0 | 637550.4950424095
0 | 637562.6331439598
0 | 790069.7027507868
0 | 865878.8199512145
0 | 1120107.7177262118
0 | 1171807.282106277
0 | 1399572.4430433116
0 | 1794535.2021269565
0 | 1965573.5626870852
0 | 2290646.527013873
0 | 3387485.260444427
0 | 3593853.6946583274
0 | 33105871.646006558
0 | 53641089.57243936
0 | 69189205.59028952
0 | 77689135.15309766
0 | 92074545.44994417
0 | 103389764.57747337
0 | 104182318.16267139
0 | 155880247.49151412
0 | 156437949.72483262
0 | 195873617.7592705
0 | 200679551.29947123
0 | 244436111.1525655
0 | 259814771.57849756
0 | 264810287.42668292
0 | 265496301.14254287
0 | 584827085.6405145
0 | 590850033.0415585
0 | 836417787.520112
0 | 940859088.2273469
0 | 1039489936.6548765
0 | 1174041139.0265098
0 | 1436162866.1326296
0 | 1449838397.6122963
0 | 1450928139.3076932
0 | 1496190136.486922
1 | 0.13070335156709084
1 | 0.13102461065053098
1 | 0.13377034725627224
1 | 0.13417657985367032
1 | 0.1360268748599304
1 | 0.13909326993426602
1 | 0.14073419872014079
1 | 0.14115420202603443
1 | 0.1416509300316163
1 | 0.1443626192774795
1 | 0.14559510147836766
1 | 0.14855109526576107
1 | 0.14859888215817246
1 | 0.1497619566365576
1 | 0.1567973822682814
1 | 0.15703503412136643
1 | 0.15848716537106186
1 | 0.15861325478537908
1 | 0.1586414024326676
1 | 0.1597824955561003
1 | 0.1647566155432321
1 | 0.16578368241690467
1 | 0.16624006907624006
1 | 0.16653133103789503
1 | 0.16663522952645837
1 | 0.16921734758960966
1 | 0.16934474833097518
1 | 0.17073255750116936
1 | 0.17112804830587444
1 | 0.17358892363678274
1 | 0.17387848316833435
1 | 0.1741616988906897
1 | 0.17494235985841594
1 | 0.1750789829164127
1 | 0.1760822518616167
1 | 0.17966543239425736
1 | 0.17982845087455523
1 | 0.18044742836715963
1 | 0.1813747146276753
1 | 0.18792398527915327
1 | 0.18916121059433108
1 | 0.18972971755660265
1 | 0.1898694662819167
1 | 0.19102073430533975
1 | 0.19433338276502105
1 | 0.20198669771678676
1 | 0.2021480710758313
1 | 0.20215674158246882
1 | 0.20770580383003978
1 | 0.2094971905224041
1 | 0.2109225252287704
1 | 0.211032436816379
1 | 0.21437872393515833
1 | 0.2160741412818898
1 | 0.2183712850782114
1 | 0.21893016952895605
1 | 0.2196989517254058
1 | 0.22282351439567724
1 | 0.22308467971818863
1 | 0.22522591049030033
1 | 0.22607336016431404
1 | 0.23189530141516523
1 | 0.2329532131474537
1 | 0.23490148649400816
1 | 0.23572570194002426
1 | 0.2360358502600089
1 | 0.23610973440885202
1 | 0.2362903789497993
1 | 0.24157833349190805
1 | 0.24280814919154378
1 | 0.24660239071422413
1 | 0.24710147709715785
1 | 0.2475786457433642
1 | 0.25163342464773325
1 | 0.25254640556446845
1 | 0.2534963882068536
1 | 0.25373202818424245
1 | 0.2543729476613092
1 | 0.25577905362410813
1 | 0.25747267733244567
1 | 0.2588197218169569
1 | 0.2593368823112298
1 | 0.2601525367718263
1 | 0.2621562868002443
1 | 0.2634837803597174
1 | 0.26603545862167344
1 | 0.2668427594928987
1 | 0.2701528860986851
1 | 0.27267546542850896
1 | 0.2749801665201086
1 | 0.28109434942751277
1 | 0.2820041930797958
1 | 0.2846238635069454
1 | 0.28675592920396203
1 | 0.28749824664572843
1 | 0.2889623183471223
1 | 0.2898290214939015
1 | 0.29716905474051647
1 | 0.30346473139828395
1 | 0.3043514938733602
1 | 0.31146023188310534
1 | 0.31918479929177546
1 | 0.3201405518107073
1 | 0.3224780277176846
1 | 0.32360494467875933
1 | 0.32746791185656166
1 | 0.328697459047661
1 | 0.3308006883488947
1 | 0.33282146125413703
1 | 0.33524375085141
1 | 0.3382589372819704
1 | 0.34038361131791534
1 | 0.3431617044096814
1 | 0.3439075657109673
1 | 0.34577530616929697
1 | 0.3458469400659674
1 | 0.34855868326229184
1 | 0.35047697907969505
1 | 0.3585727720017509
1 | 0.3594953659770224
1 | 0.3641433152383824
1 | 0.36503816915369036
1 | 0.36548291144660966
1 | 0.3665755545071264
1 | 0.3705713125636665
1 | 0.37322212217734435
1 | 0.374641074394199
1 | 0.37762779622568343
1 | 0.37971038709491867
1 | 0.3809858964750118
1 | 0.3814823523234716
1 | 0.3816158039035424
1 | 0.3816584595886139
1 | 0.3869334429637652
1 | 0.38714926474026345
1 | 0.39031751985901286
1 | 0.3911276727049912
1 | 0.3924577913519521
1 | 0.39331674445824644
1 | 0.3948928518208874
1 | 0.3952895978535205
1 | 0.3959434365238142
1 | 0.396109649375262
1 | 0.39725676494210127
1 | 0.3974274762062659
1 | 0.3978218543129539
1 | 0.39827681278608323
1 | 0.39927610151478027
1 | 0.399563603321034
1 | 0.39980259461549084
1 | 0.4020412620919547
1 | 0.4036209873738648
1 | 0.4036331974755453
1 | 0.4066778748420935
1 | 0.4074041030021943
1 | 0.40796161526167124
1 | 0.4100258114632242
1 | 0.4106240297812773
1 | 0.4109651369633235
1 | 0.41125577248787865
1 | 0.4124507940659055
1 | 0.4132031627352618
1 | 0.4137876363465724
1 | 0.4156364681331856
1 | 0.4159601526830903
1 | 0.41799008070546845
1 | 0.418430602397138
1 | 0.4227287407541951
1 | 0.42340300143300685
1 | 0.42400077210348996
1 | 0.42529838351385835
1 | 0.42640263309266213
1 | 0.42744729348647204
1 | 0.4282035949510498
1 | 0.4287666414344102
1 | 0.4314970072846124
1 | 0.4317926158531149
1 | 0.43210388132862737
1 | 0.4333392458705829
1 | 0.43395935068315417
1 | 0.4346722414482718
1 | 0.4357734008739446
1 | 0.4360981556941391
1 | 0.4361798327153139
1 | 0.437787393456025
1 | 0.4383925289317049
1 | 0.43932913920175887
1 | 0.4409931482548937
1 | 0.44254836451748486
1 | 0.44260998738127216
1 | 0.44304173452131107
1 | 0.44304219635630837
1 | 0.44419667209771746
1 | 0.44599288572762924
1 | 0.4467722069897312
1 | 0.44733476522176263
1 | 0.44923803514738786
1 | 0.452597522610564
1 | 0.4554086394471493
1 | 0.4555158329521668
1 | 0.45686680499960325
1 | 0.4572322763894109
1 | 0.4579711894287206
1 | 0.4636358479929325
1 | 0.4656589920709851
1 | 0.4674097653980255
1 | 0.46854851868611136
1 | 0.474896345219933
1 | 0.47557690610644
1 | 0.4795525036781342
1 | 0.48007233696630586
1 | 0.4809482435902948
1 | 0.48301523685730086
1 | 0.4841448553092418
1 | 0.48494876419769084
1 | 0.48811785612637787
1 | 0.4910428847134468
1 | 0.4946162880019933
1 | 0.49484505457431976
1 | 0.4974895820392215
1 | 0.4983520203556674
1 | 0.5004055668363268
1 | 0.5052606030591793
1 | 0.5065735143164235
1 | 0.5082892881170448
1 | 0.5095988689362326
1 | 0.5114241407869878
1 | 0.5120708845854586
1 | 0.5127060209136353
1 | 0.5128310083022493
1 | 0.5143016032622074
1 | 0.514432888232291
1 | 0.5149964044071432
1 | 0.5153156224395197
1 | 0.5193296624427406
1 | 0.5194261761416683
1 | 0.5197470839043427
1 | 0.5208256325973201
1 | 0.5251996037114312
1 | 0.5271713027614927
1 | 0.528872587655907
1 | 0.5300174223533328
1 | 0.5309153044178044
1 | 0.5317466883340058
1 | 0.533264794416189
1 | 0.5340169701000801
1 | 0.5357247475664071
1 | 0.5378488423370229
1 | 0.5382273424793278
1 | 0.5391567838424667
1 | 0.5432689006322232
1 | 0.5436431563344775
1 | 0.5467774048058874
1 | 0.5507477521373173
1 | 0.5553782373614697
1 | 0.5585834809540453
1 | 0.5617201858126066
1 | 0.5629865041570566
1 | 0.5637754108403163
1 | 0.5647325936444783
1 | 0.5651330414095214
1 | 0.5662142180234946
1 | 0.5674711951227798
1 | 0.569734712377912
1 | 0.5733718380744707
1 | 0.5739694724531872
1 | 0.5743703095881583
1 | 0.5783552279784016
1 | 0.5893530835051228
1 | 0.5900190103306515
1 | 0.5921362521555829
1 | 0.5940154927416093
1 | 0.5953871514643106
1 | 0.5965794377821912
1 | 0.5967636180734295
1 | 0.5980925946448684
1 | 0.6031643934381531
1 | 0.604899962053388
1 | 0.6075726969597844
1 | 0.6080649919069585
1 | 0.6083418378560227
1 | 0.6087402535678106
1 | 0.6100257243693243
1 | 0.6110021818780396
1 | 0.6118963938655128
1 | 0.6121600169761384
1 | 0.6124711652570877
1 | 0.6136344941028679
1 | 0.6141797529622104
1 | 0.6158330195720387
1 | 0.6193579877874352
1 | 0.6220519563386141
1 | 0.6240944756225669
1 | 0.6252975950294213
1 | 0.6277251191186876
1 | 0.6283729422441414
1 | 0.6287217011154452
1 | 0.6364912884318389
1 | 0.637367748901928
1 | 0.6399294398306521
1 | 0.6402977666422083
1 | 0.6488794011866792
1 | 0.6495645906489232
1 | 0.6561561193828324
1 | 0.6583180381207624
1 | 0.6587746577785983
1 | 0.6598918524391447
1 | 0.6703393296618391
1 | 0.6707276890071436
1 | 0.6714387608039957
1 | 0.6721937376697787
1 | 0.6726102358299111
1 | 0.6759043466954834
1 | 0.6775777103080867
1 | 0.6776574141790253
1 | 0.6789522665215195
1 | 0.6845106101711941
1 | 0.685673364373805
1 | 0.6858864849149704
1 | 0.686793156151398
1 | 0.6892588110794989
1 | 0.6909114513958672
1 | 0.6931664991898485
1 | 0.6946714428007293
1 | 0.7005225219507853
1 | 0.7012133418045731
1 | 0.7044925798499373
1 | 0.711651872210204
1 | 0.7124440915898715
1 | 0.7152734563928023
1 | 0.7161814525181409
1 | 0.7165124910252265
1 | 0.7169988182198122
1 | 0.7174206629411556
1 | 0.7176146373742753
1 | 0.7178501467384902
1 | 0.7184207131847135
1 | 0.721696819383285
1 | 0.7229131838120239
1 | 0.7235732673333782
1 | 0.726634324816278
1 | 0.7302270657214012
1 | 0.7315864621668399
1 | 0.7364060168361253
1 | 0.737664793058902
1 | 0.7378074934119072
1 | 0.7486734542791894
1 | 0.7494288958832851
1 | 0.7529309147196366
1 | 0.7549324106484404
1 | 0.7588696741299711
1 | 0.7597815176437749
1 | 0.7648725426704586
1 | 0.7688650672359161
1 | 0.7703959230429593
1 | 0.7725091497389937
1 | 0.773302347703233
1 | 0.7738982206586473
1 | 0.775455627876397
1 | 0.7773290065895196
1 | 0.7793795781056394
1 | 0.7867293604111888
1 | 0.789401329214373
1 | 0.7902440888037922
1 | 0.7935400174156981
1 | 0.7957738530076804
1 | 0.8011126652555902
1 | 0.8029158933875413
1 | 0.8044985568686472
1 | 0.8066523357229111
1 | 0.8123015484434253
1 | 0.813199658968015
1 | 0.821603573716801
1 | 0.8221448223107911
1 | 0.8243099717848895
1 | 0.8245783582447066
1 | 0.8261217084699627
1 | 0.826508137763001
1 | 0.8275832503032249
1 | 0.8282248907627182
1 | 0.8322329920855501
1 | 0.8349906082502907
1 | 0.8425886004924458
1 | 0.8446060820029182
1 | 0.8512317554686787
1 | 0.8516872361883925
1 | 0.8570739196772564
1 | 0.865329749856853
1 | 0.8681455219975931
1 | 0.8758110716534999
1 | 0.8771494700700473
1 | 0.8835681998210179
1 | 0.8855136302412985
1 | 0.8890850232970566
1 | 0.8993788384743969
1 | 0.9032353542316014
1 | 0.9079697887826154
1 | 0.9142279300125403
1 | 0.9166178435152329
1 | 0.9179926964303567
1 | 0.9222346646074298
1 | 0.9223550318495555
1 | 0.9251305058154047
1 | 0.926918562272412
1 | 0.9423083563013237
1 | 0.9454033881923413
1 | 0.9532147094551969
1 | 0.9573134710742829
1 | 0.9591807328158719
1 | 0.9637848787714182
1 | 0.9712842427862546
1 | 0.9758180762401868
1 | 0.9766125830751211
1 | 0.9921137335317475
1 | 0.9982453046737956
1 | 1.0141883833888992
1 | 1.0163664630536977
1 | 1.0166484191245178
1 | 1.0244017965009358
1 | 1.024577022738899
1 | 1.038102810172054
1 | 1.051961236844442
1 | 1.0557507137834086
1 | 1.0562373236908873
1 | 1.0814602066934107
1 | 1.0834638729727213
1 | 1.0926898675849093
1 | 1.1008158806799322
1 | 1.103810361939157
1 | 1.1055598023781035
1 | 1.1192755938282424
1 | 1.1304625294576625
1 | 1.1305032825110495
1 | 1.1396329909228635
1 | 1.167355576997553
1 | 1.1675527658124631
1 | 1.2151751938504554
1 | 1.2198635565554503
1 | 1.2381823459772598
1 | 1.2395508210195614
1 | 1.2424654603284129
1 | 1.2763796685993753
1 | 1.2842097847566596
1 | 1.284408533039495
1 | 1.3101873307431136
1 | 1.3148691103150836
1 | 1.365151772664131
1 | 1.5105203479815072
1 | 1.5966000604352244
1 | 1.6086023492716428
1 | 1.6096065491341016
1 | 1.6246129296747205
1 | 1.624664683579868
1 | 1.630566511122688
1 | 1.6496388427931041
1 | 1.6695341437321982
1 | 1.7399554121263523
1 | 1.788367176929583
1 | 1.7905863214889657
1 | 1.792092715182995
1 | 1.7931924299760853
1 | 1.82653291453078
1 | 1.9084667657620522
1 | 2.007454131344428
1 | 2.0463716033057224
1 | 2.1905685885838335
1 | 2.3914448574959506
1 | 3.4785696316583987
1 | 3.4957975241827195
1 | 3.8118472996623423
1 | 4.228477661938547
1 | 4.23703588575884
1 | 4.316470628088048
1 | 4.770197058481127
1 | 6.014669668758053
1 | 6.215061182902096
1 | 7.972898091340291

MSE (pred, real) | Label (ordered)
Classified as not anomaly (ATTACK): 0
Classified as not anomaly (ATTACK): 0
Classified as not anomaly (ATTACK): 0
Classified as not anomaly (ATTACK): 0
Classified as not anomaly (ATTACK): 0
Classified as not anomaly (ATTACK): 0
Classified as not anomaly (ATTACK): 0
Classified as not anomaly (ATTACK): 0
Classified as not anomaly (ATTACK): 0
Classified as not anomaly (ATTACK): 0
Classified as not anomaly (ATTACK): 0
Classified as not anomaly (ATTACK): 0
Classified as not anomaly (ATTACK): 0
Classified as not anomaly (ATTACK): 0
Classified as not anomaly (ATTACK): 0
Classified as not anomaly (ATTACK): 0
Classified as not anomaly (ATTACK): 0
Classified as not anomaly (ATTACK): 0
Classified as not anomaly (ATTACK): 0
Classified as not anomaly (ATTACK): 0
Classified as not anomaly (ATTACK): 0
Classified as not anomaly (ATTACK): 0
Classified as not anomaly (ATTACK): 0
Classified as not anomaly (ATTACK): 0
Classified as not anomaly (ATTACK): 0
Classified as not anomaly (ATTACK): 0
Classified as not anomaly (ATTACK): 0
Classified as not anomaly (ATTACK): 0
Classified as not anomaly (ATTACK): 0
Classified as not anomaly (ATTACK): 0
Classified as not anomaly (ATTACK): 0
Classified as not anomaly (ATTACK): 0
Classified as not anomaly (ATTACK): 0
Classified as not anomaly (ATTACK): 0
Classified as not anomaly (ATTACK): 0
Classified as not anomaly (ATTACK): 0
Classified as not anomaly (ATTACK): 0
Classified as not anomaly (ATTACK): 0
Classified as not anomaly (ATTACK): 0
Classified as not anomaly (ATTACK): 0
Classified as not anomaly (ATTACK): 0
Classified as not anomaly (ATTACK): 0
Classified as not anomaly (ATTACK): 0
Classified as not anomaly (ATTACK): 0
Classified as not anomaly (ATTACK): 0
Classified as not anomaly (ATTACK): 0
Classified as not anomaly (ATTACK): 0
Classified as not anomaly (ATTACK): 0
Classified as not anomaly (ATTACK): 0
Classified as not anomaly (ATTACK): 0
Classified as not anomaly (ATTACK): 0
Classified as not anomaly (ATTACK): 0
Classified as not anomaly (ATTACK): 0
Classified as not anomaly (ATTACK): 0
Classified as not anomaly (ATTACK): 0
Classified as not anomaly (ATTACK): 0
Classified as not anomaly (ATTACK): 0
Classified as not anomaly (ATTACK): 0
Classified as not anomaly (ATTACK): 0
Classified as not anomaly (ATTACK): 0
Classified as not anomaly (ATTACK): 0
Classified as not anomaly (ATTACK): 0
Classified as not anomaly (ATTACK): 0
Classified as not anomaly (ATTACK): 0
Classified as not anomaly (ATTACK): 0
Classified as not anomaly (ATTACK): 0
Classified as not anomaly (ATTACK): 0
Classified as not anomaly (ATTACK): 0
Classified as not anomaly (ATTACK): 0
Classified as not anomaly (ATTACK): 0
Classified as not anomaly (ATTACK): 0
Classified as not anomaly (ATTACK): 0
Classified as not anomaly (ATTACK): 0
Classified as not anomaly (ATTACK): 0
Classified as not anomaly (ATTACK): 0
Classified as not anomaly (ATTACK): 0
Classified as not anomaly (ATTACK): 0
Classified as not anomaly (ATTACK): 0
Classified as not anomaly (ATTACK): 0
Classified as not anomaly (ATTACK): 0
Classified as not anomaly (ATTACK): 0
Classified as not anomaly (ATTACK): 0
Classified as anomaly     (NORMAL): 0
Classified as anomaly     (NORMAL): 0
Classified as anomaly     (NORMAL): 0
Classified as anomaly     (NORMAL): 0
Classified as anomaly     (NORMAL): 0
Classified as anomaly     (NORMAL): 0
Classified as anomaly     (NORMAL): 0
Classified as anomaly     (NORMAL): 0
Classified as anomaly     (NORMAL): 0
Classified as anomaly     (NORMAL): 0
Classified as anomaly     (NORMAL): 0
Classified as anomaly     (NORMAL): 0
Classified as anomaly     (NORMAL): 0
Classified as anomaly     (NORMAL): 0
Classified as anomaly     (NORMAL): 0
Classified as anomaly     (NORMAL): 0
Classified as anomaly     (NORMAL): 0
Classified as anomaly     (NORMAL): 0
Classified as anomaly     (NORMAL): 0
Classified as anomaly     (NORMAL): 0
Classified as anomaly     (NORMAL): 0
Classified as anomaly     (NORMAL): 0
Classified as anomaly     (NORMAL): 0
Classified as anomaly     (NORMAL): 0
Classified as anomaly     (NORMAL): 0
Classified as anomaly     (NORMAL): 0
Classified as anomaly     (NORMAL): 0
Classified as anomaly     (NORMAL): 0
Classified as anomaly     (NORMAL): 0
Classified as anomaly     (NORMAL): 0
Classified as anomaly     (NORMAL): 0
Classified as anomaly     (NORMAL): 0
Classified as anomaly     (NORMAL): 0
Classified as anomaly     (NORMAL): 0
Classified as anomaly     (NORMAL): 0
Classified as anomaly     (NORMAL): 0
Classified as anomaly     (NORMAL): 0
Classified as anomaly     (NORMAL): 0
Classified as anomaly     (NORMAL): 0
Classified as anomaly     (NORMAL): 0
Classified as anomaly     (NORMAL): 0
Classified as anomaly     (NORMAL): 0
Classified as anomaly     (NORMAL): 0
Classified as anomaly     (NORMAL): 0
Classified as anomaly     (NORMAL): 0
Classified as anomaly     (NORMAL): 0
Classified as anomaly     (NORMAL): 0
Classified as anomaly     (NORMAL): 0
Classified as anomaly     (NORMAL): 0
Classified as anomaly     (NORMAL): 0
Classified as anomaly     (NORMAL): 0
Classified as anomaly     (NORMAL): 0
Classified as anomaly     (NORMAL): 0
Classified as anomaly     (NORMAL): 0
Classified as anomaly     (NORMAL): 0
Classified as anomaly     (NORMAL): 0
Classified as anomaly     (NORMAL): 0
Classified as anomaly     (NORMAL): 0
Classified as anomaly     (NORMAL): 0
Classified as anomaly     (NORMAL): 0
Classified as anomaly     (NORMAL): 0
Classified as anomaly     (NORMAL): 0
Classified as anomaly     (NORMAL): 0
Classified as anomaly     (NORMAL): 0
Classified as anomaly     (NORMAL): 0
Classified as anomaly     (NORMAL): 0
Classified as anomaly     (NORMAL): 0
Classified as anomaly     (NORMAL): 0
Classified as anomaly     (NORMAL): 0
Classified as anomaly     (NORMAL): 0
Classified as anomaly     (NORMAL): 0
Classified as anomaly     (NORMAL): 0
Classified as anomaly     (NORMAL): 0
Classified as anomaly     (NORMAL): 0
Classified as anomaly     (NORMAL): 0
Classified as anomaly     (NORMAL): 0
Classified as anomaly     (NORMAL): 0
Classified as anomaly     (NORMAL): 0
Classified as anomaly     (NORMAL): 0
Classified as anomaly     (NORMAL): 0
Classified as anomaly     (NORMAL): 0
Classified as anomaly     (NORMAL): 0
Classified as anomaly     (NORMAL): 0
Classified as anomaly     (NORMAL): 0
Classified as anomaly     (NORMAL): 0
Classified as anomaly     (NORMAL): 0
Classified as anomaly     (NORMAL): 0
Classified as anomaly     (NORMAL): 0
Classified as anomaly     (NORMAL): 0
Classified as anomaly     (NORMAL): 0
Classified as anomaly     (NORMAL): 0
Classified as anomaly     (NORMAL): 0
Classified as anomaly     (NORMAL): 0
Classified as anomaly     (NORMAL): 0
Classified as anomaly     (NORMAL): 0
Classified as anomaly     (NORMAL): 0
Classified as anomaly     (NORMAL): 0
Classified as anomaly     (NORMAL): 0
Classified as anomaly     (NORMAL): 0
Classified as anomaly     (NORMAL): 0
Classified as anomaly     (NORMAL): 0
Classified as anomaly     (NORMAL): 0
Classified as anomaly     (NORMAL): 0
Classified as anomaly     (NORMAL): 0
Classified as anomaly     (NORMAL): 0
Classified as anomaly     (NORMAL): 0
Classified as anomaly     (NORMAL): 0
Classified as anomaly     (NORMAL): 0
Classified as anomaly     (NORMAL): 0
Classified as anomaly     (NORMAL): 0
Classified as anomaly     (NORMAL): 0
Classified as anomaly     (NORMAL): 0
Classified as anomaly     (NORMAL): 0
Classified as anomaly     (NORMAL): 0
Classified as anomaly     (NORMAL): 0
Classified as anomaly     (NORMAL): 0
Classified as anomaly     (NORMAL): 0
Classified as anomaly     (NORMAL): 0
Classified as anomaly     (NORMAL): 0
Classified as anomaly     (NORMAL): 0
Classified as anomaly     (NORMAL): 0
Classified as anomaly     (NORMAL): 0
Classified as anomaly     (NORMAL): 0
Classified as anomaly     (NORMAL): 0
Classified as anomaly     (NORMAL): 0
Classified as anomaly     (NORMAL): 0
Classified as anomaly     (NORMAL): 0
Classified as anomaly     (NORMAL): 0
Classified as anomaly     (NORMAL): 0
Classified as anomaly     (NORMAL): 0
Classified as anomaly     (NORMAL): 0
Classified as anomaly     (NORMAL): 0
Classified as anomaly     (NORMAL): 0
Classified as anomaly     (NORMAL): 0
Classified as anomaly     (NORMAL): 0
Classified as anomaly     (NORMAL): 0
Classified as anomaly     (NORMAL): 0
Classified as anomaly     (NORMAL): 0
Classified as anomaly     (NORMAL): 0
Classified as anomaly     (NORMAL): 0
Classified as anomaly     (NORMAL): 0
Classified as anomaly     (NORMAL): 0
Classified as anomaly     (NORMAL): 0
Classified as anomaly     (NORMAL): 0
Classified as anomaly     (NORMAL): 0
Classified as anomaly     (NORMAL): 0
Classified as anomaly     (NORMAL): 0
Classified as anomaly     (NORMAL): 0
Classified as anomaly     (NORMAL): 0
Classified as anomaly     (NORMAL): 0
Classified as anomaly     (NORMAL): 0
Classified as anomaly     (NORMAL): 0
Classified as anomaly     (NORMAL): 0
Classified as anomaly     (NORMAL): 0
Classified as anomaly     (NORMAL): 0
Classified as anomaly     (NORMAL): 0
Classified as anomaly     (NORMAL): 0
Classified as anomaly     (NORMAL): 0
Classified as anomaly     (NORMAL): 0
Classified as anomaly     (NORMAL): 0
Classified as anomaly     (NORMAL): 0
Classified as anomaly     (NORMAL): 0
Classified as anomaly     (NORMAL): 0
Classified as anomaly     (NORMAL): 0
Classified as anomaly     (NORMAL): 0
Classified as anomaly     (NORMAL): 0
Classified as anomaly     (NORMAL): 0
Classified as anomaly     (NORMAL): 0
Classified as anomaly     (NORMAL): 0
Classified as anomaly     (NORMAL): 0
Classified as anomaly     (NORMAL): 0
Classified as anomaly     (NORMAL): 0
Classified as anomaly     (NORMAL): 0
Classified as anomaly     (NORMAL): 0
Classified as anomaly     (NORMAL): 0
Classified as anomaly     (NORMAL): 0
Classified as anomaly     (NORMAL): 0
Classified as anomaly     (NORMAL): 0
Classified as anomaly     (NORMAL): 0
Classified as anomaly     (NORMAL): 0
Classified as anomaly     (NORMAL): 0
Classified as anomaly     (NORMAL): 0
Classified as anomaly     (NORMAL): 0
Classified as anomaly     (NORMAL): 0
Classified as anomaly     (NORMAL): 0
Classified as anomaly     (NORMAL): 0
Classified as anomaly     (NORMAL): 0
Classified as anomaly     (NORMAL): 0
Classified as anomaly     (NORMAL): 0
Classified as anomaly     (NORMAL): 0
Classified as anomaly     (NORMAL): 0
Classified as anomaly     (NORMAL): 0
Classified as anomaly     (NORMAL): 0
Classified as anomaly     (NORMAL): 0
Classified as anomaly     (NORMAL): 0
Classified as anomaly     (NORMAL): 0
Classified as anomaly     (NORMAL): 0
Classified as anomaly     (NORMAL): 0
Classified as anomaly     (NORMAL): 0
Classified as anomaly     (NORMAL): 0
Classified as anomaly     (NORMAL): 0
Classified as anomaly     (NORMAL): 0
Classified as anomaly     (NORMAL): 0
Classified as anomaly     (NORMAL): 0
Classified as anomaly     (NORMAL): 0
Classified as anomaly     (NORMAL): 0
Classified as anomaly     (NORMAL): 0
Classified as anomaly     (NORMAL): 0
Classified as anomaly     (NORMAL): 0
Classified as anomaly     (NORMAL): 0
Classified as anomaly     (NORMAL): 0
Classified as anomaly     (NORMAL): 0
Classified as anomaly     (NORMAL): 0
Classified as anomaly     (NORMAL): 0
Classified as anomaly     (NORMAL): 0
Classified as anomaly     (NORMAL): 0
Classified as anomaly     (NORMAL): 0
Classified as anomaly     (NORMAL): 0
Classified as anomaly     (NORMAL): 0
Classified as anomaly     (NORMAL): 0
Classified as anomaly     (NORMAL): 0
Classified as anomaly     (NORMAL): 0
Classified as anomaly     (NORMAL): 0
Classified as anomaly     (NORMAL): 0
Classified as anomaly     (NORMAL): 0
Classified as anomaly     (NORMAL): 0
Classified as anomaly     (NORMAL): 0
Classified as anomaly     (NORMAL): 0
Classified as anomaly     (NORMAL): 0
Classified as anomaly     (NORMAL): 0
Classified as anomaly     (NORMAL): 0
Classified as anomaly     (NORMAL): 0
Classified as anomaly     (NORMAL): 0
Classified as anomaly     (NORMAL): 0
Classified as anomaly     (NORMAL): 0
Classified as anomaly     (NORMAL): 0
Classified as anomaly     (NORMAL): 0
Classified as anomaly     (NORMAL): 0
Classified as anomaly     (NORMAL): 0
Classified as anomaly     (NORMAL): 0
Classified as anomaly     (NORMAL): 0
Classified as anomaly     (NORMAL): 0
Classified as anomaly     (NORMAL): 0
Classified as anomaly     (NORMAL): 0
Classified as anomaly     (NORMAL): 0
Classified as anomaly     (NORMAL): 0
Classified as anomaly     (NORMAL): 0
Classified as anomaly     (NORMAL): 0
Classified as anomaly     (NORMAL): 0
Classified as anomaly     (NORMAL): 0
Classified as anomaly     (NORMAL): 0
Classified as anomaly     (NORMAL): 0
Classified as anomaly     (NORMAL): 0
Classified as anomaly     (NORMAL): 0
Classified as anomaly     (NORMAL): 0
Classified as anomaly     (NORMAL): 0
Classified as anomaly     (NORMAL): 0
Classified as anomaly     (NORMAL): 0
Classified as anomaly     (NORMAL): 0
Classified as anomaly     (NORMAL): 0
Classified as anomaly     (NORMAL): 0
Classified as anomaly     (NORMAL): 0
Classified as anomaly     (NORMAL): 0
Classified as anomaly     (NORMAL): 0
Classified as anomaly     (NORMAL): 0
Classified as anomaly     (NORMAL): 0
Classified as anomaly     (NORMAL): 0
Classified as anomaly     (NORMAL): 0
Classified as anomaly     (NORMAL): 0
Classified as anomaly     (NORMAL): 0
Classified as anomaly     (NORMAL): 0
Classified as anomaly     (NORMAL): 0
Classified as anomaly     (NORMAL): 0
Classified as anomaly     (NORMAL): 0
Classified as anomaly     (NORMAL): 0
Classified as anomaly     (NORMAL): 0
Classified as anomaly     (NORMAL): 0
Classified as anomaly     (NORMAL): 0
Classified as anomaly     (NORMAL): 0
Classified as anomaly     (NORMAL): 0
Classified as anomaly     (NORMAL): 0
Classified as anomaly     (NORMAL): 0
Classified as anomaly     (NORMAL): 0
Classified as anomaly     (NORMAL): 0
Classified as anomaly     (NORMAL): 0
Classified as anomaly     (NORMAL): 0
Classified as anomaly     (NORMAL): 0
Classified as anomaly     (NORMAL): 0
Classified as anomaly     (NORMAL): 0
Classified as anomaly     (NORMAL): 0
Classified as anomaly     (NORMAL): 0
Classified as anomaly     (NORMAL): 0
Classified as anomaly     (NORMAL): 0
Classified as anomaly     (NORMAL): 0
Classified as anomaly     (NORMAL): 0
Classified as anomaly     (NORMAL): 0
Classified as anomaly     (NORMAL): 0
Classified as anomaly     (NORMAL): 0
Classified as anomaly     (NORMAL): 0
Classified as anomaly     (NORMAL): 0
Classified as anomaly     (NORMAL): 0
Classified as anomaly     (NORMAL): 0
Classified as anomaly     (NORMAL): 0
Classified as anomaly     (NORMAL): 0
Classified as anomaly     (NORMAL): 0
Classified as anomaly     (NORMAL): 0
Classified as anomaly     (NORMAL): 0
Classified as anomaly     (NORMAL): 0
Classified as anomaly     (NORMAL): 0
Classified as anomaly     (NORMAL): 0
Classified as anomaly     (NORMAL): 0
Classified as anomaly     (NORMAL): 0
Classified as anomaly     (NORMAL): 0
Classified as anomaly     (NORMAL): 0
Classified as anomaly     (NORMAL): 0
Classified as anomaly     (NORMAL): 0
Classified as anomaly     (NORMAL): 0
Classified as anomaly     (NORMAL): 0
Classified as anomaly     (NORMAL): 0
Classified as anomaly     (NORMAL): 0
Classified as anomaly     (NORMAL): 0
Classified as anomaly     (NORMAL): 0
Classified as anomaly     (NORMAL): 0
Classified as anomaly     (NORMAL): 0
Classified as anomaly     (NORMAL): 0
Classified as anomaly     (NORMAL): 0
Classified as anomaly     (NORMAL): 0
Classified as anomaly     (NORMAL): 0
Classified as anomaly     (NORMAL): 0
Classified as anomaly     (NORMAL): 0
Classified as anomaly     (NORMAL): 0
Classified as anomaly     (NORMAL): 0
Classified as anomaly     (NORMAL): 0
Classified as anomaly     (NORMAL): 0
Classified as anomaly     (NORMAL): 0
Classified as anomaly     (NORMAL): 0
Classified as anomaly     (NORMAL): 0
Classified as anomaly     (NORMAL): 0
Classified as anomaly     (NORMAL): 0
Classified as anomaly     (NORMAL): 0
Classified as anomaly     (NORMAL): 0
Classified as anomaly     (NORMAL): 0
Classified as anomaly     (NORMAL): 0
Classified as anomaly     (NORMAL): 0
Classified as anomaly     (NORMAL): 0
Classified as anomaly     (NORMAL): 0
Classified as anomaly     (NORMAL): 0
Classified as anomaly     (NORMAL): 0
Classified as anomaly     (NORMAL): 0
Classified as anomaly     (NORMAL): 0
Classified as anomaly     (NORMAL): 0
Classified as anomaly     (NORMAL): 0
Classified as anomaly     (NORMAL): 0
Classified as anomaly     (NORMAL): 0
Classified as anomaly     (NORMAL): 0
Classified as anomaly     (NORMAL): 0
Classified as anomaly     (NORMAL): 0
Classified as anomaly     (NORMAL): 0
Classified as anomaly     (NORMAL): 0
Classified as anomaly     (NORMAL): 0
Classified as anomaly     (NORMAL): 0
Classified as anomaly     (NORMAL): 0
Classified as anomaly     (NORMAL): 0
Classified as anomaly     (NORMAL): 0
Classified as anomaly     (NORMAL): 0
Classified as anomaly     (NORMAL): 0
Classified as anomaly     (NORMAL): 0
Classified as anomaly     (NORMAL): 0
Classified as anomaly     (NORMAL): 0
Classified as anomaly     (NORMAL): 0
Classified as anomaly     (NORMAL): 0
Classified as anomaly     (NORMAL): 0
Classified as anomaly     (NORMAL): 0
Classified as anomaly     (NORMAL): 0
Classified as anomaly     (NORMAL): 0
Classified as anomaly     (NORMAL): 0
Classified as anomaly     (NORMAL): 0
Classified as anomaly     (NORMAL): 0
Classified as anomaly     (NORMAL): 0
Classified as anomaly     (NORMAL): 0
Classified as anomaly     (NORMAL): 0
Classified as anomaly     (NORMAL): 0
Classified as anomaly     (NORMAL): 0
Classified as anomaly     (NORMAL): 0
Classified as anomaly     (NORMAL): 0
Classified as anomaly     (NORMAL): 0
Classified as anomaly     (NORMAL): 0
Classified as anomaly     (NORMAL): 0
Classified as anomaly     (NORMAL): 0
Classified as anomaly     (NORMAL): 0
Classified as anomaly     (NORMAL): 0
Classified as anomaly     (NORMAL): 0
Classified as anomaly     (NORMAL): 0
Classified as anomaly     (NORMAL): 0
Classified as anomaly     (NORMAL): 0
Classified as not anomaly (ATTACK): 1
Classified as not anomaly (ATTACK): 1
Classified as not anomaly (ATTACK): 1
Classified as not anomaly (ATTACK): 1
Classified as not anomaly (ATTACK): 1
Classified as not anomaly (ATTACK): 1
Classified as not anomaly (ATTACK): 1
Classified as not anomaly (ATTACK): 1
Classified as not anomaly (ATTACK): 1
Classified as not anomaly (ATTACK): 1
Classified as not anomaly (ATTACK): 1
Classified as not anomaly (ATTACK): 1
Classified as not anomaly (ATTACK): 1
Classified as not anomaly (ATTACK): 1
Classified as not anomaly (ATTACK): 1
Classified as not anomaly (ATTACK): 1
Classified as not anomaly (ATTACK): 1
Classified as not anomaly (ATTACK): 1
Classified as not anomaly (ATTACK): 1
Classified as not anomaly (ATTACK): 1
Classified as not anomaly (ATTACK): 1
Classified as not anomaly (ATTACK): 1
Classified as not anomaly (ATTACK): 1
Classified as not anomaly (ATTACK): 1
Classified as not anomaly (ATTACK): 1
Classified as not anomaly (ATTACK): 1
Classified as not anomaly (ATTACK): 1
Classified as not anomaly (ATTACK): 1
Classified as not anomaly (ATTACK): 1
Classified as not anomaly (ATTACK): 1
Classified as not anomaly (ATTACK): 1
Classified as not anomaly (ATTACK): 1
Classified as not anomaly (ATTACK): 1
Classified as not anomaly (ATTACK): 1
Classified as not anomaly (ATTACK): 1
Classified as not anomaly (ATTACK): 1
Classified as not anomaly (ATTACK): 1
Classified as not anomaly (ATTACK): 1
Classified as not anomaly (ATTACK): 1
Classified as not anomaly (ATTACK): 1
Classified as not anomaly (ATTACK): 1
Classified as not anomaly (ATTACK): 1
Classified as not anomaly (ATTACK): 1
Classified as not anomaly (ATTACK): 1
Classified as not anomaly (ATTACK): 1
Classified as not anomaly (ATTACK): 1
Classified as not anomaly (ATTACK): 1
Classified as not anomaly (ATTACK): 1
Classified as not anomaly (ATTACK): 1
Classified as not anomaly (ATTACK): 1
Classified as not anomaly (ATTACK): 1
Classified as not anomaly (ATTACK): 1
Classified as not anomaly (ATTACK): 1
Classified as not anomaly (ATTACK): 1
Classified as not anomaly (ATTACK): 1
Classified as not anomaly (ATTACK): 1
Classified as not anomaly (ATTACK): 1
Classified as not anomaly (ATTACK): 1
Classified as not anomaly (ATTACK): 1
Classified as not anomaly (ATTACK): 1
Classified as not anomaly (ATTACK): 1
Classified as not anomaly (ATTACK): 1
Classified as not anomaly (ATTACK): 1
Classified as not anomaly (ATTACK): 1
Classified as not anomaly (ATTACK): 1
Classified as not anomaly (ATTACK): 1
Classified as not anomaly (ATTACK): 1
Classified as not anomaly (ATTACK): 1
Classified as not anomaly (ATTACK): 1
Classified as not anomaly (ATTACK): 1
Classified as not anomaly (ATTACK): 1
Classified as not anomaly (ATTACK): 1
Classified as not anomaly (ATTACK): 1
Classified as not anomaly (ATTACK): 1
Classified as not anomaly (ATTACK): 1
Classified as not anomaly (ATTACK): 1
Classified as not anomaly (ATTACK): 1
Classified as not anomaly (ATTACK): 1
Classified as not anomaly (ATTACK): 1
Classified as not anomaly (ATTACK): 1
Classified as not anomaly (ATTACK): 1
Classified as not anomaly (ATTACK): 1
Classified as not anomaly (ATTACK): 1
Classified as not anomaly (ATTACK): 1
Classified as not anomaly (ATTACK): 1
Classified as not anomaly (ATTACK): 1
Classified as not anomaly (ATTACK): 1
Classified as not anomaly (ATTACK): 1
Classified as not anomaly (ATTACK): 1
Classified as not anomaly (ATTACK): 1
Classified as not anomaly (ATTACK): 1
Classified as not anomaly (ATTACK): 1
Classified as not anomaly (ATTACK): 1
Classified as not anomaly (ATTACK): 1
Classified as not anomaly (ATTACK): 1
Classified as not anomaly (ATTACK): 1
Classified as not anomaly (ATTACK): 1
Classified as not anomaly (ATTACK): 1
Classified as not anomaly (ATTACK): 1
Classified as not anomaly (ATTACK): 1
Classified as not anomaly (ATTACK): 1
Classified as not anomaly (ATTACK): 1
Classified as not anomaly (ATTACK): 1
Classified as not anomaly (ATTACK): 1
Classified as not anomaly (ATTACK): 1
Classified as not anomaly (ATTACK): 1
Classified as not anomaly (ATTACK): 1
Classified as not anomaly (ATTACK): 1
Classified as not anomaly (ATTACK): 1
Classified as not anomaly (ATTACK): 1
Classified as not anomaly (ATTACK): 1
Classified as not anomaly (ATTACK): 1
Classified as not anomaly (ATTACK): 1
Classified as not anomaly (ATTACK): 1
Classified as not anomaly (ATTACK): 1
Classified as not anomaly (ATTACK): 1
Classified as not anomaly (ATTACK): 1
Classified as not anomaly (ATTACK): 1
Classified as not anomaly (ATTACK): 1
Classified as not anomaly (ATTACK): 1
Classified as not anomaly (ATTACK): 1
Classified as not anomaly (ATTACK): 1
Classified as not anomaly (ATTACK): 1
Classified as not anomaly (ATTACK): 1
Classified as not anomaly (ATTACK): 1
Classified as not anomaly (ATTACK): 1
Classified as not anomaly (ATTACK): 1
Classified as not anomaly (ATTACK): 1
Classified as not anomaly (ATTACK): 1
Classified as not anomaly (ATTACK): 1
Classified as not anomaly (ATTACK): 1
Classified as not anomaly (ATTACK): 1
Classified as not anomaly (ATTACK): 1
Classified as not anomaly (ATTACK): 1
Classified as not anomaly (ATTACK): 1
Classified as not anomaly (ATTACK): 1
Classified as not anomaly (ATTACK): 1
Classified as not anomaly (ATTACK): 1
Classified as not anomaly (ATTACK): 1
Classified as not anomaly (ATTACK): 1
Classified as not anomaly (ATTACK): 1
Classified as not anomaly (ATTACK): 1
Classified as not anomaly (ATTACK): 1
Classified as not anomaly (ATTACK): 1
Classified as not anomaly (ATTACK): 1
Classified as not anomaly (ATTACK): 1
Classified as not anomaly (ATTACK): 1
Classified as not anomaly (ATTACK): 1
Classified as not anomaly (ATTACK): 1
Classified as not anomaly (ATTACK): 1
Classified as not anomaly (ATTACK): 1
Classified as not anomaly (ATTACK): 1
Classified as not anomaly (ATTACK): 1
Classified as not anomaly (ATTACK): 1
Classified as not anomaly (ATTACK): 1
Classified as not anomaly (ATTACK): 1
Classified as not anomaly (ATTACK): 1
Classified as not anomaly (ATTACK): 1
Classified as not anomaly (ATTACK): 1
Classified as not anomaly (ATTACK): 1
Classified as not anomaly (ATTACK): 1
Classified as not anomaly (ATTACK): 1
Classified as not anomaly (ATTACK): 1
Classified as not anomaly (ATTACK): 1
Classified as not anomaly (ATTACK): 1
Classified as not anomaly (ATTACK): 1
Classified as not anomaly (ATTACK): 1
Classified as not anomaly (ATTACK): 1
Classified as not anomaly (ATTACK): 1
Classified as not anomaly (ATTACK): 1
Classified as not anomaly (ATTACK): 1
Classified as not anomaly (ATTACK): 1
Classified as not anomaly (ATTACK): 1
Classified as not anomaly (ATTACK): 1
Classified as not anomaly (ATTACK): 1
Classified as not anomaly (ATTACK): 1
Classified as not anomaly (ATTACK): 1
Classified as not anomaly (ATTACK): 1
Classified as not anomaly (ATTACK): 1
Classified as not anomaly (ATTACK): 1
Classified as not anomaly (ATTACK): 1
Classified as not anomaly (ATTACK): 1
Classified as not anomaly (ATTACK): 1
Classified as not anomaly (ATTACK): 1
Classified as not anomaly (ATTACK): 1
Classified as not anomaly (ATTACK): 1
Classified as not anomaly (ATTACK): 1
Classified as not anomaly (ATTACK): 1
Classified as not anomaly (ATTACK): 1
Classified as not anomaly (ATTACK): 1
Classified as not anomaly (ATTACK): 1
Classified as not anomaly (ATTACK): 1
Classified as not anomaly (ATTACK): 1
Classified as not anomaly (ATTACK): 1
Classified as not anomaly (ATTACK): 1
Classified as not anomaly (ATTACK): 1
Classified as not anomaly (ATTACK): 1
Classified as not anomaly (ATTACK): 1
Classified as not anomaly (ATTACK): 1
Classified as not anomaly (ATTACK): 1
Classified as not anomaly (ATTACK): 1
Classified as not anomaly (ATTACK): 1
Classified as not anomaly (ATTACK): 1
Classified as not anomaly (ATTACK): 1
Classified as not anomaly (ATTACK): 1
Classified as not anomaly (ATTACK): 1
Classified as not anomaly (ATTACK): 1
Classified as not anomaly (ATTACK): 1
Classified as not anomaly (ATTACK): 1
Classified as not anomaly (ATTACK): 1
Classified as not anomaly (ATTACK): 1
Classified as not anomaly (ATTACK): 1
Classified as not anomaly (ATTACK): 1
Classified as not anomaly (ATTACK): 1
Classified as not anomaly (ATTACK): 1
Classified as not anomaly (ATTACK): 1
Classified as not anomaly (ATTACK): 1
Classified as not anomaly (ATTACK): 1
Classified as not anomaly (ATTACK): 1
Classified as not anomaly (ATTACK): 1
Classified as not anomaly (ATTACK): 1
Classified as not anomaly (ATTACK): 1
Classified as not anomaly (ATTACK): 1
Classified as not anomaly (ATTACK): 1
Classified as not anomaly (ATTACK): 1
Classified as not anomaly (ATTACK): 1
Classified as not anomaly (ATTACK): 1
Classified as not anomaly (ATTACK): 1
Classified as not anomaly (ATTACK): 1
Classified as not anomaly (ATTACK): 1
Classified as not anomaly (ATTACK): 1
Classified as not anomaly (ATTACK): 1
Classified as not anomaly (ATTACK): 1
Classified as not anomaly (ATTACK): 1
Classified as not anomaly (ATTACK): 1
Classified as not anomaly (ATTACK): 1
Classified as not anomaly (ATTACK): 1
Classified as not anomaly (ATTACK): 1
Classified as not anomaly (ATTACK): 1
Classified as not anomaly (ATTACK): 1
Classified as not anomaly (ATTACK): 1
Classified as not anomaly (ATTACK): 1
Classified as not anomaly (ATTACK): 1
Classified as not anomaly (ATTACK): 1
Classified as not anomaly (ATTACK): 1
Classified as not anomaly (ATTACK): 1
Classified as not anomaly (ATTACK): 1
Classified as not anomaly (ATTACK): 1
Classified as not anomaly (ATTACK): 1
Classified as not anomaly (ATTACK): 1
Classified as not anomaly (ATTACK): 1
Classified as not anomaly (ATTACK): 1
Classified as not anomaly (ATTACK): 1
Classified as not anomaly (ATTACK): 1
Classified as not anomaly (ATTACK): 1
Classified as not anomaly (ATTACK): 1
Classified as not anomaly (ATTACK): 1
Classified as not anomaly (ATTACK): 1
Classified as not anomaly (ATTACK): 1
Classified as not anomaly (ATTACK): 1
Classified as not anomaly (ATTACK): 1
Classified as not anomaly (ATTACK): 1
Classified as not anomaly (ATTACK): 1
Classified as not anomaly (ATTACK): 1
Classified as not anomaly (ATTACK): 1
Classified as not anomaly (ATTACK): 1
Classified as not anomaly (ATTACK): 1
Classified as not anomaly (ATTACK): 1
Classified as not anomaly (ATTACK): 1
Classified as not anomaly (ATTACK): 1
Classified as not anomaly (ATTACK): 1
Classified as not anomaly (ATTACK): 1
Classified as not anomaly (ATTACK): 1
Classified as not anomaly (ATTACK): 1
Classified as not anomaly (ATTACK): 1
Classified as not anomaly (ATTACK): 1
Classified as not anomaly (ATTACK): 1
Classified as not anomaly (ATTACK): 1
Classified as not anomaly (ATTACK): 1
Classified as not anomaly (ATTACK): 1
Classified as not anomaly (ATTACK): 1
Classified as not anomaly (ATTACK): 1
Classified as not anomaly (ATTACK): 1
Classified as not anomaly (ATTACK): 1
Classified as not anomaly (ATTACK): 1
Classified as not anomaly (ATTACK): 1
Classified as not anomaly (ATTACK): 1
Classified as not anomaly (ATTACK): 1
Classified as not anomaly (ATTACK): 1
Classified as not anomaly (ATTACK): 1
Classified as not anomaly (ATTACK): 1
Classified as not anomaly (ATTACK): 1
Classified as not anomaly (ATTACK): 1
Classified as not anomaly (ATTACK): 1
Classified as not anomaly (ATTACK): 1
Classified as not anomaly (ATTACK): 1
Classified as not anomaly (ATTACK): 1
Classified as not anomaly (ATTACK): 1
Classified as not anomaly (ATTACK): 1
Classified as not anomaly (ATTACK): 1
Classified as not anomaly (ATTACK): 1
Classified as not anomaly (ATTACK): 1
Classified as not anomaly (ATTACK): 1
Classified as not anomaly (ATTACK): 1
Classified as not anomaly (ATTACK): 1
Classified as not anomaly (ATTACK): 1
Classified as not anomaly (ATTACK): 1
Classified as not anomaly (ATTACK): 1
Classified as not anomaly (ATTACK): 1
Classified as not anomaly (ATTACK): 1
Classified as not anomaly (ATTACK): 1
Classified as not anomaly (ATTACK): 1
Classified as not anomaly (ATTACK): 1
Classified as not anomaly (ATTACK): 1
Classified as not anomaly (ATTACK): 1
Classified as not anomaly (ATTACK):Using TensorFlow backend.
 1
Classified as not anomaly (ATTACK): 1
Classified as not anomaly (ATTACK): 1
Classified as not anomaly (ATTACK): 1
Classified as not anomaly (ATTACK): 1
Classified as not anomaly (ATTACK): 1
Classified as not anomaly (ATTACK): 1
Classified as not anomaly (ATTACK): 1
Classified as not anomaly (ATTACK): 1
Classified as not anomaly (ATTACK): 1
Classified as not anomaly (ATTACK): 1
Classified as not anomaly (ATTACK): 1
Classified as not anomaly (ATTACK): 1
Classified as not anomaly (ATTACK): 1
Classified as not anomaly (ATTACK): 1
Classified as not anomaly (ATTACK): 1
Classified as not anomaly (ATTACK): 1
Classified as not anomaly (ATTACK): 1
Classified as not anomaly (ATTACK): 1
Classified as not anomaly (ATTACK): 1
Classified as not anomaly (ATTACK): 1
Classified as not anomaly (ATTACK): 1
Classified as not anomaly (ATTACK): 1
Classified as not anomaly (ATTACK): 1
Classified as not anomaly (ATTACK): 1
Classified as not anomaly (ATTACK): 1
Classified as not anomaly (ATTACK): 1
Classified as not anomaly (ATTACK): 1
Classified as not anomaly (ATTACK): 1
Classified as not anomaly (ATTACK): 1
Classified as not anomaly (ATTACK): 1
Classified as not anomaly (ATTACK): 1
Classified as not anomaly (ATTACK): 1
Classified as not anomaly (ATTACK): 1
Classified as not anomaly (ATTACK): 1
Classified as not anomaly (ATTACK): 1
Classified as not anomaly (ATTACK): 1
Classified as not anomaly (ATTACK): 1
Classified as not anomaly (ATTACK): 1
Classified as not anomaly (ATTACK): 1
Classified as not anomaly (ATTACK): 1
Classified as not anomaly (ATTACK): 1
Classified as not anomaly (ATTACK): 1
Classified as not anomaly (ATTACK): 1
Classified as not anomaly (ATTACK): 1
Classified as not anomaly (ATTACK): 1
Classified as not anomaly (ATTACK): 1
Classified as not anomaly (ATTACK): 1
Classified as not anomaly (ATTACK): 1
Classified as not anomaly (ATTACK): 1
Classified as not anomaly (ATTACK): 1
Classified as not anomaly (ATTACK): 1
Classified as not anomaly (ATTACK): 1
Classified as not anomaly (ATTACK): 1
Classified as not anomaly (ATTACK): 1
Classified as not anomaly (ATTACK): 1
Classified as not anomaly (ATTACK): 1
Classified as not anomaly (ATTACK): 1
Classified as not anomaly (ATTACK): 1
Classified as not anomaly (ATTACK): 1
Classified as not anomaly (ATTACK): 1
Classified as not anomaly (ATTACK): 1
Classified as not anomaly (ATTACK): 1
Classified as not anomaly (ATTACK): 1
Classified as not anomaly (ATTACK): 1
Classified as not anomaly (ATTACK): 1
Classified as not anomaly (ATTACK): 1
Classified as not anomaly (ATTACK): 1
Classified as not anomaly (ATTACK): 1
Classified as not anomaly (ATTACK): 1
Classified as not anomaly (ATTACK): 1
Classified as not anomaly (ATTACK): 1
Classified as not anomaly (ATTACK): 1
Classified as not anomaly (ATTACK): 1
Classified as not anomaly (ATTACK): 1
Classified as not anomaly (ATTACK): 1
Classified as not anomaly (ATTACK): 1
Classified as not anomaly (ATTACK): 1
Classified as not anomaly (ATTACK): 1
Classified as not anomaly (ATTACK): 1
Classified as not anomaly (ATTACK): 1
Classified as not anomaly (ATTACK): 1
Classified as not anomaly (ATTACK): 1
Classified as not anomaly (ATTACK): 1
Classified as not anomaly (ATTACK): 1
Classified as not anomaly (ATTACK): 1
Classified as not anomaly (ATTACK): 1
Classified as not anomaly (ATTACK): 1
Classified as not anomaly (ATTACK): 1
Classified as not anomaly (ATTACK): 1
Classified as not anomaly (ATTACK): 1
Classified as not anomaly (ATTACK): 1
Classified as not anomaly (ATTACK): 1
Classified as not anomaly (ATTACK): 1
Classified as not anomaly (ATTACK): 1
Classified as not anomaly (ATTACK): 1
Classified as not anomaly (ATTACK): 1
Classified as not anomaly (ATTACK): 1
Classified as not anomaly (ATTACK): 1
Classified as not anomaly (ATTACK): 1
Classified as not anomaly (ATTACK): 1
Classified as not anomaly (ATTACK): 1
Classified as not anomaly (ATTACK): 1
Classified as not anomaly (ATTACK): 1
Classified as not anomaly (ATTACK): 1
Classified as not anomaly (ATTACK): 1
Classified as not anomaly (ATTACK): 1
Classified as not anomaly (ATTACK): 1
Classified as not anomaly (ATTACK): 1
Classified as not anomaly (ATTACK): 1
Classified as not anomaly (ATTACK): 1
Classified as not anomaly (ATTACK): 1
Classified as not anomaly (ATTACK): 1
Classified as not anomaly (ATTACK): 1
Classified as not anomaly (ATTACK): 1
Classified as not anomaly (ATTACK): 1
Classified as not anomaly (ATTACK): 1
Classified as not anomaly (ATTACK): 1
Classified as not anomaly (ATTACK): 1
Classified as not anomaly (ATTACK): 1
Classified as not anomaly (ATTACK): 1
Classified as not anomaly (ATTACK): 1
Classified as not anomaly (ATTACK): 1
Classified as not anomaly (ATTACK): 1
Classified as not anomaly (ATTACK): 1
Classified as not anomaly (ATTACK): 1
Classified as not anomaly (ATTACK): 1
Classified as not anomaly (ATTACK): 1
Classified as not anomaly (ATTACK): 1
Classified as not anomaly (ATTACK): 1
Classified as not anomaly (ATTACK): 1
Classified as not anomaly (ATTACK): 1
Classified as not anomaly (ATTACK): 1
Classified as not anomaly (ATTACK): 1
Classified as not anomaly (ATTACK): 1
Classified as not anomaly (ATTACK): 1
Classified as not anomaly (ATTACK): 1
Classified as not anomaly (ATTACK): 1
Classified as not anomaly (ATTACK): 1
Classified as not anomaly (ATTACK): 1
Classified as not anomaly (ATTACK): 1
Classified as not anomaly (ATTACK): 1
Classified as not anomaly (ATTACK): 1
Classified as not anomaly (ATTACK): 1
Classified as not anomaly (ATTACK): 1
Classified as not anomaly (ATTACK): 1
Classified as not anomaly (ATTACK): 1
Classified as not anomaly (ATTACK): 1
Classified as not anomaly (ATTACK): 1
Classified as not anomaly (ATTACK): 1
Classified as not anomaly (ATTACK): 1
Classified as not anomaly (ATTACK): 1
Classified as not anomaly (ATTACK): 1
Classified as not anomaly (ATTACK): 1
Classified as not anomaly (ATTACK): 1
Classified as not anomaly (ATTACK): 1
Classified as not anomaly (ATTACK): 1
Classified as not anomaly (ATTACK): 1
Classified as not anomaly (ATTACK): 1
Classified as not anomaly (ATTACK): 1
Classified as not anomaly (ATTACK): 1
Classified as anomaly     (NORMAL): 1
