Reading ../../../../datasets/bot-iot/UNSW_2018_IoT_Botnet_Full5pc_1.csv
Reading ../../../../datasets/bot-iot/UNSW_2018_IoT_Botnet_Full5pc_2.csv
Reading ../../../../datasets/bot-iot/UNSW_2018_IoT_Botnet_Full5pc_3.csv
Reading ../../../../datasets/bot-iot/UNSW_2018_IoT_Botnet_Full5pc_4.csv
<class 'pandas.core.frame.DataFrame'>
Int64Index: 3668522 entries, 1 to 3668522
Data columns (total 45 columns):
 #   Column                            Dtype  
---  ------                            -----  
 0   stime                             float64
 1   flgs                              object 
 2   flgs_number                       int64  
 3   proto                             object 
 4   proto_number                      int64  
 5   saddr                             object 
 6   sport                             object 
 7   daddr                             object 
 8   dport                             object 
 9   pkts                              int64  
 10  bytes                             int64  
 11  state                             object 
 12  state_number                      int64  
 13  ltime                             float64
 14  seq                               int64  
 15  dur                               float64
 16  mean                              float64
 17  stddev                            float64
 18  sum                               float64
 19  min                               float64
 20  max                               float64
 21  spkts                             int64  
 22  dpkts                             int64  
 23  sbytes                            int64  
 24  dbytes                            int64  
 25  rate                              float64
 26  srate                             float64
 27  drate                             float64
 28  TnBPSrcIP                         int64  
 29  TnBPDstIP                         int64  
 30  TnP_PSrcIP                        int64  
 31  TnP_PDstIP                        int64  
 32  TnP_PerProto                      int64  
 33  TnP_Per_Dport                     int64  
 34  AR_P_Proto_P_SrcIP                float64
 35  AR_P_Proto_P_DstIP                float64
 36  N_IN_Conn_P_DstIP                 int64  
 37  N_IN_Conn_P_SrcIP                 int64  
 38  AR_P_Proto_P_Sport                float64
 39  AR_P_Proto_P_Dport                float64
 40  Pkts_P_State_P_Protocol_P_DestIP  int64  
 41  Pkts_P_State_P_Protocol_P_SrcIP   int64  
 42  attack                            int64  
 43  category                          object 
 44  subcategory                       object 
dtypes: float64(15), int64(21), object(9)
memory usage: 1.3+ GB

Dataframe contains NaN values: False
Number of NaN columns: 0
NaN columns: [] 


Attack types: [1 0]
Attack distribution:
1    3668045
0        477
Name: attack, dtype: int64

Cateogry types: ['DoS' 'DDoS' 'Normal' 'Reconnaissance' 'Theft']
Cateogry distribution:
DDoS              1926624
DoS               1650260
Reconnaissance      91082
Normal                477
Theft                  79
Name: category, dtype: int64

Subcategory types: ['HTTP' 'TCP' 'UDP' 'Normal' 'OS_Fingerprint' 'Service_Scan'
 'Data_Exfiltration' 'Keylogging']
Subcategory distribution:
UDP                  1981230
TCP                  1593180
Service_Scan           73168
OS_Fingerprint         17914
HTTP                    2474
Normal                   477
Keylogging                73
Data_Exfiltration          6
Name: subcategory, dtype: int64

Column | # of different values
stime | 392259
flgs | 9
flgs_number | 9
proto | 5
proto_number | 5
saddr | 21
sport | 65541
daddr | 84
dport | 7698
pkts | 123
bytes | 1633
state | 11
state_number | 11
ltime | 383624
seq | 262212
dur | 612509
mean | 507089
stddev | 421379
sum | 934972
min | 271147
max | 594525
spkts | 91
dpkts | 62
sbytes | 1052
dbytes | 472
rate | 139677
srate | 119709
drate | 20714
TnBPSrcIP | 8639
TnBPDstIP | 7631
TnP_PSrcIP | 1522
TnP_PDstIP | 1587
TnP_PerProto | 1560
TnP_Per_Dport | 1582
AR_P_Proto_P_SrcIP | 46289
AR_P_Proto_P_DstIP | 39186
N_IN_Conn_P_DstIP | 100
N_IN_Conn_P_SrcIP | 100
AR_P_Proto_P_Sport | 136207
AR_P_Proto_P_Dport | 42237
Pkts_P_State_P_Protocol_P_DestIP | 1595
Pkts_P_State_P_Protocol_P_SrcIP | 1526
attack | 2
category | 5
subcategory | 8

Removing attributes that have only one (or zero) sampled value.

Column | # of different values
stime | 392259
flgs | 9
flgs_number | 9
proto | 5
proto_number | 5
saddr | 21
sport | 65541
daddr | 84
dport | 7698
pkts | 123
bytes | 1633
state | 11
state_number | 11
ltime | 383624
seq | 262212
dur | 612509
mean | 507089
stddev | 421379
sum | 934972
min | 271147
max | 594525
spkts | 91
dpkts | 62
sbytes | 1052
dbytes | 472
rate | 139677
srate | 119709
drate | 20714
TnBPSrcIP | 8639
TnBPDstIP | 7631
TnP_PSrcIP | 1522
TnP_PDstIP | 1587
TnP_PerProto | 1560
TnP_Per_Dport | 1582
AR_P_Proto_P_SrcIP | 46289
AR_P_Proto_P_DstIP | 39186
N_IN_Conn_P_DstIP | 100
N_IN_Conn_P_SrcIP | 100
AR_P_Proto_P_Sport | 136207
AR_P_Proto_P_Dport | 42237
Pkts_P_State_P_Protocol_P_DestIP | 1595
Pkts_P_State_P_Protocol_P_SrcIP | 1526
attack | 2
category | 5
subcategory | 8

Removing redundant columns: ['state_number', 'proto_number', 'flgs_number']

Column | NaN values
stime                               0
flgs                                0
proto                               0
saddr                               0
sport                               0
daddr                               0
dport                               0
pkts                                0
bytes                               0
state                               0
ltime                               0
seq                                 0
dur                                 0
mean                                0
stddev                              0
sum                                 0
min                                 0
max                                 0
spkts                               0
dpkts                               0
sbytes                              0
dbytes                              0
rate                                0
srate                               0
drate                               0
TnBPSrcIP                           0
TnBPDstIP                           0
TnP_PSrcIP                          0
TnP_PDstIP                          0
TnP_PerProto                        0
TnP_Per_Dport                       0
AR_P_Proto_P_SrcIP                  0
AR_P_Proto_P_DstIP                  0
N_IN_Conn_P_DstIP                   0
N_IN_Conn_P_SrcIP                   0
AR_P_Proto_P_Sport                  0
AR_P_Proto_P_Dport                  0
Pkts_P_State_P_Protocol_P_DestIP    0
Pkts_P_State_P_Protocol_P_SrcIP     0
attack                              0
category                            0
subcategory                         0
dtype: int64
Removing attributes with more than half NaN values.
Dataframe contains NaN values: False

Column | NaN values (after dropping columns)
stime                               0
flgs                                0
proto                               0
saddr                               0
sport                               0
daddr                               0
dport                               0
pkts                                0
bytes                               0
state                               0
ltime                               0
seq                                 0
dur                                 0
mean                                0
stddev                              0
sum                                 0
min                                 0
max                                 0
spkts                               0
dpkts                               0
sbytes                              0
dbytes                              0
rate                                0
srate                               0
drate                               0
TnBPSrcIP                           0
TnBPDstIP                           0
TnP_PSrcIP                          0
TnP_PDstIP                          0
TnP_PerProto                        0
TnP_Per_Dport                       0
AR_P_Proto_P_SrcIP                  0
AR_P_Proto_P_DstIP                  0
N_IN_Conn_P_DstIP                   0
N_IN_Conn_P_SrcIP                   0
AR_P_Proto_P_Sport                  0
AR_P_Proto_P_Dport                  0
Pkts_P_State_P_Protocol_P_DestIP    0
Pkts_P_State_P_Protocol_P_SrcIP     0
attack                              0
category                            0
subcategory                         0
dtype: int64
stime unique values: 392259
flgs unique values: 9
proto unique values: 9
saddr unique values: 5
sport unique values: 5
daddr unique values: 21
dport unique values: 65541
pkts unique values: 84
bytes unique values: 7698
state unique values: 123
ltime unique values: 1633
seq unique values: 11
dur unique values: 11
mean unique values: 383624
stddev unique values: 262212
sum unique values: 612509
min unique values: 507089
max unique values: 421379
spkts unique values: 934972
dpkts unique values: 271147
sbytes unique values: 594525
dbytes unique values: 91
rate unique values: 62
srate unique values: 1052
drate unique values: 472
TnBPSrcIP unique values: 139677
TnBPDstIP unique values: 119709
TnP_PSrcIP unique values: 20714
TnP_PDstIP unique values: 8639
TnP_PerProto unique values: 7631
TnP_Per_Dport unique values: 1522
AR_P_Proto_P_SrcIP unique values: 1587
AR_P_Proto_P_DstIP unique values: 1560
N_IN_Conn_P_DstIP unique values: 1582
N_IN_Conn_P_SrcIP unique values: 46289
AR_P_Proto_P_Sport unique values: 39186
AR_P_Proto_P_Dport unique values: 100
Pkts_P_State_P_Protocol_P_DestIP unique values: 100
Pkts_P_State_P_Protocol_P_SrcIP unique values: 136207
attack unique values: 42237
category unique values: 1595
subcategory unique values: 1526
<class 'pandas.core.frame.DataFrame'>
Int64Index: 3668522 entries, 1 to 3668522
Columns: 42 entries, stime to subcategory
dtypes: float64(15), int64(18), object(9)
memory usage: 1.2+ GB

Objects: ['flgs', 'proto', 'saddr', 'sport', 'daddr', 'dport', 'state', 'category', 'subcategory'] 


Check for high cardinality.
Column | # of different values | values
flgs | 9 | ['e' 'e s' 'e d' 'e *' 'e g' 'eU' 'e &' 'e   t' 'e  D']
proto | 5 | ['tcp' 'arp' 'udp' 'icmp' 'ipv6-icmp']
saddr | 21 | ['192.168.100.147' '192.168.100.7' '192.168.100.148' '192.168.100.6'
 '192.168.100.149' '192.168.100.150' '192.168.100.5' '192.168.100.3'
 '192.168.100.1' '192.168.100.4' '192.168.100.27'
 'fe80::250:56ff:febe:254' '192.168.100.46' 'fe80::250:56ff:febe:26db'
 'fe80::250:56ff:febe:e9d9' 'fe80::c0c0:aa20:45b9:bdd9'
 'fe80::250:56ff:febe:89ee' 'fe80::2c6a:ff9b:7e14:166a'
 'fe80::250:56ff:febe:bf1a' 'fe80::250:56ff:febe:c038' '192.168.100.55']
sport | 65540 | ['49960' nan '49962' ... '0x0008' '0x000d' '0x0011']
daddr | 84 | ['192.168.100.7' '192.168.100.147' '192.168.100.6' '192.168.100.148'
 '192.168.100.5' '192.168.100.3' '192.168.100.149' '192.168.100.150'
 '192.168.100.4' '27.124.125.250' '192.168.100.1' '192.168.100.27'
 '192.168.217.2' '192.168.100.255' '8.8.8.8' 'ff02::1' '255.255.255.255'
 '13.55.154.73' '192.168.100.55' '184.85.248.65' '205.251.194.167'
 '192.5.5.241' '192.35.51.30' '205.251.195.97' '205.251.196.236'
 '199.7.91.13' '192.12.94.30' '52.35.35.13' '216.239.38.10' '199.7.83.42'
 '192.42.93.30' '172.217.25.170' 'ff02::fb' '224.0.0.251' 'ff02::2'
 '129.250.35.250' '91.189.91.157' '216.239.34.10' '192.52.178.30'
 '224.0.0.252' '96.7.49.66' '205.251.193.2' '192.33.4.12' '192.41.162.30'
 '192.36.148.17' '35.165.2.252' '52.11.124.117' '52.201.147.106'
 '216.239.36.10' '192.112.36.4' '192.31.80.30' '91.189.92.40'
 '128.63.2.53' '202.12.27.33' '192.203.230.10' '192.55.83.30'
 '205.251.198.119' '192.33.14.30' '192.58.128.30' '205.251.196.160'
 '205.251.199.148' '192.54.112.30' '156.154.100.3' '199.19.57.1'
 '205.251.194.86' '205.251.199.194' '205.251.199.61' '205.251.195.185'
 '205.251.194.201' '205.251.198.239' '205.251.193.205' '205.251.196.32'
 '198.41.0.4' '192.48.79.30' '199.19.56.1' '156.154.101.3'
 '205.251.197.206' '205.251.192.170' '205.251.195.59' '205.251.198.91'
 '205.251.194.84' '192.26.92.30' '205.251.194.102' '205.251.194.154']
dport | 7697 | ['80' nan '30551' ... '42052' '2660' '2664']
state | 11 | ['RST' 'CON' 'REQ' 'INT' 'URP' 'FIN' 'ACC' 'NRS' 'ECO' 'TST' 'MAS']
category | 5 | ['DoS' 'DDoS' 'Normal' 'Reconnaissance' 'Theft']
subcategory | 8 | ['HTTP' 'TCP' 'UDP' 'Normal' 'OS_Fingerprint' 'Service_Scan'
 'Data_Exfiltration' 'Keylogging']

Handling categorical attributes (label encoding).
Objects: ['category', 'subcategory']

Dropping category and subcategory.
These are labels for other scenarios.
Attack set:
1    3668045
Name: attack, dtype: int64
Normal set:
0    477
Name: attack, dtype: int64
Test set:
1    477
0    477
Name: attack, dtype: int64

Splitting dataset (validation/train): 0.25
X_train_df shape: (2750676, 37)
y_train_df shape: (2750676,)
X_val_df shape: (916892, 37)
y_val_df shape: (916892,)
X_test_df shape: (954, 37)
y_test_df shape: (954,)

Converting dataframe to numpy array.
X_train shape: (2750676, 37)
y_train shape: (2750676,)
X_val shape: (916892, 37)
y_val shape: (916892,)
X_test shape: (954, 37)
y_test shape: (954,)

Applying normalization.
5.586021423339844 to normalize data.
Fitting 1 folds for each of 24 candidates, totalling 24 fits
[Parallel(n_jobs=-1)]: Using backend LokyBackend with 32 concurrent workers.
[CV] batch_size=30, dropout_rate=0.2, epochs=5, learn_rate=0.1, weight_constraint=0 
[CV] batch_size=50, dropout_rate=0.0, epochs=3, learn_rate=0.01, weight_constraint=0 
[CV] batch_size=50, dropout_rate=0.2, epochs=3, learn_rate=0.01, weight_constraint=0 
[CV] batch_size=30, dropout_rate=0.0, epochs=3, learn_rate=0.01, weight_constraint=0 
[CV] batch_size=50, dropout_rate=0.2, epochs=3, learn_rate=0.1, weight_constraint=0 
[CV] batch_size=30, dropout_rate=0.2, epochs=3, learn_rate=0.01, weight_constraint=0 
[CV] batch_size=30, dropout_rate=0.2, epochs=5, learn_rate=0.001, weight_constraint=0 
[CV] batch_size=50, dropout_rate=0.0, epochs=3, learn_rate=0.001, weight_constraint=0 
[CV] batch_size=50, dropout_rate=0.0, epochs=3, learn_rate=0.1, weight_constraint=0 
[CV] batch_size=50, dropout_rate=0.0, epochs=5, learn_rate=0.1, weight_constraint=0 
[CV] batch_size=30, dropout_rate=0.2, epochs=3, learn_rate=0.1, weight_constraint=0 
[CV] batch_size=50, dropout_rate=0.2, epochs=5, learn_rate=0.1, weight_constraint=0 
[CV] batch_size=30, dropout_rate=0.2, epochs=5, learn_rate=0.01, weight_constraint=0 
[CV] batch_size=50, dropout_rate=0.0, epochs=5, learn_rate=0.01, weight_constraint=0 
[CV] batch_size=50, dropout_rate=0.2, epochs=5, learn_rate=0.01, weight_constraint=0 
[CV] batch_size=30, dropout_rate=0.0, epochs=5, learn_rate=0.1, weight_constraint=0 
[CV] batch_size=30, dropout_rate=0.0, epochs=5, learn_rate=0.001, weight_constraint=0 
[CV] batch_size=30, dropout_rate=0.2, epochs=3, learn_rate=0.001, weight_constraint=0 
[CV] batch_size=50, dropout_rate=0.0, epochs=5, learn_rate=0.001, weight_constraint=0 
[CV] batch_size=30, dropout_rate=0.0, epochs=3, learn_rate=0.001, weight_constraint=0 
[CV] batch_size=30, dropout_rate=0.0, epochs=5, learn_rate=0.01, weight_constraint=0 
[CV] batch_size=30, dropout_rate=0.0, epochs=3, learn_rate=0.1, weight_constraint=0 
[CV] batch_size=50, dropout_rate=0.2, epochs=3, learn_rate=0.001, weight_constraint=0 
[CV] batch_size=50, dropout_rate=0.2, epochs=5, learn_rate=0.001, weight_constraint=0 
2020-07-11 16:05:25.993876: W tensorflow/stream_executor/platform/default/dso_loader.cc:55] Could not load dynamic library 'libcuda.so.1'; dlerror: libcuda.so.1: cannot open shared object file: No such file or directory
2020-07-11 16:05:25.993954: E tensorflow/stream_executor/cuda/cuda_driver.cc:313] failed call to cuInit: UNKNOWN ERROR (303)
2020-07-11 16:05:25.994020: I tensorflow/stream_executor/cuda/cuda_diagnostics.cc:156] kernel driver does not appear to be running on this host (slave03): /proc/driver/nvidia/version does not exist
2020-07-11 16:05:25.995136: W tensorflow/stream_executor/platform/default/dso_loader.cc:55] Could not load dynamic library 'libcuda.so.1'; dlerror: libcuda.so.1: cannot open shared object file: No such file or directory
2020-07-11 16:05:25.995184: E tensorflow/stream_executor/cuda/cuda_driver.cc:313] failed call to cuInit: UNKNOWN ERROR (303)
2020-07-11 16:05:25.995233: I tensorflow/stream_executor/cuda/cuda_diagnostics.cc:156] kernel driver does not appear to be running on this host (slave03): /proc/driver/nvidia/version does not exist
2020-07-11 16:05:26.120138: I tensorflow/core/platform/profile_utils/cpu_utils.cc:102] CPU Frequency: 1995105000 Hz
2020-07-11 16:05:26.120139: I tensorflow/core/platform/profile_utils/cpu_utils.cc:102] CPU Frequency: 1995105000 Hz
2020-07-11 16:05:26.123053: I tensorflow/compiler/xla/service/service.cc:168] XLA service 0x7f3aec000b20 initialized for platform Host (this does not guarantee that XLA will be used). Devices:
2020-07-11 16:05:26.123096: I tensorflow/compiler/xla/service/service.cc:168] XLA service 0x7f7ac0000b20 initialized for platform Host (this does not guarantee that XLA will be used). Devices:
2020-07-11 16:05:26.123129: I tensorflow/compiler/xla/service/service.cc:176]   StreamExecutor device (0): Host, Default Version
2020-07-11 16:05:26.123133: I tensorflow/compiler/xla/service/service.cc:176]   StreamExecutor device (0): Host, Default Version
2020-07-11 16:05:26.191000: W tensorflow/stream_executor/platform/default/dso_loader.cc:55] Could not load dynamic library 'libcuda.so.1'; dlerror: libcuda.so.1: cannot open shared object file: No such file or directory
2020-07-11 16:05:26.191066: E tensorflow/stream_executor/cuda/cuda_driver.cc:313] failed call to cuInit: UNKNOWN ERROR (303)
2020-07-11 16:05:26.191114: I tensorflow/stream_executor/cuda/cuda_diagnostics.cc:156] kernel driver does not appear to be running on this host (slave03): /proc/driver/nvidia/version does not exist
2020-07-11 16:05:26.194705: W tensorflow/stream_executor/platform/default/dso_loader.cc:55] Could not load dynamic library 'libcuda.so.1'; dlerror: libcuda.so.1: cannot open shared object file: No such file or directory
2020-07-11 16:05:26.194761: E tensorflow/stream_executor/cuda/cuda_driver.cc:313] failed call to cuInit: UNKNOWN ERROR (303)
2020-07-11 16:05:26.194807: I tensorflow/stream_executor/cuda/cuda_diagnostics.cc:156] kernel driver does not appear to be running on this host (slave03): /proc/driver/nvidia/version does not exist
2020-07-11 16:05:26.218513: I tensorflow/core/platform/profile_utils/cpu_utils.cc:102] CPU Frequency: 1995105000 Hz
2020-07-11 16:05:26.221062: I tensorflow/compiler/xla/service/service.cc:168] XLA service 0x7f5328000b20 initialized for platform Host (this does not guarantee that XLA will be used). Devices:
2020-07-11 16:05:26.221110: I tensorflow/compiler/xla/service/service.cc:176]   StreamExecutor device (0): Host, Default Version
2020-07-11 16:05:26.221848: I tensorflow/core/platform/profile_utils/cpu_utils.cc:102] CPU Frequency: 1995105000 Hz
2020-07-11 16:05:26.224824: I tensorflow/compiler/xla/service/service.cc:168] XLA service 0x7f0a28000b20 initialized for platform Host (this does not guarantee that XLA will be used). Devices:
2020-07-11 16:05:26.224892: I tensorflow/compiler/xla/service/service.cc:176]   StreamExecutor device (0): Host, Default Version
2020-07-11 16:05:26.289832: W tensorflow/stream_executor/platform/default/dso_loader.cc:55] Could not load dynamic library 'libcuda.so.1'; dlerror: libcuda.so.1: cannot open shared object file: No such file or directory
2020-07-11 16:05:26.289906: E tensorflow/stream_executor/cuda/cuda_driver.cc:313] failed call to cuInit: UNKNOWN ERROR (303)
2020-07-11 16:05:26.289953: I tensorflow/stream_executor/cuda/cuda_diagnostics.cc:156] kernel driver does not appear to be running on this host (slave03): /proc/driver/nvidia/version does not exist
2020-07-11 16:05:26.328538: I tensorflow/core/platform/profile_utils/cpu_utils.cc:102] CPU Frequency: 1995105000 Hz
2020-07-11 16:05:26.330825: I tensorflow/compiler/xla/service/service.cc:168] XLA service 0x7faea8000b20 initialized for platform Host (this does not guarantee that XLA will be used). Devices:
2020-07-11 16:05:26.330876: I tensorflow/compiler/xla/service/service.cc:176]   StreamExecutor device (0): Host, Default Version
2020-07-11 16:05:26.413054: W tensorflow/stream_executor/platform/default/dso_loader.cc:55] Could not load dynamic library 'libcuda.so.1'; dlerror: libcuda.so.1: cannot open shared object file: No such file or directory
2020-07-11 16:05:26.413114: E tensorflow/stream_executor/cuda/cuda_driver.cc:313] failed call to cuInit: UNKNOWN ERROR (303)
2020-07-11 16:05:26.413150: I tensorflow/stream_executor/cuda/cuda_diagnostics.cc:156] kernel driver does not appear to be running on this host (slave03): /proc/driver/nvidia/version does not exist
2020-07-11 16:05:26.440601: I tensorflow/core/platform/profile_utils/cpu_utils.cc:102] CPU Frequency: 1995105000 Hz
2020-07-11 16:05:26.440907: W tensorflow/stream_executor/platform/default/dso_loader.cc:55] Could not load dynamic library 'libcuda.so.1'; dlerror: libcuda.so.1: cannot open shared object file: No such file or directory
2020-07-11 16:05:26.440971: E tensorflow/stream_executor/cuda/cuda_driver.cc:313] failed call to cuInit: UNKNOWN ERROR (303)
2020-07-11 16:05:26.441016: I tensorflow/stream_executor/cuda/cuda_diagnostics.cc:156] kernel driver does not appear to be running on this host (slave03): /proc/driver/nvidia/version does not exist
2020-07-11 16:05:26.443686: I tensorflow/compiler/xla/service/service.cc:168] XLA service 0x7f6540000b20 initialized for platform Host (this does not guarantee that XLA will be used). Devices:
2020-07-11 16:05:26.443778: I tensorflow/compiler/xla/service/service.cc:176]   StreamExecutor device (0): Host, Default Version
2020-07-11 16:05:26.474571: I tensorflow/core/platform/profile_utils/cpu_utils.cc:102] CPU Frequency: 1995105000 Hz
2020-07-11 16:05:26.477970: I tensorflow/compiler/xla/service/service.cc:168] XLA service 0x7fcba4000b20 initialized for platform Host (this does not guarantee that XLA will be used). Devices:
2020-07-11 16:05:26.478058: I tensorflow/compiler/xla/service/service.cc:176]   StreamExecutor device (0): Host, Default Version
2020-07-11 16:05:26.768798: W tensorflow/stream_executor/platform/default/dso_loader.cc:55] Could not load dynamic library 'libcuda.so.1'; dlerror: libcuda.so.1: cannot open shared object file: No such file or directory
2020-07-11 16:05:26.768934: E tensorflow/stream_executor/cuda/cuda_driver.cc:313] failed call to cuInit: UNKNOWN ERROR (303)
2020-07-11 16:05:26.768989: I tensorflow/stream_executor/cuda/cuda_diagnostics.cc:156] kernel driver does not appear to be running on this host (slave03): /proc/driver/nvidia/version does not exist
2020-07-11 16:05:26.804648: I tensorflow/core/platform/profile_utils/cpu_utils.cc:102] CPU Frequency: 1995105000 Hz
2020-07-11 16:05:26.807965: I tensorflow/compiler/xla/service/service.cc:168] XLA service 0x7f8eec000b20 initialized for platform Host (this does not guarantee that XLA will be used). Devices:
2020-07-11 16:05:26.808062: I tensorflow/compiler/xla/service/service.cc:176]   StreamExecutor device (0): Host, Default Version
2020-07-11 16:05:27.025035: W tensorflow/stream_executor/platform/default/dso_loader.cc:55] Could not load dynamic library 'libcuda.so.1'; dlerror: libcuda.so.1: cannot open shared object file: No such file or directory
2020-07-11 16:05:27.025103: E tensorflow/stream_executor/cuda/cuda_driver.cc:313] failed call to cuInit: UNKNOWN ERROR (303)
2020-07-11 16:05:27.025142: I tensorflow/stream_executor/cuda/cuda_diagnostics.cc:156] kernel driver does not appear to be running on this host (slave03): /proc/driver/nvidia/version does not exist
2020-07-11 16:05:27.048745: I tensorflow/core/platform/profile_utils/cpu_utils.cc:102] CPU Frequency: 1995105000 Hz
2020-07-11 16:05:27.051663: I tensorflow/compiler/xla/service/service.cc:168] XLA service 0x7fb0b4000b20 initialized for platform Host (this does not guarantee that XLA will be used). Devices:
2020-07-11 16:05:27.051767: I tensorflow/compiler/xla/service/service.cc:176]   StreamExecutor device (0): Host, Default Version
2020-07-11 16:05:27.296337: W tensorflow/stream_executor/platform/default/dso_loader.cc:55] Could not load dynamic library 'libcuda.so.1'; dlerror: libcuda.so.1: cannot open shared object file: No such file or directory
2020-07-11 16:05:27.296372: W tensorflow/stream_executor/platform/default/dso_loader.cc:55] Could not load dynamic library 'libcuda.so.1'; dlerror: libcuda.so.1: cannot open shared object file: No such file or directory
2020-07-11 16:05:27.296435: E tensorflow/stream_executor/cuda/cuda_driver.cc:313] failed call to cuInit: UNKNOWN ERROR (303)
2020-07-11 16:05:27.296448: E tensorflow/stream_executor/cuda/cuda_driver.cc:313] failed call to cuInit: UNKNOWN ERROR (303)
2020-07-11 16:05:27.296475: I tensorflow/stream_executor/cuda/cuda_diagnostics.cc:156] kernel driver does not appear to be running on this host (slave03): /proc/driver/nvidia/version does not exist
2020-07-11 16:05:27.296498: I tensorflow/stream_executor/cuda/cuda_diagnostics.cc:156] kernel driver does not appear to be running on this host (slave03): /proc/driver/nvidia/version does not exist
2020-07-11 16:05:27.320511: I tensorflow/core/platform/profile_utils/cpu_utils.cc:102] CPU Frequency: 1995105000 Hz
2020-07-11 16:05:27.322297: I tensorflow/compiler/xla/service/service.cc:168] XLA service 0x7fa21c000b20 initialized for platform Host (this does not guarantee that XLA will be used). Devices:
2020-07-11 16:05:27.322334: I tensorflow/compiler/xla/service/service.cc:176]   StreamExecutor device (0): Host, Default Version
2020-07-11 16:05:27.332900: I tensorflow/core/platform/profile_utils/cpu_utils.cc:102] CPU Frequency: 1995105000 Hz
2020-07-11 16:05:27.335162: I tensorflow/compiler/xla/service/service.cc:168] XLA service 0x7faec0000b20 initialized for platform Host (this does not guarantee that XLA will be used). Devices:
2020-07-11 16:05:27.335210: I tensorflow/compiler/xla/service/service.cc:176]   StreamExecutor device (0): Host, Default Version
2020-07-11 16:05:27.359692: W tensorflow/stream_executor/platform/default/dso_loader.cc:55] Could not load dynamic library 'libcuda.so.1'; dlerror: libcuda.so.1: cannot open shared object file: No such file or directory
2020-07-11 16:05:27.359785: E tensorflow/stream_executor/cuda/cuda_driver.cc:313] failed call to cuInit: UNKNOWN ERROR (303)
2020-07-11 16:05:27.359855: I tensorflow/stream_executor/cuda/cuda_diagnostics.cc:156] kernel driver does not appear to be running on this host (slave03): /proc/driver/nvidia/version does not exist
2020-07-11 16:05:27.364188: W tensorflow/stream_executor/platform/default/dso_loader.cc:55] Could not load dynamic library 'libcuda.so.1'; dlerror: libcuda.so.1: cannot open shared object file: No such file or directory
2020-07-11 16:05:27.364260: E tensorflow/stream_executor/cuda/cuda_driver.cc:313] failed call to cuInit: UNKNOWN ERROR (303)
2020-07-11 16:05:27.364311: I tensorflow/stream_executor/cuda/cuda_diagnostics.cc:156] kernel driver does not appear to be running on this host (slave03): /proc/driver/nvidia/version does not exist
2020-07-11 16:05:27.394516: I tensorflow/core/platform/profile_utils/cpu_utils.cc:102] CPU Frequency: 1995105000 Hz
2020-07-11 16:05:27.395124: I tensorflow/core/platform/profile_utils/cpu_utils.cc:102] CPU Frequency: 1995105000 Hz
2020-07-11 16:05:27.398062: I tensorflow/compiler/xla/service/service.cc:168] XLA service 0x7f685c000b20 initialized for platform Host (this does not guarantee that XLA will be used). Devices:
2020-07-11 16:05:27.398162: I tensorflow/compiler/xla/service/service.cc:176]   StreamExecutor device (0): Host, Default Version
2020-07-11 16:05:27.398170: I tensorflow/compiler/xla/service/service.cc:168] XLA service 0x7f3a80000b20 initialized for platform Host (this does not guarantee that XLA will be used). Devices:
2020-07-11 16:05:27.398203: I tensorflow/compiler/xla/service/service.cc:176]   StreamExecutor device (0): Host, Default Version
2020-07-11 16:05:27.673817: W tensorflow/stream_executor/platform/default/dso_loader.cc:55] Could not load dynamic library 'libcuda.so.1'; dlerror: libcuda.so.1: cannot open shared object file: No such file or directory
2020-07-11 16:05:27.673885: E tensorflow/stream_executor/cuda/cuda_driver.cc:313] failed call to cuInit: UNKNOWN ERROR (303)
2020-07-11 16:05:27.673935: I tensorflow/stream_executor/cuda/cuda_diagnostics.cc:156] kernel driver does not appear to be running on this host (slave03): /proc/driver/nvidia/version does not exist
2020-07-11 16:05:27.704641: I tensorflow/core/platform/profile_utils/cpu_utils.cc:102] CPU Frequency: 1995105000 Hz
2020-07-11 16:05:27.707639: I tensorflow/compiler/xla/service/service.cc:168] XLA service 0x7fdfa8000b20 initialized for platform Host (this does not guarantee that XLA will be used). Devices:
2020-07-11 16:05:27.707719: I tensorflow/compiler/xla/service/service.cc:176]   StreamExecutor device (0): Host, Default Version
2020-07-11 16:05:27.967354: W tensorflow/stream_executor/platform/default/dso_loader.cc:55] Could not load dynamic library 'libcuda.so.1'; dlerror: libcuda.so.1: cannot open shared object file: No such file or directory
2020-07-11 16:05:27.967446: E tensorflow/stream_executor/cuda/cuda_driver.cc:313] failed call to cuInit: UNKNOWN ERROR (303)
2020-07-11 16:05:27.967490: I tensorflow/stream_executor/cuda/cuda_diagnostics.cc:156] kernel driver does not appear to be running on this host (slave03): /proc/driver/nvidia/version does not exist
2020-07-11 16:05:27.996479: I tensorflow/core/platform/profile_utils/cpu_utils.cc:102] CPU Frequency: 1995105000 Hz
2020-07-11 16:05:27.999210: I tensorflow/compiler/xla/service/service.cc:168] XLA service 0x7f8d30000b20 initialized for platform Host (this does not guarantee that XLA will be used). Devices:
2020-07-11 16:05:27.999295: I tensorflow/compiler/xla/service/service.cc:176]   StreamExecutor device (0): Host, Default Version
2020-07-11 16:05:28.087112: W tensorflow/stream_executor/platform/default/dso_loader.cc:55] Could not load dynamic library 'libcuda.so.1'; dlerror: libcuda.so.1: cannot open shared object file: No such file or directory
2020-07-11 16:05:28.087222: E tensorflow/stream_executor/cuda/cuda_driver.cc:313] failed call to cuInit: UNKNOWN ERROR (303)
2020-07-11 16:05:28.087290: I tensorflow/stream_executor/cuda/cuda_diagnostics.cc:156] kernel driver does not appear to be running on this host (slave03): /proc/driver/nvidia/version does not exist
2020-07-11 16:05:28.124889: I tensorflow/core/platform/profile_utils/cpu_utils.cc:102] CPU Frequency: 1995105000 Hz
2020-07-11 16:05:28.127727: I tensorflow/compiler/xla/service/service.cc:168] XLA service 0x7f38b8000b20 initialized for platform Host (this does not guarantee that XLA will be used). Devices:
2020-07-11 16:05:28.127833: I tensorflow/compiler/xla/service/service.cc:176]   StreamExecutor device (0): Host, Default Version
2020-07-11 16:05:28.423546: W tensorflow/stream_executor/platform/default/dso_loader.cc:55] Could not load dynamic library 'libcuda.so.1'; dlerror: libcuda.so.1: cannot open shared object file: No such file or directory
2020-07-11 16:05:28.423617: E tensorflow/stream_executor/cuda/cuda_driver.cc:313] failed call to cuInit: UNKNOWN ERROR (303)
2020-07-11 16:05:28.423662: I tensorflow/stream_executor/cuda/cuda_diagnostics.cc:156] kernel driver does not appear to be running on this host (slave03): /proc/driver/nvidia/version does not exist
2020-07-11 16:05:28.456527: I tensorflow/core/platform/profile_utils/cpu_utils.cc:102] CPU Frequency: 1995105000 Hz
2020-07-11 16:05:28.458885: I tensorflow/compiler/xla/service/service.cc:168] XLA service 0x7fef84000b20 initialized for platform Host (this does not guarantee that XLA will be used). Devices:
2020-07-11 16:05:28.458963: I tensorflow/compiler/xla/service/service.cc:176]   StreamExecutor device (0): Host, Default Version
2020-07-11 16:05:28.532338: W tensorflow/stream_executor/platform/default/dso_loader.cc:55] Could not load dynamic library 'libcuda.so.1'; dlerror: libcuda.so.1: cannot open shared object file: No such file or directory
2020-07-11 16:05:28.532430: E tensorflow/stream_executor/cuda/cuda_driver.cc:313] failed call to cuInit: UNKNOWN ERROR (303)
2020-07-11 16:05:28.532466: I tensorflow/stream_executor/cuda/cuda_diagnostics.cc:156] kernel driver does not appear to be running on this host (slave03): /proc/driver/nvidia/version does not exist
2020-07-11 16:05:28.568658: I tensorflow/core/platform/profile_utils/cpu_utils.cc:102] CPU Frequency: 1995105000 Hz
2020-07-11 16:05:28.571984: I tensorflow/compiler/xla/service/service.cc:168] XLA service 0x7f3994000b20 initialized for platform Host (this does not guarantee that XLA will be used). Devices:
2020-07-11 16:05:28.572064: I tensorflow/compiler/xla/service/service.cc:176]   StreamExecutor device (0): Host, Default Version
Epoch 1/5
Epoch 1/5
Epoch 1/3
Epoch 1/5
Epoch 1/3
Epoch 1/3
Epoch 1/3
Epoch 1/3
Epoch 1/5
Epoch 1/3
2020-07-11 16:05:29.389956: W tensorflow/stream_executor/platform/default/dso_loader.cc:55] Could not load dynamic library 'libcuda.so.1'; dlerror: libcuda.so.1: cannot open shared object file: No such file or directory
2020-07-11 16:05:29.390015: E tensorflow/stream_executor/cuda/cuda_driver.cc:313] failed call to cuInit: UNKNOWN ERROR (303)
2020-07-11 16:05:29.390059: I tensorflow/stream_executor/cuda/cuda_diagnostics.cc:156] kernel driver does not appear to be running on this host (slave03): /proc/driver/nvidia/version does not exist
Epoch 1/5
2020-07-11 16:05:29.424543: I tensorflow/core/platform/profile_utils/cpu_utils.cc:102] CPU Frequency: 1995105000 Hz
2020-07-11 16:05:29.427523: I tensorflow/compiler/xla/service/service.cc:168] XLA service 0x7fc464000b20 initialized for platform Host (this does not guarantee that XLA will be used). Devices:
2020-07-11 16:05:29.427595: I tensorflow/compiler/xla/service/service.cc:176]   StreamExecutor device (0): Host, Default Version
2020-07-11 16:05:29.559904: W tensorflow/stream_executor/platform/default/dso_loader.cc:55] Could not load dynamic library 'libcuda.so.1'; dlerror: libcuda.so.1: cannot open shared object file: No such file or directory
2020-07-11 16:05:29.560031: E tensorflow/stream_executor/cuda/cuda_driver.cc:313] failed call to cuInit: UNKNOWN ERROR (303)
2020-07-11 16:05:29.560084: I tensorflow/stream_executor/cuda/cuda_diagnostics.cc:156] kernel driver does not appear to be running on this host (slave03): /proc/driver/nvidia/version does not exist
2020-07-11 16:05:29.600556: I tensorflow/core/platform/profile_utils/cpu_utils.cc:102] CPU Frequency: 1995105000 Hz
2020-07-11 16:05:29.604315: I tensorflow/compiler/xla/service/service.cc:168] XLA service 0x7f7b14000b20 initialized for platform Host (this does not guarantee that XLA will be used). Devices:
2020-07-11 16:05:29.604399: I tensorflow/compiler/xla/service/service.cc:176]   StreamExecutor device (0): Host, Default Version
Epoch 1/5
2020-07-11 16:05:29.706869: W tensorflow/stream_executor/platform/default/dso_loader.cc:55] Could not load dynamic library 'libcuda.so.1'; dlerror: libcuda.so.1: cannot open shared object file: No such file or directory
2020-07-11 16:05:29.706941: E tensorflow/stream_executor/cuda/cuda_driver.cc:313] failed call to cuInit: UNKNOWN ERROR (303)
2020-07-11 16:05:29.706981: I tensorflow/stream_executor/cuda/cuda_diagnostics.cc:156] kernel driver does not appear to be running on this host (slave03): /proc/driver/nvidia/version does not exist
Epoch 1/3
2020-07-11 16:05:29.735829: I tensorflow/core/platform/profile_utils/cpu_utils.cc:102] CPU Frequency: 1995105000 Hz
2020-07-11 16:05:29.738804: I tensorflow/compiler/xla/service/service.cc:168] XLA service 0x7f64ec000b20 initialized for platform Host (this does not guarantee that XLA will be used). Devices:
2020-07-11 16:05:29.738879: I tensorflow/compiler/xla/service/service.cc:176]   StreamExecutor device (0): Host, Default Version
2020-07-11 16:05:29.793185: W tensorflow/stream_executor/platform/default/dso_loader.cc:55] Could not load dynamic library 'libcuda.so.1'; dlerror: libcuda.so.1: cannot open shared object file: No such file or directory
2020-07-11 16:05:29.793250: E tensorflow/stream_executor/cuda/cuda_driver.cc:313] failed call to cuInit: UNKNOWN ERROR (303)
2020-07-11 16:05:29.793297: I tensorflow/stream_executor/cuda/cuda_diagnostics.cc:156] kernel driver does not appear to be running on this host (slave03): /proc/driver/nvidia/version does not exist
2020-07-11 16:05:29.829305: I tensorflow/core/platform/profile_utils/cpu_utils.cc:102] CPU Frequency: 1995105000 Hz
2020-07-11 16:05:29.833001: I tensorflow/compiler/xla/service/service.cc:168] XLA service 0x7f0a6c000b20 initialized for platform Host (this does not guarantee that XLA will be used). Devices:
2020-07-11 16:05:29.833074: I tensorflow/compiler/xla/service/service.cc:176]   StreamExecutor device (0): Host, Default Version
2020-07-11 16:05:29.963038: W tensorflow/stream_executor/platform/default/dso_loader.cc:55] Could not load dynamic library 'libcuda.so.1'; dlerror: libcuda.so.1: cannot open shared object file: No such file or directory
2020-07-11 16:05:29.963138: E tensorflow/stream_executor/cuda/cuda_driver.cc:313] failed call to cuInit: UNKNOWN ERROR (303)
2020-07-11 16:05:29.963191: I tensorflow/stream_executor/cuda/cuda_diagnostics.cc:156] kernel driver does not appear to be running on this host (slave03): /proc/driver/nvidia/version does not exist
2020-07-11 16:05:30.000544: I tensorflow/core/platform/profile_utils/cpu_utils.cc:102] CPU Frequency: 1995105000 Hz
2020-07-11 16:05:30.004239: I tensorflow/compiler/xla/service/service.cc:168] XLA service 0x7f11d4000b20 initialized for platform Host (this does not guarantee that XLA will be used). Devices:
2020-07-11 16:05:30.004330: I tensorflow/compiler/xla/service/service.cc:176]   StreamExecutor device (0): Host, Default Version
2020-07-11 16:05:30.048357: W tensorflow/stream_executor/platform/default/dso_loader.cc:55] Could not load dynamic library 'libcuda.so.1'; dlerror: libcuda.so.1: cannot open shared object file: No such file or directory
2020-07-11 16:05:30.048427: E tensorflow/stream_executor/cuda/cuda_driver.cc:313] failed call to cuInit: UNKNOWN ERROR (303)
2020-07-11 16:05:30.048481: I tensorflow/stream_executor/cuda/cuda_diagnostics.cc:156] kernel driver does not appear to be running on this host (slave03): /proc/driver/nvidia/version does not exist
2020-07-11 16:05:30.075573: I tensorflow/core/platform/profile_utils/cpu_utils.cc:102] CPU Frequency: 1995105000 Hz
2020-07-11 16:05:30.079065: I tensorflow/compiler/xla/service/service.cc:168] XLA service 0x7ff20c000b20 initialized for platform Host (this does not guarantee that XLA will be used). Devices:
2020-07-11 16:05:30.079153: I tensorflow/compiler/xla/service/service.cc:176]   StreamExecutor device (0): Host, Default Version
Epoch 1/3
Epoch 1/3
Epoch 1/5
Epoch 1/5
Epoch 1/3
Epoch 1/5
Epoch 1/5
Epoch 1/3
Epoch 1/5
Epoch 1/5
Epoch 1/3
55014/55014 - 254s - loss: 0.1889 - mse: 0.1889
Epoch 2/5
55014/55014 - 255s - loss: 0.1959 - mse: 0.1959
Epoch 2/5
55014/55014 - 258s - loss: 0.1830 - mse: 0.1830
Epoch 2/3
55014/55014 - 256s - loss: 0.2002 - mse: 0.2002
Epoch 2/3
55014/55014 - 259s - loss: 0.2020 - mse: 0.2020
Epoch 2/3
55014/55014 - 262s - loss: 0.2163 - mse: 0.2163
Epoch 2/5
55014/55014 - 257s - loss: 0.1879 - mse: 0.1879
Epoch 2/5
55014/55014 - 261s - loss: 0.1857 - mse: 0.1857
Epoch 2/3
55014/55014 - 261s - loss: 0.1810 - mse: 0.1810
Epoch 2/3
55014/55014 - 263s - loss: 0.1932 - mse: 0.1932
Epoch 2/5
55014/55014 - 263s - loss: 0.1937 - mse: 0.1937
Epoch 2/5
55014/55014 - 266s - loss: 0.1764 - mse: 0.1764
Epoch 2/3
91690/91690 - 418s - loss: 0.1748 - mse: 0.1748
Epoch 2/5
91690/91690 - 420s - loss: 0.1965 - mse: 0.1965
Epoch 2/3
91690/91690 - 418s - loss: 0.1867 - mse: 0.1867
Epoch 2/5
91690/91690 - 417s - loss: 0.1765 - mse: 0.1765
Epoch 2/5
91690/91690 - 422s - loss: 0.1706 - mse: 0.1706
Epoch 2/3
91690/91690 - 418s - loss: 0.1654 - mse: 0.1654
Epoch 2/3
91690/91690 - 421s - loss: 0.1944 - mse: 0.1944
Epoch 2/3
91690/91690 - 421s - loss: 0.1965 - mse: 0.1965
Epoch 2/3
91690/91690 - 425s - loss: 0.1837 - mse: 0.1837
Epoch 2/5
91690/91690 - 424s - loss: 0.1876 - mse: 0.1876
Epoch 2/3
91690/91690 - 432s - loss: 0.1710 - mse: 0.1710
Epoch 2/5
91690/91690 - 465s - loss: 0.1758 - mse: 0.1758
Epoch 2/5
55014/55014 - 253s - loss: 0.1365 - mse: 0.1365
Epoch 3/5
55014/55014 - 253s - loss: 0.1312 - mse: 0.1312
Epoch 3/5
55014/55014 - 255s - loss: 0.1219 - mse: 0.1219
Epoch 3/3
55014/55014 - 256s - loss: 0.1408 - mse: 0.1408
Epoch 3/3
55014/55014 - 257s - loss: 0.1415 - mse: 0.1415
Epoch 3/3
55014/55014 - 258s - loss: 0.1382 - mse: 0.1382
Epoch 3/3
55014/55014 - 256s - loss: 0.1352 - mse: 0.1352
Epoch 3/5
55014/55014 - 257s - loss: 0.1308 - mse: 0.1308
Epoch 3/5
55014/55014 - 258s - loss: 0.1530 - mse: 0.1530
Epoch 3/5
55014/55014 - 262s - loss: 0.1134 - mse: 0.1134
Epoch 3/3
55014/55014 - 261s - loss: 0.1387 - mse: 0.1387
Epoch 3/5
55014/55014 - 265s - loss: 0.1307 - mse: 0.1307
Epoch 3/3
55014/55014 - 252s - loss: 0.1174 - mse: 0.1174
Epoch 4/5
55014/55014 - 255s - loss: 0.1307 - mse: 0.1307
Epoch 4/5
55014/55014 - 254s - loss: 0.1204 - mse: 0.1204
55014/55014 - 258s - loss: 0.0992 - mse: 0.0992
55014/55014 - 254s - loss: 0.1245 - mse: 0.1245
Epoch 4/5
55014/55014 - 255s - loss: 0.1206 - mse: 0.1206
Epoch 4/5
55014/55014 - 256s - loss: 0.1088 - mse: 0.1088
55014/55014 - 256s - loss: 0.1279 - mse: 0.1279
55014/55014 - 256s - loss: 0.1185 - mse: 0.1185
Epoch 4/5
55014/55014 - 254s - loss: 0.1061 - mse: 0.1061
55014/55014 - 266s - loss: 0.0928 - mse: 0.0928
55014/55014 - 266s - loss: 0.1207 - mse: 0.1207
Epoch 4/5
18338/18338 - 49s
18338/18338 - 51s
[CV]  batch_size=50, dropout_rate=0.2, epochs=3, learn_rate=0.1, weight_constraint=0, total=13.9min
[CV]  batch_size=50, dropout_rate=0.2, epochs=3, learn_rate=0.001, weight_constraint=0, total=13.9min
18338/18338 - 50s
18338/18338 - 51s
[CV]  batch_size=50, dropout_rate=0.2, epochs=3, learn_rate=0.01, weight_constraint=0, total=14.0min
[CV]  batch_size=50, dropout_rate=0.0, epochs=3, learn_rate=0.001, weight_constraint=0, total=14.0min
91690/91690 - 410s - loss: 0.1293 - mse: 0.1293
Epoch 3/5
91690/91690 - 406s - loss: 0.1441 - mse: 0.1441
Epoch 3/3
91690/91690 - 410s - loss: 0.1390 - mse: 0.1390
Epoch 3/3
91690/91690 - 410s - loss: 0.1278 - mse: 0.1278
Epoch 3/5
91690/91690 - 412s - loss: 0.1770 - mse: 0.1770
Epoch 3/5
91690/91690 - 409s - loss: 0.1389 - mse: 0.1389
Epoch 3/5
91690/91690 - 412s - loss: 0.1264 - mse: 0.1264
Epoch 3/3
91690/91690 - 411s - loss: 0.1408 - mse: 0.1408
Epoch 3/3
91690/91690 - 410s - loss: 0.1328 - mse: 0.1328
Epoch 3/3
18338/18338 - 50s
[CV]  batch_size=50, dropout_rate=0.0, epochs=3, learn_rate=0.01, weight_constraint=0, total=14.1min
18338/18338 - 49s
[CV]  batch_size=50, dropout_rate=0.0, epochs=3, learn_rate=0.1, weight_constraint=0, total=14.2min
91690/91690 - 420s - loss: 0.1218 - mse: 0.1218
Epoch 3/3
91690/91690 - 408s - loss: 0.1501 - mse: 0.1501
Epoch 3/5
91690/91690 - 408s - loss: 0.1234 - mse: 0.1234
Epoch 3/5
55014/55014 - 211s - loss: 0.1096 - mse: 0.1096
Epoch 5/5
55014/55014 - 204s - loss: 0.1127 - mse: 0.1127
Epoch 5/5
55014/55014 - 201s - loss: 0.1093 - mse: 0.1093
Epoch 5/5
55014/55014 - 201s - loss: 0.0933 - mse: 0.0933
Epoch 5/5
55014/55014 - 204s - loss: 0.1039 - mse: 0.1039
Epoch 5/5
55014/55014 - 213s - loss: 0.1272 - mse: 0.1272
Epoch 5/5
91690/91690 - 309s - loss: 0.1182 - mse: 0.1182
91690/91690 - 312s - loss: 0.1202 - mse: 0.1202
Epoch 4/5
91690/91690 - 311s - loss: 0.1172 - mse: 0.1172
Epoch 4/5
91690/91690 - 314s - loss: 0.1161 - mse: 0.1161
91690/91690 - 314s - loss: 0.1122 - mse: 0.1122
91690/91690 - 318s - loss: 0.1091 - mse: 0.1091
Epoch 4/5
91690/91690 - 314s - loss: 0.1207 - mse: 0.1207
91690/91690 - 315s - loss: 0.1225 - mse: 0.1225
91690/91690 - 318s - loss: 0.1381 - mse: 0.1381
Epoch 4/5
91690/91690 - 315s - loss: 0.1046 - mse: 0.1046
91690/91690 - 315s - loss: 0.1243 - mse: 0.1243
Epoch 4/5
55014/55014 - 190s - loss: 0.1153 - mse: 0.1153
55014/55014 - 189s - loss: 0.1160 - mse: 0.1160
55014/55014 - 190s - loss: 0.0834 - mse: 0.0834
55014/55014 - 198s - loss: 0.0975 - mse: 0.0975
55014/55014 - 190s - loss: 0.0948 - mse: 0.0948
91690/91690 - 310s - loss: 0.1055 - mse: 0.1055
Epoch 4/5
55014/55014 - 190s - loss: 0.1057 - mse: 0.1057
18338/18338 - 33s
[CV]  batch_size=50, dropout_rate=0.0, epochs=5, learn_rate=0.1, weight_constraint=0, total=20.1min
18338/18338 - 33s
30564/30564 - 58s
18338/18338 - 33s
[CV]  batch_size=50, dropout_rate=0.0, epochs=5, learn_rate=0.001, weight_constraint=0, total=20.2min
[CV]  batch_size=30, dropout_rate=0.0, epochs=3, learn_rate=0.1, weight_constraint=0, total=20.2min
[CV]  batch_size=50, dropout_rate=0.0, epochs=5, learn_rate=0.01, weight_constraint=0, total=20.2min
18338/18338 - 32s
18338/18338 - 32s
30564/30564 - 56s
[CV]  batch_size=50, dropout_rate=0.2, epochs=5, learn_rate=0.001, weight_constraint=0, total=20.2min
[CV]  batch_size=50, dropout_rate=0.2, epochs=5, learn_rate=0.1, weight_constraint=0, total=20.2min
[CV]  batch_size=30, dropout_rate=0.2, epochs=3, learn_rate=0.1, weight_constraint=0, total=20.2min
[Parallel(n_jobs=-1)]: Done  13 out of  24 | elapsed: 20.4min remaining: 17.2min
30564/30564 - 55s
30564/30564 - 55s
30564/30564 - 56s
[CV]  batch_size=30, dropout_rate=0.0, epochs=3, learn_rate=0.001, weight_constraint=0, total=20.3min
[CV]  batch_size=30, dropout_rate=0.0, epochs=3, learn_rate=0.01, weight_constraint=0, total=20.3min
[CV]  batch_size=30, dropout_rate=0.2, epochs=3, learn_rate=0.001, weight_constraint=0, total=20.3min
30564/30564 - 52s
[CV]  batch_size=30, dropout_rate=0.2, epochs=3, learn_rate=0.01, weight_constraint=0, total=20.4min
18338/18338 - 27s
[CV]  batch_size=50, dropout_rate=0.2, epochs=5, learn_rate=0.01, weight_constraint=0, total=20.5min
91690/91690 - 187s - loss: 0.1216 - mse: 0.1216
Epoch 5/5
91690/91690 - 185s - loss: 0.1132 - mse: 0.1132
Epoch 5/5
91690/91690 - 186s - loss: 0.1067 - mse: 0.1067
Epoch 5/5
91690/91690 - 184s - loss: 0.1182 - mse: 0.1182
Epoch 5/5
91690/91690 - 182s - loss: 0.0948 - mse: 0.0948
Epoch 5/5
91690/91690 - 173s - loss: 0.1051 - mse: 0.1051
Epoch 5/5
91690/91690 - 165s - loss: 0.1115 - mse: 0.1115
91690/91690 - 165s - loss: 0.1072 - mse: 0.1072
91690/91690 - 166s - loss: 0.1834 - mse: 0.1834
91690/91690 - 167s - loss: 0.0999 - mse: 0.0999
91690/91690 - 167s - loss: 0.0923 - mse: 0.0923
91690/91690 - 164s - loss: 0.0973 - mse: 0.0973
30564/30564 - 34s
[CV]  batch_size=30, dropout_rate=0.0, epochs=5, learn_rate=0.01, weight_constraint=0, total=25.6min
30564/30564 - 33s
[CV]  batch_size=30, dropout_rate=0.2, epochs=5, learn_rate=0.001, weight_constraint=0, total=25.7min
30564/30564 - 33s
[CV]  batch_size=30, dropout_rate=0.0, epochs=5, learn_rate=0.001, weight_constraint=0, total=25.8min
30564/30564 - 33s
[CV]  batch_size=30, dropout_rate=0.2, epochs=5, learn_rate=0.01, weight_constraint=0, total=25.8min
30564/30564 - 32s
[CV]  batch_size=30, dropout_rate=0.0, epochs=5, learn_rate=0.1, weight_constraint=0, total=25.9min
30564/30564 - 31s
[CV]  batch_size=30, dropout_rate=0.2, epochs=5, learn_rate=0.1, weight_constraint=0, total=26.1min
[Parallel(n_jobs=-1)]: Done  24 out of  24 | elapsed: 26.3min finished
2020-07-11 16:31:27.576006: W tensorflow/stream_executor/platform/default/dso_loader.cc:55] Could not load dynamic library 'libcuda.so.1'; dlerror: libcuda.so.1: cannot open shared object file: No such file or directory
2020-07-11 16:31:27.576077: E tensorflow/stream_executor/cuda/cuda_driver.cc:313] failed call to cuInit: UNKNOWN ERROR (303)
2020-07-11 16:31:27.576113: I tensorflow/stream_executor/cuda/cuda_diagnostics.cc:156] kernel driver does not appear to be running on this host (slave03): /proc/driver/nvidia/version does not exist
2020-07-11 16:31:27.612206: I tensorflow/core/platform/profile_utils/cpu_utils.cc:102] CPU Frequency: 1995105000 Hz
2020-07-11 16:31:27.615631: I tensorflow/compiler/xla/service/service.cc:168] XLA service 0x7fe180000b20 initialized for platform Host (this does not guarantee that XLA will be used). Devices:
2020-07-11 16:31:27.615668: I tensorflow/compiler/xla/service/service.cc:176]   StreamExecutor device (0): Host, Default Version
Epoch 1/5
73352/73352 - 121s - loss: 0.2146 - mse: 0.2146
Epoch 2/5
                                                          